---------------------------------------------------------------
[ 2020-02-01T12:30:42+08:00 ] 223.104.111.166 GET /index/main/index.html
[ sql ] [ DB ] CONNECT:[ UseTime:0.000624s ] mysql:host=127.0.0.1;port=3306;dbname=henimeet;charset=utf8
[ sql ] [ SQL ] SHOW COLUMNS FROM `wy_users` [ RunTime:0.001049s ]
[ sql ] [ SQL ] SELECT * FROM `wy_users` WHERE  `user_id` = 10659 LIMIT 1 [ RunTime:0.000589s ]
[ sql ] [ SQL ] SHOW COLUMNS FROM `chat_log` [ RunTime:0.000573s ]
[ sql ] [ SQL ] SELECT COUNT(*) AS tp_count FROM `chat_log` WHERE  `toid` = 10659  AND `is_read` = 0 LIMIT 1 [ RunTime:0.001572s ]
[ sql ] [ SQL ] SELECT * FROM `wy_users` WHERE  `user_id` = 10659 LIMIT 1 [ RunTime:0.000295s ]
[ sql ] [ SQL ] SHOW COLUMNS FROM `wy_online` [ RunTime:0.000516s ]
[ sql ] [ SQL ] SELECT * FROM `wy_online` WHERE  `user_id` = 10659 LIMIT 1 [ RunTime:0.000337s ]
[ sql ] [ SQL ] UPDATE `wy_online`  SET `user_id`=10659,`user_name`='xixi',`user_sex`=0,`user_ico`='http://www.pauzzz.com/uploadfiles/avatar/20190217/1550369037831_162.jpg',`active_time`=1580531442,`hidden`=0  WHERE  `user_id` = 10659 [ RunTime:0.001119s ]
---------------------------------------------------------------
[ 2020-02-01T12:30:43+08:00 ] 223.104.111.166 GET /index/main/query/page/1.html
[ sql ] [ DB ] CONNECT:[ UseTime:0.000628s ] mysql:host=127.0.0.1;port=3306;dbname=henimeet;charset=utf8
[ sql ] [ SQL ] SHOW COLUMNS FROM `wy_users` [ RunTime:0.002846s ]
[ sql ] [ SQL ] SELECT * FROM `wy_users` WHERE  `user_id` = 10659 LIMIT 1 [ RunTime:0.000431s ]
[ sql ] [ SQL ] SHOW COLUMNS FROM `chat_log` [ RunTime:0.000538s ]
[ sql ] [ SQL ] SELECT COUNT(*) AS tp_count FROM `chat_log` WHERE  `toid` = 10659  AND `is_read` = 0 LIMIT 1 [ RunTime:0.000206s ]
[ sql ] [ SQL ] SELECT * FROM `wy_users` WHERE  `user_id` = 10659 LIMIT 1 [ RunTime:0.000288s ]
[ sql ] [ SQL ] SHOW COLUMNS FROM `wy_online` [ RunTime:0.000521s ]
[ sql ] [ SQL ] SELECT * FROM `wy_online` WHERE  `user_id` = 10659 LIMIT 1 [ RunTime:0.000265s ]
[ sql ] [ SQL ] UPDATE `wy_online`  SET `user_id`=10659,`user_name`='xixi',`user_sex`=0,`user_ico`='http://www.pauzzz.com/uploadfiles/avatar/20190217/1550369037831_162.jpg',`active_time`=1580531443,`hidden`=0  WHERE  `user_id` = 10659 [ RunTime:0.000449s ]
[ sql ] [ SQL ] SELECT COUNT(*) AS tp_count FROM `wy_users` WHERE  `user_sex` <> 0  AND `is_pass` <> 0 LIMIT 1 [ RunTime:0.010388s ]
[ sql ] [ SQL ] SELECT `u`.`user_name`,`u`.`user_ico`,`u`.`user_sex`,`u`.`user_group`,`u`.`user_id`,`o`.`online_id` FROM `wy_users` `u` LEFT JOIN `wy_online` `o` ON `u`.`user_id`=`o`.`user_id` WHERE  (  u.user_sex != '0' and u.is_pass!='0' ) ORDER BY u.is_service desc, o.active_time desc LIMIT 0,16 [ RunTime:0.019920s ]
---------------------------------------------------------------
[ 2020-02-01T12:30:49+08:00 ] 223.104.111.166 GET /index/home/index/uid/881
[ sql ] [ DB ] CONNECT:[ UseTime:0.000635s ] mysql:host=127.0.0.1;port=3306;dbname=henimeet;charset=utf8
[ sql ] [ SQL ] SHOW COLUMNS FROM `wy_users` [ RunTime:0.001056s ]
[ sql ] [ SQL ] SELECT * FROM `wy_users` WHERE  `user_id` = 10659 LIMIT 1 [ RunTime:0.000471s ]
[ sql ] [ SQL ] SHOW COLUMNS FROM `chat_log` [ RunTime:0.000550s ]
[ sql ] [ SQL ] SELECT COUNT(*) AS tp_count FROM `chat_log` WHERE  `toid` = 10659  AND `is_read` = 0 LIMIT 1 [ RunTime:0.000202s ]
[ sql ] [ SQL ] SELECT * FROM `wy_users` WHERE  `user_id` = 10659 LIMIT 1 [ RunTime:0.000310s ]
[ sql ] [ SQL ] SHOW COLUMNS FROM `wy_online` [ RunTime:0.000512s ]
[ sql ] [ SQL ] SELECT * FROM `wy_online` WHERE  `user_id` = 10659 LIMIT 1 [ RunTime:0.000272s ]
[ sql ] [ SQL ] UPDATE `wy_online`  SET `user_id`=10659,`user_name`='xixi',`user_sex`=0,`user_ico`='http://www.pauzzz.com/uploadfiles/avatar/20190217/1550369037831_162.jpg',`active_time`=1580531449,`hidden`=0  WHERE  `user_id` = 10659 [ RunTime:0.000475s ]
[ sql ] [ SQL ] SELECT `user_id`,`user_name`,`user_sex`,`user_ico`,`birth_year`,`birth_month`,`birth_day`,`country`,`waimao`,`sexual`,`height`,`weight`,`income`,`gerenjieshao` FROM `wy_users` WHERE  `user_id` = 881 LIMIT 1 [ RunTime:0.000267s ]
[ sql ] [ SQL ] SHOW COLUMNS FROM `wy_album` [ RunTime:0.000518s ]
[ sql ] [ SQL ] SELECT * FROM `wy_album` WHERE  `user_id` = 881 ORDER BY `add_time` [ RunTime:0.000275s ]
---------------------------------------------------------------
[ 2020-02-01T12:30:50+08:00 ] 223.104.111.166 GET /index/home/mood/uid/881/page/1
[ sql ] [ DB ] CONNECT:[ UseTime:0.000574s ] mysql:host=127.0.0.1;port=3306;dbname=henimeet;charset=utf8
[ sql ] [ SQL ] SHOW COLUMNS FROM `wy_users` [ RunTime:0.001020s ]
[ sql ] [ SQL ] SELECT * FROM `wy_users` WHERE  `user_id` = 10659 LIMIT 1 [ RunTime:0.000418s ]
[ sql ] [ SQL ] SHOW COLUMNS FROM `chat_log` [ RunTime:0.000542s ]
[ sql ] [ SQL ] SELECT COUNT(*) AS tp_count FROM `chat_log` WHERE  `toid` = 10659  AND `is_read` = 0 LIMIT 1 [ RunTime:0.000220s ]
[ sql ] [ SQL ] SELECT * FROM `wy_users` WHERE  `user_id` = 10659 LIMIT 1 [ RunTime:0.000272s ]
[ sql ] [ SQL ] SHOW COLUMNS FROM `wy_online` [ RunTime:0.000525s ]
[ sql ] [ SQL ] SELECT * FROM `wy_online` WHERE  `user_id` = 10659 LIMIT 1 [ RunTime:0.000276s ]
[ sql ] [ SQL ] UPDATE `wy_online`  SET `user_id`=10659,`user_name`='xixi',`user_sex`=0,`user_ico`='http://www.pauzzz.com/uploadfiles/avatar/20190217/1550369037831_162.jpg',`active_time`=1580531450,`hidden`=0  WHERE  `user_id` = 10659 [ RunTime:0.000440s ]
[ sql ] [ SQL ] SHOW COLUMNS FROM `wy_recent_affair` [ RunTime:0.000497s ]
[ sql ] [ SQL ] SELECT COUNT(*) AS tp_count FROM `wy_recent_affair` WHERE  `user_id` = 881 LIMIT 1 [ RunTime:0.000237s ]
[ sql ] [ SQL ] SELECT * FROM `wy_recent_affair` WHERE  `user_id` = 881 ORDER BY id desc LIMIT 0,5 [ RunTime:0.000247s ]
---------------------------------------------------------------
[ 2020-02-01T12:30:51+08:00 ] 223.104.111.166 GET /index/chat/chat/pals_id/881.html
[ sql ] [ DB ] CONNECT:[ UseTime:0.000595s ] mysql:host=127.0.0.1;port=3306;dbname=henimeet;charset=utf8
[ sql ] [ SQL ] SHOW COLUMNS FROM `wy_users` [ RunTime:0.001042s ]
[ sql ] [ SQL ] SELECT * FROM `wy_users` WHERE  `user_id` = 10659 LIMIT 1 [ RunTime:0.000448s ]
[ sql ] [ SQL ] SHOW COLUMNS FROM `chat_log` [ RunTime:0.000553s ]
[ sql ] [ SQL ] SELECT COUNT(*) AS tp_count FROM `chat_log` WHERE  `toid` = 10659  AND `is_read` = 0 LIMIT 1 [ RunTime:0.000207s ]
[ sql ] [ SQL ] SELECT * FROM `wy_users` WHERE  `user_id` = 10659 LIMIT 1 [ RunTime:0.000278s ]
[ sql ] [ SQL ] SHOW COLUMNS FROM `wy_online` [ RunTime:0.000516s ]
[ sql ] [ SQL ] SELECT * FROM `wy_online` WHERE  `user_id` = 10659 LIMIT 1 [ RunTime:0.000291s ]
[ sql ] [ SQL ] UPDATE `wy_online`  SET `user_id`=10659,`user_name`='xixi',`user_sex`=0,`user_ico`='http://www.pauzzz.com/uploadfiles/avatar/20190217/1550369037831_162.jpg',`active_time`=1580531451,`hidden`=0  WHERE  `user_id` = 10659 [ RunTime:0.000430s ]
[ sql ] [ SQL ] SELECT `user_id`,`user_name`,`user_ico` FROM `wy_users` WHERE  `user_id` = 881 LIMIT 1 [ RunTime:0.000241s ]
---------------------------------------------------------------
[ 2020-02-01T14:08:08+08:00 ] 223.104.111.166 GET /index/pals/index.html
[ sql ] [ DB ] CONNECT:[ UseTime:0.000595s ] mysql:host=127.0.0.1;port=3306;dbname=henimeet;charset=utf8
[ sql ] [ SQL ] SHOW COLUMNS FROM `wy_users` [ RunTime:0.001027s ]
[ sql ] [ SQL ] SELECT * FROM `wy_users` WHERE  `user_id` = 10659 LIMIT 1 [ RunTime:0.000583s ]
[ sql ] [ SQL ] SHOW COLUMNS FROM `chat_log` [ RunTime:0.000558s ]
[ sql ] [ SQL ] SELECT COUNT(*) AS tp_count FROM `chat_log` WHERE  `toid` = 10659  AND `is_read` = 0 LIMIT 1 [ RunTime:0.000191s ]
[ sql ] [ SQL ] SELECT * FROM `wy_users` WHERE  `user_id` = 10659 LIMIT 1 [ RunTime:0.000274s ]
[ sql ] [ SQL ] SHOW COLUMNS FROM `wy_online` [ RunTime:0.000555s ]
[ sql ] [ SQL ] SELECT * FROM `wy_online` WHERE  `user_id` = 10659 LIMIT 1 [ RunTime:0.000267s ]
[ sql ] [ SQL ] UPDATE `wy_online`  SET `user_id`=10659,`user_name`='xixi',`user_sex`=0,`user_ico`='http://www.pauzzz.com/uploadfiles/avatar/20190217/1550369037831_162.jpg',`active_time`=1580537288,`hidden`=0  WHERE  `user_id` = 10659 [ RunTime:0.000461s ]
---------------------------------------------------------------
[ 2020-02-01T14:08:09+08:00 ] 223.104.111.166 GET /index/pals/index.html
[ sql ] [ DB ] CONNECT:[ UseTime:0.000624s ] mysql:host=127.0.0.1;port=3306;dbname=henimeet;charset=utf8
[ sql ] [ SQL ] SHOW COLUMNS FROM `wy_users` [ RunTime:0.001093s ]
[ sql ] [ SQL ] SELECT * FROM `wy_users` WHERE  `user_id` = 10659 LIMIT 1 [ RunTime:0.000513s ]
[ sql ] [ SQL ] SHOW COLUMNS FROM `chat_log` [ RunTime:0.000566s ]
[ sql ] [ SQL ] SELECT COUNT(*) AS tp_count FROM `chat_log` WHERE  `toid` = 10659  AND `is_read` = 0 LIMIT 1 [ RunTime:0.000205s ]
[ sql ] [ SQL ] SELECT * FROM `wy_users` WHERE  `user_id` = 10659 LIMIT 1 [ RunTime:0.000289s ]
[ sql ] [ SQL ] SHOW COLUMNS FROM `wy_online` [ RunTime:0.000524s ]
[ sql ] [ SQL ] SELECT * FROM `wy_online` WHERE  `user_id` = 10659 LIMIT 1 [ RunTime:0.000267s ]
[ sql ] [ SQL ] UPDATE `wy_online`  SET `user_id`=10659,`user_name`='xixi',`user_sex`=0,`user_ico`='http://www.pauzzz.com/uploadfiles/avatar/20190217/1550369037831_162.jpg',`active_time`=1580537289,`hidden`=0  WHERE  `user_id` = 10659 [ RunTime:0.000453s ]
---------------------------------------------------------------
[ 2020-02-01T14:08:09+08:00 ] 223.104.111.166 GET /index/pals/get_pals_data.html
[ sql ] [ DB ] CONNECT:[ UseTime:0.000616s ] mysql:host=127.0.0.1;port=3306;dbname=henimeet;charset=utf8
[ sql ] [ SQL ] SHOW COLUMNS FROM `wy_users` [ RunTime:0.001022s ]
[ sql ] [ SQL ] SELECT * FROM `wy_users` WHERE  `user_id` = 10659 LIMIT 1 [ RunTime:0.000450s ]
[ sql ] [ SQL ] SHOW COLUMNS FROM `chat_log` [ RunTime:0.000541s ]
[ sql ] [ SQL ] SELECT COUNT(*) AS tp_count FROM `chat_log` WHERE  `toid` = 10659  AND `is_read` = 0 LIMIT 1 [ RunTime:0.000200s ]
[ sql ] [ SQL ] SELECT * FROM `wy_users` WHERE  `user_id` = 10659 LIMIT 1 [ RunTime:0.000320s ]
[ sql ] [ SQL ] SHOW COLUMNS FROM `wy_online` [ RunTime:0.000517s ]
[ sql ] [ SQL ] SELECT * FROM `wy_online` WHERE  `user_id` = 10659 LIMIT 1 [ RunTime:0.000271s ]
[ sql ] [ SQL ] UPDATE `wy_online`  SET `user_id`=10659,`user_name`='xixi',`user_sex`=0,`user_ico`='http://www.pauzzz.com/uploadfiles/avatar/20190217/1550369037831_162.jpg',`active_time`=1580537289,`hidden`=0  WHERE  `user_id` = 10659 [ RunTime:0.000257s ]
[ sql ] [ SQL ] SHOW COLUMNS FROM `wy_pals_mine` [ RunTime:0.000508s ]
[ sql ] [ SQL ] SELECT * FROM `wy_pals_mine` WHERE  `user_id` = 10659 [ RunTime:0.000480s ]
[ sql ] [ SQL ] SELECT * FROM `wy_users` WHERE  `user_id` = 10734 LIMIT 1 [ RunTime:0.000462s ]
[ sql ] [ SQL ] SELECT * FROM `wy_users` WHERE  `user_id` = 10740 LIMIT 1 [ RunTime:0.000427s ]
[ sql ] [ SQL ] SELECT * FROM `wy_users` WHERE  `user_id` = 10746 LIMIT 1 [ RunTime:0.000378s ]
[ sql ] [ SQL ] SELECT * FROM `wy_users` WHERE  `user_id` = 10752 LIMIT 1 [ RunTime:0.000554s ]
[ sql ] [ SQL ] SELECT * FROM `wy_users` WHERE  `user_id` = 8736 LIMIT 1 [ RunTime:0.000380s ]
[ sql ] [ SQL ] SELECT * FROM `wy_users` WHERE  `user_id` = 10375 LIMIT 1 [ RunTime:0.000381s ]
[ sql ] [ SQL ] SELECT * FROM `wy_users` WHERE  `user_id` = 10793 LIMIT 1 [ RunTime:0.000380s ]
[ sql ] [ SQL ] SELECT * FROM `wy_users` WHERE  `user_id` = 10814 LIMIT 1 [ RunTime:0.000371s ]
[ sql ] [ SQL ] SELECT * FROM `wy_users` WHERE  `user_id` = 10224 LIMIT 1 [ RunTime:0.000366s ]
[ sql ] [ SQL ] SELECT * FROM `wy_users` WHERE  `user_id` = 10818 LIMIT 1 [ RunTime:0.000388s ]
[ sql ] [ SQL ] SELECT * FROM `wy_users` WHERE  `user_id` = 2396 LIMIT 1 [ RunTime:0.000381s ]
[ sql ] [ SQL ] SELECT * FROM `wy_users` WHERE  `user_id` = 10822 LIMIT 1 [ RunTime:0.000376s ]
[ sql ] [ SQL ] SELECT * FROM `wy_users` WHERE  `user_id` = 10849 LIMIT 1 [ RunTime:0.000360s ]
[ sql ] [ SQL ] SELECT * FROM `wy_users` WHERE  `user_id` = 10966 LIMIT 1 [ RunTime:0.000369s ]
[ sql ] [ SQL ] SELECT * FROM `wy_users` WHERE  `user_id` = 10974 LIMIT 1 [ RunTime:0.000397s ]
[ sql ] [ SQL ] SELECT * FROM `wy_users` WHERE  `user_id` = 11058 LIMIT 1 [ RunTime:0.000356s ]
[ sql ] [ SQL ] SELECT * FROM `wy_users` WHERE  `user_id` = 11043 LIMIT 1 [ RunTime:0.000650s ]
[ sql ] [ SQL ] SELECT * FROM `wy_users` WHERE  `user_id` = 10756 LIMIT 1 [ RunTime:0.000361s ]
[ sql ] [ SQL ] SELECT * FROM `wy_users` WHERE  `user_id` = 11154 LIMIT 1 [ RunTime:0.000407s ]
[ sql ] [ SQL ] SELECT * FROM `wy_users` WHERE  `user_id` = 11168 LIMIT 1 [ RunTime:0.000395s ]
[ sql ] [ SQL ] SELECT * FROM `wy_users` WHERE  `user_id` = 11174 LIMIT 1 [ RunTime:0.000411s ]
[ sql ] [ SQL ] SELECT * FROM `wy_users` WHERE  `user_id` = 11184 LIMIT 1 [ RunTime:0.000358s ]
[ sql ] [ SQL ] SELECT * FROM `wy_users` WHERE  `user_id` = 11211 LIMIT 1 [ RunTime:0.000399s ]
[ sql ] [ SQL ] SELECT * FROM `wy_users` WHERE  `user_id` = 11234 LIMIT 1 [ RunTime:0.000367s ]
[ sql ] [ SQL ] SELECT * FROM `wy_users` WHERE  `user_id` = 11250 LIMIT 1 [ RunTime:0.000360s ]
[ sql ] [ SQL ] SELECT * FROM `wy_users` WHERE  `user_id` = 11144 LIMIT 1 [ RunTime:0.000379s ]
[ sql ] [ SQL ] SELECT * FROM `wy_users` WHERE  `user_id` = 11302 LIMIT 1 [ RunTime:0.000358s ]
[ sql ] [ SQL ] SELECT * FROM `wy_users` WHERE  `user_id` = 10314 LIMIT 1 [ RunTime:0.000397s ]
[ sql ] [ SQL ] SELECT * FROM `wy_users` WHERE  `user_id` = 11335 LIMIT 1 [ RunTime:0.000361s ]
[ sql ] [ SQL ] SELECT * FROM `wy_users` WHERE  `user_id` = 11342 LIMIT 1 [ RunTime:0.000373s ]
[ sql ] [ SQL ] SELECT * FROM `wy_users` WHERE  `user_id` = 1708 LIMIT 1 [ RunTime:0.000363s ]
[ sql ] [ SQL ] SELECT * FROM `wy_users` WHERE  `user_id` = 2592 LIMIT 1 [ RunTime:0.000399s ]
[ sql ] [ SQL ] SELECT * FROM `wy_users` WHERE  `user_id` = 11357 LIMIT 1 [ RunTime:0.000454s ]
[ sql ] [ SQL ] SELECT * FROM `wy_users` WHERE  `user_id` = 11390 LIMIT 1 [ RunTime:0.000398s ]
[ sql ] [ SQL ] SELECT * FROM `wy_users` WHERE  `user_id` = 11493 LIMIT 1 [ RunTime:0.000369s ]
[ sql ] [ SQL ] SELECT * FROM `wy_users` WHERE  `user_id` = 11503 LIMIT 1 [ RunTime:0.000357s ]
[ sql ] [ SQL ] SELECT * FROM `wy_users` WHERE  `user_id` = 11554 LIMIT 1 [ RunTime:0.000366s ]
[ sql ] [ SQL ] SELECT * FROM `wy_users` WHERE  `user_id` = 11565 LIMIT 1 [ RunTime:0.000360s ]
[ sql ] [ SQL ] SELECT * FROM `wy_users` WHERE  `user_id` = 11780 LIMIT 1 [ RunTime:0.000362s ]
[ sql ] [ SQL ] SELECT * FROM `wy_users` WHERE  `user_id` = 11859 LIMIT 1 [ RunTime:0.000371s ]
[ sql ] [ SQL ] SELECT * FROM `wy_users` WHERE  `user_id` = 9451 LIMIT 1 [ RunTime:0.000376s ]
[ sql ] [ SQL ] SELECT * FROM `wy_users` WHERE  `user_id` = 5049 LIMIT 1 [ RunTime:0.000370s ]
[ sql ] [ SQL ] SELECT * FROM `wy_users` WHERE  `user_id` = 11912 LIMIT 1 [ RunTime:0.000635s ]
[ sql ] [ SQL ] SELECT * FROM `wy_users` WHERE  `user_id` = 11838 LIMIT 1 [ RunTime:0.000405s ]
[ sql ] [ SQL ] SELECT * FROM `wy_users` WHERE  `user_id` = 7762 LIMIT 1 [ RunTime:0.000364s ]
[ sql ] [ SQL ] SELECT * FROM `wy_users` WHERE  `user_id` = 12003 LIMIT 1 [ RunTime:0.000365s ]
[ sql ] [ SQL ] SELECT * FROM `wy_users` WHERE  `user_id` = 11559 LIMIT 1 [ RunTime:0.000378s ]
[ sql ] [ SQL ] SELECT * FROM `wy_users` WHERE  `user_id` = 12098 LIMIT 1 [ RunTime:0.000387s ]
[ sql ] [ SQL ] SELECT * FROM `wy_users` WHERE  `user_id` = 12103 LIMIT 1 [ RunTime:0.000369s ]
[ sql ] [ SQL ] SELECT * FROM `wy_users` WHERE  `user_id` = 12133 LIMIT 1 [ RunTime:0.000363s ]
[ sql ] [ SQL ] SELECT * FROM `wy_users` WHERE  `user_id` = 12137 LIMIT 1 [ RunTime:0.000376s ]
[ sql ] [ SQL ] SELECT * FROM `wy_users` WHERE  `user_id` = 12226 LIMIT 1 [ RunTime:0.000393s ]
[ sql ] [ SQL ] SELECT * FROM `wy_users` WHERE  `user_id` = 11389 LIMIT 1 [ RunTime:0.000372s ]
[ sql ] [ SQL ] SELECT * FROM `wy_users` WHERE  `user_id` = 12228 LIMIT 1 [ RunTime:0.000369s ]
[ sql ] [ SQL ] SELECT * FROM `wy_users` WHERE  `user_id` = 12253 LIMIT 1 [ RunTime:0.000381s ]
[ sql ] [ SQL ] SELECT * FROM `wy_users` WHERE  `user_id` = 12338 LIMIT 1 [ RunTime:0.000362s ]
[ sql ] [ SQL ] SELECT * FROM `wy_users` WHERE  `user_id` = 12362 LIMIT 1 [ RunTime:0.000365s ]
[ sql ] [ SQL ] SELECT * FROM `wy_users` WHERE  `user_id` = 12373 LIMIT 1 [ RunTime:0.000358s ]
[ sql ] [ SQL ] SELECT * FROM `wy_users` WHERE  `user_id` = 10953 LIMIT 1 [ RunTime:0.000364s ]
[ sql ] [ SQL ] SELECT * FROM `wy_users` WHERE  `user_id` = 12415 LIMIT 1 [ RunTime:0.000360s ]
[ sql ] [ SQL ] SELECT * FROM `wy_users` WHERE  `user_id` = 12468 LIMIT 1 [ RunTime:0.000361s ]
[ sql ] [ SQL ] SELECT * FROM `wy_users` WHERE  `user_id` = 12542 LIMIT 1 [ RunTime:0.000364s ]
[ sql ] [ SQL ] SELECT * FROM `wy_users` WHERE  `user_id` = 12620 LIMIT 1 [ RunTime:0.000372s ]
[ sql ] [ SQL ] SELECT * FROM `wy_users` WHERE  `user_id` = 11892 LIMIT 1 [ RunTime:0.000360s ]
[ sql ] [ SQL ] SELECT * FROM `wy_users` WHERE  `user_id` = 881 LIMIT 1 [ RunTime:0.000361s ]
[ sql ] [ SQL ] SELECT * FROM `wy_users` WHERE  `user_id` = 12923 LIMIT 1 [ RunTime:0.000358s ]
[ sql ] [ SQL ] SELECT * FROM `wy_users` WHERE  `user_id` = 13029 LIMIT 1 [ RunTime:0.000374s ]
[ sql ] [ SQL ] SELECT * FROM `wy_users` WHERE  `user_id` = 13056 LIMIT 1 [ RunTime:0.000357s ]
[ sql ] [ SQL ] SELECT * FROM `wy_users` WHERE  `user_id` = 9251 LIMIT 1 [ RunTime:0.000388s ]
[ sql ] [ SQL ] SELECT * FROM `wy_users` WHERE  `user_id` = 13195 LIMIT 1 [ RunTime:0.000376s ]
[ sql ] [ SQL ] SELECT * FROM `wy_users` WHERE  `user_id` = 13199 LIMIT 1 [ RunTime:0.000373s ]
[ sql ] [ SQL ] SELECT * FROM `wy_users` WHERE  `user_id` = 13256 LIMIT 1 [ RunTime:0.000351s ]
[ sql ] [ SQL ] SELECT * FROM `wy_users` WHERE  `user_id` = 13298 LIMIT 1 [ RunTime:0.000359s ]
[ sql ] [ SQL ] SELECT * FROM `wy_users` WHERE  `user_id` = 13403 LIMIT 1 [ RunTime:0.000432s ]
[ sql ] [ SQL ] SELECT * FROM `wy_users` WHERE  `user_id` = 13428 LIMIT 1 [ RunTime:0.000373s ]
[ sql ] [ SQL ] SELECT * FROM `wy_users` WHERE  `user_id` = 13472 LIMIT 1 [ RunTime:0.000365s ]
[ sql ] [ SQL ] SELECT * FROM `wy_users` WHERE  `user_id` = 13422 LIMIT 1 [ RunTime:0.000358s ]
[ sql ] [ SQL ] SELECT * FROM `wy_users` WHERE  `user_id` = 11348 LIMIT 1 [ RunTime:0.000364s ]
[ sql ] [ SQL ] SELECT * FROM `wy_users` WHERE  `user_id` = 13704 LIMIT 1 [ RunTime:0.000376s ]
[ sql ] [ SQL ] SELECT * FROM `wy_users` WHERE  `user_id` = 13736 LIMIT 1 [ RunTime:0.000354s ]
[ sql ] [ SQL ] SELECT * FROM `wy_users` WHERE  `user_id` = 13752 LIMIT 1 [ RunTime:0.000358s ]
[ sql ] [ SQL ] SELECT * FROM `wy_users` WHERE  `user_id` = 9392 LIMIT 1 [ RunTime:0.000371s ]
[ sql ] [ SQL ] SELECT * FROM `wy_users` WHERE  `user_id` = 9168 LIMIT 1 [ RunTime:0.000402s ]
[ sql ] [ SQL ] SELECT * FROM `wy_users` WHERE  `user_id` = 13765 LIMIT 1 [ RunTime:0.000362s ]
[ sql ] [ SQL ] SELECT * FROM `wy_users` WHERE  `user_id` = 13768 LIMIT 1 [ RunTime:0.000361s ]
[ sql ] [ SQL ] SELECT * FROM `wy_users` WHERE  `user_id` = 13800 LIMIT 1 [ RunTime:0.000368s ]
[ sql ] [ SQL ] SELECT * FROM `wy_users` WHERE  `user_id` = 5938 LIMIT 1 [ RunTime:0.000373s ]
[ sql ] [ SQL ] SELECT * FROM `wy_users` WHERE  `user_id` = 13822 LIMIT 1 [ RunTime:0.000361s ]
[ sql ] [ SQL ] SELECT * FROM `wy_users` WHERE  `user_id` = 13836 LIMIT 1 [ RunTime:0.000352s ]
[ sql ] [ SQL ] SELECT * FROM `wy_users` WHERE  `user_id` = 12896 LIMIT 1 [ RunTime:0.000368s ]
[ sql ] [ SQL ] SELECT * FROM `wy_users` WHERE  `user_id` = 11973 LIMIT 1 [ RunTime:0.000353s ]
[ sql ] [ SQL ] SELECT * FROM `wy_users` WHERE  `user_id` = 13850 LIMIT 1 [ RunTime:0.000355s ]
[ sql ] [ SQL ] SELECT * FROM `wy_users` WHERE  `user_id` = 13925 LIMIT 1 [ RunTime:0.000390s ]
[ sql ] [ SQL ] SELECT * FROM `wy_users` WHERE  `user_id` = 12904 LIMIT 1 [ RunTime:0.000367s ]
[ sql ] [ SQL ] SELECT * FROM `wy_users` WHERE  `user_id` = 3445 LIMIT 1 [ RunTime:0.000374s ]
[ sql ] [ SQL ] SELECT * FROM `wy_users` WHERE  `user_id` = 14369 LIMIT 1 [ RunTime:0.000354s ]
[ sql ] [ SQL ] SELECT * FROM `wy_users` WHERE  `user_id` = 14409 LIMIT 1 [ RunTime:0.000361s ]
[ sql ] [ SQL ] SELECT * FROM `wy_users` WHERE  `user_id` = 14422 LIMIT 1 [ RunTime:0.000360s ]
[ sql ] [ SQL ] SELECT * FROM `wy_users` WHERE  `user_id` = 14564 LIMIT 1 [ RunTime:0.000402s ]
---------------------------------------------------------------
[ 2020-02-01T14:08:10+08:00 ] 223.104.111.166 GET /index/main/index.html
[ sql ] [ DB ] CONNECT:[ UseTime:0.000633s ] mysql:host=127.0.0.1;port=3306;dbname=henimeet;charset=utf8
[ sql ] [ SQL ] SHOW COLUMNS FROM `wy_users` [ RunTime:0.001046s ]
[ sql ] [ SQL ] SELECT * FROM `wy_users` WHERE  `user_id` = 10659 LIMIT 1 [ RunTime:0.000495s ]
[ sql ] [ SQL ] SHOW COLUMNS FROM `chat_log` [ RunTime:0.000575s ]
[ sql ] [ SQL ] SELECT COUNT(*) AS tp_count FROM `chat_log` WHERE  `toid` = 10659  AND `is_read` = 0 LIMIT 1 [ RunTime:0.000213s ]
[ sql ] [ SQL ] SELECT * FROM `wy_users` WHERE  `user_id` = 10659 LIMIT 1 [ RunTime:0.000289s ]
[ sql ] [ SQL ] SHOW COLUMNS FROM `wy_online` [ RunTime:0.000530s ]
[ sql ] [ SQL ] SELECT * FROM `wy_online` WHERE  `user_id` = 10659 LIMIT 1 [ RunTime:0.000189s ]
[ sql ] [ SQL ] UPDATE `wy_online`  SET `user_id`=10659,`user_name`='xixi',`user_sex`=0,`user_ico`='http://www.pauzzz.com/uploadfiles/avatar/20190217/1550369037831_162.jpg',`active_time`=1580537290,`hidden`=0  WHERE  `user_id` = 10659 [ RunTime:0.000474s ]
---------------------------------------------------------------
[ 2020-02-01T14:08:11+08:00 ] 223.104.111.166 GET /index/main/query/page/1.html
[ sql ] [ DB ] CONNECT:[ UseTime:0.000587s ] mysql:host=127.0.0.1;port=3306;dbname=henimeet;charset=utf8
[ sql ] [ SQL ] SHOW COLUMNS FROM `wy_users` [ RunTime:0.000997s ]
[ sql ] [ SQL ] SELECT * FROM `wy_users` WHERE  `user_id` = 10659 LIMIT 1 [ RunTime:0.000446s ]
[ sql ] [ SQL ] SHOW COLUMNS FROM `chat_log` [ RunTime:0.000552s ]
[ sql ] [ SQL ] SELECT COUNT(*) AS tp_count FROM `chat_log` WHERE  `toid` = 10659  AND `is_read` = 0 LIMIT 1 [ RunTime:0.000189s ]
[ sql ] [ SQL ] SELECT * FROM `wy_users` WHERE  `user_id` = 10659 LIMIT 1 [ RunTime:0.000290s ]
[ sql ] [ SQL ] SHOW COLUMNS FROM `wy_online` [ RunTime:0.000529s ]
[ sql ] [ SQL ] SELECT * FROM `wy_online` WHERE  `user_id` = 10659 LIMIT 1 [ RunTime:0.000270s ]
[ sql ] [ SQL ] UPDATE `wy_online`  SET `user_id`=10659,`user_name`='xixi',`user_sex`=0,`user_ico`='http://www.pauzzz.com/uploadfiles/avatar/20190217/1550369037831_162.jpg',`active_time`=1580537291,`hidden`=0  WHERE  `user_id` = 10659 [ RunTime:0.000451s ]
[ sql ] [ SQL ] SELECT COUNT(*) AS tp_count FROM `wy_users` WHERE  `user_sex` <> 0  AND `is_pass` <> 0 LIMIT 1 [ RunTime:0.010397s ]
[ sql ] [ SQL ] SELECT `u`.`user_name`,`u`.`user_ico`,`u`.`user_sex`,`u`.`user_group`,`u`.`user_id`,`o`.`online_id` FROM `wy_users` `u` LEFT JOIN `wy_online` `o` ON `u`.`user_id`=`o`.`user_id` WHERE  (  u.user_sex != '0' and u.is_pass!='0' ) ORDER BY u.is_service desc, o.active_time desc LIMIT 0,16 [ RunTime:0.020557s ]
---------------------------------------------------------------
[ 2020-02-01T14:08:14+08:00 ] 223.104.111.166 GET /index/user/index.html
[ sql ] [ DB ] CONNECT:[ UseTime:0.000613s ] mysql:host=127.0.0.1;port=3306;dbname=henimeet;charset=utf8
[ sql ] [ SQL ] SHOW COLUMNS FROM `wy_users` [ RunTime:0.001050s ]
[ sql ] [ SQL ] SELECT * FROM `wy_users` WHERE  `user_id` = 10659 LIMIT 1 [ RunTime:0.000467s ]
[ sql ] [ SQL ] SHOW COLUMNS FROM `chat_log` [ RunTime:0.000571s ]
[ sql ] [ SQL ] SELECT COUNT(*) AS tp_count FROM `chat_log` WHERE  `toid` = 10659  AND `is_read` = 0 LIMIT 1 [ RunTime:0.000207s ]
[ sql ] [ SQL ] SELECT * FROM `wy_users` WHERE  `user_id` = 10659 LIMIT 1 [ RunTime:0.000287s ]
[ sql ] [ SQL ] SHOW COLUMNS FROM `wy_online` [ RunTime:0.000539s ]
[ sql ] [ SQL ] SELECT * FROM `wy_online` WHERE  `user_id` = 10659 LIMIT 1 [ RunTime:0.000264s ]
[ sql ] [ SQL ] UPDATE `wy_online`  SET `user_id`=10659,`user_name`='xixi',`user_sex`=0,`user_ico`='http://www.pauzzz.com/uploadfiles/avatar/20190217/1550369037831_162.jpg',`active_time`=1580537294,`hidden`=0  WHERE  `user_id` = 10659 [ RunTime:0.000292s ]
[ sql ] [ SQL ] SELECT * FROM `wy_users` WHERE  `user_id` = 10659 LIMIT 1 [ RunTime:0.000553s ]
---------------------------------------------------------------
[ 2020-02-01T14:08:15+08:00 ] 223.104.111.166 GET /index/main/index.html
[ sql ] [ DB ] CONNECT:[ UseTime:0.000631s ] mysql:host=127.0.0.1;port=3306;dbname=henimeet;charset=utf8
[ sql ] [ SQL ] SHOW COLUMNS FROM `wy_users` [ RunTime:0.002145s ]
[ sql ] [ SQL ] SELECT * FROM `wy_users` WHERE  `user_id` = 10659 LIMIT 1 [ RunTime:0.000435s ]
[ sql ] [ SQL ] SHOW COLUMNS FROM `chat_log` [ RunTime:0.000556s ]
[ sql ] [ SQL ] SELECT COUNT(*) AS tp_count FROM `chat_log` WHERE  `toid` = 10659  AND `is_read` = 0 LIMIT 1 [ RunTime:0.000214s ]
[ sql ] [ SQL ] SELECT * FROM `wy_users` WHERE  `user_id` = 10659 LIMIT 1 [ RunTime:0.000285s ]
[ sql ] [ SQL ] SHOW COLUMNS FROM `wy_online` [ RunTime:0.000526s ]
[ sql ] [ SQL ] SELECT * FROM `wy_online` WHERE  `user_id` = 10659 LIMIT 1 [ RunTime:0.000289s ]
[ sql ] [ SQL ] UPDATE `wy_online`  SET `user_id`=10659,`user_name`='xixi',`user_sex`=0,`user_ico`='http://www.pauzzz.com/uploadfiles/avatar/20190217/1550369037831_162.jpg',`active_time`=1580537295,`hidden`=0  WHERE  `user_id` = 10659 [ RunTime:0.000286s ]
---------------------------------------------------------------
[ 2020-02-01T14:08:15+08:00 ] 223.104.111.166 GET /index/main/query/page/1.html
[ sql ] [ DB ] CONNECT:[ UseTime:0.000606s ] mysql:host=127.0.0.1;port=3306;dbname=henimeet;charset=utf8
[ sql ] [ SQL ] SHOW COLUMNS FROM `wy_users` [ RunTime:0.001052s ]
[ sql ] [ SQL ] SELECT * FROM `wy_users` WHERE  `user_id` = 10659 LIMIT 1 [ RunTime:0.000446s ]
[ sql ] [ SQL ] SHOW COLUMNS FROM `chat_log` [ RunTime:0.000543s ]
[ sql ] [ SQL ] SELECT COUNT(*) AS tp_count FROM `chat_log` WHERE  `toid` = 10659  AND `is_read` = 0 LIMIT 1 [ RunTime:0.000210s ]
[ sql ] [ SQL ] SELECT * FROM `wy_users` WHERE  `user_id` = 10659 LIMIT 1 [ RunTime:0.000273s ]
[ sql ] [ SQL ] SHOW COLUMNS FROM `wy_online` [ RunTime:0.000538s ]
[ sql ] [ SQL ] SELECT * FROM `wy_online` WHERE  `user_id` = 10659 LIMIT 1 [ RunTime:0.000268s ]
[ sql ] [ SQL ] UPDATE `wy_online`  SET `user_id`=10659,`user_name`='xixi',`user_sex`=0,`user_ico`='http://www.pauzzz.com/uploadfiles/avatar/20190217/1550369037831_162.jpg',`active_time`=1580537295,`hidden`=0  WHERE  `user_id` = 10659 [ RunTime:0.000274s ]
[ sql ] [ SQL ] SELECT COUNT(*) AS tp_count FROM `wy_users` WHERE  `user_sex` <> 0  AND `is_pass` <> 0 LIMIT 1 [ RunTime:0.000190s ]
[ sql ] [ SQL ] SELECT `u`.`user_name`,`u`.`user_ico`,`u`.`user_sex`,`u`.`user_group`,`u`.`user_id`,`o`.`online_id` FROM `wy_users` `u` LEFT JOIN `wy_online` `o` ON `u`.`user_id`=`o`.`user_id` WHERE  (  u.user_sex != '0' and u.is_pass!='0' ) ORDER BY u.is_service desc, o.active_time desc LIMIT 0,16 [ RunTime:0.020361s ]
---------------------------------------------------------------
[ 2020-02-01T14:08:22+08:00 ] 223.104.111.166 GET /index/home/index/uid/1429
[ sql ] [ DB ] CONNECT:[ UseTime:0.000781s ] mysql:host=127.0.0.1;port=3306;dbname=henimeet;charset=utf8
[ sql ] [ SQL ] SHOW COLUMNS FROM `wy_users` [ RunTime:0.001073s ]
[ sql ] [ SQL ] SELECT * FROM `wy_users` WHERE  `user_id` = 10659 LIMIT 1 [ RunTime:0.000456s ]
[ sql ] [ SQL ] SHOW COLUMNS FROM `chat_log` [ RunTime:0.000545s ]
[ sql ] [ SQL ] SELECT COUNT(*) AS tp_count FROM `chat_log` WHERE  `toid` = 10659  AND `is_read` = 0 LIMIT 1 [ RunTime:0.000194s ]
[ sql ] [ SQL ] SELECT * FROM `wy_users` WHERE  `user_id` = 10659 LIMIT 1 [ RunTime:0.000293s ]
[ sql ] [ SQL ] SHOW COLUMNS FROM `wy_online` [ RunTime:0.000510s ]
[ sql ] [ SQL ] SELECT * FROM `wy_online` WHERE  `user_id` = 10659 LIMIT 1 [ RunTime:0.000203s ]
[ sql ] [ SQL ] UPDATE `wy_online`  SET `user_id`=10659,`user_name`='xixi',`user_sex`=0,`user_ico`='http://www.pauzzz.com/uploadfiles/avatar/20190217/1550369037831_162.jpg',`active_time`=1580537302,`hidden`=0  WHERE  `user_id` = 10659 [ RunTime:0.000287s ]
[ sql ] [ SQL ] SELECT `user_id`,`user_name`,`user_sex`,`user_ico`,`birth_year`,`birth_month`,`birth_day`,`country`,`waimao`,`sexual`,`height`,`weight`,`income`,`gerenjieshao` FROM `wy_users` WHERE  `user_id` = 1429 LIMIT 1 [ RunTime:0.000285s ]
[ sql ] [ SQL ] SHOW COLUMNS FROM `wy_album` [ RunTime:0.000522s ]
[ sql ] [ SQL ] SELECT * FROM `wy_album` WHERE  `user_id` = 1429 ORDER BY `add_time` [ RunTime:0.000277s ]
---------------------------------------------------------------
[ 2020-02-01T14:08:23+08:00 ] 223.104.111.166 GET /index/home/mood/uid/1429/page/1
[ sql ] [ DB ] CONNECT:[ UseTime:0.000615s ] mysql:host=127.0.0.1;port=3306;dbname=henimeet;charset=utf8
[ sql ] [ SQL ] SHOW COLUMNS FROM `wy_users` [ RunTime:0.001048s ]
[ sql ] [ SQL ] SELECT * FROM `wy_users` WHERE  `user_id` = 10659 LIMIT 1 [ RunTime:0.000469s ]
[ sql ] [ SQL ] SHOW COLUMNS FROM `chat_log` [ RunTime:0.000557s ]
[ sql ] [ SQL ] SELECT COUNT(*) AS tp_count FROM `chat_log` WHERE  `toid` = 10659  AND `is_read` = 0 LIMIT 1 [ RunTime:0.000212s ]
[ sql ] [ SQL ] SELECT * FROM `wy_users` WHERE  `user_id` = 10659 LIMIT 1 [ RunTime:0.000284s ]
[ sql ] [ SQL ] SHOW COLUMNS FROM `wy_online` [ RunTime:0.000515s ]
[ sql ] [ SQL ] SELECT * FROM `wy_online` WHERE  `user_id` = 10659 LIMIT 1 [ RunTime:0.000280s ]
[ sql ] [ SQL ] UPDATE `wy_online`  SET `user_id`=10659,`user_name`='xixi',`user_sex`=0,`user_ico`='http://www.pauzzz.com/uploadfiles/avatar/20190217/1550369037831_162.jpg',`active_time`=1580537303,`hidden`=0  WHERE  `user_id` = 10659 [ RunTime:0.000285s ]
[ sql ] [ SQL ] SHOW COLUMNS FROM `wy_recent_affair` [ RunTime:0.000505s ]
[ sql ] [ SQL ] SELECT COUNT(*) AS tp_count FROM `wy_recent_affair` WHERE  `user_id` = 1429 LIMIT 1 [ RunTime:0.000257s ]
[ sql ] [ SQL ] SELECT * FROM `wy_recent_affair` WHERE  `user_id` = 1429 ORDER BY id desc LIMIT 0,5 [ RunTime:0.000257s ]
---------------------------------------------------------------
[ 2020-02-01T14:08:30+08:00 ] 223.104.111.166 GET /index/home/index/uid/5938
[ sql ] [ DB ] CONNECT:[ UseTime:0.000623s ] mysql:host=127.0.0.1;port=3306;dbname=henimeet;charset=utf8
[ sql ] [ SQL ] SHOW COLUMNS FROM `wy_users` [ RunTime:0.001020s ]
[ sql ] [ SQL ] SELECT * FROM `wy_users` WHERE  `user_id` = 10659 LIMIT 1 [ RunTime:0.000433s ]
[ sql ] [ SQL ] SHOW COLUMNS FROM `chat_log` [ RunTime:0.000573s ]
[ sql ] [ SQL ] SELECT COUNT(*) AS tp_count FROM `chat_log` WHERE  `toid` = 10659  AND `is_read` = 0 LIMIT 1 [ RunTime:0.000205s ]
[ sql ] [ SQL ] SELECT * FROM `wy_users` WHERE  `user_id` = 10659 LIMIT 1 [ RunTime:0.000281s ]
[ sql ] [ SQL ] SHOW COLUMNS FROM `wy_online` [ RunTime:0.000537s ]
[ sql ] [ SQL ] SELECT * FROM `wy_online` WHERE  `user_id` = 10659 LIMIT 1 [ RunTime:0.000276s ]
[ sql ] [ SQL ] UPDATE `wy_online`  SET `user_id`=10659,`user_name`='xixi',`user_sex`=0,`user_ico`='http://www.pauzzz.com/uploadfiles/avatar/20190217/1550369037831_162.jpg',`active_time`=1580537310,`hidden`=0  WHERE  `user_id` = 10659 [ RunTime:0.000283s ]
[ sql ] [ SQL ] SELECT `user_id`,`user_name`,`user_sex`,`user_ico`,`birth_year`,`birth_month`,`birth_day`,`country`,`waimao`,`sexual`,`height`,`weight`,`income`,`gerenjieshao` FROM `wy_users` WHERE  `user_id` = 5938 LIMIT 1 [ RunTime:0.000286s ]
[ sql ] [ SQL ] SHOW COLUMNS FROM `wy_album` [ RunTime:0.000496s ]
[ sql ] [ SQL ] SELECT * FROM `wy_album` WHERE  `user_id` = 5938 ORDER BY `add_time` [ RunTime:0.000203s ]
---------------------------------------------------------------
[ 2020-02-01T14:08:30+08:00 ] 223.104.111.166 GET /index/home/mood/uid/5938/page/1
[ sql ] [ DB ] CONNECT:[ UseTime:0.000606s ] mysql:host=127.0.0.1;port=3306;dbname=henimeet;charset=utf8
[ sql ] [ SQL ] SHOW COLUMNS FROM `wy_users` [ RunTime:0.001002s ]
[ sql ] [ SQL ] SELECT * FROM `wy_users` WHERE  `user_id` = 10659 LIMIT 1 [ RunTime:0.000443s ]
[ sql ] [ SQL ] SHOW COLUMNS FROM `chat_log` [ RunTime:0.000565s ]
[ sql ] [ SQL ] SELECT COUNT(*) AS tp_count FROM `chat_log` WHERE  `toid` = 10659  AND `is_read` = 0 LIMIT 1 [ RunTime:0.000194s ]
[ sql ] [ SQL ] SELECT * FROM `wy_users` WHERE  `user_id` = 10659 LIMIT 1 [ RunTime:0.000297s ]
[ sql ] [ SQL ] SHOW COLUMNS FROM `wy_online` [ RunTime:0.000506s ]
[ sql ] [ SQL ] SELECT * FROM `wy_online` WHERE  `user_id` = 10659 LIMIT 1 [ RunTime:0.000287s ]
[ sql ] [ SQL ] UPDATE `wy_online`  SET `user_id`=10659,`user_name`='xixi',`user_sex`=0,`user_ico`='http://www.pauzzz.com/uploadfiles/avatar/20190217/1550369037831_162.jpg',`active_time`=1580537310,`hidden`=0  WHERE  `user_id` = 10659 [ RunTime:0.000254s ]
[ sql ] [ SQL ] SHOW COLUMNS FROM `wy_recent_affair` [ RunTime:0.000545s ]
[ sql ] [ SQL ] SELECT COUNT(*) AS tp_count FROM `wy_recent_affair` WHERE  `user_id` = 5938 LIMIT 1 [ RunTime:0.000178s ]
[ sql ] [ SQL ] SELECT * FROM `wy_recent_affair` WHERE  `user_id` = 5938 ORDER BY id desc LIMIT 0,5 [ RunTime:0.000182s ]
---------------------------------------------------------------
[ 2020-02-01T15:49:50+08:00 ] 223.104.111.166 GET /index/main/index.html
[ sql ] [ DB ] CONNECT:[ UseTime:0.000598s ] mysql:host=127.0.0.1;port=3306;dbname=henimeet;charset=utf8
[ sql ] [ SQL ] SHOW COLUMNS FROM `wy_users` [ RunTime:0.001049s ]
[ sql ] [ SQL ] SELECT * FROM `wy_users` WHERE  `user_id` = 10659 LIMIT 1 [ RunTime:0.000587s ]
[ sql ] [ SQL ] SHOW COLUMNS FROM `chat_log` [ RunTime:0.000581s ]
[ sql ] [ SQL ] SELECT COUNT(*) AS tp_count FROM `chat_log` WHERE  `toid` = 10659  AND `is_read` = 0 LIMIT 1 [ RunTime:0.001474s ]
[ sql ] [ SQL ] SELECT * FROM `wy_users` WHERE  `user_id` = 10659 LIMIT 1 [ RunTime:0.000286s ]
[ sql ] [ SQL ] SHOW COLUMNS FROM `wy_online` [ RunTime:0.000545s ]
[ sql ] [ SQL ] SELECT * FROM `wy_online` WHERE  `user_id` = 10659 LIMIT 1 [ RunTime:0.000268s ]
[ sql ] [ SQL ] UPDATE `wy_online`  SET `user_id`=10659,`user_name`='xixi',`user_sex`=0,`user_ico`='http://www.pauzzz.com/uploadfiles/avatar/20190217/1550369037831_162.jpg',`active_time`=1580543390,`hidden`=0  WHERE  `user_id` = 10659 [ RunTime:0.000446s ]
---------------------------------------------------------------
[ 2020-02-01T15:49:51+08:00 ] 223.104.111.166 GET /index/main/query/page/1.html
[ sql ] [ DB ] CONNECT:[ UseTime:0.000603s ] mysql:host=127.0.0.1;port=3306;dbname=henimeet;charset=utf8
[ sql ] [ SQL ] SHOW COLUMNS FROM `wy_users` [ RunTime:0.001030s ]
[ sql ] [ SQL ] SELECT * FROM `wy_users` WHERE  `user_id` = 10659 LIMIT 1 [ RunTime:0.000447s ]
[ sql ] [ SQL ] SHOW COLUMNS FROM `chat_log` [ RunTime:0.000562s ]
[ sql ] [ SQL ] SELECT COUNT(*) AS tp_count FROM `chat_log` WHERE  `toid` = 10659  AND `is_read` = 0 LIMIT 1 [ RunTime:0.000194s ]
[ sql ] [ SQL ] SELECT * FROM `wy_users` WHERE  `user_id` = 10659 LIMIT 1 [ RunTime:0.000289s ]
[ sql ] [ SQL ] SHOW COLUMNS FROM `wy_online` [ RunTime:0.000537s ]
[ sql ] [ SQL ] SELECT * FROM `wy_online` WHERE  `user_id` = 10659 LIMIT 1 [ RunTime:0.000273s ]
[ sql ] [ SQL ] UPDATE `wy_online`  SET `user_id`=10659,`user_name`='xixi',`user_sex`=0,`user_ico`='http://www.pauzzz.com/uploadfiles/avatar/20190217/1550369037831_162.jpg',`active_time`=1580543391,`hidden`=0  WHERE  `user_id` = 10659 [ RunTime:0.000456s ]
[ sql ] [ SQL ] SELECT COUNT(*) AS tp_count FROM `wy_users` WHERE  `user_sex` <> 0  AND `is_pass` <> 0 LIMIT 1 [ RunTime:0.010452s ]
[ sql ] [ SQL ] SELECT `u`.`user_name`,`u`.`user_ico`,`u`.`user_sex`,`u`.`user_group`,`u`.`user_id`,`o`.`online_id` FROM `wy_users` `u` LEFT JOIN `wy_online` `o` ON `u`.`user_id`=`o`.`user_id` WHERE  (  u.user_sex != '0' and u.is_pass!='0' ) ORDER BY u.is_service desc, o.active_time desc LIMIT 0,16 [ RunTime:0.020120s ]
---------------------------------------------------------------
[ 2020-02-01T15:49:54+08:00 ] 223.104.111.166 GET /index/user/index.html
[ sql ] [ DB ] CONNECT:[ UseTime:0.000611s ] mysql:host=127.0.0.1;port=3306;dbname=henimeet;charset=utf8
[ sql ] [ SQL ] SHOW COLUMNS FROM `wy_users` [ RunTime:0.001054s ]
[ sql ] [ SQL ] SELECT * FROM `wy_users` WHERE  `user_id` = 10659 LIMIT 1 [ RunTime:0.000428s ]
[ sql ] [ SQL ] SHOW COLUMNS FROM `chat_log` [ RunTime:0.000555s ]
[ sql ] [ SQL ] SELECT COUNT(*) AS tp_count FROM `chat_log` WHERE  `toid` = 10659  AND `is_read` = 0 LIMIT 1 [ RunTime:0.000213s ]
[ sql ] [ SQL ] SELECT * FROM `wy_users` WHERE  `user_id` = 10659 LIMIT 1 [ RunTime:0.000269s ]
[ sql ] [ SQL ] SHOW COLUMNS FROM `wy_online` [ RunTime:0.000536s ]
[ sql ] [ SQL ] SELECT * FROM `wy_online` WHERE  `user_id` = 10659 LIMIT 1 [ RunTime:0.000258s ]
[ sql ] [ SQL ] UPDATE `wy_online`  SET `user_id`=10659,`user_name`='xixi',`user_sex`=0,`user_ico`='http://www.pauzzz.com/uploadfiles/avatar/20190217/1550369037831_162.jpg',`active_time`=1580543394,`hidden`=0  WHERE  `user_id` = 10659 [ RunTime:0.000294s ]
[ sql ] [ SQL ] SELECT * FROM `wy_users` WHERE  `user_id` = 10659 LIMIT 1 [ RunTime:0.000388s ]
---------------------------------------------------------------
[ 2020-02-01T17:17:49+08:00 ] 106.33.47.141 GET /index/main/index.html
[ sql ] [ DB ] CONNECT:[ UseTime:0.000635s ] mysql:host=127.0.0.1;port=3306;dbname=henimeet;charset=utf8
[ sql ] [ SQL ] SHOW COLUMNS FROM `wy_users` [ RunTime:0.001056s ]
[ sql ] [ SQL ] SELECT * FROM `wy_users` WHERE  `user_id` = 697 LIMIT 1 [ RunTime:0.000623s ]
[ sql ] [ SQL ] SHOW COLUMNS FROM `chat_log` [ RunTime:0.000551s ]
[ sql ] [ SQL ] SELECT COUNT(*) AS tp_count FROM `chat_log` WHERE  `toid` = 697  AND `is_read` = 0 LIMIT 1 [ RunTime:0.001046s ]
[ sql ] [ SQL ] SELECT * FROM `wy_users` WHERE  `user_id` = 697 LIMIT 1 [ RunTime:0.000352s ]
[ sql ] [ SQL ] SHOW COLUMNS FROM `wy_online` [ RunTime:0.000556s ]
[ sql ] [ SQL ] SELECT * FROM `wy_online` WHERE  `user_id` = 697 LIMIT 1 [ RunTime:0.000258s ]
[ sql ] [ SQL ] INSERT INTO `wy_online` (`user_id` , `user_name` , `user_sex` , `user_ico` , `active_time` , `hidden`) VALUES (697 , 'jingjing' , 0 , 'http://www.pauzzz.com/uploadfiles/avatar/20191025/1571968321766_162.jpg' , 1580548669 , 0) [ RunTime:0.000372s ]
---------------------------------------------------------------
[ 2020-02-01T17:17:50+08:00 ] 106.33.47.141 GET /index/main/query/page/1.html
[ sql ] [ DB ] CONNECT:[ UseTime:0.000628s ] mysql:host=127.0.0.1;port=3306;dbname=henimeet;charset=utf8
[ sql ] [ SQL ] SHOW COLUMNS FROM `wy_users` [ RunTime:0.001023s ]
[ sql ] [ SQL ] SELECT * FROM `wy_users` WHERE  `user_id` = 697 LIMIT 1 [ RunTime:0.000460s ]
[ sql ] [ SQL ] SHOW COLUMNS FROM `chat_log` [ RunTime:0.000562s ]
[ sql ] [ SQL ] SELECT COUNT(*) AS tp_count FROM `chat_log` WHERE  `toid` = 697  AND `is_read` = 0 LIMIT 1 [ RunTime:0.000197s ]
[ sql ] [ SQL ] SELECT * FROM `wy_users` WHERE  `user_id` = 697 LIMIT 1 [ RunTime:0.000294s ]
[ sql ] [ SQL ] SHOW COLUMNS FROM `wy_online` [ RunTime:0.000532s ]
[ sql ] [ SQL ] SELECT * FROM `wy_online` WHERE  `user_id` = 697 LIMIT 1 [ RunTime:0.000267s ]
[ sql ] [ SQL ] UPDATE `wy_online`  SET `user_id`=697,`user_name`='jingjing',`user_sex`=0,`user_ico`='http://www.pauzzz.com/uploadfiles/avatar/20191025/1571968321766_162.jpg',`active_time`=1580548670,`hidden`=0  WHERE  `user_id` = 697 [ RunTime:0.000469s ]
[ sql ] [ SQL ] SELECT COUNT(*) AS tp_count FROM `wy_users` WHERE  `user_sex` <> 0  AND `is_pass` <> 0 LIMIT 1 [ RunTime:0.010353s ]
[ sql ] [ SQL ] SELECT `u`.`user_name`,`u`.`user_ico`,`u`.`user_sex`,`u`.`user_group`,`u`.`user_id`,`o`.`online_id` FROM `wy_users` `u` LEFT JOIN `wy_online` `o` ON `u`.`user_id`=`o`.`user_id` WHERE  (  u.user_sex != '0' and u.is_pass!='0' ) ORDER BY u.is_service desc, o.active_time desc LIMIT 0,16 [ RunTime:0.020386s ]
---------------------------------------------------------------
[ 2020-02-01T23:28:16+08:00 ] 106.33.47.141 GET /index/main/index.html
[ sql ] [ DB ] CONNECT:[ UseTime:0.000614s ] mysql:host=127.0.0.1;port=3306;dbname=henimeet;charset=utf8
[ sql ] [ SQL ] SHOW COLUMNS FROM `wy_users` [ RunTime:0.001026s ]
[ sql ] [ SQL ] SELECT * FROM `wy_users` WHERE  `user_id` = 697 LIMIT 1 [ RunTime:0.000579s ]
[ sql ] [ SQL ] SHOW COLUMNS FROM `chat_log` [ RunTime:0.000567s ]
[ sql ] [ SQL ] SELECT COUNT(*) AS tp_count FROM `chat_log` WHERE  `toid` = 697  AND `is_read` = 0 LIMIT 1 [ RunTime:0.001016s ]
[ sql ] [ SQL ] SELECT * FROM `wy_users` WHERE  `user_id` = 697 LIMIT 1 [ RunTime:0.000296s ]
[ sql ] [ SQL ] SHOW COLUMNS FROM `wy_online` [ RunTime:0.000514s ]
[ sql ] [ SQL ] SELECT * FROM `wy_online` WHERE  `user_id` = 697 LIMIT 1 [ RunTime:0.000259s ]
[ sql ] [ SQL ] UPDATE `wy_online`  SET `user_id`=697,`user_name`='jingjing',`user_sex`=0,`user_ico`='http://www.pauzzz.com/uploadfiles/avatar/20191025/1571968321766_162.jpg',`active_time`=1580570896,`hidden`=0  WHERE  `user_id` = 697 [ RunTime:0.000468s ]
---------------------------------------------------------------
[ 2020-02-01T23:28:16+08:00 ] 106.33.47.141 GET /index/main/query/page/1.html
[ sql ] [ DB ] CONNECT:[ UseTime:0.000593s ] mysql:host=127.0.0.1;port=3306;dbname=henimeet;charset=utf8
[ sql ] [ SQL ] SHOW COLUMNS FROM `wy_users` [ RunTime:0.001012s ]
[ sql ] [ SQL ] SELECT * FROM `wy_users` WHERE  `user_id` = 697 LIMIT 1 [ RunTime:0.000458s ]
[ sql ] [ SQL ] SHOW COLUMNS FROM `chat_log` [ RunTime:0.000557s ]
[ sql ] [ SQL ] SELECT COUNT(*) AS tp_count FROM `chat_log` WHERE  `toid` = 697  AND `is_read` = 0 LIMIT 1 [ RunTime:0.000199s ]
[ sql ] [ SQL ] SELECT * FROM `wy_users` WHERE  `user_id` = 697 LIMIT 1 [ RunTime:0.000272s ]
[ sql ] [ SQL ] SHOW COLUMNS FROM `wy_online` [ RunTime:0.000533s ]
[ sql ] [ SQL ] SELECT * FROM `wy_online` WHERE  `user_id` = 697 LIMIT 1 [ RunTime:0.000283s ]
[ sql ] [ SQL ] UPDATE `wy_online`  SET `user_id`=697,`user_name`='jingjing',`user_sex`=0,`user_ico`='http://www.pauzzz.com/uploadfiles/avatar/20191025/1571968321766_162.jpg',`active_time`=1580570896,`hidden`=0  WHERE  `user_id` = 697 [ RunTime:0.000273s ]
[ sql ] [ SQL ] SELECT COUNT(*) AS tp_count FROM `wy_users` WHERE  `user_sex` <> 0  AND `is_pass` <> 0 LIMIT 1 [ RunTime:0.010507s ]
[ sql ] [ SQL ] SELECT `u`.`user_name`,`u`.`user_ico`,`u`.`user_sex`,`u`.`user_group`,`u`.`user_id`,`o`.`online_id` FROM `wy_users` `u` LEFT JOIN `wy_online` `o` ON `u`.`user_id`=`o`.`user_id` WHERE  (  u.user_sex != '0' and u.is_pass!='0' ) ORDER BY u.is_service desc, o.active_time desc LIMIT 0,16 [ RunTime:0.020173s ]
---------------------------------------------------------------
[ 2020-02-01T23:28:23+08:00 ] 106.33.47.141 GET /index/main/index.html
[ sql ] [ DB ] CONNECT:[ UseTime:0.000574s ] mysql:host=127.0.0.1;port=3306;dbname=henimeet;charset=utf8
[ sql ] [ SQL ] SHOW COLUMNS FROM `wy_users` [ RunTime:0.001015s ]
[ sql ] [ SQL ] SELECT * FROM `wy_users` WHERE  `user_id` = 697 LIMIT 1 [ RunTime:0.000447s ]
[ sql ] [ SQL ] SHOW COLUMNS FROM `chat_log` [ RunTime:0.000620s ]
[ sql ] [ SQL ] SELECT COUNT(*) AS tp_count FROM `chat_log` WHERE  `toid` = 697  AND `is_read` = 0 LIMIT 1 [ RunTime:0.000213s ]
[ sql ] [ SQL ] SELECT * FROM `wy_users` WHERE  `user_id` = 697 LIMIT 1 [ RunTime:0.000288s ]
[ sql ] [ SQL ] SHOW COLUMNS FROM `wy_online` [ RunTime:0.000516s ]
[ sql ] [ SQL ] SELECT * FROM `wy_online` WHERE  `user_id` = 697 LIMIT 1 [ RunTime:0.000204s ]
[ sql ] [ SQL ] UPDATE `wy_online`  SET `user_id`=697,`user_name`='jingjing',`user_sex`=0,`user_ico`='http://www.pauzzz.com/uploadfiles/avatar/20191025/1571968321766_162.jpg',`active_time`=1580570903,`hidden`=0  WHERE  `user_id` = 697 [ RunTime:0.000478s ]
---------------------------------------------------------------
[ 2020-02-01T23:28:23+08:00 ] 106.33.47.141 GET /index/user/index.html
[ sql ] [ DB ] CONNECT:[ UseTime:0.000663s ] mysql:host=127.0.0.1;port=3306;dbname=henimeet;charset=utf8
[ sql ] [ SQL ] SHOW COLUMNS FROM `wy_users` [ RunTime:0.001364s ]
[ sql ] [ SQL ] SELECT * FROM `wy_users` WHERE  `user_id` = 697 LIMIT 1 [ RunTime:0.000575s ]
[ sql ] [ SQL ] SHOW COLUMNS FROM `chat_log` [ RunTime:0.000753s ]
[ sql ] [ SQL ] SELECT COUNT(*) AS tp_count FROM `chat_log` WHERE  `toid` = 697  AND `is_read` = 0 LIMIT 1 [ RunTime:0.000234s ]
[ sql ] [ SQL ] SELECT * FROM `wy_users` WHERE  `user_id` = 697 LIMIT 1 [ RunTime:0.000353s ]
[ sql ] [ SQL ] SHOW COLUMNS FROM `wy_online` [ RunTime:0.000701s ]
[ sql ] [ SQL ] SELECT * FROM `wy_online` WHERE  `user_id` = 697 LIMIT 1 [ RunTime:0.000331s ]
[ sql ] [ SQL ] UPDATE `wy_online`  SET `user_id`=697,`user_name`='jingjing',`user_sex`=0,`user_ico`='http://www.pauzzz.com/uploadfiles/avatar/20191025/1571968321766_162.jpg',`active_time`=1580570903,`hidden`=0  WHERE  `user_id` = 697 [ RunTime:0.000314s ]
[ sql ] [ SQL ] SELECT * FROM `wy_users` WHERE  `user_id` = 697 LIMIT 1 [ RunTime:0.000577s ]
---------------------------------------------------------------
[ 2020-02-01T23:28:23+08:00 ] 106.33.47.141 GET /index/user/index.html
[ sql ] [ DB ] CONNECT:[ UseTime:0.000646s ] mysql:host=127.0.0.1;port=3306;dbname=henimeet;charset=utf8
[ sql ] [ SQL ] SHOW COLUMNS FROM `wy_users` [ RunTime:0.000887s ]
[ sql ] [ SQL ] SELECT * FROM `wy_users` WHERE  `user_id` = 697 LIMIT 1 [ RunTime:0.000423s ]
[ sql ] [ SQL ] SHOW COLUMNS FROM `chat_log` [ RunTime:0.000546s ]
[ sql ] [ SQL ] SELECT COUNT(*) AS tp_count FROM `chat_log` WHERE  `toid` = 697  AND `is_read` = 0 LIMIT 1 [ RunTime:0.000187s ]
[ sql ] [ SQL ] SELECT * FROM `wy_users` WHERE  `user_id` = 697 LIMIT 1 [ RunTime:0.000318s ]
[ sql ] [ SQL ] SHOW COLUMNS FROM `wy_online` [ RunTime:0.000502s ]
[ sql ] [ SQL ] SELECT * FROM `wy_online` WHERE  `user_id` = 697 LIMIT 1 [ RunTime:0.000223s ]
[ sql ] [ SQL ] UPDATE `wy_online`  SET `user_id`=697,`user_name`='jingjing',`user_sex`=0,`user_ico`='http://www.pauzzz.com/uploadfiles/avatar/20191025/1571968321766_162.jpg',`active_time`=1580570903,`hidden`=0  WHERE  `user_id` = 697 [ RunTime:0.000264s ]
[ sql ] [ SQL ] SELECT * FROM `wy_users` WHERE  `user_id` = 697 LIMIT 1 [ RunTime:0.000285s ]
---------------------------------------------------------------
[ 2020-02-01T23:28:27+08:00 ] 106.33.47.141 GET /index/home/index/uid/14576
[ sql ] [ DB ] CONNECT:[ UseTime:0.000625s ] mysql:host=127.0.0.1;port=3306;dbname=henimeet;charset=utf8
[ sql ] [ SQL ] SHOW COLUMNS FROM `wy_users` [ RunTime:0.001047s ]
[ sql ] [ SQL ] SELECT * FROM `wy_users` WHERE  `user_id` = 697 LIMIT 1 [ RunTime:0.000435s ]
[ sql ] [ SQL ] SHOW COLUMNS FROM `chat_log` [ RunTime:0.000562s ]
[ sql ] [ SQL ] SELECT COUNT(*) AS tp_count FROM `chat_log` WHERE  `toid` = 697  AND `is_read` = 0 LIMIT 1 [ RunTime:0.000225s ]
[ sql ] [ SQL ] SELECT * FROM `wy_users` WHERE  `user_id` = 697 LIMIT 1 [ RunTime:0.000287s ]
[ sql ] [ SQL ] SHOW COLUMNS FROM `wy_online` [ RunTime:0.000543s ]
[ sql ] [ SQL ] SELECT * FROM `wy_online` WHERE  `user_id` = 697 LIMIT 1 [ RunTime:0.000192s ]
[ sql ] [ SQL ] UPDATE `wy_online`  SET `user_id`=697,`user_name`='jingjing',`user_sex`=0,`user_ico`='http://www.pauzzz.com/uploadfiles/avatar/20191025/1571968321766_162.jpg',`active_time`=1580570907,`hidden`=0  WHERE  `user_id` = 697 [ RunTime:0.000450s ]
[ sql ] [ SQL ] SELECT `user_id`,`user_name`,`user_sex`,`user_ico`,`birth_year`,`birth_month`,`birth_day`,`country`,`waimao`,`sexual`,`height`,`weight`,`income`,`gerenjieshao` FROM `wy_users` WHERE  `user_id` = 14576 LIMIT 1 [ RunTime:0.000281s ]
[ sql ] [ SQL ] SHOW COLUMNS FROM `wy_album` [ RunTime:0.000523s ]
[ sql ] [ SQL ] SELECT * FROM `wy_album` WHERE  `user_id` = 14576 ORDER BY `add_time` [ RunTime:0.000198s ]
---------------------------------------------------------------
[ 2020-02-01T23:28:27+08:00 ] 106.33.47.141 GET /index/home/mood/uid/14576/page/1
[ sql ] [ DB ] CONNECT:[ UseTime:0.000586s ] mysql:host=127.0.0.1;port=3306;dbname=henimeet;charset=utf8
[ sql ] [ SQL ] SHOW COLUMNS FROM `wy_users` [ RunTime:0.001093s ]
[ sql ] [ SQL ] SELECT * FROM `wy_users` WHERE  `user_id` = 697 LIMIT 1 [ RunTime:0.000479s ]
[ sql ] [ SQL ] SHOW COLUMNS FROM `chat_log` [ RunTime:0.000588s ]
[ sql ] [ SQL ] SELECT COUNT(*) AS tp_count FROM `chat_log` WHERE  `toid` = 697  AND `is_read` = 0 LIMIT 1 [ RunTime:0.000200s ]
[ sql ] [ SQL ] SELECT * FROM `wy_users` WHERE  `user_id` = 697 LIMIT 1 [ RunTime:0.000295s ]
[ sql ] [ SQL ] SHOW COLUMNS FROM `wy_online` [ RunTime:0.000535s ]
[ sql ] [ SQL ] SELECT * FROM `wy_online` WHERE  `user_id` = 697 LIMIT 1 [ RunTime:0.000264s ]
[ sql ] [ SQL ] UPDATE `wy_online`  SET `user_id`=697,`user_name`='jingjing',`user_sex`=0,`user_ico`='http://www.pauzzz.com/uploadfiles/avatar/20191025/1571968321766_162.jpg',`active_time`=1580570907,`hidden`=0  WHERE  `user_id` = 697 [ RunTime:0.000274s ]
[ sql ] [ SQL ] SHOW COLUMNS FROM `wy_recent_affair` [ RunTime:0.000513s ]
[ sql ] [ SQL ] SELECT COUNT(*) AS tp_count FROM `wy_recent_affair` WHERE  `user_id` = 14576 LIMIT 1 [ RunTime:0.000168s ]
[ sql ] [ SQL ] SELECT * FROM `wy_recent_affair` WHERE  `user_id` = 14576 ORDER BY id desc LIMIT 0,5 [ RunTime:0.000194s ]
---------------------------------------------------------------
[ 2020-02-01T23:28:28+08:00 ] 106.33.47.141 GET /index/chat/chat/pals_id/14576.html
[ sql ] [ DB ] CONNECT:[ UseTime:0.000638s ] mysql:host=127.0.0.1;port=3306;dbname=henimeet;charset=utf8
[ sql ] [ SQL ] SHOW COLUMNS FROM `wy_users` [ RunTime:0.001003s ]
[ sql ] [ SQL ] SELECT * FROM `wy_users` WHERE  `user_id` = 697 LIMIT 1 [ RunTime:0.000504s ]
[ sql ] [ SQL ] SHOW COLUMNS FROM `chat_log` [ RunTime:0.000566s ]
[ sql ] [ SQL ] SELECT COUNT(*) AS tp_count FROM `chat_log` WHERE  `toid` = 697  AND `is_read` = 0 LIMIT 1 [ RunTime:0.000210s ]
[ sql ] [ SQL ] SELECT * FROM `wy_users` WHERE  `user_id` = 697 LIMIT 1 [ RunTime:0.000298s ]
[ sql ] [ SQL ] SHOW COLUMNS FROM `wy_online` [ RunTime:0.000515s ]
[ sql ] [ SQL ] SELECT * FROM `wy_online` WHERE  `user_id` = 697 LIMIT 1 [ RunTime:0.000204s ]
[ sql ] [ SQL ] UPDATE `wy_online`  SET `user_id`=697,`user_name`='jingjing',`user_sex`=0,`user_ico`='http://www.pauzzz.com/uploadfiles/avatar/20191025/1571968321766_162.jpg',`active_time`=1580570908,`hidden`=0  WHERE  `user_id` = 697 [ RunTime:0.000279s ]
[ sql ] [ SQL ] SELECT `user_id`,`user_name`,`user_ico` FROM `wy_users` WHERE  `user_id` = 14576 LIMIT 1 [ RunTime:0.000253s ]
---------------------------------------------------------------
[ 2020-02-01T23:28:53+08:00 ] 106.33.47.141 GET /index/mood/index.html
[ sql ] [ DB ] CONNECT:[ UseTime:0.000637s ] mysql:host=127.0.0.1;port=3306;dbname=henimeet;charset=utf8
[ sql ] [ SQL ] SHOW COLUMNS FROM `wy_users` [ RunTime:0.001018s ]
[ sql ] [ SQL ] SELECT * FROM `wy_users` WHERE  `user_id` = 697 LIMIT 1 [ RunTime:0.000442s ]
[ sql ] [ SQL ] SHOW COLUMNS FROM `chat_log` [ RunTime:0.000566s ]
[ sql ] [ SQL ] SELECT COUNT(*) AS tp_count FROM `chat_log` WHERE  `toid` = 697  AND `is_read` = 0 LIMIT 1 [ RunTime:0.001035s ]
[ sql ] [ SQL ] SELECT * FROM `wy_users` WHERE  `user_id` = 697 LIMIT 1 [ RunTime:0.000293s ]
[ sql ] [ SQL ] SHOW COLUMNS FROM `wy_online` [ RunTime:0.000546s ]
[ sql ] [ SQL ] SELECT * FROM `wy_online` WHERE  `user_id` = 697 LIMIT 1 [ RunTime:0.000266s ]
[ sql ] [ SQL ] UPDATE `wy_online`  SET `user_id`=697,`user_name`='jingjing',`user_sex`=0,`user_ico`='http://www.pauzzz.com/uploadfiles/avatar/20191025/1571968321766_162.jpg',`active_time`=1580570933,`hidden`=0  WHERE  `user_id` = 697 [ RunTime:0.000291s ]
---------------------------------------------------------------
[ 2020-02-01T23:28:54+08:00 ] 106.33.47.141 GET /index/mood/index.html?page=1
[ sql ] [ DB ] CONNECT:[ UseTime:0.000640s ] mysql:host=127.0.0.1;port=3306;dbname=henimeet;charset=utf8
[ sql ] [ SQL ] SHOW COLUMNS FROM `wy_users` [ RunTime:0.001056s ]
[ sql ] [ SQL ] SELECT * FROM `wy_users` WHERE  `user_id` = 697 LIMIT 1 [ RunTime:0.000490s ]
[ sql ] [ SQL ] SHOW COLUMNS FROM `chat_log` [ RunTime:0.000578s ]
[ sql ] [ SQL ] SELECT COUNT(*) AS tp_count FROM `chat_log` WHERE  `toid` = 697  AND `is_read` = 0 LIMIT 1 [ RunTime:0.000200s ]
[ sql ] [ SQL ] SELECT * FROM `wy_users` WHERE  `user_id` = 697 LIMIT 1 [ RunTime:0.000301s ]
[ sql ] [ SQL ] SHOW COLUMNS FROM `wy_online` [ RunTime:0.000520s ]
[ sql ] [ SQL ] SELECT * FROM `wy_online` WHERE  `user_id` = 697 LIMIT 1 [ RunTime:0.000284s ]
[ sql ] [ SQL ] UPDATE `wy_online`  SET `user_id`=697,`user_name`='jingjing',`user_sex`=0,`user_ico`='http://www.pauzzz.com/uploadfiles/avatar/20191025/1571968321766_162.jpg',`active_time`=1580570934,`hidden`=0  WHERE  `user_id` = 697 [ RunTime:0.000274s ]
[ sql ] [ SQL ] SHOW COLUMNS FROM `wy_recent_affair` [ RunTime:0.000518s ]
[ sql ] [ SQL ] SELECT COUNT(*) AS tp_count FROM `wy_recent_affair` `r` INNER JOIN `wy_users` `u` ON `r`.`user_id`=`u`.`user_id` WHERE  `r`.`user_id` <> '697'  AND `u`.`user_sex` <> '0' LIMIT 1 [ RunTime:0.000340s ]
[ sql ] [ SQL ] SELECT `r`.`id`,`r`.`type_id`,`r`.`title`,`r`.`content`,`r`.`user_id`,`r`.`user_name`,`r`.`update_time`,`r`.`for_content_id`,`u`.`user_ico`,`u`.`user_sex` FROM `wy_recent_affair` `r` INNER JOIN `wy_users` `u` ON `r`.`user_id`=`u`.`user_id` WHERE  `r`.`user_id` <> '697'  AND `u`.`user_sex` <> '0' ORDER BY r.id desc LIMIT 0,16 [ RunTime:0.000419s ]
[ sql ] [ SQL ] SHOW COLUMNS FROM `wy_mood` [ RunTime:0.000481s ]
[ sql ] [ SQL ] SELECT `mood_pic` FROM `wy_mood` WHERE  `mood_id` = 1216 LIMIT 1 [ RunTime:0.000162s ]
[ sql ] [ SQL ] SELECT `mood_pic` FROM `wy_mood` WHERE  `mood_id` = 1214 LIMIT 1 [ RunTime:0.000161s ]
[ sql ] [ SQL ] SELECT `mood_pic` FROM `wy_mood` WHERE  `mood_id` = 1213 LIMIT 1 [ RunTime:0.000168s ]
[ sql ] [ SQL ] SELECT `mood_pic` FROM `wy_mood` WHERE  `mood_id` = 1212 LIMIT 1 [ RunTime:0.000162s ]
[ sql ] [ SQL ] SELECT `mood_pic` FROM `wy_mood` WHERE  `mood_id` = 1211 LIMIT 1 [ RunTime:0.000150s ]
[ sql ] [ SQL ] SELECT `mood_pic` FROM `wy_mood` WHERE  `mood_id` = 1194 LIMIT 1 [ RunTime:0.000168s ]
[ sql ] [ SQL ] SELECT `mood_pic` FROM `wy_mood` WHERE  `mood_id` = 1191 LIMIT 1 [ RunTime:0.000162s ]
[ sql ] [ SQL ] SELECT `r`.`id`,`r`.`type_id`,`r`.`title`,`r`.`content`,`r`.`user_id`,`r`.`user_name`,`r`.`update_time`,`r`.`for_content_id`,`u`.`user_ico`,`u`.`user_sex` FROM `wy_recent_affair` `r` INNER JOIN `wy_users` `u` ON `r`.`user_id`=`u`.`user_id` WHERE  `r`.`user_id` = '704' ORDER BY r.id desc LIMIT 1 [ RunTime:0.000301s ]
---------------------------------------------------------------
[ 2020-02-01T23:28:58+08:00 ] 106.33.47.141 GET /index/user/index.html
[ sql ] [ DB ] CONNECT:[ UseTime:0.000742s ] mysql:host=127.0.0.1;port=3306;dbname=henimeet;charset=utf8
[ sql ] [ SQL ] SHOW COLUMNS FROM `wy_users` [ RunTime:0.001083s ]
[ sql ] [ SQL ] SELECT * FROM `wy_users` WHERE  `user_id` = 697 LIMIT 1 [ RunTime:0.000448s ]
[ sql ] [ SQL ] SHOW COLUMNS FROM `chat_log` [ RunTime:0.000541s ]
[ sql ] [ SQL ] SELECT COUNT(*) AS tp_count FROM `chat_log` WHERE  `toid` = 697  AND `is_read` = 0 LIMIT 1 [ RunTime:0.000207s ]
[ sql ] [ SQL ] SELECT * FROM `wy_users` WHERE  `user_id` = 697 LIMIT 1 [ RunTime:0.000277s ]
[ sql ] [ SQL ] SHOW COLUMNS FROM `wy_online` [ RunTime:0.000517s ]
[ sql ] [ SQL ] SELECT * FROM `wy_online` WHERE  `user_id` = 697 LIMIT 1 [ RunTime:0.000286s ]
[ sql ] [ SQL ] UPDATE `wy_online`  SET `user_id`=697,`user_name`='jingjing',`user_sex`=0,`user_ico`='http://www.pauzzz.com/uploadfiles/avatar/20191025/1571968321766_162.jpg',`active_time`=1580570938,`hidden`=0  WHERE  `user_id` = 697 [ RunTime:0.000274s ]
[ sql ] [ SQL ] SELECT * FROM `wy_users` WHERE  `user_id` = 697 LIMIT 1 [ RunTime:0.000282s ]
---------------------------------------------------------------
[ 2020-02-01T23:29:00+08:00 ] 106.33.47.141 GET /index/main/index.html
[ sql ] [ DB ] CONNECT:[ UseTime:0.000634s ] mysql:host=127.0.0.1;port=3306;dbname=henimeet;charset=utf8
[ sql ] [ SQL ] SHOW COLUMNS FROM `wy_users` [ RunTime:0.001028s ]
[ sql ] [ SQL ] SELECT * FROM `wy_users` WHERE  `user_id` = 697 LIMIT 1 [ RunTime:0.000451s ]
[ sql ] [ SQL ] SHOW COLUMNS FROM `chat_log` [ RunTime:0.000588s ]
[ sql ] [ SQL ] SELECT COUNT(*) AS tp_count FROM `chat_log` WHERE  `toid` = 697  AND `is_read` = 0 LIMIT 1 [ RunTime:0.000205s ]
[ sql ] [ SQL ] SELECT * FROM `wy_users` WHERE  `user_id` = 697 LIMIT 1 [ RunTime:0.000294s ]
[ sql ] [ SQL ] SHOW COLUMNS FROM `wy_online` [ RunTime:0.000549s ]
[ sql ] [ SQL ] SELECT * FROM `wy_online` WHERE  `user_id` = 697 LIMIT 1 [ RunTime:0.000286s ]
[ sql ] [ SQL ] UPDATE `wy_online`  SET `user_id`=697,`user_name`='jingjing',`user_sex`=0,`user_ico`='http://www.pauzzz.com/uploadfiles/avatar/20191025/1571968321766_162.jpg',`active_time`=1580570940,`hidden`=0  WHERE  `user_id` = 697 [ RunTime:0.000283s ]
---------------------------------------------------------------
[ 2020-02-01T23:29:00+08:00 ] 106.33.47.141 GET /index/main/query/page/1.html
[ sql ] [ DB ] CONNECT:[ UseTime:0.000598s ] mysql:host=127.0.0.1;port=3306;dbname=henimeet;charset=utf8
[ sql ] [ SQL ] SHOW COLUMNS FROM `wy_users` [ RunTime:0.001029s ]
[ sql ] [ SQL ] SELECT * FROM `wy_users` WHERE  `user_id` = 697 LIMIT 1 [ RunTime:0.000442s ]
[ sql ] [ SQL ] SHOW COLUMNS FROM `chat_log` [ RunTime:0.000573s ]
[ sql ] [ SQL ] SELECT COUNT(*) AS tp_count FROM `chat_log` WHERE  `toid` = 697  AND `is_read` = 0 LIMIT 1 [ RunTime:0.000193s ]
[ sql ] [ SQL ] SELECT * FROM `wy_users` WHERE  `user_id` = 697 LIMIT 1 [ RunTime:0.000289s ]
[ sql ] [ SQL ] SHOW COLUMNS FROM `wy_online` [ RunTime:0.000510s ]
[ sql ] [ SQL ] SELECT * FROM `wy_online` WHERE  `user_id` = 697 LIMIT 1 [ RunTime:0.000284s ]
[ sql ] [ SQL ] UPDATE `wy_online`  SET `user_id`=697,`user_name`='jingjing',`user_sex`=0,`user_ico`='http://www.pauzzz.com/uploadfiles/avatar/20191025/1571968321766_162.jpg',`active_time`=1580570940,`hidden`=0  WHERE  `user_id` = 697 [ RunTime:0.000272s ]
[ sql ] [ SQL ] SELECT COUNT(*) AS tp_count FROM `wy_users` WHERE  `user_sex` <> 0  AND `is_pass` <> 0 LIMIT 1 [ RunTime:0.000193s ]
[ sql ] [ SQL ] SELECT `u`.`user_name`,`u`.`user_ico`,`u`.`user_sex`,`u`.`user_group`,`u`.`user_id`,`o`.`online_id` FROM `wy_users` `u` LEFT JOIN `wy_online` `o` ON `u`.`user_id`=`o`.`user_id` WHERE  (  u.user_sex != '0' and u.is_pass!='0' ) ORDER BY u.is_service desc, o.active_time desc LIMIT 0,16 [ RunTime:0.020467s ]
