---------------------------------------------------------------
[ 2019-10-03T10:35:02+08:00 ] 120.20.11.86 GET /index/main/index.html
[ sql ] [ DB ] CONNECT:[ UseTime:0.000618s ] mysql:host=127.0.0.1;port=3306;dbname=henimeet;charset=utf8
[ sql ] [ SQL ] SHOW COLUMNS FROM `wy_users` [ RunTime:0.001053s ]
[ sql ] [ SQL ] SELECT * FROM `wy_users` WHERE  `user_id` = 4180 LIMIT 1 [ RunTime:0.000458s ]
[ sql ] [ SQL ] SHOW COLUMNS FROM `chat_log` [ RunTime:0.000539s ]
[ sql ] [ SQL ] SELECT COUNT(*) AS tp_count FROM `chat_log` WHERE  `toid` = 4180  AND `is_read` = 0 LIMIT 1 [ RunTime:0.000194s ]
[ sql ] [ SQL ] SELECT * FROM `wy_users` WHERE  `user_id` = 4180 LIMIT 1 [ RunTime:0.000296s ]
[ sql ] [ SQL ] SHOW COLUMNS FROM `wy_online` [ RunTime:0.000534s ]
[ sql ] [ SQL ] SELECT * FROM `wy_online` WHERE  `user_id` = 4180 LIMIT 1 [ RunTime:0.000253s ]
[ sql ] [ SQL ] UPDATE `wy_online`  SET `user_id`=4180,`user_name`='eric_shift',`user_sex`=1,`user_ico`='http://www.pauzzz.com/uploadfiles/avatar/20190301/1551410249766_162.jpg',`active_time`=1570070102,`hidden`=0  WHERE  `user_id` = 4180 [ RunTime:0.000346s ]
---------------------------------------------------------------
[ 2019-10-03T10:35:05+08:00 ] 120.20.11.86 GET /index/main/query/page/1.html
[ sql ] [ DB ] CONNECT:[ UseTime:0.000589s ] mysql:host=127.0.0.1;port=3306;dbname=henimeet;charset=utf8
[ sql ] [ SQL ] SHOW COLUMNS FROM `wy_users` [ RunTime:0.000986s ]
[ sql ] [ SQL ] SELECT * FROM `wy_users` WHERE  `user_id` = 4180 LIMIT 1 [ RunTime:0.000445s ]
[ sql ] [ SQL ] SHOW COLUMNS FROM `chat_log` [ RunTime:0.000543s ]
[ sql ] [ SQL ] SELECT COUNT(*) AS tp_count FROM `chat_log` WHERE  `toid` = 4180  AND `is_read` = 0 LIMIT 1 [ RunTime:0.000200s ]
[ sql ] [ SQL ] SELECT * FROM `wy_users` WHERE  `user_id` = 4180 LIMIT 1 [ RunTime:0.000280s ]
[ sql ] [ SQL ] SHOW COLUMNS FROM `wy_online` [ RunTime:0.000495s ]
[ sql ] [ SQL ] SELECT * FROM `wy_online` WHERE  `user_id` = 4180 LIMIT 1 [ RunTime:0.000295s ]
[ sql ] [ SQL ] UPDATE `wy_online`  SET `user_id`=4180,`user_name`='eric_shift',`user_sex`=1,`user_ico`='http://www.pauzzz.com/uploadfiles/avatar/20190301/1551410249766_162.jpg',`active_time`=1570070105,`hidden`=0  WHERE  `user_id` = 4180 [ RunTime:0.000271s ]
[ sql ] [ SQL ] SELECT COUNT(*) AS tp_count FROM `wy_users` WHERE  `user_sex` <> 1  AND `is_pass` <> 0 LIMIT 1 [ RunTime:0.000199s ]
[ sql ] [ SQL ] SELECT `u`.`user_name`,`u`.`user_ico`,`u`.`user_sex`,`u`.`user_group`,`u`.`user_id`,`o`.`online_id` FROM `wy_users` `u` LEFT JOIN `wy_online` `o` ON `u`.`user_id`=`o`.`user_id` WHERE  (  u.user_sex != '1' and u.is_pass!='0' ) ORDER BY u.is_service desc, o.active_time desc LIMIT 0,16 [ RunTime:0.010339s ]
---------------------------------------------------------------
[ 2019-10-03T12:15:48+08:00 ] 115.48.81.147 GET /index/main/index.html
[ sql ] [ DB ] CONNECT:[ UseTime:0.000589s ] mysql:host=127.0.0.1;port=3306;dbname=henimeet;charset=utf8
[ sql ] [ SQL ] SHOW COLUMNS FROM `wy_users` [ RunTime:0.000977s ]
[ sql ] [ SQL ] SELECT * FROM `wy_users` WHERE  `user_id` = 998 LIMIT 1 [ RunTime:0.000581s ]
[ sql ] [ SQL ] SHOW COLUMNS FROM `chat_log` [ RunTime:0.000539s ]
[ sql ] [ SQL ] SELECT COUNT(*) AS tp_count FROM `chat_log` WHERE  `toid` = 998  AND `is_read` = 0 LIMIT 1 [ RunTime:0.001200s ]
[ sql ] [ SQL ] SELECT * FROM `wy_users` WHERE  `user_id` = 998 LIMIT 1 [ RunTime:0.000271s ]
[ sql ] [ SQL ] SHOW COLUMNS FROM `wy_online` [ RunTime:0.000503s ]
[ sql ] [ SQL ] SELECT * FROM `wy_online` WHERE  `user_id` = 998 LIMIT 1 [ RunTime:0.000238s ]
[ sql ] [ SQL ] INSERT INTO `wy_online` (`user_id` , `user_name` , `user_sex` , `user_ico` , `active_time` , `hidden`) VALUES (998 , 'dandan' , 0 , 'http://www.pauzzz.com/uploadfiles/avatar/20180624/1529825492348_162.jpg' , 1570076148 , 0) [ RunTime:0.000271s ]
---------------------------------------------------------------
[ 2019-10-03T12:15:49+08:00 ] 115.48.81.147 GET /index/main/query/page/1.html
[ sql ] [ DB ] CONNECT:[ UseTime:0.000563s ] mysql:host=127.0.0.1;port=3306;dbname=henimeet;charset=utf8
[ sql ] [ SQL ] SHOW COLUMNS FROM `wy_users` [ RunTime:0.000991s ]
[ sql ] [ SQL ] SELECT * FROM `wy_users` WHERE  `user_id` = 998 LIMIT 1 [ RunTime:0.000441s ]
[ sql ] [ SQL ] SHOW COLUMNS FROM `chat_log` [ RunTime:0.000557s ]
[ sql ] [ SQL ] SELECT COUNT(*) AS tp_count FROM `chat_log` WHERE  `toid` = 998  AND `is_read` = 0 LIMIT 1 [ RunTime:0.000202s ]
[ sql ] [ SQL ] SELECT * FROM `wy_users` WHERE  `user_id` = 998 LIMIT 1 [ RunTime:0.000280s ]
[ sql ] [ SQL ] SHOW COLUMNS FROM `wy_online` [ RunTime:0.000508s ]
[ sql ] [ SQL ] SELECT * FROM `wy_online` WHERE  `user_id` = 998 LIMIT 1 [ RunTime:0.000265s ]
[ sql ] [ SQL ] UPDATE `wy_online`  SET `user_id`=998,`user_name`='dandan',`user_sex`=0,`user_ico`='http://www.pauzzz.com/uploadfiles/avatar/20180624/1529825492348_162.jpg',`active_time`=1570076149,`hidden`=0  WHERE  `user_id` = 998 [ RunTime:0.000273s ]
[ sql ] [ SQL ] SELECT COUNT(*) AS tp_count FROM `wy_users` WHERE  `user_sex` <> 0  AND `is_pass` <> 0 LIMIT 1 [ RunTime:0.010119s ]
[ sql ] [ SQL ] SELECT `u`.`user_name`,`u`.`user_ico`,`u`.`user_sex`,`u`.`user_group`,`u`.`user_id`,`o`.`online_id` FROM `wy_users` `u` LEFT JOIN `wy_online` `o` ON `u`.`user_id`=`o`.`user_id` WHERE  (  u.user_sex != '0' and u.is_pass!='0' ) ORDER BY u.is_service desc, o.active_time desc LIMIT 0,16 [ RunTime:0.019137s ]
---------------------------------------------------------------
[ 2019-10-03T12:18:46+08:00 ] 115.48.81.147 GET /index/home/index/uid/1708
[ sql ] [ DB ] CONNECT:[ UseTime:0.000576s ] mysql:host=127.0.0.1;port=3306;dbname=henimeet;charset=utf8
[ sql ] [ SQL ] SHOW COLUMNS FROM `wy_users` [ RunTime:0.000993s ]
[ sql ] [ SQL ] SELECT * FROM `wy_users` WHERE  `user_id` = 998 LIMIT 1 [ RunTime:0.000422s ]
[ sql ] [ SQL ] SHOW COLUMNS FROM `chat_log` [ RunTime:0.000529s ]
[ sql ] [ SQL ] SELECT COUNT(*) AS tp_count FROM `chat_log` WHERE  `toid` = 998  AND `is_read` = 0 LIMIT 1 [ RunTime:0.000201s ]
[ sql ] [ SQL ] SELECT * FROM `wy_users` WHERE  `user_id` = 998 LIMIT 1 [ RunTime:0.000267s ]
[ sql ] [ SQL ] SHOW COLUMNS FROM `wy_online` [ RunTime:0.000509s ]
[ sql ] [ SQL ] SELECT * FROM `wy_online` WHERE  `user_id` = 998 LIMIT 1 [ RunTime:0.000380s ]
[ sql ] [ SQL ] UPDATE `wy_online`  SET `user_id`=998,`user_name`='dandan',`user_sex`=0,`user_ico`='http://www.pauzzz.com/uploadfiles/avatar/20180624/1529825492348_162.jpg',`active_time`=1570076326,`hidden`=0  WHERE  `user_id` = 998 [ RunTime:0.000332s ]
[ sql ] [ SQL ] SELECT `user_id`,`user_name`,`user_sex`,`user_ico`,`birth_year`,`birth_month`,`birth_day`,`country`,`waimao`,`sexual`,`height`,`weight`,`income`,`gerenjieshao` FROM `wy_users` WHERE  `user_id` = 1708 LIMIT 1 [ RunTime:0.000265s ]
[ sql ] [ SQL ] SHOW COLUMNS FROM `wy_album` [ RunTime:0.000490s ]
[ sql ] [ SQL ] SELECT * FROM `wy_album` WHERE  `user_id` = 1708 ORDER BY `add_time` [ RunTime:0.000197s ]
---------------------------------------------------------------
[ 2019-10-03T12:18:47+08:00 ] 115.48.81.147 GET /index/home/mood/uid/1708/page/1
[ sql ] [ DB ] CONNECT:[ UseTime:0.000602s ] mysql:host=127.0.0.1;port=3306;dbname=henimeet;charset=utf8
[ sql ] [ SQL ] SHOW COLUMNS FROM `wy_users` [ RunTime:0.001020s ]
[ sql ] [ SQL ] SELECT * FROM `wy_users` WHERE  `user_id` = 998 LIMIT 1 [ RunTime:0.000428s ]
[ sql ] [ SQL ] SHOW COLUMNS FROM `chat_log` [ RunTime:0.000549s ]
[ sql ] [ SQL ] SELECT COUNT(*) AS tp_count FROM `chat_log` WHERE  `toid` = 998  AND `is_read` = 0 LIMIT 1 [ RunTime:0.000206s ]
[ sql ] [ SQL ] SELECT * FROM `wy_users` WHERE  `user_id` = 998 LIMIT 1 [ RunTime:0.000291s ]
[ sql ] [ SQL ] SHOW COLUMNS FROM `wy_online` [ RunTime:0.000513s ]
[ sql ] [ SQL ] SELECT * FROM `wy_online` WHERE  `user_id` = 998 LIMIT 1 [ RunTime:0.000262s ]
[ sql ] [ SQL ] UPDATE `wy_online`  SET `user_id`=998,`user_name`='dandan',`user_sex`=0,`user_ico`='http://www.pauzzz.com/uploadfiles/avatar/20180624/1529825492348_162.jpg',`active_time`=1570076327,`hidden`=0  WHERE  `user_id` = 998 [ RunTime:0.000288s ]
[ sql ] [ SQL ] SHOW COLUMNS FROM `wy_recent_affair` [ RunTime:0.000522s ]
[ sql ] [ SQL ] SELECT COUNT(*) AS tp_count FROM `wy_recent_affair` WHERE  `user_id` = 1708 LIMIT 1 [ RunTime:0.000169s ]
[ sql ] [ SQL ] SELECT * FROM `wy_recent_affair` WHERE  `user_id` = 1708 ORDER BY id desc LIMIT 0,5 [ RunTime:0.000179s ]
[ sql ] [ SQL ] SELECT `user_ico`,`user_sex` FROM `wy_users` WHERE  `user_id` = 1708 LIMIT 1 [ RunTime:0.000224s ]
---------------------------------------------------------------
[ 2019-10-03T12:18:48+08:00 ] 115.48.81.147 GET /index/chat/chat/pals_id/1708.html
[ sql ] [ DB ] CONNECT:[ UseTime:0.000601s ] mysql:host=127.0.0.1;port=3306;dbname=henimeet;charset=utf8
[ sql ] [ SQL ] SHOW COLUMNS FROM `wy_users` [ RunTime:0.001002s ]
[ sql ] [ SQL ] SELECT * FROM `wy_users` WHERE  `user_id` = 998 LIMIT 1 [ RunTime:0.000430s ]
[ sql ] [ SQL ] SHOW COLUMNS FROM `chat_log` [ RunTime:0.000550s ]
[ sql ] [ SQL ] SELECT COUNT(*) AS tp_count FROM `chat_log` WHERE  `toid` = 998  AND `is_read` = 0 LIMIT 1 [ RunTime:0.000191s ]
[ sql ] [ SQL ] SELECT * FROM `wy_users` WHERE  `user_id` = 998 LIMIT 1 [ RunTime:0.000277s ]
[ sql ] [ SQL ] SHOW COLUMNS FROM `wy_online` [ RunTime:0.000517s ]
[ sql ] [ SQL ] SELECT * FROM `wy_online` WHERE  `user_id` = 998 LIMIT 1 [ RunTime:0.000265s ]
[ sql ] [ SQL ] UPDATE `wy_online`  SET `user_id`=998,`user_name`='dandan',`user_sex`=0,`user_ico`='http://www.pauzzz.com/uploadfiles/avatar/20180624/1529825492348_162.jpg',`active_time`=1570076328,`hidden`=0  WHERE  `user_id` = 998 [ RunTime:0.000332s ]
[ sql ] [ SQL ] SELECT `user_id`,`user_name`,`user_ico` FROM `wy_users` WHERE  `user_id` = 1708 LIMIT 1 [ RunTime:0.000237s ]
---------------------------------------------------------------
[ 2019-10-03T12:19:47+08:00 ] 115.48.81.147 GET /index/chat/index.html
[ sql ] [ DB ] CONNECT:[ UseTime:0.000586s ] mysql:host=127.0.0.1;port=3306;dbname=henimeet;charset=utf8
[ sql ] [ SQL ] SHOW COLUMNS FROM `wy_users` [ RunTime:0.001003s ]
[ sql ] [ SQL ] SELECT * FROM `wy_users` WHERE  `user_id` = 998 LIMIT 1 [ RunTime:0.000436s ]
[ sql ] [ SQL ] SHOW COLUMNS FROM `chat_log` [ RunTime:0.000528s ]
[ sql ] [ SQL ] SELECT COUNT(*) AS tp_count FROM `chat_log` WHERE  `toid` = 998  AND `is_read` = 0 LIMIT 1 [ RunTime:0.001235s ]
[ sql ] [ SQL ] SELECT * FROM `wy_users` WHERE  `user_id` = 998 LIMIT 1 [ RunTime:0.000276s ]
[ sql ] [ SQL ] SHOW COLUMNS FROM `wy_online` [ RunTime:0.000510s ]
[ sql ] [ SQL ] SELECT * FROM `wy_online` WHERE  `user_id` = 998 LIMIT 1 [ RunTime:0.000249s ]
[ sql ] [ SQL ] UPDATE `wy_online`  SET `user_id`=998,`user_name`='dandan',`user_sex`=0,`user_ico`='http://www.pauzzz.com/uploadfiles/avatar/20180624/1529825492348_162.jpg',`active_time`=1570076387,`hidden`=0  WHERE  `user_id` = 998 [ RunTime:0.000274s ]
---------------------------------------------------------------
[ 2019-10-03T12:19:47+08:00 ] 115.48.81.147 GET /index/chat/getdata.html
[ sql ] [ DB ] CONNECT:[ UseTime:0.000548s ] mysql:host=127.0.0.1;port=3306;dbname=henimeet;charset=utf8
[ sql ] [ SQL ] SHOW COLUMNS FROM `wy_users` [ RunTime:0.000951s ]
[ sql ] [ SQL ] SELECT * FROM `wy_users` WHERE  `user_id` = 998 LIMIT 1 [ RunTime:0.000435s ]
[ sql ] [ SQL ] SHOW COLUMNS FROM `chat_log` [ RunTime:0.000548s ]
[ sql ] [ SQL ] SELECT COUNT(*) AS tp_count FROM `chat_log` WHERE  `toid` = 998  AND `is_read` = 0 LIMIT 1 [ RunTime:0.000201s ]
[ sql ] [ SQL ] SELECT * FROM `wy_users` WHERE  `user_id` = 998 LIMIT 1 [ RunTime:0.000285s ]
[ sql ] [ SQL ] SHOW COLUMNS FROM `wy_online` [ RunTime:0.000494s ]
[ sql ] [ SQL ] SELECT * FROM `wy_online` WHERE  `user_id` = 998 LIMIT 1 [ RunTime:0.001150s ]
[ sql ] [ SQL ] UPDATE `wy_online`  SET `user_id`=998,`user_name`='dandan',`user_sex`=0,`user_ico`='http://www.pauzzz.com/uploadfiles/avatar/20180624/1529825492348_162.jpg',`active_time`=1570076387,`hidden`=0  WHERE  `user_id` = 998 [ RunTime:0.000331s ]
[ sql ] [ SQL ] SELECT * FROM `chat_log` WHERE  (  fromid='998' or toid='998' ) ORDER BY timeline desc [ RunTime:0.014551s ]
[ sql ] [ SQL ] SELECT `user_id`,`user_name`,`user_ico`,`user_sex` FROM `wy_users` WHERE  `user_id` IN (1708,5938,812,4180,7959,10756,11352,881,13894,14432,14409,14286,12437,14257,3445,10656,13029,13422,9251,10835,12620,751,12873,11348,6921,2592,5452,11262,9579,9392,14437,14422,14365,10701,13282,12896,13925,13931,9168) [ RunTime:0.002143s ]
[ sql ] [ SQL ] SELECT COUNT(*) AS tp_count FROM `chat_log` WHERE  `fromid` = 751  AND `toid` = 998  AND `is_read` = 0 LIMIT 1 [ RunTime:0.001342s ]
[ sql ] [ SQL ] SELECT COUNT(*) AS tp_count FROM `chat_log` WHERE  `fromid` = 812  AND `toid` = 998  AND `is_read` = 0 LIMIT 1 [ RunTime:0.001192s ]
[ sql ] [ SQL ] SELECT COUNT(*) AS tp_count FROM `chat_log` WHERE  `fromid` = 881  AND `toid` = 998  AND `is_read` = 0 LIMIT 1 [ RunTime:0.001173s ]
[ sql ] [ SQL ] SELECT COUNT(*) AS tp_count FROM `chat_log` WHERE  `fromid` = 1708  AND `toid` = 998  AND `is_read` = 0 LIMIT 1 [ RunTime:0.008294s ]
[ sql ] [ SQL ] SELECT COUNT(*) AS tp_count FROM `chat_log` WHERE  `fromid` = 2592  AND `toid` = 998  AND `is_read` = 0 LIMIT 1 [ RunTime:0.000840s ]
[ sql ] [ SQL ] SELECT COUNT(*) AS tp_count FROM `chat_log` WHERE  `fromid` = 3445  AND `toid` = 998  AND `is_read` = 0 LIMIT 1 [ RunTime:0.000740s ]
[ sql ] [ SQL ] SELECT COUNT(*) AS tp_count FROM `chat_log` WHERE  `fromid` = 4180  AND `toid` = 998  AND `is_read` = 0 LIMIT 1 [ RunTime:0.001346s ]
[ sql ] [ SQL ] SELECT COUNT(*) AS tp_count FROM `chat_log` WHERE  `fromid` = 5452  AND `toid` = 998  AND `is_read` = 0 LIMIT 1 [ RunTime:0.000372s ]
[ sql ] [ SQL ] SELECT COUNT(*) AS tp_count FROM `chat_log` WHERE  `fromid` = 5938  AND `toid` = 998  AND `is_read` = 0 LIMIT 1 [ RunTime:0.001196s ]
[ sql ] [ SQL ] SELECT COUNT(*) AS tp_count FROM `chat_log` WHERE  `fromid` = 6921  AND `toid` = 998  AND `is_read` = 0 LIMIT 1 [ RunTime:0.000410s ]
[ sql ] [ SQL ] SELECT COUNT(*) AS tp_count FROM `chat_log` WHERE  `fromid` = 7959  AND `toid` = 998  AND `is_read` = 0 LIMIT 1 [ RunTime:0.001204s ]
[ sql ] [ SQL ] SELECT COUNT(*) AS tp_count FROM `chat_log` WHERE  `fromid` = 9168  AND `toid` = 998  AND `is_read` = 0 LIMIT 1 [ RunTime:0.000274s ]
[ sql ] [ SQL ] SELECT COUNT(*) AS tp_count FROM `chat_log` WHERE  `fromid` = 9251  AND `toid` = 998  AND `is_read` = 0 LIMIT 1 [ RunTime:0.000629s ]
[ sql ] [ SQL ] SELECT COUNT(*) AS tp_count FROM `chat_log` WHERE  `fromid` = 9392  AND `toid` = 998  AND `is_read` = 0 LIMIT 1 [ RunTime:0.001095s ]
[ sql ] [ SQL ] SELECT COUNT(*) AS tp_count FROM `chat_log` WHERE  `fromid` = 9579  AND `toid` = 998  AND `is_read` = 0 LIMIT 1 [ RunTime:0.000252s ]
[ sql ] [ SQL ] SELECT COUNT(*) AS tp_count FROM `chat_log` WHERE  `fromid` = 10656  AND `toid` = 998  AND `is_read` = 0 LIMIT 1 [ RunTime:0.000621s ]
[ sql ] [ SQL ] SELECT COUNT(*) AS tp_count FROM `chat_log` WHERE  `fromid` = 10701  AND `toid` = 998  AND `is_read` = 0 LIMIT 1 [ RunTime:0.000284s ]
[ sql ] [ SQL ] SELECT COUNT(*) AS tp_count FROM `chat_log` WHERE  `fromid` = 10756  AND `toid` = 998  AND `is_read` = 0 LIMIT 1 [ RunTime:0.001077s ]
[ sql ] [ SQL ] SELECT COUNT(*) AS tp_count FROM `chat_log` WHERE  `fromid` = 10835  AND `toid` = 998  AND `is_read` = 0 LIMIT 1 [ RunTime:0.000747s ]
[ sql ] [ SQL ] SELECT COUNT(*) AS tp_count FROM `chat_log` WHERE  `fromid` = 11262  AND `toid` = 998  AND `is_read` = 0 LIMIT 1 [ RunTime:0.001335s ]
[ sql ] [ SQL ] SELECT COUNT(*) AS tp_count FROM `chat_log` WHERE  `fromid` = 11348  AND `toid` = 998  AND `is_read` = 0 LIMIT 1 [ RunTime:0.001090s ]
[ sql ] [ SQL ] SELECT COUNT(*) AS tp_count FROM `chat_log` WHERE  `fromid` = 11352  AND `toid` = 998  AND `is_read` = 0 LIMIT 1 [ RunTime:0.000984s ]
[ sql ] [ SQL ] SELECT COUNT(*) AS tp_count FROM `chat_log` WHERE  `fromid` = 12437  AND `toid` = 998  AND `is_read` = 0 LIMIT 1 [ RunTime:0.000810s ]
[ sql ] [ SQL ] SELECT COUNT(*) AS tp_count FROM `chat_log` WHERE  `fromid` = 12620  AND `toid` = 998  AND `is_read` = 0 LIMIT 1 [ RunTime:0.000568s ]
[ sql ] [ SQL ] SELECT COUNT(*) AS tp_count FROM `chat_log` WHERE  `fromid` = 12873  AND `toid` = 998  AND `is_read` = 0 LIMIT 1 [ RunTime:0.000492s ]
[ sql ] [ SQL ] SELECT COUNT(*) AS tp_count FROM `chat_log` WHERE  `fromid` = 12896  AND `toid` = 998  AND `is_read` = 0 LIMIT 1 [ RunTime:0.001050s ]
[ sql ] [ SQL ] SELECT COUNT(*) AS tp_count FROM `chat_log` WHERE  `fromid` = 13029  AND `toid` = 998  AND `is_read` = 0 LIMIT 1 [ RunTime:0.001054s ]
[ sql ] [ SQL ] SELECT COUNT(*) AS tp_count FROM `chat_log` WHERE  `fromid` = 13282  AND `toid` = 998  AND `is_read` = 0 LIMIT 1 [ RunTime:0.000260s ]
[ sql ] [ SQL ] SELECT COUNT(*) AS tp_count FROM `chat_log` WHERE  `fromid` = 13422  AND `toid` = 998  AND `is_read` = 0 LIMIT 1 [ RunTime:0.000561s ]
[ sql ] [ SQL ] SELECT COUNT(*) AS tp_count FROM `chat_log` WHERE  `fromid` = 13894  AND `toid` = 998  AND `is_read` = 0 LIMIT 1 [ RunTime:0.000956s ]
[ sql ] [ SQL ] SELECT COUNT(*) AS tp_count FROM `chat_log` WHERE  `fromid` = 13925  AND `toid` = 998  AND `is_read` = 0 LIMIT 1 [ RunTime:0.000239s ]
[ sql ] [ SQL ] SELECT COUNT(*) AS tp_count FROM `chat_log` WHERE  `fromid` = 13931  AND `toid` = 998  AND `is_read` = 0 LIMIT 1 [ RunTime:0.000238s ]
[ sql ] [ SQL ] SELECT COUNT(*) AS tp_count FROM `chat_log` WHERE  `fromid` = 14257  AND `toid` = 998  AND `is_read` = 0 LIMIT 1 [ RunTime:0.001201s ]
[ sql ] [ SQL ] SELECT COUNT(*) AS tp_count FROM `chat_log` WHERE  `fromid` = 14286  AND `toid` = 998  AND `is_read` = 0 LIMIT 1 [ RunTime:0.000923s ]
[ sql ] [ SQL ] SELECT COUNT(*) AS tp_count FROM `chat_log` WHERE  `fromid` = 14365  AND `toid` = 998  AND `is_read` = 0 LIMIT 1 [ RunTime:0.000237s ]
[ sql ] [ SQL ] SELECT COUNT(*) AS tp_count FROM `chat_log` WHERE  `fromid` = 14409  AND `toid` = 998  AND `is_read` = 0 LIMIT 1 [ RunTime:0.000890s ]
[ sql ] [ SQL ] SELECT COUNT(*) AS tp_count FROM `chat_log` WHERE  `fromid` = 14422  AND `toid` = 998  AND `is_read` = 0 LIMIT 1 [ RunTime:0.000236s ]
[ sql ] [ SQL ] SELECT COUNT(*) AS tp_count FROM `chat_log` WHERE  `fromid` = 14432  AND `toid` = 998  AND `is_read` = 0 LIMIT 1 [ RunTime:0.000248s ]
[ sql ] [ SQL ] SELECT COUNT(*) AS tp_count FROM `chat_log` WHERE  `fromid` = 14437  AND `toid` = 998  AND `is_read` = 0 LIMIT 1 [ RunTime:0.000231s ]
---------------------------------------------------------------
[ 2019-10-03T12:19:53+08:00 ] 115.48.81.147 GET /index/main/index.html
[ sql ] [ DB ] CONNECT:[ UseTime:0.000627s ] mysql:host=127.0.0.1;port=3306;dbname=henimeet;charset=utf8
[ sql ] [ SQL ] SHOW COLUMNS FROM `wy_users` [ RunTime:0.001996s ]
[ sql ] [ SQL ] SELECT * FROM `wy_users` WHERE  `user_id` = 998 LIMIT 1 [ RunTime:0.000421s ]
[ sql ] [ SQL ] SHOW COLUMNS FROM `chat_log` [ RunTime:0.000550s ]
[ sql ] [ SQL ] SELECT COUNT(*) AS tp_count FROM `chat_log` WHERE  `toid` = 998  AND `is_read` = 0 LIMIT 1 [ RunTime:0.000212s ]
[ sql ] [ SQL ] SELECT * FROM `wy_users` WHERE  `user_id` = 998 LIMIT 1 [ RunTime:0.000267s ]
[ sql ] [ SQL ] SHOW COLUMNS FROM `wy_online` [ RunTime:0.000505s ]
[ sql ] [ SQL ] SELECT * FROM `wy_online` WHERE  `user_id` = 998 LIMIT 1 [ RunTime:0.000185s ]
[ sql ] [ SQL ] UPDATE `wy_online`  SET `user_id`=998,`user_name`='dandan',`user_sex`=0,`user_ico`='http://www.pauzzz.com/uploadfiles/avatar/20180624/1529825492348_162.jpg',`active_time`=1570076393,`hidden`=0  WHERE  `user_id` = 998 [ RunTime:0.000279s ]
---------------------------------------------------------------
[ 2019-10-03T12:19:53+08:00 ] 115.48.81.147 GET /index/main/query/page/1.html
[ sql ] [ DB ] CONNECT:[ UseTime:0.000556s ] mysql:host=127.0.0.1;port=3306;dbname=henimeet;charset=utf8
[ sql ] [ SQL ] SHOW COLUMNS FROM `wy_users` [ RunTime:0.000979s ]
[ sql ] [ SQL ] SELECT * FROM `wy_users` WHERE  `user_id` = 998 LIMIT 1 [ RunTime:0.000432s ]
[ sql ] [ SQL ] SHOW COLUMNS FROM `chat_log` [ RunTime:0.000555s ]
[ sql ] [ SQL ] SELECT COUNT(*) AS tp_count FROM `chat_log` WHERE  `toid` = 998  AND `is_read` = 0 LIMIT 1 [ RunTime:0.000194s ]
[ sql ] [ SQL ] SELECT * FROM `wy_users` WHERE  `user_id` = 998 LIMIT 1 [ RunTime:0.000277s ]
[ sql ] [ SQL ] SHOW COLUMNS FROM `wy_online` [ RunTime:0.000515s ]
[ sql ] [ SQL ] SELECT * FROM `wy_online` WHERE  `user_id` = 998 LIMIT 1 [ RunTime:0.000266s ]
[ sql ] [ SQL ] UPDATE `wy_online`  SET `user_id`=998,`user_name`='dandan',`user_sex`=0,`user_ico`='http://www.pauzzz.com/uploadfiles/avatar/20180624/1529825492348_162.jpg',`active_time`=1570076393,`hidden`=0  WHERE  `user_id` = 998 [ RunTime:0.000269s ]
[ sql ] [ SQL ] SELECT COUNT(*) AS tp_count FROM `wy_users` WHERE  `user_sex` <> 0  AND `is_pass` <> 0 LIMIT 1 [ RunTime:0.000186s ]
[ sql ] [ SQL ] SELECT `u`.`user_name`,`u`.`user_ico`,`u`.`user_sex`,`u`.`user_group`,`u`.`user_id`,`o`.`online_id` FROM `wy_users` `u` LEFT JOIN `wy_online` `o` ON `u`.`user_id`=`o`.`user_id` WHERE  (  u.user_sex != '0' and u.is_pass!='0' ) ORDER BY u.is_service desc, o.active_time desc LIMIT 0,16 [ RunTime:0.019229s ]
---------------------------------------------------------------
[ 2019-10-03T12:24:10+08:00 ] 115.48.81.147 GET /index/main/index.html
[ sql ] [ DB ] CONNECT:[ UseTime:0.000605s ] mysql:host=127.0.0.1;port=3306;dbname=henimeet;charset=utf8
[ sql ] [ SQL ] SHOW COLUMNS FROM `wy_users` [ RunTime:0.001001s ]
[ sql ] [ SQL ] SELECT * FROM `wy_users` WHERE  `user_id` = 998 LIMIT 1 [ RunTime:0.000437s ]
[ sql ] [ SQL ] SHOW COLUMNS FROM `chat_log` [ RunTime:0.000555s ]
[ sql ] [ SQL ] SELECT COUNT(*) AS tp_count FROM `chat_log` WHERE  `toid` = 998  AND `is_read` = 0 LIMIT 1 [ RunTime:0.000205s ]
[ sql ] [ SQL ] SELECT * FROM `wy_users` WHERE  `user_id` = 998 LIMIT 1 [ RunTime:0.000285s ]
[ sql ] [ SQL ] SHOW COLUMNS FROM `wy_online` [ RunTime:0.000494s ]
[ sql ] [ SQL ] SELECT * FROM `wy_online` WHERE  `user_id` = 998 LIMIT 1 [ RunTime:0.000187s ]
[ sql ] [ SQL ] UPDATE `wy_online`  SET `user_id`=998,`user_name`='dandan',`user_sex`=0,`user_ico`='http://www.pauzzz.com/uploadfiles/avatar/20180624/1529825492348_162.jpg',`active_time`=1570076650,`hidden`=0  WHERE  `user_id` = 998 [ RunTime:0.000285s ]
---------------------------------------------------------------
[ 2019-10-03T12:24:10+08:00 ] 115.48.81.147 GET /index/main/query/page/1.html
[ sql ] [ DB ] CONNECT:[ UseTime:0.000573s ] mysql:host=127.0.0.1;port=3306;dbname=henimeet;charset=utf8
[ sql ] [ SQL ] SHOW COLUMNS FROM `wy_users` [ RunTime:0.000993s ]
[ sql ] [ SQL ] SELECT * FROM `wy_users` WHERE  `user_id` = 998 LIMIT 1 [ RunTime:0.000431s ]
[ sql ] [ SQL ] SHOW COLUMNS FROM `chat_log` [ RunTime:0.000536s ]
[ sql ] [ SQL ] SELECT COUNT(*) AS tp_count FROM `chat_log` WHERE  `toid` = 998  AND `is_read` = 0 LIMIT 1 [ RunTime:0.000188s ]
[ sql ] [ SQL ] SELECT * FROM `wy_users` WHERE  `user_id` = 998 LIMIT 1 [ RunTime:0.000288s ]
[ sql ] [ SQL ] SHOW COLUMNS FROM `wy_online` [ RunTime:0.000508s ]
[ sql ] [ SQL ] SELECT * FROM `wy_online` WHERE  `user_id` = 998 LIMIT 1 [ RunTime:0.000280s ]
[ sql ] [ SQL ] UPDATE `wy_online`  SET `user_id`=998,`user_name`='dandan',`user_sex`=0,`user_ico`='http://www.pauzzz.com/uploadfiles/avatar/20180624/1529825492348_162.jpg',`active_time`=1570076650,`hidden`=0  WHERE  `user_id` = 998 [ RunTime:0.000263s ]
[ sql ] [ SQL ] SELECT COUNT(*) AS tp_count FROM `wy_users` WHERE  `user_sex` <> 0  AND `is_pass` <> 0 LIMIT 1 [ RunTime:0.000186s ]
[ sql ] [ SQL ] SELECT `u`.`user_name`,`u`.`user_ico`,`u`.`user_sex`,`u`.`user_group`,`u`.`user_id`,`o`.`online_id` FROM `wy_users` `u` LEFT JOIN `wy_online` `o` ON `u`.`user_id`=`o`.`user_id` WHERE  (  u.user_sex != '0' and u.is_pass!='0' ) ORDER BY u.is_service desc, o.active_time desc LIMIT 0,16 [ RunTime:0.019188s ]
---------------------------------------------------------------
[ 2019-10-03T12:24:23+08:00 ] 115.48.81.147 GET /index/home/index/uid/1708
[ sql ] [ DB ] CONNECT:[ UseTime:0.000618s ] mysql:host=127.0.0.1;port=3306;dbname=henimeet;charset=utf8
[ sql ] [ SQL ] SHOW COLUMNS FROM `wy_users` [ RunTime:0.000999s ]
[ sql ] [ SQL ] SELECT * FROM `wy_users` WHERE  `user_id` = 998 LIMIT 1 [ RunTime:0.000430s ]
[ sql ] [ SQL ] SHOW COLUMNS FROM `chat_log` [ RunTime:0.000546s ]
[ sql ] [ SQL ] SELECT COUNT(*) AS tp_count FROM `chat_log` WHERE  `toid` = 998  AND `is_read` = 0 LIMIT 1 [ RunTime:0.000208s ]
[ sql ] [ SQL ] SELECT * FROM `wy_users` WHERE  `user_id` = 998 LIMIT 1 [ RunTime:0.000290s ]
[ sql ] [ SQL ] SHOW COLUMNS FROM `wy_online` [ RunTime:0.000526s ]
[ sql ] [ SQL ] SELECT * FROM `wy_online` WHERE  `user_id` = 998 LIMIT 1 [ RunTime:0.000191s ]
[ sql ] [ SQL ] UPDATE `wy_online`  SET `user_id`=998,`user_name`='dandan',`user_sex`=0,`user_ico`='http://www.pauzzz.com/uploadfiles/avatar/20180624/1529825492348_162.jpg',`active_time`=1570076663,`hidden`=0  WHERE  `user_id` = 998 [ RunTime:0.000313s ]
[ sql ] [ SQL ] SELECT `user_id`,`user_name`,`user_sex`,`user_ico`,`birth_year`,`birth_month`,`birth_day`,`country`,`waimao`,`sexual`,`height`,`weight`,`income`,`gerenjieshao` FROM `wy_users` WHERE  `user_id` = 1708 LIMIT 1 [ RunTime:0.000223s ]
[ sql ] [ SQL ] SHOW COLUMNS FROM `wy_album` [ RunTime:0.000506s ]
[ sql ] [ SQL ] SELECT * FROM `wy_album` WHERE  `user_id` = 1708 ORDER BY `add_time` [ RunTime:0.000196s ]
---------------------------------------------------------------
[ 2019-10-03T12:24:24+08:00 ] 115.48.81.147 GET /index/home/mood/uid/1708/page/1
[ sql ] [ DB ] CONNECT:[ UseTime:0.000595s ] mysql:host=127.0.0.1;port=3306;dbname=henimeet;charset=utf8
[ sql ] [ SQL ] SHOW COLUMNS FROM `wy_users` [ RunTime:0.000981s ]
[ sql ] [ SQL ] SELECT * FROM `wy_users` WHERE  `user_id` = 998 LIMIT 1 [ RunTime:0.000434s ]
[ sql ] [ SQL ] SHOW COLUMNS FROM `chat_log` [ RunTime:0.000557s ]
[ sql ] [ SQL ] SELECT COUNT(*) AS tp_count FROM `chat_log` WHERE  `toid` = 998  AND `is_read` = 0 LIMIT 1 [ RunTime:0.000192s ]
[ sql ] [ SQL ] SELECT * FROM `wy_users` WHERE  `user_id` = 998 LIMIT 1 [ RunTime:0.000295s ]
[ sql ] [ SQL ] SHOW COLUMNS FROM `wy_online` [ RunTime:0.000523s ]
[ sql ] [ SQL ] SELECT * FROM `wy_online` WHERE  `user_id` = 998 LIMIT 1 [ RunTime:0.000269s ]
[ sql ] [ SQL ] UPDATE `wy_online`  SET `user_id`=998,`user_name`='dandan',`user_sex`=0,`user_ico`='http://www.pauzzz.com/uploadfiles/avatar/20180624/1529825492348_162.jpg',`active_time`=1570076664,`hidden`=0  WHERE  `user_id` = 998 [ RunTime:0.000282s ]
[ sql ] [ SQL ] SHOW COLUMNS FROM `wy_recent_affair` [ RunTime:0.000515s ]
[ sql ] [ SQL ] SELECT COUNT(*) AS tp_count FROM `wy_recent_affair` WHERE  `user_id` = 1708 LIMIT 1 [ RunTime:0.000169s ]
[ sql ] [ SQL ] SELECT * FROM `wy_recent_affair` WHERE  `user_id` = 1708 ORDER BY id desc LIMIT 0,5 [ RunTime:0.000196s ]
[ sql ] [ SQL ] SELECT `user_ico`,`user_sex` FROM `wy_users` WHERE  `user_id` = 1708 LIMIT 1 [ RunTime:0.000180s ]
---------------------------------------------------------------
[ 2019-10-03T12:24:25+08:00 ] 115.48.81.147 GET /index/chat/chat/pals_id/1708.html
[ sql ] [ DB ] CONNECT:[ UseTime:0.000704s ] mysql:host=127.0.0.1;port=3306;dbname=henimeet;charset=utf8
[ sql ] [ SQL ] SHOW COLUMNS FROM `wy_users` [ RunTime:0.001240s ]
[ sql ] [ SQL ] SELECT * FROM `wy_users` WHERE  `user_id` = 998 LIMIT 1 [ RunTime:0.000517s ]
[ sql ] [ SQL ] SHOW COLUMNS FROM `chat_log` [ RunTime:0.000657s ]
[ sql ] [ SQL ] SELECT COUNT(*) AS tp_count FROM `chat_log` WHERE  `toid` = 998  AND `is_read` = 0 LIMIT 1 [ RunTime:0.000193s ]
[ sql ] [ SQL ] SELECT * FROM `wy_users` WHERE  `user_id` = 998 LIMIT 1 [ RunTime:0.000335s ]
[ sql ] [ SQL ] SHOW COLUMNS FROM `wy_online` [ RunTime:0.000616s ]
[ sql ] [ SQL ] SELECT * FROM `wy_online` WHERE  `user_id` = 998 LIMIT 1 [ RunTime:0.000271s ]
[ sql ] [ SQL ] UPDATE `wy_online`  SET `user_id`=998,`user_name`='dandan',`user_sex`=0,`user_ico`='http://www.pauzzz.com/uploadfiles/avatar/20180624/1529825492348_162.jpg',`active_time`=1570076665,`hidden`=0  WHERE  `user_id` = 998 [ RunTime:0.000296s ]
[ sql ] [ SQL ] SELECT `user_id`,`user_name`,`user_ico` FROM `wy_users` WHERE  `user_id` = 1708 LIMIT 1 [ RunTime:0.000181s ]
---------------------------------------------------------------
[ 2019-10-03T15:16:37+08:00 ] 120.20.176.68 GET /index/main/index.html
[ sql ] [ DB ] CONNECT:[ UseTime:0.000580s ] mysql:host=127.0.0.1;port=3306;dbname=henimeet;charset=utf8
[ sql ] [ SQL ] SHOW COLUMNS FROM `wy_users` [ RunTime:0.001006s ]
[ sql ] [ SQL ] SELECT * FROM `wy_users` WHERE  `user_id` = 4180 LIMIT 1 [ RunTime:0.000438s ]
[ sql ] [ SQL ] SHOW COLUMNS FROM `chat_log` [ RunTime:0.000544s ]
[ sql ] [ SQL ] SELECT COUNT(*) AS tp_count FROM `chat_log` WHERE  `toid` = 4180  AND `is_read` = 0 LIMIT 1 [ RunTime:0.000880s ]
[ sql ] [ SQL ] SELECT * FROM `wy_users` WHERE  `user_id` = 4180 LIMIT 1 [ RunTime:0.000291s ]
[ sql ] [ SQL ] SHOW COLUMNS FROM `wy_online` [ RunTime:0.000499s ]
[ sql ] [ SQL ] SELECT * FROM `wy_online` WHERE  `user_id` = 4180 LIMIT 1 [ RunTime:0.000265s ]
[ sql ] [ SQL ] UPDATE `wy_online`  SET `user_id`=4180,`user_name`='eric_shift',`user_sex`=1,`user_ico`='http://www.pauzzz.com/uploadfiles/avatar/20190301/1551410249766_162.jpg',`active_time`=1570086997,`hidden`=0  WHERE  `user_id` = 4180 [ RunTime:0.000268s ]
---------------------------------------------------------------
[ 2019-10-03T15:16:38+08:00 ] 120.20.176.68 GET /index/main/query/page/1.html
[ sql ] [ DB ] CONNECT:[ UseTime:0.000593s ] mysql:host=127.0.0.1;port=3306;dbname=henimeet;charset=utf8
[ sql ] [ SQL ] SHOW COLUMNS FROM `wy_users` [ RunTime:0.000996s ]
[ sql ] [ SQL ] SELECT * FROM `wy_users` WHERE  `user_id` = 4180 LIMIT 1 [ RunTime:0.000445s ]
[ sql ] [ SQL ] SHOW COLUMNS FROM `chat_log` [ RunTime:0.000560s ]
[ sql ] [ SQL ] SELECT COUNT(*) AS tp_count FROM `chat_log` WHERE  `toid` = 4180  AND `is_read` = 0 LIMIT 1 [ RunTime:0.000203s ]
[ sql ] [ SQL ] SELECT * FROM `wy_users` WHERE  `user_id` = 4180 LIMIT 1 [ RunTime:0.000275s ]
[ sql ] [ SQL ] SHOW COLUMNS FROM `wy_online` [ RunTime:0.000496s ]
[ sql ] [ SQL ] SELECT * FROM `wy_online` WHERE  `user_id` = 4180 LIMIT 1 [ RunTime:0.000274s ]
[ sql ] [ SQL ] UPDATE `wy_online`  SET `user_id`=4180,`user_name`='eric_shift',`user_sex`=1,`user_ico`='http://www.pauzzz.com/uploadfiles/avatar/20190301/1551410249766_162.jpg',`active_time`=1570086998,`hidden`=0  WHERE  `user_id` = 4180 [ RunTime:0.000283s ]
[ sql ] [ SQL ] SELECT COUNT(*) AS tp_count FROM `wy_users` WHERE  `user_sex` <> 1  AND `is_pass` <> 0 LIMIT 1 [ RunTime:0.000194s ]
[ sql ] [ SQL ] SELECT `u`.`user_name`,`u`.`user_ico`,`u`.`user_sex`,`u`.`user_group`,`u`.`user_id`,`o`.`online_id` FROM `wy_users` `u` LEFT JOIN `wy_online` `o` ON `u`.`user_id`=`o`.`user_id` WHERE  (  u.user_sex != '1' and u.is_pass!='0' ) ORDER BY u.is_service desc, o.active_time desc LIMIT 0,16 [ RunTime:0.010360s ]
---------------------------------------------------------------
[ 2019-10-03T16:28:05+08:00 ] 1.158.164.238 GET /index/main/index.html
[ sql ] [ DB ] CONNECT:[ UseTime:0.000598s ] mysql:host=127.0.0.1;port=3306;dbname=henimeet;charset=utf8
[ sql ] [ SQL ] SHOW COLUMNS FROM `wy_users` [ RunTime:0.001017s ]
[ sql ] [ SQL ] SELECT * FROM `wy_users` WHERE  `user_id` = 4180 LIMIT 1 [ RunTime:0.000574s ]
[ sql ] [ SQL ] SHOW COLUMNS FROM `chat_log` [ RunTime:0.000535s ]
[ sql ] [ SQL ] SELECT COUNT(*) AS tp_count FROM `chat_log` WHERE  `toid` = 4180  AND `is_read` = 0 LIMIT 1 [ RunTime:0.000209s ]
[ sql ] [ SQL ] SELECT * FROM `wy_users` WHERE  `user_id` = 4180 LIMIT 1 [ RunTime:0.000287s ]
[ sql ] [ SQL ] SHOW COLUMNS FROM `wy_online` [ RunTime:0.000505s ]
[ sql ] [ SQL ] SELECT * FROM `wy_online` WHERE  `user_id` = 4180 LIMIT 1 [ RunTime:0.000248s ]
[ sql ] [ SQL ] UPDATE `wy_online`  SET `user_id`=4180,`user_name`='eric_shift',`user_sex`=1,`user_ico`='http://www.pauzzz.com/uploadfiles/avatar/20190301/1551410249766_162.jpg',`active_time`=1570091285,`hidden`=0  WHERE  `user_id` = 4180 [ RunTime:0.000365s ]
---------------------------------------------------------------
[ 2019-10-03T16:28:06+08:00 ] 1.158.164.238 GET /index/main/query/page/1.html
[ sql ] [ DB ] CONNECT:[ UseTime:0.000683s ] mysql:host=127.0.0.1;port=3306;dbname=henimeet;charset=utf8
[ sql ] [ SQL ] SHOW COLUMNS FROM `wy_users` [ RunTime:0.001403s ]
[ sql ] [ SQL ] SELECT * FROM `wy_users` WHERE  `user_id` = 4180 LIMIT 1 [ RunTime:0.000563s ]
[ sql ] [ SQL ] SHOW COLUMNS FROM `chat_log` [ RunTime:0.000752s ]
[ sql ] [ SQL ] SELECT COUNT(*) AS tp_count FROM `chat_log` WHERE  `toid` = 4180  AND `is_read` = 0 LIMIT 1 [ RunTime:0.000239s ]
[ sql ] [ SQL ] SELECT * FROM `wy_users` WHERE  `user_id` = 4180 LIMIT 1 [ RunTime:0.000376s ]
[ sql ] [ SQL ] SHOW COLUMNS FROM `wy_online` [ RunTime:0.000667s ]
[ sql ] [ SQL ] SELECT * FROM `wy_online` WHERE  `user_id` = 4180 LIMIT 1 [ RunTime:0.000312s ]
[ sql ] [ SQL ] UPDATE `wy_online`  SET `user_id`=4180,`user_name`='eric_shift',`user_sex`=1,`user_ico`='http://www.pauzzz.com/uploadfiles/avatar/20190301/1551410249766_162.jpg',`active_time`=1570091286,`hidden`=0  WHERE  `user_id` = 4180 [ RunTime:0.000334s ]
[ sql ] [ SQL ] SELECT COUNT(*) AS tp_count FROM `wy_users` WHERE  `user_sex` <> 1  AND `is_pass` <> 0 LIMIT 1 [ RunTime:0.009775s ]
[ sql ] [ SQL ] SELECT `u`.`user_name`,`u`.`user_ico`,`u`.`user_sex`,`u`.`user_group`,`u`.`user_id`,`o`.`online_id` FROM `wy_users` `u` LEFT JOIN `wy_online` `o` ON `u`.`user_id`=`o`.`user_id` WHERE  (  u.user_sex != '1' and u.is_pass!='0' ) ORDER BY u.is_service desc, o.active_time desc LIMIT 0,16 [ RunTime:0.010076s ]
---------------------------------------------------------------
[ 2019-10-03T18:18:18+08:00 ] 1.158.164.238 GET /index/main/index.html
[ sql ] [ DB ] CONNECT:[ UseTime:0.000590s ] mysql:host=127.0.0.1;port=3306;dbname=henimeet;charset=utf8
[ sql ] [ SQL ] SHOW COLUMNS FROM `wy_users` [ RunTime:0.001000s ]
[ sql ] [ SQL ] SELECT * FROM `wy_users` WHERE  `user_id` = 4180 LIMIT 1 [ RunTime:0.000613s ]
[ sql ] [ SQL ] SHOW COLUMNS FROM `chat_log` [ RunTime:0.000556s ]
[ sql ] [ SQL ] SELECT COUNT(*) AS tp_count FROM `chat_log` WHERE  `toid` = 4180  AND `is_read` = 0 LIMIT 1 [ RunTime:0.000898s ]
[ sql ] [ SQL ] SELECT * FROM `wy_users` WHERE  `user_id` = 4180 LIMIT 1 [ RunTime:0.000275s ]
[ sql ] [ SQL ] SHOW COLUMNS FROM `wy_online` [ RunTime:0.000508s ]
[ sql ] [ SQL ] SELECT * FROM `wy_online` WHERE  `user_id` = 4180 LIMIT 1 [ RunTime:0.000274s ]
[ sql ] [ SQL ] UPDATE `wy_online`  SET `user_id`=4180,`user_name`='eric_shift',`user_sex`=1,`user_ico`='http://www.pauzzz.com/uploadfiles/avatar/20190301/1551410249766_162.jpg',`active_time`=1570097898,`hidden`=0  WHERE  `user_id` = 4180 [ RunTime:0.000444s ]
---------------------------------------------------------------
[ 2019-10-03T18:18:19+08:00 ] 1.158.164.238 GET /index/main/query/page/1.html
[ sql ] [ DB ] CONNECT:[ UseTime:0.000650s ] mysql:host=127.0.0.1;port=3306;dbname=henimeet;charset=utf8
[ sql ] [ SQL ] SHOW COLUMNS FROM `wy_users` [ RunTime:0.001359s ]
[ sql ] [ SQL ] SELECT * FROM `wy_users` WHERE  `user_id` = 4180 LIMIT 1 [ RunTime:0.000544s ]
[ sql ] [ SQL ] SHOW COLUMNS FROM `chat_log` [ RunTime:0.000697s ]
[ sql ] [ SQL ] SELECT COUNT(*) AS tp_count FROM `chat_log` WHERE  `toid` = 4180  AND `is_read` = 0 LIMIT 1 [ RunTime:0.000218s ]
[ sql ] [ SQL ] SELECT * FROM `wy_users` WHERE  `user_id` = 4180 LIMIT 1 [ RunTime:0.000368s ]
[ sql ] [ SQL ] SHOW COLUMNS FROM `wy_online` [ RunTime:0.000685s ]
[ sql ] [ SQL ] SELECT * FROM `wy_online` WHERE  `user_id` = 4180 LIMIT 1 [ RunTime:0.000327s ]
[ sql ] [ SQL ] UPDATE `wy_online`  SET `user_id`=4180,`user_name`='eric_shift',`user_sex`=1,`user_ico`='http://www.pauzzz.com/uploadfiles/avatar/20190301/1551410249766_162.jpg',`active_time`=1570097899,`hidden`=0  WHERE  `user_id` = 4180 [ RunTime:0.000382s ]
[ sql ] [ SQL ] SELECT COUNT(*) AS tp_count FROM `wy_users` WHERE  `user_sex` <> 1  AND `is_pass` <> 0 LIMIT 1 [ RunTime:0.010488s ]
[ sql ] [ SQL ] SELECT `u`.`user_name`,`u`.`user_ico`,`u`.`user_sex`,`u`.`user_group`,`u`.`user_id`,`o`.`online_id` FROM `wy_users` `u` LEFT JOIN `wy_online` `o` ON `u`.`user_id`=`o`.`user_id` WHERE  (  u.user_sex != '1' and u.is_pass!='0' ) ORDER BY u.is_service desc, o.active_time desc LIMIT 0,16 [ RunTime:0.010011s ]
---------------------------------------------------------------
[ 2019-10-03T18:25:09+08:00 ] 115.48.81.147 GET /index/main/index.html
[ sql ] [ DB ] CONNECT:[ UseTime:0.000577s ] mysql:host=127.0.0.1;port=3306;dbname=henimeet;charset=utf8
[ sql ] [ SQL ] SHOW COLUMNS FROM `wy_users` [ RunTime:0.000990s ]
[ sql ] [ SQL ] SELECT * FROM `wy_users` WHERE  `user_id` = 998 LIMIT 1 [ RunTime:0.000567s ]
[ sql ] [ SQL ] SHOW COLUMNS FROM `chat_log` [ RunTime:0.000548s ]
[ sql ] [ SQL ] SELECT COUNT(*) AS tp_count FROM `chat_log` WHERE  `toid` = 998  AND `is_read` = 0 LIMIT 1 [ RunTime:0.001231s ]
[ sql ] [ SQL ] SELECT * FROM `wy_users` WHERE  `user_id` = 998 LIMIT 1 [ RunTime:0.000299s ]
[ sql ] [ SQL ] SHOW COLUMNS FROM `wy_online` [ RunTime:0.000493s ]
[ sql ] [ SQL ] SELECT * FROM `wy_online` WHERE  `user_id` = 998 LIMIT 1 [ RunTime:0.000244s ]
[ sql ] [ SQL ] UPDATE `wy_online`  SET `user_id`=998,`user_name`='dandan',`user_sex`=0,`user_ico`='http://www.pauzzz.com/uploadfiles/avatar/20180624/1529825492348_162.jpg',`active_time`=1570098309,`hidden`=0  WHERE  `user_id` = 998 [ RunTime:0.000281s ]
---------------------------------------------------------------
[ 2019-10-03T18:25:10+08:00 ] 115.48.81.147 GET /index/main/query/page/1.html
[ sql ] [ DB ] CONNECT:[ UseTime:0.000591s ] mysql:host=127.0.0.1;port=3306;dbname=henimeet;charset=utf8
[ sql ] [ SQL ] SHOW COLUMNS FROM `wy_users` [ RunTime:0.000997s ]
[ sql ] [ SQL ] SELECT * FROM `wy_users` WHERE  `user_id` = 998 LIMIT 1 [ RunTime:0.000432s ]
[ sql ] [ SQL ] SHOW COLUMNS FROM `chat_log` [ RunTime:0.000524s ]
[ sql ] [ SQL ] SELECT COUNT(*) AS tp_count FROM `chat_log` WHERE  `toid` = 998  AND `is_read` = 0 LIMIT 1 [ RunTime:0.000198s ]
[ sql ] [ SQL ] SELECT * FROM `wy_users` WHERE  `user_id` = 998 LIMIT 1 [ RunTime:0.000272s ]
[ sql ] [ SQL ] SHOW COLUMNS FROM `wy_online` [ RunTime:0.000494s ]
[ sql ] [ SQL ] SELECT * FROM `wy_online` WHERE  `user_id` = 998 LIMIT 1 [ RunTime:0.000271s ]
[ sql ] [ SQL ] UPDATE `wy_online`  SET `user_id`=998,`user_name`='dandan',`user_sex`=0,`user_ico`='http://www.pauzzz.com/uploadfiles/avatar/20180624/1529825492348_162.jpg',`active_time`=1570098310,`hidden`=0  WHERE  `user_id` = 998 [ RunTime:0.000274s ]
[ sql ] [ SQL ] SELECT COUNT(*) AS tp_count FROM `wy_users` WHERE  `user_sex` <> 0  AND `is_pass` <> 0 LIMIT 1 [ RunTime:0.010111s ]
[ sql ] [ SQL ] SELECT `u`.`user_name`,`u`.`user_ico`,`u`.`user_sex`,`u`.`user_group`,`u`.`user_id`,`o`.`online_id` FROM `wy_users` `u` LEFT JOIN `wy_online` `o` ON `u`.`user_id`=`o`.`user_id` WHERE  (  u.user_sex != '0' and u.is_pass!='0' ) ORDER BY u.is_service desc, o.active_time desc LIMIT 0,16 [ RunTime:0.018705s ]
---------------------------------------------------------------
[ 2019-10-03T18:25:14+08:00 ] 115.48.81.147 GET /index/home/index/uid/3372
[ sql ] [ DB ] CONNECT:[ UseTime:0.000632s ] mysql:host=127.0.0.1;port=3306;dbname=henimeet;charset=utf8
[ sql ] [ SQL ] SHOW COLUMNS FROM `wy_users` [ RunTime:0.001022s ]
[ sql ] [ SQL ] SELECT * FROM `wy_users` WHERE  `user_id` = 998 LIMIT 1 [ RunTime:0.000436s ]
[ sql ] [ SQL ] SHOW COLUMNS FROM `chat_log` [ RunTime:0.000535s ]
[ sql ] [ SQL ] SELECT COUNT(*) AS tp_count FROM `chat_log` WHERE  `toid` = 998  AND `is_read` = 0 LIMIT 1 [ RunTime:0.000193s ]
[ sql ] [ SQL ] SELECT * FROM `wy_users` WHERE  `user_id` = 998 LIMIT 1 [ RunTime:0.000284s ]
[ sql ] [ SQL ] SHOW COLUMNS FROM `wy_online` [ RunTime:0.000499s ]
[ sql ] [ SQL ] SELECT * FROM `wy_online` WHERE  `user_id` = 998 LIMIT 1 [ RunTime:0.000280s ]
[ sql ] [ SQL ] UPDATE `wy_online`  SET `user_id`=998,`user_name`='dandan',`user_sex`=0,`user_ico`='http://www.pauzzz.com/uploadfiles/avatar/20180624/1529825492348_162.jpg',`active_time`=1570098314,`hidden`=0  WHERE  `user_id` = 998 [ RunTime:0.000282s ]
[ sql ] [ SQL ] SELECT `user_id`,`user_name`,`user_sex`,`user_ico`,`birth_year`,`birth_month`,`birth_day`,`country`,`waimao`,`sexual`,`height`,`weight`,`income`,`gerenjieshao` FROM `wy_users` WHERE  `user_id` = 3372 LIMIT 1 [ RunTime:0.000282s ]
[ sql ] [ SQL ] SHOW COLUMNS FROM `wy_album` [ RunTime:0.000507s ]
[ sql ] [ SQL ] SELECT * FROM `wy_album` WHERE  `user_id` = 3372 ORDER BY `add_time` [ RunTime:0.000275s ]
---------------------------------------------------------------
[ 2019-10-03T18:25:15+08:00 ] 115.48.81.147 GET /index/home/mood/uid/3372/page/1
[ sql ] [ DB ] CONNECT:[ UseTime:0.000614s ] mysql:host=127.0.0.1;port=3306;dbname=henimeet;charset=utf8
[ sql ] [ SQL ] SHOW COLUMNS FROM `wy_users` [ RunTime:0.001014s ]
[ sql ] [ SQL ] SELECT * FROM `wy_users` WHERE  `user_id` = 998 LIMIT 1 [ RunTime:0.000443s ]
[ sql ] [ SQL ] SHOW COLUMNS FROM `chat_log` [ RunTime:0.000541s ]
[ sql ] [ SQL ] SELECT COUNT(*) AS tp_count FROM `chat_log` WHERE  `toid` = 998  AND `is_read` = 0 LIMIT 1 [ RunTime:0.000191s ]
[ sql ] [ SQL ] SELECT * FROM `wy_users` WHERE  `user_id` = 998 LIMIT 1 [ RunTime:0.000279s ]
[ sql ] [ SQL ] SHOW COLUMNS FROM `wy_online` [ RunTime:0.000508s ]
[ sql ] [ SQL ] SELECT * FROM `wy_online` WHERE  `user_id` = 998 LIMIT 1 [ RunTime:0.000276s ]
[ sql ] [ SQL ] UPDATE `wy_online`  SET `user_id`=998,`user_name`='dandan',`user_sex`=0,`user_ico`='http://www.pauzzz.com/uploadfiles/avatar/20180624/1529825492348_162.jpg',`active_time`=1570098315,`hidden`=0  WHERE  `user_id` = 998 [ RunTime:0.000280s ]
[ sql ] [ SQL ] SHOW COLUMNS FROM `wy_recent_affair` [ RunTime:0.000507s ]
[ sql ] [ SQL ] SELECT COUNT(*) AS tp_count FROM `wy_recent_affair` WHERE  `user_id` = 3372 LIMIT 1 [ RunTime:0.000229s ]
[ sql ] [ SQL ] SELECT * FROM `wy_recent_affair` WHERE  `user_id` = 3372 ORDER BY id desc LIMIT 0,5 [ RunTime:0.000262s ]
---------------------------------------------------------------
[ 2019-10-03T18:25:16+08:00 ] 115.48.81.147 GET /index/chat/chat/pals_id/3372.html
[ sql ] [ DB ] CONNECT:[ UseTime:0.000582s ] mysql:host=127.0.0.1;port=3306;dbname=henimeet;charset=utf8
[ sql ] [ SQL ] SHOW COLUMNS FROM `wy_users` [ RunTime:0.000985s ]
[ sql ] [ SQL ] SELECT * FROM `wy_users` WHERE  `user_id` = 998 LIMIT 1 [ RunTime:0.000436s ]
[ sql ] [ SQL ] SHOW COLUMNS FROM `chat_log` [ RunTime:0.000531s ]
[ sql ] [ SQL ] SELECT COUNT(*) AS tp_count FROM `chat_log` WHERE  `toid` = 998  AND `is_read` = 0 LIMIT 1 [ RunTime:0.000203s ]
[ sql ] [ SQL ] SELECT * FROM `wy_users` WHERE  `user_id` = 998 LIMIT 1 [ RunTime:0.000275s ]
[ sql ] [ SQL ] SHOW COLUMNS FROM `wy_online` [ RunTime:0.000511s ]
[ sql ] [ SQL ] SELECT * FROM `wy_online` WHERE  `user_id` = 998 LIMIT 1 [ RunTime:0.000263s ]
[ sql ] [ SQL ] UPDATE `wy_online`  SET `user_id`=998,`user_name`='dandan',`user_sex`=0,`user_ico`='http://www.pauzzz.com/uploadfiles/avatar/20180624/1529825492348_162.jpg',`active_time`=1570098316,`hidden`=0  WHERE  `user_id` = 998 [ RunTime:0.000279s ]
[ sql ] [ SQL ] SELECT `user_id`,`user_name`,`user_ico` FROM `wy_users` WHERE  `user_id` = 3372 LIMIT 1 [ RunTime:0.000251s ]
---------------------------------------------------------------
[ 2019-10-03T19:13:47+08:00 ] 1.158.164.238 GET /index/main/index.html
[ sql ] [ DB ] CONNECT:[ UseTime:0.000585s ] mysql:host=127.0.0.1;port=3306;dbname=henimeet;charset=utf8
[ sql ] [ SQL ] SHOW COLUMNS FROM `wy_users` [ RunTime:0.001006s ]
[ sql ] [ SQL ] SELECT * FROM `wy_users` WHERE  `user_id` = 4180 LIMIT 1 [ RunTime:0.000585s ]
[ sql ] [ SQL ] SHOW COLUMNS FROM `chat_log` [ RunTime:0.000536s ]
[ sql ] [ SQL ] SELECT COUNT(*) AS tp_count FROM `chat_log` WHERE  `toid` = 4180  AND `is_read` = 0 LIMIT 1 [ RunTime:0.000869s ]
[ sql ] [ SQL ] SELECT * FROM `wy_users` WHERE  `user_id` = 4180 LIMIT 1 [ RunTime:0.000283s ]
[ sql ] [ SQL ] SHOW COLUMNS FROM `wy_online` [ RunTime:0.000521s ]
[ sql ] [ SQL ] SELECT * FROM `wy_online` WHERE  `user_id` = 4180 LIMIT 1 [ RunTime:0.000250s ]
[ sql ] [ SQL ] UPDATE `wy_online`  SET `user_id`=4180,`user_name`='eric_shift',`user_sex`=1,`user_ico`='http://www.pauzzz.com/uploadfiles/avatar/20190301/1551410249766_162.jpg',`active_time`=1570101227,`hidden`=0  WHERE  `user_id` = 4180 [ RunTime:0.000393s ]
---------------------------------------------------------------
[ 2019-10-03T19:13:48+08:00 ] 1.158.164.238 GET /index/main/query/page/1.html
[ sql ] [ DB ] CONNECT:[ UseTime:0.000681s ] mysql:host=127.0.0.1;port=3306;dbname=henimeet;charset=utf8
[ sql ] [ SQL ] SHOW COLUMNS FROM `wy_users` [ RunTime:0.001360s ]
[ sql ] [ SQL ] SELECT * FROM `wy_users` WHERE  `user_id` = 4180 LIMIT 1 [ RunTime:0.000553s ]
[ sql ] [ SQL ] SHOW COLUMNS FROM `chat_log` [ RunTime:0.000698s ]
[ sql ] [ SQL ] SELECT COUNT(*) AS tp_count FROM `chat_log` WHERE  `toid` = 4180  AND `is_read` = 0 LIMIT 1 [ RunTime:0.000226s ]
[ sql ] [ SQL ] SELECT * FROM `wy_users` WHERE  `user_id` = 4180 LIMIT 1 [ RunTime:0.000351s ]
[ sql ] [ SQL ] SHOW COLUMNS FROM `wy_online` [ RunTime:0.000515s ]
[ sql ] [ SQL ] SELECT * FROM `wy_online` WHERE  `user_id` = 4180 LIMIT 1 [ RunTime:0.000255s ]
[ sql ] [ SQL ] UPDATE `wy_online`  SET `user_id`=4180,`user_name`='eric_shift',`user_sex`=1,`user_ico`='http://www.pauzzz.com/uploadfiles/avatar/20190301/1551410249766_162.jpg',`active_time`=1570101228,`hidden`=0  WHERE  `user_id` = 4180 [ RunTime:0.000321s ]
[ sql ] [ SQL ] SELECT COUNT(*) AS tp_count FROM `wy_users` WHERE  `user_sex` <> 1  AND `is_pass` <> 0 LIMIT 1 [ RunTime:0.009775s ]
[ sql ] [ SQL ] SELECT `u`.`user_name`,`u`.`user_ico`,`u`.`user_sex`,`u`.`user_group`,`u`.`user_id`,`o`.`online_id` FROM `wy_users` `u` LEFT JOIN `wy_online` `o` ON `u`.`user_id`=`o`.`user_id` WHERE  (  u.user_sex != '1' and u.is_pass!='0' ) ORDER BY u.is_service desc, o.active_time desc LIMIT 0,16 [ RunTime:0.010062s ]
---------------------------------------------------------------
[ 2019-10-03T21:21:51+08:00 ] 120.20.221.206 GET /index/main/index.html
[ sql ] [ DB ] CONNECT:[ UseTime:0.000591s ] mysql:host=127.0.0.1;port=3306;dbname=henimeet;charset=utf8
[ sql ] [ SQL ] SHOW COLUMNS FROM `wy_users` [ RunTime:0.001003s ]
[ sql ] [ SQL ] SELECT * FROM `wy_users` WHERE  `user_id` = 4180 LIMIT 1 [ RunTime:0.000440s ]
[ sql ] [ SQL ] SHOW COLUMNS FROM `chat_log` [ RunTime:0.000541s ]
[ sql ] [ SQL ] SELECT COUNT(*) AS tp_count FROM `chat_log` WHERE  `toid` = 4180  AND `is_read` = 0 LIMIT 1 [ RunTime:0.000186s ]
[ sql ] [ SQL ] SELECT * FROM `wy_users` WHERE  `user_id` = 4180 LIMIT 1 [ RunTime:0.000279s ]
[ sql ] [ SQL ] SHOW COLUMNS FROM `wy_online` [ RunTime:0.000513s ]
[ sql ] [ SQL ] SELECT * FROM `wy_online` WHERE  `user_id` = 4180 LIMIT 1 [ RunTime:0.000255s ]
[ sql ] [ SQL ] UPDATE `wy_online`  SET `user_id`=4180,`user_name`='eric_shift',`user_sex`=1,`user_ico`='http://www.pauzzz.com/uploadfiles/avatar/20190301/1551410249766_162.jpg',`active_time`=1570108911,`hidden`=0  WHERE  `user_id` = 4180 [ RunTime:0.000334s ]
---------------------------------------------------------------
[ 2019-10-03T21:21:52+08:00 ] 120.20.221.206 GET /index/main/query/page/1.html
[ sql ] [ DB ] CONNECT:[ UseTime:0.000636s ] mysql:host=127.0.0.1;port=3306;dbname=henimeet;charset=utf8
[ sql ] [ SQL ] SHOW COLUMNS FROM `wy_users` [ RunTime:0.001007s ]
[ sql ] [ SQL ] SELECT * FROM `wy_users` WHERE  `user_id` = 4180 LIMIT 1 [ RunTime:0.000537s ]
[ sql ] [ SQL ] SHOW COLUMNS FROM `chat_log` [ RunTime:0.000545s ]
[ sql ] [ SQL ] SELECT COUNT(*) AS tp_count FROM `chat_log` WHERE  `toid` = 4180  AND `is_read` = 0 LIMIT 1 [ RunTime:0.000193s ]
[ sql ] [ SQL ] SELECT * FROM `wy_users` WHERE  `user_id` = 4180 LIMIT 1 [ RunTime:0.000288s ]
[ sql ] [ SQL ] SHOW COLUMNS FROM `wy_online` [ RunTime:0.000504s ]
[ sql ] [ SQL ] SELECT * FROM `wy_online` WHERE  `user_id` = 4180 LIMIT 1 [ RunTime:0.000276s ]
[ sql ] [ SQL ] UPDATE `wy_online`  SET `user_id`=4180,`user_name`='eric_shift',`user_sex`=1,`user_ico`='http://www.pauzzz.com/uploadfiles/avatar/20190301/1551410249766_162.jpg',`active_time`=1570108912,`hidden`=0  WHERE  `user_id` = 4180 [ RunTime:0.000324s ]
[ sql ] [ SQL ] SELECT COUNT(*) AS tp_count FROM `wy_users` WHERE  `user_sex` <> 1  AND `is_pass` <> 0 LIMIT 1 [ RunTime:0.000195s ]
[ sql ] [ SQL ] SELECT `u`.`user_name`,`u`.`user_ico`,`u`.`user_sex`,`u`.`user_group`,`u`.`user_id`,`o`.`online_id` FROM `wy_users` `u` LEFT JOIN `wy_online` `o` ON `u`.`user_id`=`o`.`user_id` WHERE  (  u.user_sex != '1' and u.is_pass!='0' ) ORDER BY u.is_service desc, o.active_time desc LIMIT 0,16 [ RunTime:0.010518s ]
---------------------------------------------------------------
[ 2019-10-03T21:21:54+08:00 ] 120.20.221.206 GET /index/user/index.html
[ sql ] [ DB ] CONNECT:[ UseTime:0.000621s ] mysql:host=127.0.0.1;port=3306;dbname=henimeet;charset=utf8
[ sql ] [ SQL ] SHOW COLUMNS FROM `wy_users` [ RunTime:0.000997s ]
[ sql ] [ SQL ] SELECT * FROM `wy_users` WHERE  `user_id` = 4180 LIMIT 1 [ RunTime:0.000436s ]
[ sql ] [ SQL ] SHOW COLUMNS FROM `chat_log` [ RunTime:0.000530s ]
[ sql ] [ SQL ] SELECT COUNT(*) AS tp_count FROM `chat_log` WHERE  `toid` = 4180  AND `is_read` = 0 LIMIT 1 [ RunTime:0.000191s ]
[ sql ] [ SQL ] SELECT * FROM `wy_users` WHERE  `user_id` = 4180 LIMIT 1 [ RunTime:0.000265s ]
[ sql ] [ SQL ] SHOW COLUMNS FROM `wy_online` [ RunTime:0.000500s ]
[ sql ] [ SQL ] SELECT * FROM `wy_online` WHERE  `user_id` = 4180 LIMIT 1 [ RunTime:0.000271s ]
[ sql ] [ SQL ] UPDATE `wy_online`  SET `user_id`=4180,`user_name`='eric_shift',`user_sex`=1,`user_ico`='http://www.pauzzz.com/uploadfiles/avatar/20190301/1551410249766_162.jpg',`active_time`=1570108914,`hidden`=0  WHERE  `user_id` = 4180 [ RunTime:0.000333s ]
[ sql ] [ SQL ] SELECT * FROM `wy_users` WHERE  `user_id` = 4180 LIMIT 1 [ RunTime:0.000396s ]
---------------------------------------------------------------
[ 2019-10-03T21:21:58+08:00 ] 120.20.221.206 GET /index/chat/index.html
[ sql ] [ DB ] CONNECT:[ UseTime:0.000632s ] mysql:host=127.0.0.1;port=3306;dbname=henimeet;charset=utf8
[ sql ] [ SQL ] SHOW COLUMNS FROM `wy_users` [ RunTime:0.000998s ]
[ sql ] [ SQL ] SELECT * FROM `wy_users` WHERE  `user_id` = 4180 LIMIT 1 [ RunTime:0.000434s ]
[ sql ] [ SQL ] SHOW COLUMNS FROM `chat_log` [ RunTime:0.000538s ]
[ sql ] [ SQL ] SELECT COUNT(*) AS tp_count FROM `chat_log` WHERE  `toid` = 4180  AND `is_read` = 0 LIMIT 1 [ RunTime:0.000214s ]
[ sql ] [ SQL ] SELECT * FROM `wy_users` WHERE  `user_id` = 4180 LIMIT 1 [ RunTime:0.000269s ]
[ sql ] [ SQL ] SHOW COLUMNS FROM `wy_online` [ RunTime:0.000504s ]
[ sql ] [ SQL ] SELECT * FROM `wy_online` WHERE  `user_id` = 4180 LIMIT 1 [ RunTime:0.000271s ]
[ sql ] [ SQL ] UPDATE `wy_online`  SET `user_id`=4180,`user_name`='eric_shift',`user_sex`=1,`user_ico`='http://www.pauzzz.com/uploadfiles/avatar/20190301/1551410249766_162.jpg',`active_time`=1570108918,`hidden`=0  WHERE  `user_id` = 4180 [ RunTime:0.000284s ]
---------------------------------------------------------------
[ 2019-10-03T21:21:59+08:00 ] 120.20.221.206 GET /index/chat/getdata.html
[ sql ] [ DB ] CONNECT:[ UseTime:0.000584s ] mysql:host=127.0.0.1;port=3306;dbname=henimeet;charset=utf8
[ sql ] [ SQL ] SHOW COLUMNS FROM `wy_users` [ RunTime:0.001032s ]
[ sql ] [ SQL ] SELECT * FROM `wy_users` WHERE  `user_id` = 4180 LIMIT 1 [ RunTime:0.000410s ]
[ sql ] [ SQL ] SHOW COLUMNS FROM `chat_log` [ RunTime:0.000526s ]
[ sql ] [ SQL ] SELECT COUNT(*) AS tp_count FROM `chat_log` WHERE  `toid` = 4180  AND `is_read` = 0 LIMIT 1 [ RunTime:0.000217s ]
[ sql ] [ SQL ] SELECT * FROM `wy_users` WHERE  `user_id` = 4180 LIMIT 1 [ RunTime:0.000270s ]
[ sql ] [ SQL ] SHOW COLUMNS FROM `wy_online` [ RunTime:0.000521s ]
[ sql ] [ SQL ] SELECT * FROM `wy_online` WHERE  `user_id` = 4180 LIMIT 1 [ RunTime:0.000271s ]
[ sql ] [ SQL ] UPDATE `wy_online`  SET `user_id`=4180,`user_name`='eric_shift',`user_sex`=1,`user_ico`='http://www.pauzzz.com/uploadfiles/avatar/20190301/1551410249766_162.jpg',`active_time`=1570108919,`hidden`=0  WHERE  `user_id` = 4180 [ RunTime:0.000279s ]
[ sql ] [ SQL ] SELECT * FROM `chat_log` WHERE  (  fromid='4180' or toid='4180' ) ORDER BY timeline desc [ RunTime:0.005139s ]
[ sql ] [ SQL ] SELECT `user_id`,`user_name`,`user_ico`,`user_sex` FROM `wy_users` WHERE  `user_id` IN (704,10659,6630,998,6934,13132,6702,3970,7936,6560,834,10921,5613,5392,11007,5465,5788,3752,3710,803,7602,7115,3870,2642,2228) [ RunTime:0.001045s ]
[ sql ] [ SQL ] SELECT COUNT(*) AS tp_count FROM `chat_log` WHERE  `fromid` = 704  AND `toid` = 4180  AND `is_read` = 0 LIMIT 1 [ RunTime:0.002339s ]
[ sql ] [ SQL ] SELECT COUNT(*) AS tp_count FROM `chat_log` WHERE  `fromid` = 803  AND `toid` = 4180  AND `is_read` = 0 LIMIT 1 [ RunTime:0.000251s ]
[ sql ] [ SQL ] SELECT COUNT(*) AS tp_count FROM `chat_log` WHERE  `fromid` = 834  AND `toid` = 4180  AND `is_read` = 0 LIMIT 1 [ RunTime:0.004665s ]
[ sql ] [ SQL ] SELECT COUNT(*) AS tp_count FROM `chat_log` WHERE  `fromid` = 998  AND `toid` = 4180  AND `is_read` = 0 LIMIT 1 [ RunTime:0.002342s ]
[ sql ] [ SQL ] SELECT COUNT(*) AS tp_count FROM `chat_log` WHERE  `fromid` = 2228  AND `toid` = 4180  AND `is_read` = 0 LIMIT 1 [ RunTime:0.000252s ]
[ sql ] [ SQL ] SELECT COUNT(*) AS tp_count FROM `chat_log` WHERE  `fromid` = 2642  AND `toid` = 4180  AND `is_read` = 0 LIMIT 1 [ RunTime:0.000259s ]
[ sql ] [ SQL ] SELECT COUNT(*) AS tp_count FROM `chat_log` WHERE  `fromid` = 3710  AND `toid` = 4180  AND `is_read` = 0 LIMIT 1 [ RunTime:0.000742s ]
[ sql ] [ SQL ] SELECT COUNT(*) AS tp_count FROM `chat_log` WHERE  `fromid` = 3752  AND `toid` = 4180  AND `is_read` = 0 LIMIT 1 [ RunTime:0.004084s ]
[ sql ] [ SQL ] SELECT COUNT(*) AS tp_count FROM `chat_log` WHERE  `fromid` = 3870  AND `toid` = 4180  AND `is_read` = 0 LIMIT 1 [ RunTime:0.000747s ]
[ sql ] [ SQL ] SELECT COUNT(*) AS tp_count FROM `chat_log` WHERE  `fromid` = 3970  AND `toid` = 4180  AND `is_read` = 0 LIMIT 1 [ RunTime:0.001117s ]
[ sql ] [ SQL ] SELECT COUNT(*) AS tp_count FROM `chat_log` WHERE  `fromid` = 5392  AND `toid` = 4180  AND `is_read` = 0 LIMIT 1 [ RunTime:0.000682s ]
[ sql ] [ SQL ] SELECT COUNT(*) AS tp_count FROM `chat_log` WHERE  `fromid` = 5465  AND `toid` = 4180  AND `is_read` = 0 LIMIT 1 [ RunTime:0.000603s ]
[ sql ] [ SQL ] SELECT COUNT(*) AS tp_count FROM `chat_log` WHERE  `fromid` = 5613  AND `toid` = 4180  AND `is_read` = 0 LIMIT 1 [ RunTime:0.003983s ]
[ sql ] [ SQL ] SELECT COUNT(*) AS tp_count FROM `chat_log` WHERE  `fromid` = 5788  AND `toid` = 4180  AND `is_read` = 0 LIMIT 1 [ RunTime:0.002505s ]
[ sql ] [ SQL ] SELECT COUNT(*) AS tp_count FROM `chat_log` WHERE  `fromid` = 6560  AND `toid` = 4180  AND `is_read` = 0 LIMIT 1 [ RunTime:0.001100s ]
[ sql ] [ SQL ] SELECT COUNT(*) AS tp_count FROM `chat_log` WHERE  `fromid` = 6630  AND `toid` = 4180  AND `is_read` = 0 LIMIT 1 [ RunTime:0.001482s ]
[ sql ] [ SQL ] SELECT COUNT(*) AS tp_count FROM `chat_log` WHERE  `fromid` = 6702  AND `toid` = 4180  AND `is_read` = 0 LIMIT 1 [ RunTime:0.000706s ]
[ sql ] [ SQL ] SELECT COUNT(*) AS tp_count FROM `chat_log` WHERE  `fromid` = 6934  AND `toid` = 4180  AND `is_read` = 0 LIMIT 1 [ RunTime:0.001364s ]
[ sql ] [ SQL ] SELECT COUNT(*) AS tp_count FROM `chat_log` WHERE  `fromid` = 7115  AND `toid` = 4180  AND `is_read` = 0 LIMIT 1 [ RunTime:0.000247s ]
[ sql ] [ SQL ] SELECT COUNT(*) AS tp_count FROM `chat_log` WHERE  `fromid` = 7602  AND `toid` = 4180  AND `is_read` = 0 LIMIT 1 [ RunTime:0.000239s ]
[ sql ] [ SQL ] SELECT COUNT(*) AS tp_count FROM `chat_log` WHERE  `fromid` = 7936  AND `toid` = 4180  AND `is_read` = 0 LIMIT 1 [ RunTime:0.005950s ]
[ sql ] [ SQL ] SELECT COUNT(*) AS tp_count FROM `chat_log` WHERE  `fromid` = 10659  AND `toid` = 4180  AND `is_read` = 0 LIMIT 1 [ RunTime:0.001650s ]
[ sql ] [ SQL ] SELECT COUNT(*) AS tp_count FROM `chat_log` WHERE  `fromid` = 10921  AND `toid` = 4180  AND `is_read` = 0 LIMIT 1 [ RunTime:0.000698s ]
[ sql ] [ SQL ] SELECT COUNT(*) AS tp_count FROM `chat_log` WHERE  `fromid` = 11007  AND `toid` = 4180  AND `is_read` = 0 LIMIT 1 [ RunTime:0.000952s ]
[ sql ] [ SQL ] SELECT COUNT(*) AS tp_count FROM `chat_log` WHERE  `fromid` = 13132  AND `toid` = 4180  AND `is_read` = 0 LIMIT 1 [ RunTime:0.001479s ]
---------------------------------------------------------------
[ 2019-10-03T21:22:01+08:00 ] 120.20.221.206 GET /index/chat/chat/pals_id/704
[ sql ] [ DB ] CONNECT:[ UseTime:0.000574s ] mysql:host=127.0.0.1;port=3306;dbname=henimeet;charset=utf8
[ sql ] [ SQL ] SHOW COLUMNS FROM `wy_users` [ RunTime:0.000984s ]
[ sql ] [ SQL ] SELECT * FROM `wy_users` WHERE  `user_id` = 4180 LIMIT 1 [ RunTime:0.000460s ]
[ sql ] [ SQL ] SHOW COLUMNS FROM `chat_log` [ RunTime:0.000528s ]
[ sql ] [ SQL ] SELECT COUNT(*) AS tp_count FROM `chat_log` WHERE  `toid` = 4180  AND `is_read` = 0 LIMIT 1 [ RunTime:0.000204s ]
[ sql ] [ SQL ] SELECT * FROM `wy_users` WHERE  `user_id` = 4180 LIMIT 1 [ RunTime:0.000276s ]
[ sql ] [ SQL ] SHOW COLUMNS FROM `wy_online` [ RunTime:0.000508s ]
[ sql ] [ SQL ] SELECT * FROM `wy_online` WHERE  `user_id` = 4180 LIMIT 1 [ RunTime:0.000286s ]
[ sql ] [ SQL ] UPDATE `wy_online`  SET `user_id`=4180,`user_name`='eric_shift',`user_sex`=1,`user_ico`='http://www.pauzzz.com/uploadfiles/avatar/20190301/1551410249766_162.jpg',`active_time`=1570108921,`hidden`=0  WHERE  `user_id` = 4180 [ RunTime:0.000279s ]
[ sql ] [ SQL ] SELECT `user_id`,`user_name`,`user_ico` FROM `wy_users` WHERE  `user_id` = 704 LIMIT 1 [ RunTime:0.000272s ]
---------------------------------------------------------------
[ 2019-10-03T22:45:24+08:00 ] 1.158.164.238 GET /index/main/index.html
[ sql ] [ DB ] CONNECT:[ UseTime:0.000615s ] mysql:host=127.0.0.1;port=3306;dbname=henimeet;charset=utf8
[ sql ] [ SQL ] SHOW COLUMNS FROM `wy_users` [ RunTime:0.001042s ]
[ sql ] [ SQL ] SELECT * FROM `wy_users` WHERE  `user_id` = 4180 LIMIT 1 [ RunTime:0.000444s ]
[ sql ] [ SQL ] SHOW COLUMNS FROM `chat_log` [ RunTime:0.000569s ]
[ sql ] [ SQL ] SELECT COUNT(*) AS tp_count FROM `chat_log` WHERE  `toid` = 4180  AND `is_read` = 0 LIMIT 1 [ RunTime:0.000209s ]
[ sql ] [ SQL ] SELECT * FROM `wy_users` WHERE  `user_id` = 4180 LIMIT 1 [ RunTime:0.000275s ]
[ sql ] [ SQL ] SHOW COLUMNS FROM `wy_online` [ RunTime:0.000524s ]
[ sql ] [ SQL ] SELECT * FROM `wy_online` WHERE  `user_id` = 4180 LIMIT 1 [ RunTime:0.000277s ]
[ sql ] [ SQL ] UPDATE `wy_online`  SET `user_id`=4180,`user_name`='eric_shift',`user_sex`=1,`user_ico`='http://www.pauzzz.com/uploadfiles/avatar/20190301/1551410249766_162.jpg',`active_time`=1570113924,`hidden`=0  WHERE  `user_id` = 4180 [ RunTime:0.000289s ]
---------------------------------------------------------------
[ 2019-10-03T22:45:26+08:00 ] 1.158.164.238 GET /index/main/query/page/1.html
[ sql ] [ DB ] CONNECT:[ UseTime:0.000606s ] mysql:host=127.0.0.1;port=3306;dbname=henimeet;charset=utf8
[ sql ] [ SQL ] SHOW COLUMNS FROM `wy_users` [ RunTime:0.001015s ]
[ sql ] [ SQL ] SELECT * FROM `wy_users` WHERE  `user_id` = 4180 LIMIT 1 [ RunTime:0.000449s ]
[ sql ] [ SQL ] SHOW COLUMNS FROM `chat_log` [ RunTime:0.000553s ]
[ sql ] [ SQL ] SELECT COUNT(*) AS tp_count FROM `chat_log` WHERE  `toid` = 4180  AND `is_read` = 0 LIMIT 1 [ RunTime:0.000200s ]
[ sql ] [ SQL ] SELECT * FROM `wy_users` WHERE  `user_id` = 4180 LIMIT 1 [ RunTime:0.000295s ]
[ sql ] [ SQL ] SHOW COLUMNS FROM `wy_online` [ RunTime:0.000508s ]
[ sql ] [ SQL ] SELECT * FROM `wy_online` WHERE  `user_id` = 4180 LIMIT 1 [ RunTime:0.000291s ]
[ sql ] [ SQL ] UPDATE `wy_online`  SET `user_id`=4180,`user_name`='eric_shift',`user_sex`=1,`user_ico`='http://www.pauzzz.com/uploadfiles/avatar/20190301/1551410249766_162.jpg',`active_time`=1570113926,`hidden`=0  WHERE  `user_id` = 4180 [ RunTime:0.000279s ]
[ sql ] [ SQL ] SELECT COUNT(*) AS tp_count FROM `wy_users` WHERE  `user_sex` <> 1  AND `is_pass` <> 0 LIMIT 1 [ RunTime:0.000198s ]
[ sql ] [ SQL ] SELECT `u`.`user_name`,`u`.`user_ico`,`u`.`user_sex`,`u`.`user_group`,`u`.`user_id`,`o`.`online_id` FROM `wy_users` `u` LEFT JOIN `wy_online` `o` ON `u`.`user_id`=`o`.`user_id` WHERE  (  u.user_sex != '1' and u.is_pass!='0' ) ORDER BY u.is_service desc, o.active_time desc LIMIT 0,16 [ RunTime:0.010448s ]
