---------------------------------------------------------------
[ 2020-04-02T08:02:02+08:00 ] 123.163.249.242 GET /index/main/index.html
[ sql ] [ DB ] CONNECT:[ UseTime:0.000581s ] mysql:host=127.0.0.1;port=3306;dbname=henimeet;charset=utf8
[ sql ] [ SQL ] SHOW COLUMNS FROM `wy_users` [ RunTime:0.001028s ]
[ sql ] [ SQL ] SELECT * FROM `wy_users` WHERE  `user_id` = 834 LIMIT 1 [ RunTime:0.000661s ]
[ sql ] [ SQL ] SHOW COLUMNS FROM `chat_log` [ RunTime:0.000633s ]
[ sql ] [ SQL ] SELECT COUNT(*) AS tp_count FROM `chat_log` WHERE  `toid` = 834  AND `is_read` = 0 LIMIT 1 [ RunTime:0.004684s ]
[ sql ] [ SQL ] SELECT * FROM `wy_users` WHERE  `user_id` = 834 LIMIT 1 [ RunTime:0.000322s ]
[ sql ] [ SQL ] SHOW COLUMNS FROM `wy_online` [ RunTime:0.000513s ]
[ sql ] [ SQL ] SELECT * FROM `wy_online` WHERE  `user_id` = 834 LIMIT 1 [ RunTime:0.000255s ]
[ sql ] [ SQL ] UPDATE `wy_online`  SET `user_id`=834,`user_name`='xiaoning',`user_sex`=0,`user_ico`='http://www.pauzzz.com/uploadfiles/avatar/20171012/1507776563389_162.jpg',`active_time`=1585785722,`hidden`=0  WHERE  `user_id` = 834 [ RunTime:0.000402s ]
---------------------------------------------------------------
[ 2020-04-02T08:02:03+08:00 ] 123.163.249.242 GET /index/main/query/page/1.html
[ sql ] [ DB ] CONNECT:[ UseTime:0.000565s ] mysql:host=127.0.0.1;port=3306;dbname=henimeet;charset=utf8
[ sql ] [ SQL ] SHOW COLUMNS FROM `wy_users` [ RunTime:0.001043s ]
[ sql ] [ SQL ] SELECT * FROM `wy_users` WHERE  `user_id` = 834 LIMIT 1 [ RunTime:0.000444s ]
[ sql ] [ SQL ] SHOW COLUMNS FROM `chat_log` [ RunTime:0.000587s ]
[ sql ] [ SQL ] SELECT COUNT(*) AS tp_count FROM `chat_log` WHERE  `toid` = 834  AND `is_read` = 0 LIMIT 1 [ RunTime:0.000193s ]
[ sql ] [ SQL ] SELECT * FROM `wy_users` WHERE  `user_id` = 834 LIMIT 1 [ RunTime:0.000281s ]
[ sql ] [ SQL ] SHOW COLUMNS FROM `wy_online` [ RunTime:0.000529s ]
[ sql ] [ SQL ] SELECT * FROM `wy_online` WHERE  `user_id` = 834 LIMIT 1 [ RunTime:0.000263s ]
[ sql ] [ SQL ] UPDATE `wy_online`  SET `user_id`=834,`user_name`='xiaoning',`user_sex`=0,`user_ico`='http://www.pauzzz.com/uploadfiles/avatar/20171012/1507776563389_162.jpg',`active_time`=1585785723,`hidden`=0  WHERE  `user_id` = 834 [ RunTime:0.000411s ]
[ sql ] [ SQL ] SELECT COUNT(*) AS tp_count FROM `wy_users` WHERE  `user_sex` <> 0  AND `is_pass` <> 0 LIMIT 1 [ RunTime:0.010325s ]
[ sql ] [ SQL ] SELECT `u`.`user_name`,`u`.`user_ico`,`u`.`user_sex`,`u`.`user_group`,`u`.`user_id`,`o`.`online_id` FROM `wy_users` `u` LEFT JOIN `wy_online` `o` ON `u`.`user_id`=`o`.`user_id` WHERE  (  u.user_sex != '0' and u.is_pass!='0' ) ORDER BY u.is_service desc, o.active_time desc LIMIT 0,16 [ RunTime:0.019630s ]
---------------------------------------------------------------
[ 2020-04-02T09:24:07+08:00 ] 223.104.105.214 GET /index/main/index.html
[ sql ] [ DB ] CONNECT:[ UseTime:0.000593s ] mysql:host=127.0.0.1;port=3306;dbname=henimeet;charset=utf8
[ sql ] [ SQL ] SHOW COLUMNS FROM `wy_users` [ RunTime:0.000998s ]
[ sql ] [ SQL ] SELECT * FROM `wy_users` WHERE  `user_id` = 6475 LIMIT 1 [ RunTime:0.000560s ]
[ sql ] [ SQL ] SHOW COLUMNS FROM `chat_log` [ RunTime:0.000536s ]
[ sql ] [ SQL ] SELECT COUNT(*) AS tp_count FROM `chat_log` WHERE  `toid` = 6475  AND `is_read` = 0 LIMIT 1 [ RunTime:0.000786s ]
[ sql ] [ SQL ] SELECT * FROM `wy_users` WHERE  `user_id` = 6475 LIMIT 1 [ RunTime:0.000285s ]
[ sql ] [ SQL ] SHOW COLUMNS FROM `wy_online` [ RunTime:0.000553s ]
[ sql ] [ SQL ] SELECT * FROM `wy_online` WHERE  `user_id` = 6475 LIMIT 1 [ RunTime:0.000242s ]
[ sql ] [ SQL ] UPDATE `wy_online`  SET `user_id`=6475,`user_name`='yitian',`user_sex`=0,`user_ico`='http://www.pauzzz.com/uploadfiles/avatar/20190225/1551077309238_162.jpg',`active_time`=1585790647,`hidden`=0  WHERE  `user_id` = 6475 [ RunTime:0.000396s ]
---------------------------------------------------------------
[ 2020-04-02T09:24:08+08:00 ] 223.104.105.214 GET /index/main/query/page/1.html
[ sql ] [ DB ] CONNECT:[ UseTime:0.000576s ] mysql:host=127.0.0.1;port=3306;dbname=henimeet;charset=utf8
[ sql ] [ SQL ] SHOW COLUMNS FROM `wy_users` [ RunTime:0.001023s ]
[ sql ] [ SQL ] SELECT * FROM `wy_users` WHERE  `user_id` = 6475 LIMIT 1 [ RunTime:0.000468s ]
[ sql ] [ SQL ] SHOW COLUMNS FROM `chat_log` [ RunTime:0.000552s ]
[ sql ] [ SQL ] SELECT COUNT(*) AS tp_count FROM `chat_log` WHERE  `toid` = 6475  AND `is_read` = 0 LIMIT 1 [ RunTime:0.000198s ]
[ sql ] [ SQL ] SELECT * FROM `wy_users` WHERE  `user_id` = 6475 LIMIT 1 [ RunTime:0.000291s ]
[ sql ] [ SQL ] SHOW COLUMNS FROM `wy_online` [ RunTime:0.000508s ]
[ sql ] [ SQL ] SELECT * FROM `wy_online` WHERE  `user_id` = 6475 LIMIT 1 [ RunTime:0.000302s ]
[ sql ] [ SQL ] UPDATE `wy_online`  SET `user_id`=6475,`user_name`='yitian',`user_sex`=0,`user_ico`='http://www.pauzzz.com/uploadfiles/avatar/20190225/1551077309238_162.jpg',`active_time`=1585790648,`hidden`=0  WHERE  `user_id` = 6475 [ RunTime:0.000283s ]
[ sql ] [ SQL ] SELECT COUNT(*) AS tp_count FROM `wy_users` WHERE  `user_sex` <> 0  AND `is_pass` <> 0 LIMIT 1 [ RunTime:0.010303s ]
[ sql ] [ SQL ] SELECT `u`.`user_name`,`u`.`user_ico`,`u`.`user_sex`,`u`.`user_group`,`u`.`user_id`,`o`.`online_id` FROM `wy_users` `u` LEFT JOIN `wy_online` `o` ON `u`.`user_id`=`o`.`user_id` WHERE  (  u.user_sex != '0' and u.is_pass!='0' ) ORDER BY u.is_service desc, o.active_time desc LIMIT 0,16 [ RunTime:0.019674s ]
---------------------------------------------------------------
[ 2020-04-02T09:24:10+08:00 ] 223.104.105.214 GET /index/user/index.html
[ sql ] [ DB ] CONNECT:[ UseTime:0.000565s ] mysql:host=127.0.0.1;port=3306;dbname=henimeet;charset=utf8
[ sql ] [ SQL ] SHOW COLUMNS FROM `wy_users` [ RunTime:0.001015s ]
[ sql ] [ SQL ] SELECT * FROM `wy_users` WHERE  `user_id` = 6475 LIMIT 1 [ RunTime:0.000460s ]
[ sql ] [ SQL ] SHOW COLUMNS FROM `chat_log` [ RunTime:0.000564s ]
[ sql ] [ SQL ] SELECT COUNT(*) AS tp_count FROM `chat_log` WHERE  `toid` = 6475  AND `is_read` = 0 LIMIT 1 [ RunTime:0.000191s ]
[ sql ] [ SQL ] SELECT * FROM `wy_users` WHERE  `user_id` = 6475 LIMIT 1 [ RunTime:0.000313s ]
[ sql ] [ SQL ] SHOW COLUMNS FROM `wy_online` [ RunTime:0.000504s ]
[ sql ] [ SQL ] SELECT * FROM `wy_online` WHERE  `user_id` = 6475 LIMIT 1 [ RunTime:0.000266s ]
[ sql ] [ SQL ] UPDATE `wy_online`  SET `user_id`=6475,`user_name`='yitian',`user_sex`=0,`user_ico`='http://www.pauzzz.com/uploadfiles/avatar/20190225/1551077309238_162.jpg',`active_time`=1585790650,`hidden`=0  WHERE  `user_id` = 6475 [ RunTime:0.000275s ]
[ sql ] [ SQL ] SELECT * FROM `wy_users` WHERE  `user_id` = 6475 LIMIT 1 [ RunTime:0.000393s ]
---------------------------------------------------------------
[ 2020-04-02T09:24:12+08:00 ] 223.104.105.214 GET /index/set/index.html
[ sql ] [ DB ] CONNECT:[ UseTime:0.000573s ] mysql:host=127.0.0.1;port=3306;dbname=henimeet;charset=utf8
[ sql ] [ SQL ] SHOW COLUMNS FROM `wy_users` [ RunTime:0.001073s ]
[ sql ] [ SQL ] SELECT * FROM `wy_users` WHERE  `user_id` = 6475 LIMIT 1 [ RunTime:0.000471s ]
[ sql ] [ SQL ] SHOW COLUMNS FROM `chat_log` [ RunTime:0.000573s ]
[ sql ] [ SQL ] SELECT COUNT(*) AS tp_count FROM `chat_log` WHERE  `toid` = 6475  AND `is_read` = 0 LIMIT 1 [ RunTime:0.000196s ]
[ sql ] [ SQL ] SELECT * FROM `wy_users` WHERE  `user_id` = 6475 LIMIT 1 [ RunTime:0.000309s ]
[ sql ] [ SQL ] SHOW COLUMNS FROM `wy_online` [ RunTime:0.000499s ]
[ sql ] [ SQL ] SELECT * FROM `wy_online` WHERE  `user_id` = 6475 LIMIT 1 [ RunTime:0.000264s ]
[ sql ] [ SQL ] UPDATE `wy_online`  SET `user_id`=6475,`user_name`='yitian',`user_sex`=0,`user_ico`='http://www.pauzzz.com/uploadfiles/avatar/20190225/1551077309238_162.jpg',`active_time`=1585790652,`hidden`=0  WHERE  `user_id` = 6475 [ RunTime:0.000272s ]
---------------------------------------------------------------
[ 2020-04-02T09:24:13+08:00 ] 223.104.105.214 GET /index/index/logout.html
[ sql ] [ DB ] CONNECT:[ UseTime:0.000554s ] mysql:host=127.0.0.1;port=3306;dbname=henimeet;charset=utf8
[ sql ] [ SQL ] SHOW COLUMNS FROM `wy_online` [ RunTime:0.000724s ]
[ sql ] [ SQL ] DELETE FROM `wy_online`    WHERE  `user_id` = 6475 [ RunTime:0.000277s ]
---------------------------------------------------------------
[ 2020-04-02T09:26:00+08:00 ] 223.104.105.214 POST /index/index/login.html
[ sql ] [ DB ] CONNECT:[ UseTime:0.000504s ] mysql:host=127.0.0.1;port=3306;dbname=henimeet;charset=utf8
[ sql ] [ SQL ] SHOW COLUMNS FROM `wy_users` [ RunTime:0.000931s ]
[ sql ] [ SQL ] SELECT `is_pass`,`user_id`,`user_email`,`user_name`,`user_pws`,`user_sex`,`user_ico` FROM `wy_users` WHERE  (  user_name='半夏少女心' or user_email='半夏少女心' ) LIMIT 1 [ RunTime:0.005167s ]
[ sql ] [ SQL ] SELECT * FROM `wy_users` WHERE  `user_id` = 5615 LIMIT 1 [ RunTime:0.001497s ]
[ sql ] [ SQL ] SHOW COLUMNS FROM `wy_online` [ RunTime:0.001917s ]
[ sql ] [ SQL ] SELECT * FROM `wy_online` WHERE  `user_id` = 5615 LIMIT 1 [ RunTime:0.000253s ]
[ sql ] [ SQL ] INSERT INTO `wy_online` (`user_id` , `user_name` , `user_sex` , `user_ico` , `active_time`) VALUES (5615 , '半夏少女心' , 0 , 'http://www.pauzzz.com/uploadfiles/avatar/20190219/1550554212564_162.jpg' , 1585790760) [ RunTime:0.000425s ]
[ sql ] [ SQL ] SHOW COLUMNS FROM `chat_users` [ RunTime:0.000699s ]
[ sql ] [ SQL ] UPDATE `chat_users`  SET `line_status`=1,`app_online`=1  WHERE  `uid` = 5615 [ RunTime:0.000836s ]
[ sql ] [ SQL ] UPDATE `wy_users`  SET `lastlogin_datetime`='2020-04-02 09:26:00',`login_ip`='223.104.105.214'  WHERE  `user_id` = 5615 [ RunTime:0.003168s ]
---------------------------------------------------------------
[ 2020-04-02T09:26:04+08:00 ] 223.104.105.214 GET /index/user/index.html
[ sql ] [ DB ] CONNECT:[ UseTime:0.000598s ] mysql:host=127.0.0.1;port=3306;dbname=henimeet;charset=utf8
[ sql ] [ SQL ] SHOW COLUMNS FROM `wy_users` [ RunTime:0.001048s ]
[ sql ] [ SQL ] SELECT * FROM `wy_users` WHERE  `user_id` = 5615 LIMIT 1 [ RunTime:0.000593s ]
[ sql ] [ SQL ] SHOW COLUMNS FROM `chat_log` [ RunTime:0.000588s ]
[ sql ] [ SQL ] SELECT COUNT(*) AS tp_count FROM `chat_log` WHERE  `toid` = 5615  AND `is_read` = 0 LIMIT 1 [ RunTime:0.000684s ]
[ sql ] [ SQL ] SELECT * FROM `wy_users` WHERE  `user_id` = 5615 LIMIT 1 [ RunTime:0.000283s ]
[ sql ] [ SQL ] SHOW COLUMNS FROM `wy_online` [ RunTime:0.000512s ]
[ sql ] [ SQL ] SELECT * FROM `wy_online` WHERE  `user_id` = 5615 LIMIT 1 [ RunTime:0.000277s ]
[ sql ] [ SQL ] UPDATE `wy_online`  SET `user_id`=5615,`user_name`='半夏少女心',`user_sex`=0,`user_ico`='http://www.pauzzz.com/uploadfiles/avatar/20190219/1550554212564_162.jpg',`active_time`=1585790764,`hidden`=0  WHERE  `user_id` = 5615 [ RunTime:0.001631s ]
[ sql ] [ SQL ] SELECT * FROM `wy_users` WHERE  `user_id` = 5615 LIMIT 1 [ RunTime:0.000392s ]
---------------------------------------------------------------
[ 2020-04-02T09:37:37+08:00 ] 106.34.117.251 GET /index/main/index.html
[ sql ] [ DB ] CONNECT:[ UseTime:0.000615s ] mysql:host=127.0.0.1;port=3306;dbname=henimeet;charset=utf8
[ sql ] [ SQL ] SHOW COLUMNS FROM `wy_users` [ RunTime:0.001019s ]
[ sql ] [ SQL ] SELECT * FROM `wy_users` WHERE  `user_id` = 704 LIMIT 1 [ RunTime:0.000560s ]
[ sql ] [ SQL ] SHOW COLUMNS FROM `chat_log` [ RunTime:0.000535s ]
[ sql ] [ SQL ] SELECT COUNT(*) AS tp_count FROM `chat_log` WHERE  `toid` = 704  AND `is_read` = 0 LIMIT 1 [ RunTime:0.003508s ]
[ sql ] [ SQL ] SELECT * FROM `wy_users` WHERE  `user_id` = 704 LIMIT 1 [ RunTime:0.000305s ]
[ sql ] [ SQL ] SHOW COLUMNS FROM `wy_online` [ RunTime:0.000493s ]
[ sql ] [ SQL ] SELECT * FROM `wy_online` WHERE  `user_id` = 704 LIMIT 1 [ RunTime:0.000241s ]
[ sql ] [ SQL ] UPDATE `wy_online`  SET `user_id`=704,`user_name`='PAUZZZ',`user_sex`=0,`user_ico`='http://www.pauzzz.com/uploadfiles/avatar/20190910/1568096892927_162.jpg',`active_time`=1585791457,`hidden`=0  WHERE  `user_id` = 704 [ RunTime:0.002473s ]
---------------------------------------------------------------
[ 2020-04-02T09:37:37+08:00 ] 106.34.117.251 GET /index/main/query/page/1.html
[ sql ] [ DB ] CONNECT:[ UseTime:0.000539s ] mysql:host=127.0.0.1;port=3306;dbname=henimeet;charset=utf8
[ sql ] [ SQL ] SHOW COLUMNS FROM `wy_users` [ RunTime:0.000975s ]
[ sql ] [ SQL ] SELECT * FROM `wy_users` WHERE  `user_id` = 704 LIMIT 1 [ RunTime:0.000405s ]
[ sql ] [ SQL ] SHOW COLUMNS FROM `chat_log` [ RunTime:0.000526s ]
[ sql ] [ SQL ] SELECT COUNT(*) AS tp_count FROM `chat_log` WHERE  `toid` = 704  AND `is_read` = 0 LIMIT 1 [ RunTime:0.000213s ]
[ sql ] [ SQL ] SELECT * FROM `wy_users` WHERE  `user_id` = 704 LIMIT 1 [ RunTime:0.000263s ]
[ sql ] [ SQL ] SHOW COLUMNS FROM `wy_online` [ RunTime:0.000529s ]
[ sql ] [ SQL ] SELECT * FROM `wy_online` WHERE  `user_id` = 704 LIMIT 1 [ RunTime:0.000256s ]
[ sql ] [ SQL ] UPDATE `wy_online`  SET `user_id`=704,`user_name`='PAUZZZ',`user_sex`=0,`user_ico`='http://www.pauzzz.com/uploadfiles/avatar/20190910/1568096892927_162.jpg',`active_time`=1585791457,`hidden`=0  WHERE  `user_id` = 704 [ RunTime:0.000251s ]
[ sql ] [ SQL ] SELECT COUNT(*) AS tp_count FROM `wy_users` WHERE  `user_sex` <> 0  AND `is_pass` <> 0 LIMIT 1 [ RunTime:0.010312s ]
[ sql ] [ SQL ] SELECT `u`.`user_name`,`u`.`user_ico`,`u`.`user_sex`,`u`.`user_group`,`u`.`user_id`,`o`.`online_id` FROM `wy_users` `u` LEFT JOIN `wy_online` `o` ON `u`.`user_id`=`o`.`user_id` WHERE  (  u.user_sex != '0' and u.is_pass!='0' ) ORDER BY u.is_service desc, o.active_time desc LIMIT 0,16 [ RunTime:0.019523s ]
---------------------------------------------------------------
[ 2020-04-02T09:48:56+08:00 ] 223.104.105.214 GET /index/main/index.html
[ sql ] [ DB ] CONNECT:[ UseTime:0.000574s ] mysql:host=127.0.0.1;port=3306;dbname=henimeet;charset=utf8
[ sql ] [ SQL ] SHOW COLUMNS FROM `wy_users` [ RunTime:0.001039s ]
[ sql ] [ SQL ] SELECT * FROM `wy_users` WHERE  `user_id` = 5615 LIMIT 1 [ RunTime:0.000558s ]
[ sql ] [ SQL ] SHOW COLUMNS FROM `chat_log` [ RunTime:0.000570s ]
[ sql ] [ SQL ] SELECT COUNT(*) AS tp_count FROM `chat_log` WHERE  `toid` = 5615  AND `is_read` = 0 LIMIT 1 [ RunTime:0.000685s ]
[ sql ] [ SQL ] SELECT * FROM `wy_users` WHERE  `user_id` = 5615 LIMIT 1 [ RunTime:0.000314s ]
[ sql ] [ SQL ] SHOW COLUMNS FROM `wy_online` [ RunTime:0.000508s ]
[ sql ] [ SQL ] SELECT * FROM `wy_online` WHERE  `user_id` = 5615 LIMIT 1 [ RunTime:0.000267s ]
[ sql ] [ SQL ] UPDATE `wy_online`  SET `user_id`=5615,`user_name`='半夏少女心',`user_sex`=0,`user_ico`='http://www.pauzzz.com/uploadfiles/avatar/20190219/1550554212564_162.jpg',`active_time`=1585792136,`hidden`=0  WHERE  `user_id` = 5615 [ RunTime:0.000385s ]
---------------------------------------------------------------
[ 2020-04-02T09:48:58+08:00 ] 223.104.105.214 GET /index/user/index.html
[ sql ] [ DB ] CONNECT:[ UseTime:0.000622s ] mysql:host=127.0.0.1;port=3306;dbname=henimeet;charset=utf8
[ sql ] [ SQL ] SHOW COLUMNS FROM `wy_users` [ RunTime:0.001048s ]
[ sql ] [ SQL ] SELECT * FROM `wy_users` WHERE  `user_id` = 5615 LIMIT 1 [ RunTime:0.000409s ]
[ sql ] [ SQL ] SHOW COLUMNS FROM `chat_log` [ RunTime:0.000534s ]
[ sql ] [ SQL ] SELECT COUNT(*) AS tp_count FROM `chat_log` WHERE  `toid` = 5615  AND `is_read` = 0 LIMIT 1 [ RunTime:0.000212s ]
[ sql ] [ SQL ] SELECT * FROM `wy_users` WHERE  `user_id` = 5615 LIMIT 1 [ RunTime:0.000273s ]
[ sql ] [ SQL ] SHOW COLUMNS FROM `wy_online` [ RunTime:0.000530s ]
[ sql ] [ SQL ] SELECT * FROM `wy_online` WHERE  `user_id` = 5615 LIMIT 1 [ RunTime:0.000270s ]
[ sql ] [ SQL ] UPDATE `wy_online`  SET `user_id`=5615,`user_name`='半夏少女心',`user_sex`=0,`user_ico`='http://www.pauzzz.com/uploadfiles/avatar/20190219/1550554212564_162.jpg',`active_time`=1585792138,`hidden`=0  WHERE  `user_id` = 5615 [ RunTime:0.000388s ]
[ sql ] [ SQL ] SELECT * FROM `wy_users` WHERE  `user_id` = 5615 LIMIT 1 [ RunTime:0.000378s ]
---------------------------------------------------------------
[ 2020-04-02T17:14:00+08:00 ] 106.34.144.138 GET /index/main/index.html
[ sql ] [ DB ] CONNECT:[ UseTime:0.000642s ] mysql:host=127.0.0.1;port=3306;dbname=henimeet;charset=utf8
[ sql ] [ SQL ] SHOW COLUMNS FROM `wy_users` [ RunTime:0.001022s ]
[ sql ] [ SQL ] SELECT * FROM `wy_users` WHERE  `user_id` = 704 LIMIT 1 [ RunTime:0.000608s ]
[ sql ] [ SQL ] SHOW COLUMNS FROM `chat_log` [ RunTime:0.000568s ]
[ sql ] [ SQL ] SELECT COUNT(*) AS tp_count FROM `chat_log` WHERE  `toid` = 704  AND `is_read` = 0 LIMIT 1 [ RunTime:0.003518s ]
[ sql ] [ SQL ] SELECT * FROM `wy_users` WHERE  `user_id` = 704 LIMIT 1 [ RunTime:0.000293s ]
[ sql ] [ SQL ] SHOW COLUMNS FROM `wy_online` [ RunTime:0.000545s ]
[ sql ] [ SQL ] SELECT * FROM `wy_online` WHERE  `user_id` = 704 LIMIT 1 [ RunTime:0.000258s ]
[ sql ] [ SQL ] UPDATE `wy_online`  SET `user_id`=704,`user_name`='PAUZZZ',`user_sex`=0,`user_ico`='http://www.pauzzz.com/uploadfiles/avatar/20190910/1568096892927_162.jpg',`active_time`=1585818840,`hidden`=0  WHERE  `user_id` = 704 [ RunTime:0.000442s ]
---------------------------------------------------------------
[ 2020-04-02T17:14:01+08:00 ] 106.34.144.138 GET /index/main/query/page/1.html
[ sql ] [ DB ] CONNECT:[ UseTime:0.000592s ] mysql:host=127.0.0.1;port=3306;dbname=henimeet;charset=utf8
[ sql ] [ SQL ] SHOW COLUMNS FROM `wy_users` [ RunTime:0.001046s ]
[ sql ] [ SQL ] SELECT * FROM `wy_users` WHERE  `user_id` = 704 LIMIT 1 [ RunTime:0.000435s ]
[ sql ] [ SQL ] SHOW COLUMNS FROM `chat_log` [ RunTime:0.000540s ]
[ sql ] [ SQL ] SELECT COUNT(*) AS tp_count FROM `chat_log` WHERE  `toid` = 704  AND `is_read` = 0 LIMIT 1 [ RunTime:0.000213s ]
[ sql ] [ SQL ] SELECT * FROM `wy_users` WHERE  `user_id` = 704 LIMIT 1 [ RunTime:0.000272s ]
[ sql ] [ SQL ] SHOW COLUMNS FROM `wy_online` [ RunTime:0.000536s ]
[ sql ] [ SQL ] SELECT * FROM `wy_online` WHERE  `user_id` = 704 LIMIT 1 [ RunTime:0.000257s ]
[ sql ] [ SQL ] UPDATE `wy_online`  SET `user_id`=704,`user_name`='PAUZZZ',`user_sex`=0,`user_ico`='http://www.pauzzz.com/uploadfiles/avatar/20190910/1568096892927_162.jpg',`active_time`=1585818841,`hidden`=0  WHERE  `user_id` = 704 [ RunTime:0.000396s ]
[ sql ] [ SQL ] SELECT COUNT(*) AS tp_count FROM `wy_users` WHERE  `user_sex` <> 0  AND `is_pass` <> 0 LIMIT 1 [ RunTime:0.010346s ]
[ sql ] [ SQL ] SELECT `u`.`user_name`,`u`.`user_ico`,`u`.`user_sex`,`u`.`user_group`,`u`.`user_id`,`o`.`online_id` FROM `wy_users` `u` LEFT JOIN `wy_online` `o` ON `u`.`user_id`=`o`.`user_id` WHERE  (  u.user_sex != '0' and u.is_pass!='0' ) ORDER BY u.is_service desc, o.active_time desc LIMIT 0,16 [ RunTime:0.020252s ]
---------------------------------------------------------------
[ 2020-04-02T17:14:05+08:00 ] 106.34.144.138 GET /index/user/index.html
[ sql ] [ DB ] CONNECT:[ UseTime:0.000682s ] mysql:host=127.0.0.1;port=3306;dbname=henimeet;charset=utf8
[ sql ] [ SQL ] SHOW COLUMNS FROM `wy_users` [ RunTime:0.001331s ]
[ sql ] [ SQL ] SELECT * FROM `wy_users` WHERE  `user_id` = 704 LIMIT 1 [ RunTime:0.000425s ]
[ sql ] [ SQL ] SHOW COLUMNS FROM `chat_log` [ RunTime:0.000590s ]
[ sql ] [ SQL ] SELECT COUNT(*) AS tp_count FROM `chat_log` WHERE  `toid` = 704  AND `is_read` = 0 LIMIT 1 [ RunTime:0.000180s ]
[ sql ] [ SQL ] SELECT * FROM `wy_users` WHERE  `user_id` = 704 LIMIT 1 [ RunTime:0.000275s ]
[ sql ] [ SQL ] SHOW COLUMNS FROM `wy_online` [ RunTime:0.000540s ]
[ sql ] [ SQL ] SELECT * FROM `wy_online` WHERE  `user_id` = 704 LIMIT 1 [ RunTime:0.000272s ]
[ sql ] [ SQL ] UPDATE `wy_online`  SET `user_id`=704,`user_name`='PAUZZZ',`user_sex`=0,`user_ico`='http://www.pauzzz.com/uploadfiles/avatar/20190910/1568096892927_162.jpg',`active_time`=1585818845,`hidden`=0  WHERE  `user_id` = 704 [ RunTime:0.000322s ]
[ sql ] [ SQL ] SELECT * FROM `wy_users` WHERE  `user_id` = 704 LIMIT 1 [ RunTime:0.000446s ]
---------------------------------------------------------------
[ 2020-04-02T17:14:06+08:00 ] 106.34.144.138 GET /index/chat/index.html
[ sql ] [ DB ] CONNECT:[ UseTime:0.000509s ] mysql:host=127.0.0.1;port=3306;dbname=henimeet;charset=utf8
[ sql ] [ SQL ] SHOW COLUMNS FROM `wy_users` [ RunTime:0.000939s ]
[ sql ] [ SQL ] SELECT * FROM `wy_users` WHERE  `user_id` = 704 LIMIT 1 [ RunTime:0.000447s ]
[ sql ] [ SQL ] SHOW COLUMNS FROM `chat_log` [ RunTime:0.000526s ]
[ sql ] [ SQL ] SELECT COUNT(*) AS tp_count FROM `chat_log` WHERE  `toid` = 704  AND `is_read` = 0 LIMIT 1 [ RunTime:0.000193s ]
[ sql ] [ SQL ] SELECT * FROM `wy_users` WHERE  `user_id` = 704 LIMIT 1 [ RunTime:0.000276s ]
[ sql ] [ SQL ] SHOW COLUMNS FROM `wy_online` [ RunTime:0.000516s ]
[ sql ] [ SQL ] SELECT * FROM `wy_online` WHERE  `user_id` = 704 LIMIT 1 [ RunTime:0.000285s ]
[ sql ] [ SQL ] UPDATE `wy_online`  SET `user_id`=704,`user_name`='PAUZZZ',`user_sex`=0,`user_ico`='http://www.pauzzz.com/uploadfiles/avatar/20190910/1568096892927_162.jpg',`active_time`=1585818846,`hidden`=0  WHERE  `user_id` = 704 [ RunTime:0.000259s ]
---------------------------------------------------------------
[ 2020-04-02T17:14:07+08:00 ] 106.34.144.138 GET /index/chat/getdata.html
[ sql ] [ DB ] CONNECT:[ UseTime:0.001154s ] mysql:host=127.0.0.1;port=3306;dbname=henimeet;charset=utf8
[ sql ] [ SQL ] SHOW COLUMNS FROM `wy_users` [ RunTime:0.001470s ]
[ sql ] [ SQL ] SELECT * FROM `wy_users` WHERE  `user_id` = 704 LIMIT 1 [ RunTime:0.000583s ]
[ sql ] [ SQL ] SHOW COLUMNS FROM `chat_log` [ RunTime:0.000734s ]
[ sql ] [ SQL ] SELECT COUNT(*) AS tp_count FROM `chat_log` WHERE  `toid` = 704  AND `is_read` = 0 LIMIT 1 [ RunTime:0.000232s ]
[ sql ] [ SQL ] SELECT * FROM `wy_users` WHERE  `user_id` = 704 LIMIT 1 [ RunTime:0.000370s ]
[ sql ] [ SQL ] SHOW COLUMNS FROM `wy_online` [ RunTime:0.000669s ]
[ sql ] [ SQL ] SELECT * FROM `wy_online` WHERE  `user_id` = 704 LIMIT 1 [ RunTime:0.000542s ]
[ sql ] [ SQL ] UPDATE `wy_online`  SET `user_id`=704,`user_name`='PAUZZZ',`user_sex`=0,`user_ico`='http://www.pauzzz.com/uploadfiles/avatar/20190910/1568096892927_162.jpg',`active_time`=1585818847,`hidden`=0  WHERE  `user_id` = 704 [ RunTime:0.000408s ]
[ sql ] [ SQL ] SELECT * FROM `chat_log` WHERE  (  fromid='704' or toid='704' ) ORDER BY timeline desc [ RunTime:0.025604s ]
[ sql ] [ SQL ] SELECT `user_id`,`user_name`,`user_ico`,`user_sex` FROM `wy_users` WHERE  `user_id` IN (14618,14615,8204,14602,8494,9392,14257,14594,4180,14559,14528,14532,5613,7936,14479,8130,9136,10756,14409,13894,7959,834,10512,11559,10012,9246,12437,1708,11884,13029,12053,13996,13269,13176,6921,13292,13219,10953,13261,13597,8928,11348,13410,13213,12472,1459,11509,812,13183,13206,12433,13009,11370,12856,11934,13037,10625,10701,8941,12087,12625,12315,10835,12646,5662,11259,12596,12323,1655,9895,1814,12364,11240,12280,12284,11810,2302,12037,11951,12016,11691,10656,11613,11708,11813,11359,9159,3710,11587,11180,11460,11352,11459,9533,11238,11220,3644,11346,6783,5938,11116,11049,10743,11186,11108,10264,10878,11040,11109,10042,11033,10978,8215,3445,13711,9214,703,12560) [ RunTime:0.005621s ]
[ sql ] [ SQL ] SELECT COUNT(*) AS tp_count FROM `chat_log` WHERE  `fromid` = 703  AND `toid` = 704  AND `is_read` = 0 LIMIT 1 [ RunTime:0.000842s ]
[ sql ] [ SQL ] SELECT COUNT(*) AS tp_count FROM `chat_log` WHERE  `fromid` = 812  AND `toid` = 704  AND `is_read` = 0 LIMIT 1 [ RunTime:0.005327s ]
[ sql ] [ SQL ] SELECT COUNT(*) AS tp_count FROM `chat_log` WHERE  `fromid` = 834  AND `toid` = 704  AND `is_read` = 0 LIMIT 1 [ RunTime:0.009808s ]
[ sql ] [ SQL ] SELECT COUNT(*) AS tp_count FROM `chat_log` WHERE  `fromid` = 1459  AND `toid` = 704  AND `is_read` = 0 LIMIT 1 [ RunTime:0.000325s ]
[ sql ] [ SQL ] SELECT COUNT(*) AS tp_count FROM `chat_log` WHERE  `fromid` = 1655  AND `toid` = 704  AND `is_read` = 0 LIMIT 1 [ RunTime:0.004948s ]
[ sql ] [ SQL ] SELECT COUNT(*) AS tp_count FROM `chat_log` WHERE  `fromid` = 1708  AND `toid` = 704  AND `is_read` = 0 LIMIT 1 [ RunTime:0.013876s ]
[ sql ] [ SQL ] SELECT COUNT(*) AS tp_count FROM `chat_log` WHERE  `fromid` = 1814  AND `toid` = 704  AND `is_read` = 0 LIMIT 1 [ RunTime:0.004035s ]
[ sql ] [ SQL ] SELECT COUNT(*) AS tp_count FROM `chat_log` WHERE  `fromid` = 2302  AND `toid` = 704  AND `is_read` = 0 LIMIT 1 [ RunTime:0.002936s ]
[ sql ] [ SQL ] SELECT COUNT(*) AS tp_count FROM `chat_log` WHERE  `fromid` = 3445  AND `toid` = 704  AND `is_read` = 0 LIMIT 1 [ RunTime:0.004837s ]
[ sql ] [ SQL ] SELECT COUNT(*) AS tp_count FROM `chat_log` WHERE  `fromid` = 3644  AND `toid` = 704  AND `is_read` = 0 LIMIT 1 [ RunTime:0.001636s ]
[ sql ] [ SQL ] SELECT COUNT(*) AS tp_count FROM `chat_log` WHERE  `fromid` = 3710  AND `toid` = 704  AND `is_read` = 0 LIMIT 1 [ RunTime:0.004790s ]
[ sql ] [ SQL ] SELECT COUNT(*) AS tp_count FROM `chat_log` WHERE  `fromid` = 4180  AND `toid` = 704  AND `is_read` = 0 LIMIT 1 [ RunTime:0.006242s ]
[ sql ] [ SQL ] SELECT COUNT(*) AS tp_count FROM `chat_log` WHERE  `fromid` = 5613  AND `toid` = 704  AND `is_read` = 0 LIMIT 1 [ RunTime:0.008229s ]
[ sql ] [ SQL ] SELECT COUNT(*) AS tp_count FROM `chat_log` WHERE  `fromid` = 5662  AND `toid` = 704  AND `is_read` = 0 LIMIT 1 [ RunTime:0.000369s ]
[ sql ] [ SQL ] SELECT COUNT(*) AS tp_count FROM `chat_log` WHERE  `fromid` = 5938  AND `toid` = 704  AND `is_read` = 0 LIMIT 1 [ RunTime:0.004993s ]
[ sql ] [ SQL ] SELECT COUNT(*) AS tp_count FROM `chat_log` WHERE  `fromid` = 6783  AND `toid` = 704  AND `is_read` = 0 LIMIT 1 [ RunTime:0.000399s ]
[ sql ] [ SQL ] SELECT COUNT(*) AS tp_count FROM `chat_log` WHERE  `fromid` = 6921  AND `toid` = 704  AND `is_read` = 0 LIMIT 1 [ RunTime:0.003765s ]
[ sql ] [ SQL ] SELECT COUNT(*) AS tp_count FROM `chat_log` WHERE  `fromid` = 7936  AND `toid` = 704  AND `is_read` = 0 LIMIT 1 [ RunTime:0.011606s ]
[ sql ] [ SQL ] SELECT COUNT(*) AS tp_count FROM `chat_log` WHERE  `fromid` = 7959  AND `toid` = 704  AND `is_read` = 0 LIMIT 1 [ RunTime:0.006134s ]
[ sql ] [ SQL ] SELECT COUNT(*) AS tp_count FROM `chat_log` WHERE  `fromid` = 8130  AND `toid` = 704  AND `is_read` = 0 LIMIT 1 [ RunTime:0.004261s ]
[ sql ] [ SQL ] SELECT COUNT(*) AS tp_count FROM `chat_log` WHERE  `fromid` = 8204  AND `toid` = 704  AND `is_read` = 0 LIMIT 1 [ RunTime:0.003352s ]
[ sql ] [ SQL ] SELECT COUNT(*) AS tp_count FROM `chat_log` WHERE  `fromid` = 8215  AND `toid` = 704  AND `is_read` = 0 LIMIT 1 [ RunTime:0.002344s ]
[ sql ] [ SQL ] SELECT COUNT(*) AS tp_count FROM `chat_log` WHERE  `fromid` = 8494  AND `toid` = 704  AND `is_read` = 0 LIMIT 1 [ RunTime:0.003157s ]
[ sql ] [ SQL ] SELECT COUNT(*) AS tp_count FROM `chat_log` WHERE  `fromid` = 8928  AND `toid` = 704  AND `is_read` = 0 LIMIT 1 [ RunTime:0.000281s ]
[ sql ] [ SQL ] SELECT COUNT(*) AS tp_count FROM `chat_log` WHERE  `fromid` = 8941  AND `toid` = 704  AND `is_read` = 0 LIMIT 1 [ RunTime:0.000287s ]
[ sql ] [ SQL ] SELECT COUNT(*) AS tp_count FROM `chat_log` WHERE  `fromid` = 9136  AND `toid` = 704  AND `is_read` = 0 LIMIT 1 [ RunTime:0.000340s ]
[ sql ] [ SQL ] SELECT COUNT(*) AS tp_count FROM `chat_log` WHERE  `fromid` = 9159  AND `toid` = 704  AND `is_read` = 0 LIMIT 1 [ RunTime:0.000324s ]
[ sql ] [ SQL ] SELECT COUNT(*) AS tp_count FROM `chat_log` WHERE  `fromid` = 9214  AND `toid` = 704  AND `is_read` = 0 LIMIT 1 [ RunTime:0.000235s ]
[ sql ] [ SQL ] SELECT COUNT(*) AS tp_count FROM `chat_log` WHERE  `fromid` = 9246  AND `toid` = 704  AND `is_read` = 0 LIMIT 1 [ RunTime:0.000328s ]
[ sql ] [ SQL ] SELECT COUNT(*) AS tp_count FROM `chat_log` WHERE  `fromid` = 9392  AND `toid` = 704  AND `is_read` = 0 LIMIT 1 [ RunTime:0.003616s ]
[ sql ] [ SQL ] SELECT COUNT(*) AS tp_count FROM `chat_log` WHERE  `fromid` = 9533  AND `toid` = 704  AND `is_read` = 0 LIMIT 1 [ RunTime:0.002393s ]
[ sql ] [ SQL ] SELECT COUNT(*) AS tp_count FROM `chat_log` WHERE  `fromid` = 9895  AND `toid` = 704  AND `is_read` = 0 LIMIT 1 [ RunTime:0.000266s ]
[ sql ] [ SQL ] SELECT COUNT(*) AS tp_count FROM `chat_log` WHERE  `fromid` = 10012  AND `toid` = 704  AND `is_read` = 0 LIMIT 1 [ RunTime:0.000335s ]
[ sql ] [ SQL ] SELECT COUNT(*) AS tp_count FROM `chat_log` WHERE  `fromid` = 10042  AND `toid` = 704  AND `is_read` = 0 LIMIT 1 [ RunTime:0.000271s ]
[ sql ] [ SQL ] SELECT COUNT(*) AS tp_count FROM `chat_log` WHERE  `fromid` = 10264  AND `toid` = 704  AND `is_read` = 0 LIMIT 1 [ RunTime:0.000245s ]
[ sql ] [ SQL ] SELECT COUNT(*) AS tp_count FROM `chat_log` WHERE  `fromid` = 10512  AND `toid` = 704  AND `is_read` = 0 LIMIT 1 [ RunTime:0.002882s ]
[ sql ] [ SQL ] SELECT COUNT(*) AS tp_count FROM `chat_log` WHERE  `fromid` = 10625  AND `toid` = 704  AND `is_read` = 0 LIMIT 1 [ RunTime:0.002589s ]
[ sql ] [ SQL ] SELECT COUNT(*) AS tp_count FROM `chat_log` WHERE  `fromid` = 10656  AND `toid` = 704  AND `is_read` = 0 LIMIT 1 [ RunTime:0.003144s ]
[ sql ] [ SQL ] SELECT COUNT(*) AS tp_count FROM `chat_log` WHERE  `fromid` = 10701  AND `toid` = 704  AND `is_read` = 0 LIMIT 1 [ RunTime:0.000324s ]
[ sql ] [ SQL ] SELECT COUNT(*) AS tp_count FROM `chat_log` WHERE  `fromid` = 10743  AND `toid` = 704  AND `is_read` = 0 LIMIT 1 [ RunTime:0.002698s ]
[ sql ] [ SQL ] SELECT COUNT(*) AS tp_count FROM `chat_log` WHERE  `fromid` = 10756  AND `toid` = 704  AND `is_read` = 0 LIMIT 1 [ RunTime:0.003045s ]
[ sql ] [ SQL ] SELECT COUNT(*) AS tp_count FROM `chat_log` WHERE  `fromid` = 10835  AND `toid` = 704  AND `is_read` = 0 LIMIT 1 [ RunTime:0.002873s ]
[ sql ] [ SQL ] SELECT COUNT(*) AS tp_count FROM `chat_log` WHERE  `fromid` = 10878  AND `toid` = 704  AND `is_read` = 0 LIMIT 1 [ RunTime:0.000636s ]
[ sql ] [ SQL ] SELECT COUNT(*) AS tp_count FROM `chat_log` WHERE  `fromid` = 10953  AND `toid` = 704  AND `is_read` = 0 LIMIT 1 [ RunTime:0.002779s ]
[ sql ] [ SQL ] SELECT COUNT(*) AS tp_count FROM `chat_log` WHERE  `fromid` = 10978  AND `toid` = 704  AND `is_read` = 0 LIMIT 1 [ RunTime:0.000355s ]
[ sql ] [ SQL ] SELECT COUNT(*) AS tp_count FROM `chat_log` WHERE  `fromid` = 11033  AND `toid` = 704  AND `is_read` = 0 LIMIT 1 [ RunTime:0.000305s ]
[ sql ] [ SQL ] SELECT COUNT(*) AS tp_count FROM `chat_log` WHERE  `fromid` = 11040  AND `toid` = 704  AND `is_read` = 0 LIMIT 1 [ RunTime:0.002571s ]
[ sql ] [ SQL ] SELECT COUNT(*) AS tp_count FROM `chat_log` WHERE  `fromid` = 11049  AND `toid` = 704  AND `is_read` = 0 LIMIT 1 [ RunTime:0.001148s ]
[ sql ] [ SQL ] SELECT COUNT(*) AS tp_count FROM `chat_log` WHERE  `fromid` = 11108  AND `toid` = 704  AND `is_read` = 0 LIMIT 1 [ RunTime:0.000317s ]
[ sql ] [ SQL ] SELECT COUNT(*) AS tp_count FROM `chat_log` WHERE  `fromid` = 11109  AND `toid` = 704  AND `is_read` = 0 LIMIT 1 [ RunTime:0.000277s ]
[ sql ] [ SQL ] SELECT COUNT(*) AS tp_count FROM `chat_log` WHERE  `fromid` = 11116  AND `toid` = 704  AND `is_read` = 0 LIMIT 1 [ RunTime:0.000353s ]
[ sql ] [ SQL ] SELECT COUNT(*) AS tp_count FROM `chat_log` WHERE  `fromid` = 11180  AND `toid` = 704  AND `is_read` = 0 LIMIT 1 [ RunTime:0.002253s ]
[ sql ] [ SQL ] SELECT COUNT(*) AS tp_count FROM `chat_log` WHERE  `fromid` = 11186  AND `toid` = 704  AND `is_read` = 0 LIMIT 1 [ RunTime:0.000270s ]
[ sql ] [ SQL ] SELECT COUNT(*) AS tp_count FROM `chat_log` WHERE  `fromid` = 11220  AND `toid` = 704  AND `is_read` = 0 LIMIT 1 [ RunTime:0.002972s ]
[ sql ] [ SQL ] SELECT COUNT(*) AS tp_count FROM `chat_log` WHERE  `fromid` = 11238  AND `toid` = 704  AND `is_read` = 0 LIMIT 1 [ RunTime:0.000261s ]
[ sql ] [ SQL ] SELECT COUNT(*) AS tp_count FROM `chat_log` WHERE  `fromid` = 11240  AND `toid` = 704  AND `is_read` = 0 LIMIT 1 [ RunTime:0.002108s ]
[ sql ] [ SQL ] SELECT COUNT(*) AS tp_count FROM `chat_log` WHERE  `fromid` = 11259  AND `toid` = 704  AND `is_read` = 0 LIMIT 1 [ RunTime:0.000312s ]
[ sql ] [ SQL ] SELECT COUNT(*) AS tp_count FROM `chat_log` WHERE  `fromid` = 11346  AND `toid` = 704  AND `is_read` = 0 LIMIT 1 [ RunTime:0.000887s ]
[ sql ] [ SQL ] SELECT COUNT(*) AS tp_count FROM `chat_log` WHERE  `fromid` = 11348  AND `toid` = 704  AND `is_read` = 0 LIMIT 1 [ RunTime:0.003219s ]
[ sql ] [ SQL ] SELECT COUNT(*) AS tp_count FROM `chat_log` WHERE  `fromid` = 11352  AND `toid` = 704  AND `is_read` = 0 LIMIT 1 [ RunTime:0.003219s ]
[ sql ] [ SQL ] SELECT COUNT(*) AS tp_count FROM `chat_log` WHERE  `fromid` = 11359  AND `toid` = 704  AND `is_read` = 0 LIMIT 1 [ RunTime:0.002397s ]
[ sql ] [ SQL ] SELECT COUNT(*) AS tp_count FROM `chat_log` WHERE  `fromid` = 11370  AND `toid` = 704  AND `is_read` = 0 LIMIT 1 [ RunTime:0.002547s ]
[ sql ] [ SQL ] SELECT COUNT(*) AS tp_count FROM `chat_log` WHERE  `fromid` = 11459  AND `toid` = 704  AND `is_read` = 0 LIMIT 1 [ RunTime:0.000277s ]
[ sql ] [ SQL ] SELECT COUNT(*) AS tp_count FROM `chat_log` WHERE  `fromid` = 11460  AND `toid` = 704  AND `is_read` = 0 LIMIT 1 [ RunTime:0.001394s ]
[ sql ] [ SQL ] SELECT COUNT(*) AS tp_count FROM `chat_log` WHERE  `fromid` = 11509  AND `toid` = 704  AND `is_read` = 0 LIMIT 1 [ RunTime:0.002354s ]
[ sql ] [ SQL ] SELECT COUNT(*) AS tp_count FROM `chat_log` WHERE  `fromid` = 11559  AND `toid` = 704  AND `is_read` = 0 LIMIT 1 [ RunTime:0.003012s ]
[ sql ] [ SQL ] SELECT COUNT(*) AS tp_count FROM `chat_log` WHERE  `fromid` = 11587  AND `toid` = 704  AND `is_read` = 0 LIMIT 1 [ RunTime:0.001691s ]
[ sql ] [ SQL ] SELECT COUNT(*) AS tp_count FROM `chat_log` WHERE  `fromid` = 11613  AND `toid` = 704  AND `is_read` = 0 LIMIT 1 [ RunTime:0.001615s ]
[ sql ] [ SQL ] SELECT COUNT(*) AS tp_count FROM `chat_log` WHERE  `fromid` = 11691  AND `toid` = 704  AND `is_read` = 0 LIMIT 1 [ RunTime:0.001597s ]
[ sql ] [ SQL ] SELECT COUNT(*) AS tp_count FROM `chat_log` WHERE  `fromid` = 11708  AND `toid` = 704  AND `is_read` = 0 LIMIT 1 [ RunTime:0.000377s ]
[ sql ] [ SQL ] SELECT COUNT(*) AS tp_count FROM `chat_log` WHERE  `fromid` = 11810  AND `toid` = 704  AND `is_read` = 0 LIMIT 1 [ RunTime:0.002160s ]
[ sql ] [ SQL ] SELECT COUNT(*) AS tp_count FROM `chat_log` WHERE  `fromid` = 11813  AND `toid` = 704  AND `is_read` = 0 LIMIT 1 [ RunTime:0.000281s ]
[ sql ] [ SQL ] SELECT COUNT(*) AS tp_count FROM `chat_log` WHERE  `fromid` = 11884  AND `toid` = 704  AND `is_read` = 0 LIMIT 1 [ RunTime:0.002849s ]
[ sql ] [ SQL ] SELECT COUNT(*) AS tp_count FROM `chat_log` WHERE  `fromid` = 11934  AND `toid` = 704  AND `is_read` = 0 LIMIT 1 [ RunTime:0.002478s ]
[ sql ] [ SQL ] SELECT COUNT(*) AS tp_count FROM `chat_log` WHERE  `fromid` = 11951  AND `toid` = 704  AND `is_read` = 0 LIMIT 1 [ RunTime:0.000334s ]
[ sql ] [ SQL ] SELECT COUNT(*) AS tp_count FROM `chat_log` WHERE  `fromid` = 12016  AND `toid` = 704  AND `is_read` = 0 LIMIT 1 [ RunTime:0.000283s ]
[ sql ] [ SQL ] SELECT COUNT(*) AS tp_count FROM `chat_log` WHERE  `fromid` = 12037  AND `toid` = 704  AND `is_read` = 0 LIMIT 1 [ RunTime:0.000249s ]
[ sql ] [ SQL ] SELECT COUNT(*) AS tp_count FROM `chat_log` WHERE  `fromid` = 12053  AND `toid` = 704  AND `is_read` = 0 LIMIT 1 [ RunTime:0.000316s ]
[ sql ] [ SQL ] SELECT COUNT(*) AS tp_count FROM `chat_log` WHERE  `fromid` = 12087  AND `toid` = 704  AND `is_read` = 0 LIMIT 1 [ RunTime:0.002425s ]
[ sql ] [ SQL ] SELECT COUNT(*) AS tp_count FROM `chat_log` WHERE  `fromid` = 12280  AND `toid` = 704  AND `is_read` = 0 LIMIT 1 [ RunTime:0.002220s ]
[ sql ] [ SQL ] SELECT COUNT(*) AS tp_count FROM `chat_log` WHERE  `fromid` = 12284  AND `toid` = 704  AND `is_read` = 0 LIMIT 1 [ RunTime:0.000286s ]
[ sql ] [ SQL ] SELECT COUNT(*) AS tp_count FROM `chat_log` WHERE  `fromid` = 12315  AND `toid` = 704  AND `is_read` = 0 LIMIT 1 [ RunTime:0.002492s ]
[ sql ] [ SQL ] SELECT COUNT(*) AS tp_count FROM `chat_log` WHERE  `fromid` = 12323  AND `toid` = 704  AND `is_read` = 0 LIMIT 1 [ RunTime:0.000317s ]
[ sql ] [ SQL ] SELECT COUNT(*) AS tp_count FROM `chat_log` WHERE  `fromid` = 12364  AND `toid` = 704  AND `is_read` = 0 LIMIT 1 [ RunTime:0.002022s ]
[ sql ] [ SQL ] SELECT COUNT(*) AS tp_count FROM `chat_log` WHERE  `fromid` = 12433  AND `toid` = 704  AND `is_read` = 0 LIMIT 1 [ RunTime:0.002306s ]
[ sql ] [ SQL ] SELECT COUNT(*) AS tp_count FROM `chat_log` WHERE  `fromid` = 12437  AND `toid` = 704  AND `is_read` = 0 LIMIT 1 [ RunTime:0.000346s ]
[ sql ] [ SQL ] SELECT COUNT(*) AS tp_count FROM `chat_log` WHERE  `fromid` = 12472  AND `toid` = 704  AND `is_read` = 0 LIMIT 1 [ RunTime:0.002575s ]
[ sql ] [ SQL ] SELECT COUNT(*) AS tp_count FROM `chat_log` WHERE  `fromid` = 12560  AND `toid` = 704  AND `is_read` = 0 LIMIT 1 [ RunTime:0.000505s ]
[ sql ] [ SQL ] SELECT COUNT(*) AS tp_count FROM `chat_log` WHERE  `fromid` = 12596  AND `toid` = 704  AND `is_read` = 0 LIMIT 1 [ RunTime:0.002624s ]
[ sql ] [ SQL ] SELECT COUNT(*) AS tp_count FROM `chat_log` WHERE  `fromid` = 12625  AND `toid` = 704  AND `is_read` = 0 LIMIT 1 [ RunTime:0.002405s ]
[ sql ] [ SQL ] SELECT COUNT(*) AS tp_count FROM `chat_log` WHERE  `fromid` = 12646  AND `toid` = 704  AND `is_read` = 0 LIMIT 1 [ RunTime:0.002259s ]
[ sql ] [ SQL ] SELECT COUNT(*) AS tp_count FROM `chat_log` WHERE  `fromid` = 12856  AND `toid` = 704  AND `is_read` = 0 LIMIT 1 [ RunTime:0.000397s ]
[ sql ] [ SQL ] SELECT COUNT(*) AS tp_count FROM `chat_log` WHERE  `fromid` = 13009  AND `toid` = 704  AND `is_read` = 0 LIMIT 1 [ RunTime:0.002382s ]
[ sql ] [ SQL ] SELECT COUNT(*) AS tp_count FROM `chat_log` WHERE  `fromid` = 13029  AND `toid` = 704  AND `is_read` = 0 LIMIT 1 [ RunTime:0.003048s ]
[ sql ] [ SQL ] SELECT COUNT(*) AS tp_count FROM `chat_log` WHERE  `fromid` = 13037  AND `toid` = 704  AND `is_read` = 0 LIMIT 1 [ RunTime:0.002267s ]
[ sql ] [ SQL ] SELECT COUNT(*) AS tp_count FROM `chat_log` WHERE  `fromid` = 13176  AND `toid` = 704  AND `is_read` = 0 LIMIT 1 [ RunTime:0.002737s ]
[ sql ] [ SQL ] SELECT COUNT(*) AS tp_count FROM `chat_log` WHERE  `fromid` = 13183  AND `toid` = 704  AND `is_read` = 0 LIMIT 1 [ RunTime:0.000321s ]
[ sql ] [ SQL ] SELECT COUNT(*) AS tp_count FROM `chat_log` WHERE  `fromid` = 13206  AND `toid` = 704  AND `is_read` = 0 LIMIT 1 [ RunTime:0.000278s ]
[ sql ] [ SQL ] SELECT COUNT(*) AS tp_count FROM `chat_log` WHERE  `fromid` = 13213  AND `toid` = 704  AND `is_read` = 0 LIMIT 1 [ RunTime:0.002549s ]
[ sql ] [ SQL ] SELECT COUNT(*) AS tp_count FROM `chat_log` WHERE  `fromid` = 13219  AND `toid` = 704  AND `is_read` = 0 LIMIT 1 [ RunTime:0.002916s ]
[ sql ] [ SQL ] SELECT COUNT(*) AS tp_count FROM `chat_log` WHERE  `fromid` = 13261  AND `toid` = 704  AND `is_read` = 0 LIMIT 1 [ RunTime:0.002483s ]
[ sql ] [ SQL ] SELECT COUNT(*) AS tp_count FROM `chat_log` WHERE  `fromid` = 13269  AND `toid` = 704  AND `is_read` = 0 LIMIT 1 [ RunTime:0.002781s ]
[ sql ] [ SQL ] SELECT COUNT(*) AS tp_count FROM `chat_log` WHERE  `fromid` = 13292  AND `toid` = 704  AND `is_read` = 0 LIMIT 1 [ RunTime:0.000283s ]
[ sql ] [ SQL ] SELECT COUNT(*) AS tp_count FROM `chat_log` WHERE  `fromid` = 13410  AND `toid` = 704  AND `is_read` = 0 LIMIT 1 [ RunTime:0.000294s ]
[ sql ] [ SQL ] SELECT COUNT(*) AS tp_count FROM `chat_log` WHERE  `fromid` = 13597  AND `toid` = 704  AND `is_read` = 0 LIMIT 1 [ RunTime:0.002378s ]
[ sql ] [ SQL ] SELECT COUNT(*) AS tp_count FROM `chat_log` WHERE  `fromid` = 13711  AND `toid` = 704  AND `is_read` = 0 LIMIT 1 [ RunTime:0.000238s ]
[ sql ] [ SQL ] SELECT COUNT(*) AS tp_count FROM `chat_log` WHERE  `fromid` = 13894  AND `toid` = 704  AND `is_read` = 0 LIMIT 1 [ RunTime:0.002940s ]
[ sql ] [ SQL ] SELECT COUNT(*) AS tp_count FROM `chat_log` WHERE  `fromid` = 13996  AND `toid` = 704  AND `is_read` = 0 LIMIT 1 [ RunTime:0.002608s ]
[ sql ] [ SQL ] SELECT COUNT(*) AS tp_count FROM `chat_log` WHERE  `fromid` = 14257  AND `toid` = 704  AND `is_read` = 0 LIMIT 1 [ RunTime:0.003371s ]
[ sql ] [ SQL ] SELECT COUNT(*) AS tp_count FROM `chat_log` WHERE  `fromid` = 14409  AND `toid` = 704  AND `is_read` = 0 LIMIT 1 [ RunTime:0.003138s ]
[ sql ] [ SQL ] SELECT COUNT(*) AS tp_count FROM `chat_log` WHERE  `fromid` = 14479  AND `toid` = 704  AND `is_read` = 0 LIMIT 1 [ RunTime:0.000294s ]
[ sql ] [ SQL ] SELECT COUNT(*) AS tp_count FROM `chat_log` WHERE  `fromid` = 14528  AND `toid` = 704  AND `is_read` = 0 LIMIT 1 [ RunTime:0.000287s ]
[ sql ] [ SQL ] SELECT COUNT(*) AS tp_count FROM `chat_log` WHERE  `fromid` = 14532  AND `toid` = 704  AND `is_read` = 0 LIMIT 1 [ RunTime:0.000265s ]
[ sql ] [ SQL ] SELECT COUNT(*) AS tp_count FROM `chat_log` WHERE  `fromid` = 14559  AND `toid` = 704  AND `is_read` = 0 LIMIT 1 [ RunTime:0.000287s ]
[ sql ] [ SQL ] SELECT COUNT(*) AS tp_count FROM `chat_log` WHERE  `fromid` = 14594  AND `toid` = 704  AND `is_read` = 0 LIMIT 1 [ RunTime:0.000333s ]
[ sql ] [ SQL ] SELECT COUNT(*) AS tp_count FROM `chat_log` WHERE  `fromid` = 14602  AND `toid` = 704  AND `is_read` = 0 LIMIT 1 [ RunTime:0.000281s ]
[ sql ] [ SQL ] SELECT COUNT(*) AS tp_count FROM `chat_log` WHERE  `fromid` = 14615  AND `toid` = 704  AND `is_read` = 0 LIMIT 1 [ RunTime:0.003226s ]
[ sql ] [ SQL ] SELECT COUNT(*) AS tp_count FROM `chat_log` WHERE  `fromid` = 14618  AND `toid` = 704  AND `is_read` = 0 LIMIT 1 [ RunTime:0.003245s ]
---------------------------------------------------------------
[ 2020-04-02T17:14:08+08:00 ] 106.34.144.138 GET /index/mood/index.html
[ sql ] [ DB ] CONNECT:[ UseTime:0.000564s ] mysql:host=127.0.0.1;port=3306;dbname=henimeet;charset=utf8
[ sql ] [ SQL ] SHOW COLUMNS FROM `wy_users` [ RunTime:0.000973s ]
[ sql ] [ SQL ] SELECT * FROM `wy_users` WHERE  `user_id` = 704 LIMIT 1 [ RunTime:0.000430s ]
[ sql ] [ SQL ] SHOW COLUMNS FROM `chat_log` [ RunTime:0.000587s ]
[ sql ] [ SQL ] SELECT COUNT(*) AS tp_count FROM `chat_log` WHERE  `toid` = 704  AND `is_read` = 0 LIMIT 1 [ RunTime:0.000226s ]
[ sql ] [ SQL ] SELECT * FROM `wy_users` WHERE  `user_id` = 704 LIMIT 1 [ RunTime:0.000273s ]
[ sql ] [ SQL ] SHOW COLUMNS FROM `wy_online` [ RunTime:0.000524s ]
[ sql ] [ SQL ] SELECT * FROM `wy_online` WHERE  `user_id` = 704 LIMIT 1 [ RunTime:0.000312s ]
[ sql ] [ SQL ] UPDATE `wy_online`  SET `user_id`=704,`user_name`='PAUZZZ',`user_sex`=0,`user_ico`='http://www.pauzzz.com/uploadfiles/avatar/20190910/1568096892927_162.jpg',`active_time`=1585818848,`hidden`=0  WHERE  `user_id` = 704 [ RunTime:0.000459s ]
---------------------------------------------------------------
[ 2020-04-02T17:14:08+08:00 ] 106.34.144.138 GET /index/mood/index.html?page=1
[ sql ] [ DB ] CONNECT:[ UseTime:0.000569s ] mysql:host=127.0.0.1;port=3306;dbname=henimeet;charset=utf8
[ sql ] [ SQL ] SHOW COLUMNS FROM `wy_users` [ RunTime:0.001013s ]
[ sql ] [ SQL ] SELECT * FROM `wy_users` WHERE  `user_id` = 704 LIMIT 1 [ RunTime:0.000437s ]
[ sql ] [ SQL ] SHOW COLUMNS FROM `chat_log` [ RunTime:0.000583s ]
[ sql ] [ SQL ] SELECT COUNT(*) AS tp_count FROM `chat_log` WHERE  `toid` = 704  AND `is_read` = 0 LIMIT 1 [ RunTime:0.000197s ]
[ sql ] [ SQL ] SELECT * FROM `wy_users` WHERE  `user_id` = 704 LIMIT 1 [ RunTime:0.000290s ]
[ sql ] [ SQL ] SHOW COLUMNS FROM `wy_online` [ RunTime:0.000545s ]
[ sql ] [ SQL ] SELECT * FROM `wy_online` WHERE  `user_id` = 704 LIMIT 1 [ RunTime:0.000527s ]
[ sql ] [ SQL ] UPDATE `wy_online`  SET `user_id`=704,`user_name`='PAUZZZ',`user_sex`=0,`user_ico`='http://www.pauzzz.com/uploadfiles/avatar/20190910/1568096892927_162.jpg',`active_time`=1585818848,`hidden`=0  WHERE  `user_id` = 704 [ RunTime:0.000253s ]
[ sql ] [ SQL ] SHOW COLUMNS FROM `wy_recent_affair` [ RunTime:0.000493s ]
[ sql ] [ SQL ] SELECT COUNT(*) AS tp_count FROM `wy_recent_affair` `r` INNER JOIN `wy_users` `u` ON `r`.`user_id`=`u`.`user_id` WHERE  `r`.`user_id` <> '704'  AND `u`.`user_sex` <> '0' LIMIT 1 [ RunTime:0.000380s ]
[ sql ] [ SQL ] SELECT `r`.`id`,`r`.`type_id`,`r`.`title`,`r`.`content`,`r`.`user_id`,`r`.`user_name`,`r`.`update_time`,`r`.`for_content_id`,`u`.`user_ico`,`u`.`user_sex` FROM `wy_recent_affair` `r` INNER JOIN `wy_users` `u` ON `r`.`user_id`=`u`.`user_id` WHERE  `r`.`user_id` <> '704'  AND `u`.`user_sex` <> '0' ORDER BY r.id desc LIMIT 0,16 [ RunTime:0.000447s ]
[ sql ] [ SQL ] SHOW COLUMNS FROM `wy_mood` [ RunTime:0.000466s ]
[ sql ] [ SQL ] SELECT `mood_pic` FROM `wy_mood` WHERE  `mood_id` = 1229 LIMIT 1 [ RunTime:0.000169s ]
[ sql ] [ SQL ] SELECT `mood_pic` FROM `wy_mood` WHERE  `mood_id` = 1228 LIMIT 1 [ RunTime:0.000157s ]
[ sql ] [ SQL ] SELECT `mood_pic` FROM `wy_mood` WHERE  `mood_id` = 1223 LIMIT 1 [ RunTime:0.000150s ]
[ sql ] [ SQL ] SELECT `mood_pic` FROM `wy_mood` WHERE  `mood_id` = 1221 LIMIT 1 [ RunTime:0.000167s ]
[ sql ] [ SQL ] SELECT `mood_pic` FROM `wy_mood` WHERE  `mood_id` = 1220 LIMIT 1 [ RunTime:0.000151s ]
[ sql ] [ SQL ] SELECT `mood_pic` FROM `wy_mood` WHERE  `mood_id` = 1219 LIMIT 1 [ RunTime:0.000151s ]
[ sql ] [ SQL ] SELECT `mood_pic` FROM `wy_mood` WHERE  `mood_id` = 1216 LIMIT 1 [ RunTime:0.000157s ]
[ sql ] [ SQL ] SELECT `mood_pic` FROM `wy_mood` WHERE  `mood_id` = 1214 LIMIT 1 [ RunTime:0.000181s ]
[ sql ] [ SQL ] SELECT `mood_pic` FROM `wy_mood` WHERE  `mood_id` = 1213 LIMIT 1 [ RunTime:0.000168s ]
[ sql ] [ SQL ] SELECT `mood_pic` FROM `wy_mood` WHERE  `mood_id` = 1212 LIMIT 1 [ RunTime:0.000169s ]
[ sql ] [ SQL ] SELECT `mood_pic` FROM `wy_mood` WHERE  `mood_id` = 1211 LIMIT 1 [ RunTime:0.000154s ]
[ sql ] [ SQL ] SELECT `mood_pic` FROM `wy_mood` WHERE  `mood_id` = 1194 LIMIT 1 [ RunTime:0.000151s ]
[ sql ] [ SQL ] SELECT `r`.`id`,`r`.`type_id`,`r`.`title`,`r`.`content`,`r`.`user_id`,`r`.`user_name`,`r`.`update_time`,`r`.`for_content_id`,`u`.`user_ico`,`u`.`user_sex` FROM `wy_recent_affair` `r` INNER JOIN `wy_users` `u` ON `r`.`user_id`=`u`.`user_id` WHERE  `r`.`user_id` = '704' ORDER BY r.id desc LIMIT 1 [ RunTime:0.000284s ]
---------------------------------------------------------------
[ 2020-04-02T20:43:15+08:00 ] 106.34.144.138 GET /index/main/index.html
[ sql ] [ DB ] CONNECT:[ UseTime:0.000554s ] mysql:host=127.0.0.1;port=3306;dbname=henimeet;charset=utf8
[ sql ] [ SQL ] SHOW COLUMNS FROM `wy_users` [ RunTime:0.001026s ]
[ sql ] [ SQL ] SELECT * FROM `wy_users` WHERE  `user_id` = 704 LIMIT 1 [ RunTime:0.000586s ]
[ sql ] [ SQL ] SHOW COLUMNS FROM `chat_log` [ RunTime:0.000568s ]
[ sql ] [ SQL ] SELECT COUNT(*) AS tp_count FROM `chat_log` WHERE  `toid` = 704  AND `is_read` = 0 LIMIT 1 [ RunTime:0.003533s ]
[ sql ] [ SQL ] SELECT * FROM `wy_users` WHERE  `user_id` = 704 LIMIT 1 [ RunTime:0.000283s ]
[ sql ] [ SQL ] SHOW COLUMNS FROM `wy_online` [ RunTime:0.000521s ]
[ sql ] [ SQL ] SELECT * FROM `wy_online` WHERE  `user_id` = 704 LIMIT 1 [ RunTime:0.000269s ]
[ sql ] [ SQL ] UPDATE `wy_online`  SET `user_id`=704,`user_name`='PAUZZZ',`user_sex`=0,`user_ico`='http://www.pauzzz.com/uploadfiles/avatar/20190910/1568096892927_162.jpg',`active_time`=1585831395,`hidden`=0  WHERE  `user_id` = 704 [ RunTime:0.000380s ]
---------------------------------------------------------------
[ 2020-04-02T20:43:16+08:00 ] 106.34.144.138 GET /index/main/query/page/1.html
[ sql ] [ DB ] CONNECT:[ UseTime:0.000613s ] mysql:host=127.0.0.1;port=3306;dbname=henimeet;charset=utf8
[ sql ] [ SQL ] SHOW COLUMNS FROM `wy_users` [ RunTime:0.001012s ]
[ sql ] [ SQL ] SELECT * FROM `wy_users` WHERE  `user_id` = 704 LIMIT 1 [ RunTime:0.000464s ]
[ sql ] [ SQL ] SHOW COLUMNS FROM `chat_log` [ RunTime:0.000551s ]
[ sql ] [ SQL ] SELECT COUNT(*) AS tp_count FROM `chat_log` WHERE  `toid` = 704  AND `is_read` = 0 LIMIT 1 [ RunTime:0.000199s ]
[ sql ] [ SQL ] SELECT * FROM `wy_users` WHERE  `user_id` = 704 LIMIT 1 [ RunTime:0.000300s ]
[ sql ] [ SQL ] SHOW COLUMNS FROM `wy_online` [ RunTime:0.000501s ]
[ sql ] [ SQL ] SELECT * FROM `wy_online` WHERE  `user_id` = 704 LIMIT 1 [ RunTime:0.000291s ]
[ sql ] [ SQL ] UPDATE `wy_online`  SET `user_id`=704,`user_name`='PAUZZZ',`user_sex`=0,`user_ico`='http://www.pauzzz.com/uploadfiles/avatar/20190910/1568096892927_162.jpg',`active_time`=1585831396,`hidden`=0  WHERE  `user_id` = 704 [ RunTime:0.000390s ]
[ sql ] [ SQL ] SELECT COUNT(*) AS tp_count FROM `wy_users` WHERE  `user_sex` <> 0  AND `is_pass` <> 0 LIMIT 1 [ RunTime:0.010371s ]
[ sql ] [ SQL ] SELECT `u`.`user_name`,`u`.`user_ico`,`u`.`user_sex`,`u`.`user_group`,`u`.`user_id`,`o`.`online_id` FROM `wy_users` `u` LEFT JOIN `wy_online` `o` ON `u`.`user_id`=`o`.`user_id` WHERE  (  u.user_sex != '0' and u.is_pass!='0' ) ORDER BY u.is_service desc, o.active_time desc LIMIT 0,16 [ RunTime:0.019802s ]
---------------------------------------------------------------
[ 2020-04-02T22:38:29+08:00 ] 106.34.144.138 GET /index/main/index.html
[ sql ] [ DB ] CONNECT:[ UseTime:0.000605s ] mysql:host=127.0.0.1;port=3306;dbname=henimeet;charset=utf8
[ sql ] [ SQL ] SHOW COLUMNS FROM `wy_users` [ RunTime:0.001034s ]
[ sql ] [ SQL ] SELECT * FROM `wy_users` WHERE  `user_id` = 704 LIMIT 1 [ RunTime:0.000432s ]
[ sql ] [ SQL ] SHOW COLUMNS FROM `chat_log` [ RunTime:0.000536s ]
[ sql ] [ SQL ] SELECT COUNT(*) AS tp_count FROM `chat_log` WHERE  `toid` = 704  AND `is_read` = 0 LIMIT 1 [ RunTime:0.000198s ]
[ sql ] [ SQL ] SELECT * FROM `wy_users` WHERE  `user_id` = 704 LIMIT 1 [ RunTime:0.000271s ]
[ sql ] [ SQL ] SHOW COLUMNS FROM `wy_online` [ RunTime:0.000515s ]
[ sql ] [ SQL ] SELECT * FROM `wy_online` WHERE  `user_id` = 704 LIMIT 1 [ RunTime:0.000265s ]
[ sql ] [ SQL ] UPDATE `wy_online`  SET `user_id`=704,`user_name`='PAUZZZ',`user_sex`=0,`user_ico`='http://www.pauzzz.com/uploadfiles/avatar/20190910/1568096892927_162.jpg',`active_time`=1585838309,`hidden`=0  WHERE  `user_id` = 704 [ RunTime:0.000391s ]
---------------------------------------------------------------
[ 2020-04-02T22:38:29+08:00 ] 106.34.144.138 GET /index/main/query/page/1.html
[ sql ] [ DB ] CONNECT:[ UseTime:0.000580s ] mysql:host=127.0.0.1;port=3306;dbname=henimeet;charset=utf8
[ sql ] [ SQL ] SHOW COLUMNS FROM `wy_users` [ RunTime:0.001034s ]
[ sql ] [ SQL ] SELECT * FROM `wy_users` WHERE  `user_id` = 704 LIMIT 1 [ RunTime:0.000430s ]
[ sql ] [ SQL ] SHOW COLUMNS FROM `chat_log` [ RunTime:0.000538s ]
[ sql ] [ SQL ] SELECT COUNT(*) AS tp_count FROM `chat_log` WHERE  `toid` = 704  AND `is_read` = 0 LIMIT 1 [ RunTime:0.000229s ]
[ sql ] [ SQL ] SELECT * FROM `wy_users` WHERE  `user_id` = 704 LIMIT 1 [ RunTime:0.000265s ]
[ sql ] [ SQL ] SHOW COLUMNS FROM `wy_online` [ RunTime:0.000530s ]
[ sql ] [ SQL ] SELECT * FROM `wy_online` WHERE  `user_id` = 704 LIMIT 1 [ RunTime:0.000295s ]
[ sql ] [ SQL ] UPDATE `wy_online`  SET `user_id`=704,`user_name`='PAUZZZ',`user_sex`=0,`user_ico`='http://www.pauzzz.com/uploadfiles/avatar/20190910/1568096892927_162.jpg',`active_time`=1585838309,`hidden`=0  WHERE  `user_id` = 704 [ RunTime:0.000254s ]
[ sql ] [ SQL ] SELECT COUNT(*) AS tp_count FROM `wy_users` WHERE  `user_sex` <> 0  AND `is_pass` <> 0 LIMIT 1 [ RunTime:0.000181s ]
[ sql ] [ SQL ] SELECT `u`.`user_name`,`u`.`user_ico`,`u`.`user_sex`,`u`.`user_group`,`u`.`user_id`,`o`.`online_id` FROM `wy_users` `u` LEFT JOIN `wy_online` `o` ON `u`.`user_id`=`o`.`user_id` WHERE  (  u.user_sex != '0' and u.is_pass!='0' ) ORDER BY u.is_service desc, o.active_time desc LIMIT 0,16 [ RunTime:0.019847s ]
