---------------------------------------------------------------
[ 2020-04-18T08:19:05+08:00 ] 106.34.15.162 GET /index/main/index.html
[ sql ] [ DB ] CONNECT:[ UseTime:0.000632s ] mysql:host=127.0.0.1;port=3306;dbname=henimeet;charset=utf8
[ sql ] [ SQL ] SHOW COLUMNS FROM `wy_users` [ RunTime:0.001050s ]
[ sql ] [ SQL ] SELECT * FROM `wy_users` WHERE  `user_id` = 704 LIMIT 1 [ RunTime:0.000613s ]
[ sql ] [ SQL ] SHOW COLUMNS FROM `chat_log` [ RunTime:0.000561s ]
[ sql ] [ SQL ] SELECT COUNT(*) AS tp_count FROM `chat_log` WHERE  `toid` = 704  AND `is_read` = 0 LIMIT 1 [ RunTime:0.003681s ]
[ sql ] [ SQL ] SELECT * FROM `wy_users` WHERE  `user_id` = 704 LIMIT 1 [ RunTime:0.000283s ]
[ sql ] [ SQL ] SHOW COLUMNS FROM `wy_online` [ RunTime:0.000515s ]
[ sql ] [ SQL ] SELECT * FROM `wy_online` WHERE  `user_id` = 704 LIMIT 1 [ RunTime:0.000260s ]
[ sql ] [ SQL ] INSERT INTO `wy_online` (`user_id` , `user_name` , `user_sex` , `user_ico` , `active_time` , `hidden`) VALUES (704 , 'PAUZZZ' , 0 , 'http://www.pauzzz.com/uploadfiles/avatar/20190910/1568096892927_162.jpg' , 1587169145 , 0) [ RunTime:0.001090s ]
---------------------------------------------------------------
[ 2020-04-18T08:19:07+08:00 ] 106.34.15.162 GET /index/main/query/page/1.html
[ sql ] [ DB ] CONNECT:[ UseTime:0.000626s ] mysql:host=127.0.0.1;port=3306;dbname=henimeet;charset=utf8
[ sql ] [ SQL ] SHOW COLUMNS FROM `wy_users` [ RunTime:0.001049s ]
[ sql ] [ SQL ] SELECT * FROM `wy_users` WHERE  `user_id` = 704 LIMIT 1 [ RunTime:0.000430s ]
[ sql ] [ SQL ] SHOW COLUMNS FROM `chat_log` [ RunTime:0.000543s ]
[ sql ] [ SQL ] SELECT COUNT(*) AS tp_count FROM `chat_log` WHERE  `toid` = 704  AND `is_read` = 0 LIMIT 1 [ RunTime:0.000192s ]
[ sql ] [ SQL ] SELECT * FROM `wy_users` WHERE  `user_id` = 704 LIMIT 1 [ RunTime:0.000279s ]
[ sql ] [ SQL ] SHOW COLUMNS FROM `wy_online` [ RunTime:0.000521s ]
[ sql ] [ SQL ] SELECT * FROM `wy_online` WHERE  `user_id` = 704 LIMIT 1 [ RunTime:0.000258s ]
[ sql ] [ SQL ] UPDATE `wy_online`  SET `user_id`=704,`user_name`='PAUZZZ',`user_sex`=0,`user_ico`='http://www.pauzzz.com/uploadfiles/avatar/20190910/1568096892927_162.jpg',`active_time`=1587169147,`hidden`=0  WHERE  `user_id` = 704 [ RunTime:0.000480s ]
[ sql ] [ SQL ] SELECT COUNT(*) AS tp_count FROM `wy_users` WHERE  `user_sex` <> 0  AND `is_pass` <> 0 LIMIT 1 [ RunTime:0.010566s ]
[ sql ] [ SQL ] SELECT `u`.`user_name`,`u`.`user_ico`,`u`.`user_sex`,`u`.`user_group`,`u`.`user_id`,`o`.`online_id` FROM `wy_users` `u` LEFT JOIN `wy_online` `o` ON `u`.`user_id`=`o`.`user_id` WHERE  (  u.user_sex != '0' and u.is_pass!='0' ) ORDER BY u.is_service desc, o.active_time desc LIMIT 0,16 [ RunTime:0.019994s ]
---------------------------------------------------------------
[ 2020-04-18T10:26:31+08:00 ] 117.136.105.245 GET /index/main/index.html
[ sql ] [ DB ] CONNECT:[ UseTime:0.000615s ] mysql:host=127.0.0.1;port=3306;dbname=henimeet;charset=utf8
[ sql ] [ SQL ] SHOW COLUMNS FROM `wy_users` [ RunTime:0.001009s ]
[ sql ] [ SQL ] SELECT * FROM `wy_users` WHERE  `user_id` = 5615 LIMIT 1 [ RunTime:0.000574s ]
[ sql ] [ SQL ] SHOW COLUMNS FROM `chat_log` [ RunTime:0.000537s ]
[ sql ] [ SQL ] SELECT COUNT(*) AS tp_count FROM `chat_log` WHERE  `toid` = 5615  AND `is_read` = 0 LIMIT 1 [ RunTime:0.000672s ]
[ sql ] [ SQL ] SELECT * FROM `wy_users` WHERE  `user_id` = 5615 LIMIT 1 [ RunTime:0.000285s ]
[ sql ] [ SQL ] SHOW COLUMNS FROM `wy_online` [ RunTime:0.000529s ]
[ sql ] [ SQL ] SELECT * FROM `wy_online` WHERE  `user_id` = 5615 LIMIT 1 [ RunTime:0.000237s ]
[ sql ] [ SQL ] UPDATE `wy_online`  SET `user_id`=5615,`user_name`='半夏少女心',`user_sex`=0,`user_ico`='http://www.pauzzz.com/uploadfiles/avatar/20190219/1550554212564_162.jpg',`active_time`=1587176791,`hidden`=0  WHERE  `user_id` = 5615 [ RunTime:0.000772s ]
---------------------------------------------------------------
[ 2020-04-18T10:26:32+08:00 ] 117.136.105.245 GET /index/main/query/page/1.html
[ sql ] [ DB ] CONNECT:[ UseTime:0.000728s ] mysql:host=127.0.0.1;port=3306;dbname=henimeet;charset=utf8
[ sql ] [ SQL ] SHOW COLUMNS FROM `wy_users` [ RunTime:0.001267s ]
[ sql ] [ SQL ] SELECT * FROM `wy_users` WHERE  `user_id` = 5615 LIMIT 1 [ RunTime:0.000408s ]
[ sql ] [ SQL ] SHOW COLUMNS FROM `chat_log` [ RunTime:0.000555s ]
[ sql ] [ SQL ] SELECT COUNT(*) AS tp_count FROM `chat_log` WHERE  `toid` = 5615  AND `is_read` = 0 LIMIT 1 [ RunTime:0.000183s ]
[ sql ] [ SQL ] SELECT * FROM `wy_users` WHERE  `user_id` = 5615 LIMIT 1 [ RunTime:0.000289s ]
[ sql ] [ SQL ] SHOW COLUMNS FROM `wy_online` [ RunTime:0.000498s ]
[ sql ] [ SQL ] SELECT * FROM `wy_online` WHERE  `user_id` = 5615 LIMIT 1 [ RunTime:0.000241s ]
[ sql ] [ SQL ] UPDATE `wy_online`  SET `user_id`=5615,`user_name`='半夏少女心',`user_sex`=0,`user_ico`='http://www.pauzzz.com/uploadfiles/avatar/20190219/1550554212564_162.jpg',`active_time`=1587176792,`hidden`=0  WHERE  `user_id` = 5615 [ RunTime:0.000753s ]
[ sql ] [ SQL ] SELECT COUNT(*) AS tp_count FROM `wy_users` WHERE  `user_sex` <> 0  AND `is_pass` <> 0 LIMIT 1 [ RunTime:0.010566s ]
[ sql ] [ SQL ] SELECT `u`.`user_name`,`u`.`user_ico`,`u`.`user_sex`,`u`.`user_group`,`u`.`user_id`,`o`.`online_id` FROM `wy_users` `u` LEFT JOIN `wy_online` `o` ON `u`.`user_id`=`o`.`user_id` WHERE  (  u.user_sex != '0' and u.is_pass!='0' ) ORDER BY u.is_service desc, o.active_time desc LIMIT 0,16 [ RunTime:0.019745s ]
---------------------------------------------------------------
[ 2020-04-18T10:26:35+08:00 ] 117.136.105.245 GET /index/user/index.html
[ sql ] [ DB ] CONNECT:[ UseTime:0.000634s ] mysql:host=127.0.0.1;port=3306;dbname=henimeet;charset=utf8
[ sql ] [ SQL ] SHOW COLUMNS FROM `wy_users` [ RunTime:0.001014s ]
[ sql ] [ SQL ] SELECT * FROM `wy_users` WHERE  `user_id` = 5615 LIMIT 1 [ RunTime:0.000432s ]
[ sql ] [ SQL ] SHOW COLUMNS FROM `chat_log` [ RunTime:0.000573s ]
[ sql ] [ SQL ] SELECT COUNT(*) AS tp_count FROM `chat_log` WHERE  `toid` = 5615  AND `is_read` = 0 LIMIT 1 [ RunTime:0.000190s ]
[ sql ] [ SQL ] SELECT * FROM `wy_users` WHERE  `user_id` = 5615 LIMIT 1 [ RunTime:0.000279s ]
[ sql ] [ SQL ] SHOW COLUMNS FROM `wy_online` [ RunTime:0.000524s ]
[ sql ] [ SQL ] SELECT * FROM `wy_online` WHERE  `user_id` = 5615 LIMIT 1 [ RunTime:0.000257s ]
[ sql ] [ SQL ] UPDATE `wy_online`  SET `user_id`=5615,`user_name`='半夏少女心',`user_sex`=0,`user_ico`='http://www.pauzzz.com/uploadfiles/avatar/20190219/1550554212564_162.jpg',`active_time`=1587176795,`hidden`=0  WHERE  `user_id` = 5615 [ RunTime:0.000673s ]
[ sql ] [ SQL ] SELECT * FROM `wy_users` WHERE  `user_id` = 5615 LIMIT 1 [ RunTime:0.000490s ]
---------------------------------------------------------------
[ 2020-04-18T10:26:37+08:00 ] 117.136.105.245 GET /index/mall/index.html
[ sql ] [ DB ] CONNECT:[ UseTime:0.000598s ] mysql:host=127.0.0.1;port=3306;dbname=henimeet;charset=utf8
[ sql ] [ SQL ] SHOW COLUMNS FROM `wy_users` [ RunTime:0.001021s ]
[ sql ] [ SQL ] SELECT * FROM `wy_users` WHERE  `user_id` = 5615 LIMIT 1 [ RunTime:0.000456s ]
[ sql ] [ SQL ] SHOW COLUMNS FROM `chat_log` [ RunTime:0.000558s ]
[ sql ] [ SQL ] SELECT COUNT(*) AS tp_count FROM `chat_log` WHERE  `toid` = 5615  AND `is_read` = 0 LIMIT 1 [ RunTime:0.000192s ]
[ sql ] [ SQL ] SELECT * FROM `wy_users` WHERE  `user_id` = 5615 LIMIT 1 [ RunTime:0.000298s ]
[ sql ] [ SQL ] SHOW COLUMNS FROM `wy_online` [ RunTime:0.000510s ]
[ sql ] [ SQL ] SELECT * FROM `wy_online` WHERE  `user_id` = 5615 LIMIT 1 [ RunTime:0.000267s ]
[ sql ] [ SQL ] UPDATE `wy_online`  SET `user_id`=5615,`user_name`='半夏少女心',`user_sex`=0,`user_ico`='http://www.pauzzz.com/uploadfiles/avatar/20190219/1550554212564_162.jpg',`active_time`=1587176797,`hidden`=0  WHERE  `user_id` = 5615 [ RunTime:0.000490s ]
[ sql ] [ SQL ] SHOW COLUMNS FROM `gift_shop` [ RunTime:0.000529s ]
[ sql ] [ SQL ] SELECT * FROM `gift_shop` WHERE  `typeid` = 2 [ RunTime:0.000184s ]
[ sql ] [ SQL ] SELECT * FROM `gift_shop` WHERE  `typeid` = 3 [ RunTime:0.000180s ]
[ sql ] [ SQL ] SELECT * FROM `gift_shop` WHERE  `typeid` = 4 [ RunTime:0.000293s ]
---------------------------------------------------------------
[ 2020-04-18T10:26:41+08:00 ] 117.136.105.245 GET /index/mall/detail/id/511.html
[ sql ] [ DB ] CONNECT:[ UseTime:0.000609s ] mysql:host=127.0.0.1;port=3306;dbname=henimeet;charset=utf8
[ sql ] [ SQL ] SHOW COLUMNS FROM `wy_users` [ RunTime:0.001012s ]
[ sql ] [ SQL ] SELECT * FROM `wy_users` WHERE  `user_id` = 5615 LIMIT 1 [ RunTime:0.000458s ]
[ sql ] [ SQL ] SHOW COLUMNS FROM `chat_log` [ RunTime:0.000557s ]
[ sql ] [ SQL ] SELECT COUNT(*) AS tp_count FROM `chat_log` WHERE  `toid` = 5615  AND `is_read` = 0 LIMIT 1 [ RunTime:0.000189s ]
[ sql ] [ SQL ] SELECT * FROM `wy_users` WHERE  `user_id` = 5615 LIMIT 1 [ RunTime:0.000303s ]
[ sql ] [ SQL ] SHOW COLUMNS FROM `wy_online` [ RunTime:0.000503s ]
[ sql ] [ SQL ] SELECT * FROM `wy_online` WHERE  `user_id` = 5615 LIMIT 1 [ RunTime:0.000254s ]
[ sql ] [ SQL ] UPDATE `wy_online`  SET `user_id`=5615,`user_name`='半夏少女心',`user_sex`=0,`user_ico`='http://www.pauzzz.com/uploadfiles/avatar/20190219/1550554212564_162.jpg',`active_time`=1587176801,`hidden`=0  WHERE  `user_id` = 5615 [ RunTime:0.001309s ]
[ sql ] [ SQL ] SHOW COLUMNS FROM `gift_shop` [ RunTime:0.000507s ]
[ sql ] [ SQL ] SELECT * FROM `gift_shop` WHERE  `id` = 511 LIMIT 1 [ RunTime:0.000255s ]
---------------------------------------------------------------
[ 2020-04-18T10:27:13+08:00 ] 117.136.105.245 GET /index/mall/detail/id/559.html
[ sql ] [ DB ] CONNECT:[ UseTime:0.000561s ] mysql:host=127.0.0.1;port=3306;dbname=henimeet;charset=utf8
[ sql ] [ SQL ] SHOW COLUMNS FROM `wy_users` [ RunTime:0.000988s ]
[ sql ] [ SQL ] SELECT * FROM `wy_users` WHERE  `user_id` = 5615 LIMIT 1 [ RunTime:0.000428s ]
[ sql ] [ SQL ] SHOW COLUMNS FROM `chat_log` [ RunTime:0.000566s ]
[ sql ] [ SQL ] SELECT COUNT(*) AS tp_count FROM `chat_log` WHERE  `toid` = 5615  AND `is_read` = 0 LIMIT 1 [ RunTime:0.000194s ]
[ sql ] [ SQL ] SELECT * FROM `wy_users` WHERE  `user_id` = 5615 LIMIT 1 [ RunTime:0.000284s ]
[ sql ] [ SQL ] SHOW COLUMNS FROM `wy_online` [ RunTime:0.000509s ]
[ sql ] [ SQL ] SELECT * FROM `wy_online` WHERE  `user_id` = 5615 LIMIT 1 [ RunTime:0.000251s ]
[ sql ] [ SQL ] UPDATE `wy_online`  SET `user_id`=5615,`user_name`='半夏少女心',`user_sex`=0,`user_ico`='http://www.pauzzz.com/uploadfiles/avatar/20190219/1550554212564_162.jpg',`active_time`=1587176833,`hidden`=0  WHERE  `user_id` = 5615 [ RunTime:0.000477s ]
[ sql ] [ SQL ] SHOW COLUMNS FROM `gift_shop` [ RunTime:0.000518s ]
[ sql ] [ SQL ] SELECT * FROM `gift_shop` WHERE  `id` = 559 LIMIT 1 [ RunTime:0.000249s ]
---------------------------------------------------------------
[ 2020-04-18T10:27:32+08:00 ] 117.136.105.245 GET /index/mall/detail/id/561.html
[ sql ] [ DB ] CONNECT:[ UseTime:0.000588s ] mysql:host=127.0.0.1;port=3306;dbname=henimeet;charset=utf8
[ sql ] [ SQL ] SHOW COLUMNS FROM `wy_users` [ RunTime:0.000997s ]
[ sql ] [ SQL ] SELECT * FROM `wy_users` WHERE  `user_id` = 5615 LIMIT 1 [ RunTime:0.000442s ]
[ sql ] [ SQL ] SHOW COLUMNS FROM `chat_log` [ RunTime:0.000567s ]
[ sql ] [ SQL ] SELECT COUNT(*) AS tp_count FROM `chat_log` WHERE  `toid` = 5615  AND `is_read` = 0 LIMIT 1 [ RunTime:0.000199s ]
[ sql ] [ SQL ] SELECT * FROM `wy_users` WHERE  `user_id` = 5615 LIMIT 1 [ RunTime:0.000316s ]
[ sql ] [ SQL ] SHOW COLUMNS FROM `wy_online` [ RunTime:0.000506s ]
[ sql ] [ SQL ] SELECT * FROM `wy_online` WHERE  `user_id` = 5615 LIMIT 1 [ RunTime:0.000263s ]
[ sql ] [ SQL ] UPDATE `wy_online`  SET `user_id`=5615,`user_name`='半夏少女心',`user_sex`=0,`user_ico`='http://www.pauzzz.com/uploadfiles/avatar/20190219/1550554212564_162.jpg',`active_time`=1587176852,`hidden`=0  WHERE  `user_id` = 5615 [ RunTime:0.000315s ]
[ sql ] [ SQL ] SHOW COLUMNS FROM `gift_shop` [ RunTime:0.000509s ]
[ sql ] [ SQL ] SELECT * FROM `gift_shop` WHERE  `id` = 561 LIMIT 1 [ RunTime:0.000242s ]
---------------------------------------------------------------
[ 2020-04-18T10:27:46+08:00 ] 117.136.105.245 GET /index/mall/detail/id/574.html
[ sql ] [ DB ] CONNECT:[ UseTime:0.000657s ] mysql:host=127.0.0.1;port=3306;dbname=henimeet;charset=utf8
[ sql ] [ SQL ] SHOW COLUMNS FROM `wy_users` [ RunTime:0.001042s ]
[ sql ] [ SQL ] SELECT * FROM `wy_users` WHERE  `user_id` = 5615 LIMIT 1 [ RunTime:0.000434s ]
[ sql ] [ SQL ] SHOW COLUMNS FROM `chat_log` [ RunTime:0.000546s ]
[ sql ] [ SQL ] SELECT COUNT(*) AS tp_count FROM `chat_log` WHERE  `toid` = 5615  AND `is_read` = 0 LIMIT 1 [ RunTime:0.000227s ]
[ sql ] [ SQL ] SELECT * FROM `wy_users` WHERE  `user_id` = 5615 LIMIT 1 [ RunTime:0.000287s ]
[ sql ] [ SQL ] SHOW COLUMNS FROM `wy_online` [ RunTime:0.000528s ]
[ sql ] [ SQL ] SELECT * FROM `wy_online` WHERE  `user_id` = 5615 LIMIT 1 [ RunTime:0.000268s ]
[ sql ] [ SQL ] UPDATE `wy_online`  SET `user_id`=5615,`user_name`='半夏少女心',`user_sex`=0,`user_ico`='http://www.pauzzz.com/uploadfiles/avatar/20190219/1550554212564_162.jpg',`active_time`=1587176866,`hidden`=0  WHERE  `user_id` = 5615 [ RunTime:0.000278s ]
[ sql ] [ SQL ] SHOW COLUMNS FROM `gift_shop` [ RunTime:0.000514s ]
[ sql ] [ SQL ] SELECT * FROM `gift_shop` WHERE  `id` = 574 LIMIT 1 [ RunTime:0.000254s ]
---------------------------------------------------------------
[ 2020-04-18T10:29:18+08:00 ] 117.136.105.245 GET /index/mall/detail/id/565.html
[ sql ] [ DB ] CONNECT:[ UseTime:0.000590s ] mysql:host=127.0.0.1;port=3306;dbname=henimeet;charset=utf8
[ sql ] [ SQL ] SHOW COLUMNS FROM `wy_users` [ RunTime:0.001014s ]
[ sql ] [ SQL ] SELECT * FROM `wy_users` WHERE  `user_id` = 5615 LIMIT 1 [ RunTime:0.000423s ]
[ sql ] [ SQL ] SHOW COLUMNS FROM `chat_log` [ RunTime:0.000524s ]
[ sql ] [ SQL ] SELECT COUNT(*) AS tp_count FROM `chat_log` WHERE  `toid` = 5615  AND `is_read` = 0 LIMIT 1 [ RunTime:0.000207s ]
[ sql ] [ SQL ] SELECT * FROM `wy_users` WHERE  `user_id` = 5615 LIMIT 1 [ RunTime:0.000277s ]
[ sql ] [ SQL ] SHOW COLUMNS FROM `wy_online` [ RunTime:0.000511s ]
[ sql ] [ SQL ] SELECT * FROM `wy_online` WHERE  `user_id` = 5615 LIMIT 1 [ RunTime:0.000263s ]
[ sql ] [ SQL ] UPDATE `wy_online`  SET `user_id`=5615,`user_name`='半夏少女心',`user_sex`=0,`user_ico`='http://www.pauzzz.com/uploadfiles/avatar/20190219/1550554212564_162.jpg',`active_time`=1587176958,`hidden`=0  WHERE  `user_id` = 5615 [ RunTime:0.000476s ]
[ sql ] [ SQL ] SHOW COLUMNS FROM `gift_shop` [ RunTime:0.000500s ]
[ sql ] [ SQL ] SELECT * FROM `gift_shop` WHERE  `id` = 565 LIMIT 1 [ RunTime:0.000187s ]
---------------------------------------------------------------
[ 2020-04-18T16:52:42+08:00 ] 174.108.75.172 POST /index/index/login.html
[ sql ] [ DB ] CONNECT:[ UseTime:0.000623s ] mysql:host=127.0.0.1;port=3306;dbname=henimeet;charset=utf8
[ sql ] [ SQL ] SHOW COLUMNS FROM `wy_users` [ RunTime:0.001090s ]
[ sql ] [ SQL ] SELECT `is_pass`,`user_id`,`user_email`,`user_name`,`user_pws`,`user_sex`,`user_ico` FROM `wy_users` WHERE  (  user_name='jesusvergara510@yahoo.com' or user_email='jesusvergara510@yahoo.com' ) LIMIT 1 [ RunTime:0.009799s ]
[ sql ] [ SQL ] SELECT * FROM `wy_users` WHERE  `user_id` = 13422 LIMIT 1 [ RunTime:0.000551s ]
[ sql ] [ SQL ] SHOW COLUMNS FROM `wy_online` [ RunTime:0.000595s ]
[ sql ] [ SQL ] SELECT * FROM `wy_online` WHERE  `user_id` = 13422 LIMIT 1 [ RunTime:0.000246s ]
[ sql ] [ SQL ] SHOW COLUMNS FROM `chat_users` [ RunTime:0.000525s ]
[ sql ] [ SQL ] UPDATE `chat_users`  SET `line_status`=1,`app_online`=1  WHERE  `uid` = 13422 [ RunTime:0.000273s ]
[ sql ] [ SQL ] UPDATE `wy_users`  SET `lastlogin_datetime`='2020-04-18 16:52:42',`login_ip`='174.108.75.172'  WHERE  `user_id` = 13422 [ RunTime:0.005460s ]
---------------------------------------------------------------
[ 2020-04-18T16:52:43+08:00 ] 174.108.75.172 GET /index/main/index.html
[ sql ] [ DB ] CONNECT:[ UseTime:0.000611s ] mysql:host=127.0.0.1;port=3306;dbname=henimeet;charset=utf8
[ sql ] [ SQL ] SHOW COLUMNS FROM `wy_users` [ RunTime:0.001042s ]
[ sql ] [ SQL ] SELECT * FROM `wy_users` WHERE  `user_id` = 13422 LIMIT 1 [ RunTime:0.000597s ]
[ sql ] [ SQL ] SHOW COLUMNS FROM `chat_log` [ RunTime:0.000557s ]
[ sql ] [ SQL ] SELECT COUNT(*) AS tp_count FROM `chat_log` WHERE  `toid` = 13422  AND `is_read` = 0 LIMIT 1 [ RunTime:0.000501s ]
[ sql ] [ SQL ] SELECT * FROM `wy_users` WHERE  `user_id` = 13422 LIMIT 1 [ RunTime:0.000287s ]
[ sql ] [ SQL ] SHOW COLUMNS FROM `wy_online` [ RunTime:0.000520s ]
[ sql ] [ SQL ] SELECT * FROM `wy_online` WHERE  `user_id` = 13422 LIMIT 1 [ RunTime:0.000248s ]
[ sql ] [ SQL ] UPDATE `wy_online`  SET `user_id`=13422,`user_name`='Developer',`user_sex`=1,`user_ico`='http://www.pauzzz.com/uploadfiles/avatar/20190527/1558917064475_162.jpg',`active_time`=1587199963,`hidden`=0  WHERE  `user_id` = 13422 [ RunTime:0.000445s ]
---------------------------------------------------------------
[ 2020-04-18T16:52:45+08:00 ] 174.108.75.172 GET /index/main/query/page/1.html
[ sql ] [ DB ] CONNECT:[ UseTime:0.000629s ] mysql:host=127.0.0.1;port=3306;dbname=henimeet;charset=utf8
[ sql ] [ SQL ] SHOW COLUMNS FROM `wy_users` [ RunTime:0.001022s ]
[ sql ] [ SQL ] SELECT * FROM `wy_users` WHERE  `user_id` = 13422 LIMIT 1 [ RunTime:0.000448s ]
[ sql ] [ SQL ] SHOW COLUMNS FROM `chat_log` [ RunTime:0.000540s ]
[ sql ] [ SQL ] SELECT COUNT(*) AS tp_count FROM `chat_log` WHERE  `toid` = 13422  AND `is_read` = 0 LIMIT 1 [ RunTime:0.000192s ]
[ sql ] [ SQL ] SELECT * FROM `wy_users` WHERE  `user_id` = 13422 LIMIT 1 [ RunTime:0.000280s ]
[ sql ] [ SQL ] SHOW COLUMNS FROM `wy_online` [ RunTime:0.000506s ]
[ sql ] [ SQL ] SELECT * FROM `wy_online` WHERE  `user_id` = 13422 LIMIT 1 [ RunTime:0.000276s ]
[ sql ] [ SQL ] UPDATE `wy_online`  SET `user_id`=13422,`user_name`='Developer',`user_sex`=1,`user_ico`='http://www.pauzzz.com/uploadfiles/avatar/20190527/1558917064475_162.jpg',`active_time`=1587199965,`hidden`=0  WHERE  `user_id` = 13422 [ RunTime:0.000453s ]
[ sql ] [ SQL ] SELECT COUNT(*) AS tp_count FROM `wy_users` WHERE  `user_sex` <> 1  AND `is_pass` <> 0 LIMIT 1 [ RunTime:0.010153s ]
[ sql ] [ SQL ] SELECT `u`.`user_name`,`u`.`user_ico`,`u`.`user_sex`,`u`.`user_group`,`u`.`user_id`,`o`.`online_id` FROM `wy_users` `u` LEFT JOIN `wy_online` `o` ON `u`.`user_id`=`o`.`user_id` WHERE  (  u.user_sex != '1' and u.is_pass!='0' ) ORDER BY u.is_service desc, o.active_time desc LIMIT 0,16 [ RunTime:0.011414s ]
---------------------------------------------------------------
[ 2020-04-18T16:52:51+08:00 ] 174.108.75.172 GET /index/home/index/uid/7936
[ sql ] [ DB ] CONNECT:[ UseTime:0.000614s ] mysql:host=127.0.0.1;port=3306;dbname=henimeet;charset=utf8
[ sql ] [ SQL ] SHOW COLUMNS FROM `wy_users` [ RunTime:0.001015s ]
[ sql ] [ SQL ] SELECT * FROM `wy_users` WHERE  `user_id` = 13422 LIMIT 1 [ RunTime:0.000425s ]
[ sql ] [ SQL ] SHOW COLUMNS FROM `chat_log` [ RunTime:0.000544s ]
[ sql ] [ SQL ] SELECT COUNT(*) AS tp_count FROM `chat_log` WHERE  `toid` = 13422  AND `is_read` = 0 LIMIT 1 [ RunTime:0.000187s ]
[ sql ] [ SQL ] SELECT * FROM `wy_users` WHERE  `user_id` = 13422 LIMIT 1 [ RunTime:0.000277s ]
[ sql ] [ SQL ] SHOW COLUMNS FROM `wy_online` [ RunTime:0.000518s ]
[ sql ] [ SQL ] SELECT * FROM `wy_online` WHERE  `user_id` = 13422 LIMIT 1 [ RunTime:0.000261s ]
[ sql ] [ SQL ] UPDATE `wy_online`  SET `user_id`=13422,`user_name`='Developer',`user_sex`=1,`user_ico`='http://www.pauzzz.com/uploadfiles/avatar/20190527/1558917064475_162.jpg',`active_time`=1587199971,`hidden`=0  WHERE  `user_id` = 13422 [ RunTime:0.000478s ]
[ sql ] [ SQL ] SELECT `user_id`,`user_name`,`user_sex`,`user_ico`,`birth_year`,`birth_month`,`birth_day`,`country`,`waimao`,`sexual`,`height`,`weight`,`income`,`gerenjieshao` FROM `wy_users` WHERE  `user_id` = 7936 LIMIT 1 [ RunTime:0.000273s ]
[ sql ] [ SQL ] SHOW COLUMNS FROM `wy_album` [ RunTime:0.000503s ]
[ sql ] [ SQL ] SELECT * FROM `wy_album` WHERE  `user_id` = 7936 ORDER BY `add_time` [ RunTime:0.000275s ]
---------------------------------------------------------------
[ 2020-04-18T16:52:52+08:00 ] 174.108.75.172 GET /index/home/mood/uid/7936/page/1
[ sql ] [ DB ] CONNECT:[ UseTime:0.000603s ] mysql:host=127.0.0.1;port=3306;dbname=henimeet;charset=utf8
[ sql ] [ SQL ] SHOW COLUMNS FROM `wy_users` [ RunTime:0.001001s ]
[ sql ] [ SQL ] SELECT * FROM `wy_users` WHERE  `user_id` = 13422 LIMIT 1 [ RunTime:0.000436s ]
[ sql ] [ SQL ] SHOW COLUMNS FROM `chat_log` [ RunTime:0.000545s ]
[ sql ] [ SQL ] SELECT COUNT(*) AS tp_count FROM `chat_log` WHERE  `toid` = 13422  AND `is_read` = 0 LIMIT 1 [ RunTime:0.000198s ]
[ sql ] [ SQL ] SELECT * FROM `wy_users` WHERE  `user_id` = 13422 LIMIT 1 [ RunTime:0.000313s ]
[ sql ] [ SQL ] SHOW COLUMNS FROM `wy_online` [ RunTime:0.000523s ]
[ sql ] [ SQL ] SELECT * FROM `wy_online` WHERE  `user_id` = 13422 LIMIT 1 [ RunTime:0.000297s ]
[ sql ] [ SQL ] UPDATE `wy_online`  SET `user_id`=13422,`user_name`='Developer',`user_sex`=1,`user_ico`='http://www.pauzzz.com/uploadfiles/avatar/20190527/1558917064475_162.jpg',`active_time`=1587199972,`hidden`=0  WHERE  `user_id` = 13422 [ RunTime:0.000450s ]
[ sql ] [ SQL ] SHOW COLUMNS FROM `wy_recent_affair` [ RunTime:0.000508s ]
[ sql ] [ SQL ] SELECT COUNT(*) AS tp_count FROM `wy_recent_affair` WHERE  `user_id` = 7936 LIMIT 1 [ RunTime:0.000256s ]
[ sql ] [ SQL ] SELECT * FROM `wy_recent_affair` WHERE  `user_id` = 7936 ORDER BY id desc LIMIT 0,5 [ RunTime:0.000262s ]
---------------------------------------------------------------
[ 2020-04-18T16:53:01+08:00 ] 174.108.75.172 GET /index/chat/index.html
[ sql ] [ DB ] CONNECT:[ UseTime:0.000635s ] mysql:host=127.0.0.1;port=3306;dbname=henimeet;charset=utf8
[ sql ] [ SQL ] SHOW COLUMNS FROM `wy_users` [ RunTime:0.001004s ]
[ sql ] [ SQL ] SELECT * FROM `wy_users` WHERE  `user_id` = 13422 LIMIT 1 [ RunTime:0.000439s ]
[ sql ] [ SQL ] SHOW COLUMNS FROM `chat_log` [ RunTime:0.000533s ]
[ sql ] [ SQL ] SELECT COUNT(*) AS tp_count FROM `chat_log` WHERE  `toid` = 13422  AND `is_read` = 0 LIMIT 1 [ RunTime:0.000202s ]
[ sql ] [ SQL ] SELECT * FROM `wy_users` WHERE  `user_id` = 13422 LIMIT 1 [ RunTime:0.000287s ]
[ sql ] [ SQL ] SHOW COLUMNS FROM `wy_online` [ RunTime:0.000517s ]
[ sql ] [ SQL ] SELECT * FROM `wy_online` WHERE  `user_id` = 13422 LIMIT 1 [ RunTime:0.000256s ]
[ sql ] [ SQL ] UPDATE `wy_online`  SET `user_id`=13422,`user_name`='Developer',`user_sex`=1,`user_ico`='http://www.pauzzz.com/uploadfiles/avatar/20190527/1558917064475_162.jpg',`active_time`=1587199981,`hidden`=0  WHERE  `user_id` = 13422 [ RunTime:0.000470s ]
---------------------------------------------------------------
[ 2020-04-18T16:53:02+08:00 ] 174.108.75.172 GET /index/chat/getdata.html
[ sql ] [ DB ] CONNECT:[ UseTime:0.000655s ] mysql:host=127.0.0.1;port=3306;dbname=henimeet;charset=utf8
[ sql ] [ SQL ] SHOW COLUMNS FROM `wy_users` [ RunTime:0.001018s ]
[ sql ] [ SQL ] SELECT * FROM `wy_users` WHERE  `user_id` = 13422 LIMIT 1 [ RunTime:0.000440s ]
[ sql ] [ SQL ] SHOW COLUMNS FROM `chat_log` [ RunTime:0.000567s ]
[ sql ] [ SQL ] SELECT COUNT(*) AS tp_count FROM `chat_log` WHERE  `toid` = 13422  AND `is_read` = 0 LIMIT 1 [ RunTime:0.000189s ]
[ sql ] [ SQL ] SELECT * FROM `wy_users` WHERE  `user_id` = 13422 LIMIT 1 [ RunTime:0.000280s ]
[ sql ] [ SQL ] SHOW COLUMNS FROM `wy_online` [ RunTime:0.000521s ]
[ sql ] [ SQL ] SELECT * FROM `wy_online` WHERE  `user_id` = 13422 LIMIT 1 [ RunTime:0.000263s ]
[ sql ] [ SQL ] UPDATE `wy_online`  SET `user_id`=13422,`user_name`='Developer',`user_sex`=1,`user_ico`='http://www.pauzzz.com/uploadfiles/avatar/20190527/1558917064475_162.jpg',`active_time`=1587199981,`hidden`=0  WHERE  `user_id` = 13422 [ RunTime:0.000275s ]
[ sql ] [ SQL ] SELECT * FROM `chat_log` WHERE  (  fromid='13422' or toid='13422' ) ORDER BY timeline desc [ RunTime:0.001718s ]
[ sql ] [ SQL ] SELECT `user_id`,`user_name`,`user_ico`,`user_sex` FROM `wy_users` WHERE  `user_id` IN (7936,5615,5256,697,998,2953,13118,11770,3970,11092,10638,10921,12325,1025,12575,834,5613,10659,8494) [ RunTime:0.000589s ]
[ sql ] [ SQL ] SELECT COUNT(*) AS tp_count FROM `chat_log` WHERE  `fromid` = 697  AND `toid` = 13422  AND `is_read` = 0 LIMIT 1 [ RunTime:0.001107s ]
[ sql ] [ SQL ] SELECT COUNT(*) AS tp_count FROM `chat_log` WHERE  `fromid` = 834  AND `toid` = 13422  AND `is_read` = 0 LIMIT 1 [ RunTime:0.000452s ]
[ sql ] [ SQL ] SELECT COUNT(*) AS tp_count FROM `chat_log` WHERE  `fromid` = 998  AND `toid` = 13422  AND `is_read` = 0 LIMIT 1 [ RunTime:0.002469s ]
[ sql ] [ SQL ] SELECT COUNT(*) AS tp_count FROM `chat_log` WHERE  `fromid` = 1025  AND `toid` = 13422  AND `is_read` = 0 LIMIT 1 [ RunTime:0.000476s ]
[ sql ] [ SQL ] SELECT COUNT(*) AS tp_count FROM `chat_log` WHERE  `fromid` = 2953  AND `toid` = 13422  AND `is_read` = 0 LIMIT 1 [ RunTime:0.000911s ]
[ sql ] [ SQL ] SELECT COUNT(*) AS tp_count FROM `chat_log` WHERE  `fromid` = 3970  AND `toid` = 13422  AND `is_read` = 0 LIMIT 1 [ RunTime:0.001079s ]
[ sql ] [ SQL ] SELECT COUNT(*) AS tp_count FROM `chat_log` WHERE  `fromid` = 5256  AND `toid` = 13422  AND `is_read` = 0 LIMIT 1 [ RunTime:0.000732s ]
[ sql ] [ SQL ] SELECT COUNT(*) AS tp_count FROM `chat_log` WHERE  `fromid` = 5613  AND `toid` = 13422  AND `is_read` = 0 LIMIT 1 [ RunTime:0.005021s ]
[ sql ] [ SQL ] SELECT COUNT(*) AS tp_count FROM `chat_log` WHERE  `fromid` = 5615  AND `toid` = 13422  AND `is_read` = 0 LIMIT 1 [ RunTime:0.001122s ]
[ sql ] [ SQL ] SELECT COUNT(*) AS tp_count FROM `chat_log` WHERE  `fromid` = 7936  AND `toid` = 13422  AND `is_read` = 0 LIMIT 1 [ RunTime:0.000435s ]
[ sql ] [ SQL ] SELECT COUNT(*) AS tp_count FROM `chat_log` WHERE  `fromid` = 8494  AND `toid` = 13422  AND `is_read` = 0 LIMIT 1 [ RunTime:0.000901s ]
[ sql ] [ SQL ] SELECT COUNT(*) AS tp_count FROM `chat_log` WHERE  `fromid` = 10638  AND `toid` = 13422  AND `is_read` = 0 LIMIT 1 [ RunTime:0.002046s ]
[ sql ] [ SQL ] SELECT COUNT(*) AS tp_count FROM `chat_log` WHERE  `fromid` = 10659  AND `toid` = 13422  AND `is_read` = 0 LIMIT 1 [ RunTime:0.001696s ]
[ sql ] [ SQL ] SELECT COUNT(*) AS tp_count FROM `chat_log` WHERE  `fromid` = 10921  AND `toid` = 13422  AND `is_read` = 0 LIMIT 1 [ RunTime:0.000779s ]
[ sql ] [ SQL ] SELECT COUNT(*) AS tp_count FROM `chat_log` WHERE  `fromid` = 11092  AND `toid` = 13422  AND `is_read` = 0 LIMIT 1 [ RunTime:0.002120s ]
[ sql ] [ SQL ] SELECT COUNT(*) AS tp_count FROM `chat_log` WHERE  `fromid` = 11770  AND `toid` = 13422  AND `is_read` = 0 LIMIT 1 [ RunTime:0.001064s ]
[ sql ] [ SQL ] SELECT COUNT(*) AS tp_count FROM `chat_log` WHERE  `fromid` = 12325  AND `toid` = 13422  AND `is_read` = 0 LIMIT 1 [ RunTime:0.000928s ]
[ sql ] [ SQL ] SELECT COUNT(*) AS tp_count FROM `chat_log` WHERE  `fromid` = 12575  AND `toid` = 13422  AND `is_read` = 0 LIMIT 1 [ RunTime:0.000697s ]
[ sql ] [ SQL ] SELECT COUNT(*) AS tp_count FROM `chat_log` WHERE  `fromid` = 13118  AND `toid` = 13422  AND `is_read` = 0 LIMIT 1 [ RunTime:0.001263s ]
---------------------------------------------------------------
[ 2020-04-18T16:53:17+08:00 ] 174.108.75.172 GET /index/chat/chat/pals_id/7936
[ sql ] [ DB ] CONNECT:[ UseTime:0.000611s ] mysql:host=127.0.0.1;port=3306;dbname=henimeet;charset=utf8
[ sql ] [ SQL ] SHOW COLUMNS FROM `wy_users` [ RunTime:0.001037s ]
[ sql ] [ SQL ] SELECT * FROM `wy_users` WHERE  `user_id` = 13422 LIMIT 1 [ RunTime:0.000447s ]
[ sql ] [ SQL ] SHOW COLUMNS FROM `chat_log` [ RunTime:0.000526s ]
[ sql ] [ SQL ] SELECT COUNT(*) AS tp_count FROM `chat_log` WHERE  `toid` = 13422  AND `is_read` = 0 LIMIT 1 [ RunTime:0.000221s ]
[ sql ] [ SQL ] SELECT * FROM `wy_users` WHERE  `user_id` = 13422 LIMIT 1 [ RunTime:0.000284s ]
[ sql ] [ SQL ] SHOW COLUMNS FROM `wy_online` [ RunTime:0.000523s ]
[ sql ] [ SQL ] SELECT * FROM `wy_online` WHERE  `user_id` = 13422 LIMIT 1 [ RunTime:0.000260s ]
[ sql ] [ SQL ] UPDATE `wy_online`  SET `user_id`=13422,`user_name`='Developer',`user_sex`=1,`user_ico`='http://www.pauzzz.com/uploadfiles/avatar/20190527/1558917064475_162.jpg',`active_time`=1587199997,`hidden`=0  WHERE  `user_id` = 13422 [ RunTime:0.000472s ]
[ sql ] [ SQL ] SELECT `user_id`,`user_name`,`user_ico` FROM `wy_users` WHERE  `user_id` = 7936 LIMIT 1 [ RunTime:0.000233s ]
---------------------------------------------------------------
[ 2020-04-18T16:53:22+08:00 ] 174.108.75.172 GET /index/chat/chat_log.html?pals_id=7936
[ sql ] [ DB ] CONNECT:[ UseTime:0.000618s ] mysql:host=127.0.0.1;port=3306;dbname=henimeet;charset=utf8
[ sql ] [ SQL ] SHOW COLUMNS FROM `wy_users` [ RunTime:0.001057s ]
[ sql ] [ SQL ] SELECT * FROM `wy_users` WHERE  `user_id` = 13422 LIMIT 1 [ RunTime:0.000426s ]
[ sql ] [ SQL ] SHOW COLUMNS FROM `chat_log` [ RunTime:0.000557s ]
[ sql ] [ SQL ] SELECT COUNT(*) AS tp_count FROM `chat_log` WHERE  `toid` = 13422  AND `is_read` = 0 LIMIT 1 [ RunTime:0.000189s ]
[ sql ] [ SQL ] SELECT * FROM `wy_users` WHERE  `user_id` = 13422 LIMIT 1 [ RunTime:0.000265s ]
[ sql ] [ SQL ] SHOW COLUMNS FROM `wy_online` [ RunTime:0.000519s ]
[ sql ] [ SQL ] SELECT * FROM `wy_online` WHERE  `user_id` = 13422 LIMIT 1 [ RunTime:0.000267s ]
[ sql ] [ SQL ] UPDATE `wy_online`  SET `user_id`=13422,`user_name`='Developer',`user_sex`=1,`user_ico`='http://www.pauzzz.com/uploadfiles/avatar/20190527/1558917064475_162.jpg',`active_time`=1587200002,`hidden`=0  WHERE  `user_id` = 13422 [ RunTime:0.000305s ]
[ sql ] [ SQL ] SELECT * FROM `chat_log` WHERE  (   (fromid='13422' and toid='7936') or (fromid='7936' and toid='13422')  ) ORDER BY timeline desc [ RunTime:0.004313s ]
[ sql ] [ SQL ] SELECT * FROM `wy_users` WHERE  `user_id` = 13422 LIMIT 1 [ RunTime:0.000428s ]
[ sql ] [ SQL ] SELECT * FROM `wy_users` WHERE  `user_id` = 13422 LIMIT 1 [ RunTime:0.000278s ]
[ sql ] [ SQL ] SELECT * FROM `wy_users` WHERE  `user_id` = 7936 LIMIT 1 [ RunTime:0.000411s ]
[ sql ] [ SQL ] SELECT * FROM `wy_users` WHERE  `user_id` = 7936 LIMIT 1 [ RunTime:0.000266s ]
[ sql ] [ SQL ] SELECT * FROM `wy_users` WHERE  `user_id` = 7936 LIMIT 1 [ RunTime:0.000265s ]
[ sql ] [ SQL ] SELECT * FROM `wy_users` WHERE  `user_id` = 13422 LIMIT 1 [ RunTime:0.000281s ]
[ sql ] [ SQL ] SELECT * FROM `wy_users` WHERE  `user_id` = 7936 LIMIT 1 [ RunTime:0.000258s ]
[ sql ] [ SQL ] SELECT * FROM `wy_users` WHERE  `user_id` = 13422 LIMIT 1 [ RunTime:0.000260s ]
[ sql ] [ SQL ] SELECT * FROM `wy_users` WHERE  `user_id` = 13422 LIMIT 1 [ RunTime:0.000282s ]
[ sql ] [ SQL ] SELECT * FROM `wy_users` WHERE  `user_id` = 13422 LIMIT 1 [ RunTime:0.000270s ]
[ sql ] [ SQL ] SELECT * FROM `wy_users` WHERE  `user_id` = 7936 LIMIT 1 [ RunTime:0.000257s ]
[ sql ] [ SQL ] SELECT * FROM `wy_users` WHERE  `user_id` = 13422 LIMIT 1 [ RunTime:0.000268s ]
[ sql ] [ SQL ] SELECT * FROM `wy_users` WHERE  `user_id` = 13422 LIMIT 1 [ RunTime:0.000269s ]
[ sql ] [ SQL ] SELECT * FROM `wy_users` WHERE  `user_id` = 13422 LIMIT 1 [ RunTime:0.000274s ]
[ sql ] [ SQL ] SELECT * FROM `wy_users` WHERE  `user_id` = 7936 LIMIT 1 [ RunTime:0.000257s ]
[ sql ] [ SQL ] SELECT * FROM `wy_users` WHERE  `user_id` = 7936 LIMIT 1 [ RunTime:0.000267s ]
[ sql ] [ SQL ] SELECT * FROM `wy_users` WHERE  `user_id` = 7936 LIMIT 1 [ RunTime:0.000282s ]
[ sql ] [ SQL ] SELECT * FROM `wy_users` WHERE  `user_id` = 13422 LIMIT 1 [ RunTime:0.000258s ]
[ sql ] [ SQL ] SELECT * FROM `wy_users` WHERE  `user_id` = 7936 LIMIT 1 [ RunTime:0.000258s ]
[ sql ] [ SQL ] SELECT * FROM `wy_users` WHERE  `user_id` = 13422 LIMIT 1 [ RunTime:0.000282s ]
[ sql ] [ SQL ] SELECT * FROM `wy_users` WHERE  `user_id` = 13422 LIMIT 1 [ RunTime:0.000271s ]
[ sql ] [ SQL ] SELECT * FROM `wy_users` WHERE  `user_id` = 7936 LIMIT 1 [ RunTime:0.000255s ]
[ sql ] [ SQL ] SELECT * FROM `wy_users` WHERE  `user_id` = 7936 LIMIT 1 [ RunTime:0.000264s ]
[ sql ] [ SQL ] SELECT * FROM `wy_users` WHERE  `user_id` = 13422 LIMIT 1 [ RunTime:0.000268s ]
[ sql ] [ SQL ] SELECT * FROM `wy_users` WHERE  `user_id` = 7936 LIMIT 1 [ RunTime:0.000273s ]
[ sql ] [ SQL ] SELECT * FROM `wy_users` WHERE  `user_id` = 13422 LIMIT 1 [ RunTime:0.000258s ]
[ sql ] [ SQL ] SELECT * FROM `wy_users` WHERE  `user_id` = 13422 LIMIT 1 [ RunTime:0.000266s ]
[ sql ] [ SQL ] SELECT * FROM `wy_users` WHERE  `user_id` = 7936 LIMIT 1 [ RunTime:0.000284s ]
[ sql ] [ SQL ] SELECT * FROM `wy_users` WHERE  `user_id` = 7936 LIMIT 1 [ RunTime:0.000259s ]
[ sql ] [ SQL ] SELECT * FROM `wy_users` WHERE  `user_id` = 13422 LIMIT 1 [ RunTime:0.000258s ]
[ sql ] [ SQL ] SELECT * FROM `wy_users` WHERE  `user_id` = 13422 LIMIT 1 [ RunTime:0.000271s ]
[ sql ] [ SQL ] SELECT * FROM `wy_users` WHERE  `user_id` = 7936 LIMIT 1 [ RunTime:0.000273s ]
[ sql ] [ SQL ] SELECT * FROM `wy_users` WHERE  `user_id` = 13422 LIMIT 1 [ RunTime:0.000270s ]
[ sql ] [ SQL ] SELECT * FROM `wy_users` WHERE  `user_id` = 7936 LIMIT 1 [ RunTime:0.000263s ]
[ sql ] [ SQL ] SELECT * FROM `wy_users` WHERE  `user_id` = 7936 LIMIT 1 [ RunTime:0.000269s ]
[ sql ] [ SQL ] SELECT * FROM `wy_users` WHERE  `user_id` = 13422 LIMIT 1 [ RunTime:0.000275s ]
[ sql ] [ SQL ] SELECT * FROM `wy_users` WHERE  `user_id` = 7936 LIMIT 1 [ RunTime:0.000258s ]
[ sql ] [ SQL ] SELECT * FROM `wy_users` WHERE  `user_id` = 7936 LIMIT 1 [ RunTime:0.000257s ]
[ sql ] [ SQL ] SELECT * FROM `wy_users` WHERE  `user_id` = 13422 LIMIT 1 [ RunTime:0.000281s ]
[ sql ] [ SQL ] SELECT * FROM `wy_users` WHERE  `user_id` = 13422 LIMIT 1 [ RunTime:0.000264s ]
[ sql ] [ SQL ] SELECT * FROM `wy_users` WHERE  `user_id` = 13422 LIMIT 1 [ RunTime:0.000258s ]
[ sql ] [ SQL ] SELECT * FROM `wy_users` WHERE  `user_id` = 13422 LIMIT 1 [ RunTime:0.000262s ]
[ sql ] [ SQL ] SELECT * FROM `wy_users` WHERE  `user_id` = 7936 LIMIT 1 [ RunTime:0.000268s ]
[ sql ] [ SQL ] SELECT * FROM `wy_users` WHERE  `user_id` = 13422 LIMIT 1 [ RunTime:0.000269s ]
[ sql ] [ SQL ] SELECT * FROM `wy_users` WHERE  `user_id` = 13422 LIMIT 1 [ RunTime:0.000262s ]
[ sql ] [ SQL ] SELECT * FROM `wy_users` WHERE  `user_id` = 7936 LIMIT 1 [ RunTime:0.000268s ]
[ sql ] [ SQL ] SELECT * FROM `wy_users` WHERE  `user_id` = 7936 LIMIT 1 [ RunTime:0.000270s ]
[ sql ] [ SQL ] SELECT * FROM `wy_users` WHERE  `user_id` = 7936 LIMIT 1 [ RunTime:0.000257s ]
[ sql ] [ SQL ] SELECT * FROM `wy_users` WHERE  `user_id` = 13422 LIMIT 1 [ RunTime:0.000258s ]
[ sql ] [ SQL ] SELECT * FROM `wy_users` WHERE  `user_id` = 13422 LIMIT 1 [ RunTime:0.000281s ]
[ sql ] [ SQL ] SELECT * FROM `wy_users` WHERE  `user_id` = 7936 LIMIT 1 [ RunTime:0.000270s ]
[ sql ] [ SQL ] SELECT * FROM `wy_users` WHERE  `user_id` = 13422 LIMIT 1 [ RunTime:0.000259s ]
[ sql ] [ SQL ] SELECT * FROM `wy_users` WHERE  `user_id` = 7936 LIMIT 1 [ RunTime:0.000262s ]
[ sql ] [ SQL ] SELECT * FROM `wy_users` WHERE  `user_id` = 7936 LIMIT 1 [ RunTime:0.000264s ]
[ sql ] [ SQL ] SELECT * FROM `wy_users` WHERE  `user_id` = 7936 LIMIT 1 [ RunTime:0.000274s ]
[ sql ] [ SQL ] SELECT * FROM `wy_users` WHERE  `user_id` = 13422 LIMIT 1 [ RunTime:0.000259s ]
[ sql ] [ SQL ] SELECT * FROM `wy_users` WHERE  `user_id` = 7936 LIMIT 1 [ RunTime:0.000268s ]
[ sql ] [ SQL ] SELECT * FROM `wy_users` WHERE  `user_id` = 13422 LIMIT 1 [ RunTime:0.000278s ]
[ sql ] [ SQL ] SELECT * FROM `wy_users` WHERE  `user_id` = 7936 LIMIT 1 [ RunTime:0.000258s ]
[ sql ] [ SQL ] SELECT * FROM `wy_users` WHERE  `user_id` = 13422 LIMIT 1 [ RunTime:0.000257s ]
[ sql ] [ SQL ] SELECT * FROM `wy_users` WHERE  `user_id` = 7936 LIMIT 1 [ RunTime:0.000283s ]
[ sql ] [ SQL ] SELECT * FROM `wy_users` WHERE  `user_id` = 7936 LIMIT 1 [ RunTime:0.000272s ]
[ sql ] [ SQL ] SELECT * FROM `wy_users` WHERE  `user_id` = 7936 LIMIT 1 [ RunTime:0.000257s ]
[ sql ] [ SQL ] SELECT * FROM `wy_users` WHERE  `user_id` = 13422 LIMIT 1 [ RunTime:0.000266s ]
[ sql ] [ SQL ] SELECT * FROM `wy_users` WHERE  `user_id` = 7936 LIMIT 1 [ RunTime:0.000269s ]
[ sql ] [ SQL ] SELECT * FROM `wy_users` WHERE  `user_id` = 13422 LIMIT 1 [ RunTime:0.000274s ]
[ sql ] [ SQL ] SELECT * FROM `wy_users` WHERE  `user_id` = 13422 LIMIT 1 [ RunTime:0.000258s ]
[ sql ] [ SQL ] SELECT * FROM `wy_users` WHERE  `user_id` = 7936 LIMIT 1 [ RunTime:0.000265s ]
[ sql ] [ SQL ] SELECT * FROM `wy_users` WHERE  `user_id` = 7936 LIMIT 1 [ RunTime:0.000277s ]
[ sql ] [ SQL ] SELECT * FROM `wy_users` WHERE  `user_id` = 7936 LIMIT 1 [ RunTime:0.000257s ]
[ sql ] [ SQL ] SELECT * FROM `wy_users` WHERE  `user_id` = 7936 LIMIT 1 [ RunTime:0.000257s ]
[ sql ] [ SQL ] SELECT * FROM `wy_users` WHERE  `user_id` = 7936 LIMIT 1 [ RunTime:0.000282s ]
---------------------------------------------------------------
[ 2020-04-18T16:55:07+08:00 ] 174.108.75.172 GET /index/chat/getdata.html
[ sql ] [ DB ] CONNECT:[ UseTime:0.000625s ] mysql:host=127.0.0.1;port=3306;dbname=henimeet;charset=utf8
[ sql ] [ SQL ] SHOW COLUMNS FROM `wy_users` [ RunTime:0.001018s ]
[ sql ] [ SQL ] SELECT * FROM `wy_users` WHERE  `user_id` = 13422 LIMIT 1 [ RunTime:0.000461s ]
[ sql ] [ SQL ] SHOW COLUMNS FROM `chat_log` [ RunTime:0.000563s ]
[ sql ] [ SQL ] SELECT COUNT(*) AS tp_count FROM `chat_log` WHERE  `toid` = 13422  AND `is_read` = 0 LIMIT 1 [ RunTime:0.000486s ]
[ sql ] [ SQL ] SELECT * FROM `wy_users` WHERE  `user_id` = 13422 LIMIT 1 [ RunTime:0.000279s ]
[ sql ] [ SQL ] SHOW COLUMNS FROM `wy_online` [ RunTime:0.000537s ]
[ sql ] [ SQL ] SELECT * FROM `wy_online` WHERE  `user_id` = 13422 LIMIT 1 [ RunTime:0.000256s ]
[ sql ] [ SQL ] UPDATE `wy_online`  SET `user_id`=13422,`user_name`='Developer',`user_sex`=1,`user_ico`='http://www.pauzzz.com/uploadfiles/avatar/20190527/1558917064475_162.jpg',`active_time`=1587200107,`hidden`=0  WHERE  `user_id` = 13422 [ RunTime:0.000436s ]
[ sql ] [ SQL ] SELECT * FROM `chat_log` WHERE  (  fromid='13422' or toid='13422' ) ORDER BY timeline desc [ RunTime:0.001695s ]
[ sql ] [ SQL ] SELECT `user_id`,`user_name`,`user_ico`,`user_sex` FROM `wy_users` WHERE  `user_id` IN (7936,5615,5256,697,998,2953,13118,11770,3970,11092,10638,10921,12325,1025,12575,834,5613,10659,8494) [ RunTime:0.000401s ]
[ sql ] [ SQL ] SELECT COUNT(*) AS tp_count FROM `chat_log` WHERE  `fromid` = 697  AND `toid` = 13422  AND `is_read` = 0 LIMIT 1 [ RunTime:0.001105s ]
[ sql ] [ SQL ] SELECT COUNT(*) AS tp_count FROM `chat_log` WHERE  `fromid` = 834  AND `toid` = 13422  AND `is_read` = 0 LIMIT 1 [ RunTime:0.005622s ]
[ sql ] [ SQL ] SELECT COUNT(*) AS tp_count FROM `chat_log` WHERE  `fromid` = 998  AND `toid` = 13422  AND `is_read` = 0 LIMIT 1 [ RunTime:0.002480s ]
[ sql ] [ SQL ] SELECT COUNT(*) AS tp_count FROM `chat_log` WHERE  `fromid` = 1025  AND `toid` = 13422  AND `is_read` = 0 LIMIT 1 [ RunTime:0.000502s ]
[ sql ] [ SQL ] SELECT COUNT(*) AS tp_count FROM `chat_log` WHERE  `fromid` = 2953  AND `toid` = 13422  AND `is_read` = 0 LIMIT 1 [ RunTime:0.000927s ]
[ sql ] [ SQL ] SELECT COUNT(*) AS tp_count FROM `chat_log` WHERE  `fromid` = 3970  AND `toid` = 13422  AND `is_read` = 0 LIMIT 1 [ RunTime:0.001066s ]
[ sql ] [ SQL ] SELECT COUNT(*) AS tp_count FROM `chat_log` WHERE  `fromid` = 5256  AND `toid` = 13422  AND `is_read` = 0 LIMIT 1 [ RunTime:0.000754s ]
[ sql ] [ SQL ] SELECT COUNT(*) AS tp_count FROM `chat_log` WHERE  `fromid` = 5613  AND `toid` = 13422  AND `is_read` = 0 LIMIT 1 [ RunTime:0.004993s ]
[ sql ] [ SQL ] SELECT COUNT(*) AS tp_count FROM `chat_log` WHERE  `fromid` = 5615  AND `toid` = 13422  AND `is_read` = 0 LIMIT 1 [ RunTime:0.001124s ]
[ sql ] [ SQL ] SELECT COUNT(*) AS tp_count FROM `chat_log` WHERE  `fromid` = 7936  AND `toid` = 13422  AND `is_read` = 0 LIMIT 1 [ RunTime:0.000440s ]
[ sql ] [ SQL ] SELECT COUNT(*) AS tp_count FROM `chat_log` WHERE  `fromid` = 8494  AND `toid` = 13422  AND `is_read` = 0 LIMIT 1 [ RunTime:0.000633s ]
[ sql ] [ SQL ] SELECT COUNT(*) AS tp_count FROM `chat_log` WHERE  `fromid` = 10638  AND `toid` = 13422  AND `is_read` = 0 LIMIT 1 [ RunTime:0.002051s ]
[ sql ] [ SQL ] SELECT COUNT(*) AS tp_count FROM `chat_log` WHERE  `fromid` = 10659  AND `toid` = 13422  AND `is_read` = 0 LIMIT 1 [ RunTime:0.001654s ]
[ sql ] [ SQL ] SELECT COUNT(*) AS tp_count FROM `chat_log` WHERE  `fromid` = 10921  AND `toid` = 13422  AND `is_read` = 0 LIMIT 1 [ RunTime:0.000773s ]
[ sql ] [ SQL ] SELECT COUNT(*) AS tp_count FROM `chat_log` WHERE  `fromid` = 11092  AND `toid` = 13422  AND `is_read` = 0 LIMIT 1 [ RunTime:0.002123s ]
[ sql ] [ SQL ] SELECT COUNT(*) AS tp_count FROM `chat_log` WHERE  `fromid` = 11770  AND `toid` = 13422  AND `is_read` = 0 LIMIT 1 [ RunTime:0.001050s ]
[ sql ] [ SQL ] SELECT COUNT(*) AS tp_count FROM `chat_log` WHERE  `fromid` = 12325  AND `toid` = 13422  AND `is_read` = 0 LIMIT 1 [ RunTime:0.001176s ]
[ sql ] [ SQL ] SELECT COUNT(*) AS tp_count FROM `chat_log` WHERE  `fromid` = 12575  AND `toid` = 13422  AND `is_read` = 0 LIMIT 1 [ RunTime:0.000678s ]
[ sql ] [ SQL ] SELECT COUNT(*) AS tp_count FROM `chat_log` WHERE  `fromid` = 13118  AND `toid` = 13422  AND `is_read` = 0 LIMIT 1 [ RunTime:0.001283s ]
---------------------------------------------------------------
[ 2020-04-18T16:55:13+08:00 ] 174.108.75.172 GET /index/chat/index.html
[ sql ] [ DB ] CONNECT:[ UseTime:0.000605s ] mysql:host=127.0.0.1;port=3306;dbname=henimeet;charset=utf8
[ sql ] [ SQL ] SHOW COLUMNS FROM `wy_users` [ RunTime:0.001085s ]
[ sql ] [ SQL ] SELECT * FROM `wy_users` WHERE  `user_id` = 13422 LIMIT 1 [ RunTime:0.000529s ]
[ sql ] [ SQL ] SHOW COLUMNS FROM `chat_log` [ RunTime:0.000535s ]
[ sql ] [ SQL ] SELECT COUNT(*) AS tp_count FROM `chat_log` WHERE  `toid` = 13422  AND `is_read` = 0 LIMIT 1 [ RunTime:0.000201s ]
[ sql ] [ SQL ] SELECT * FROM `wy_users` WHERE  `user_id` = 13422 LIMIT 1 [ RunTime:0.000291s ]
[ sql ] [ SQL ] SHOW COLUMNS FROM `wy_online` [ RunTime:0.000518s ]
[ sql ] [ SQL ] SELECT * FROM `wy_online` WHERE  `user_id` = 13422 LIMIT 1 [ RunTime:0.000267s ]
[ sql ] [ SQL ] UPDATE `wy_online`  SET `user_id`=13422,`user_name`='Developer',`user_sex`=1,`user_ico`='http://www.pauzzz.com/uploadfiles/avatar/20190527/1558917064475_162.jpg',`active_time`=1587200113,`hidden`=0  WHERE  `user_id` = 13422 [ RunTime:0.000459s ]
---------------------------------------------------------------
[ 2020-04-18T16:55:13+08:00 ] 174.108.75.172 GET /index/chat/getdata.html
[ sql ] [ DB ] CONNECT:[ UseTime:0.000570s ] mysql:host=127.0.0.1;port=3306;dbname=henimeet;charset=utf8
[ sql ] [ SQL ] SHOW COLUMNS FROM `wy_users` [ RunTime:0.000981s ]
[ sql ] [ SQL ] SELECT * FROM `wy_users` WHERE  `user_id` = 13422 LIMIT 1 [ RunTime:0.000451s ]
[ sql ] [ SQL ] SHOW COLUMNS FROM `chat_log` [ RunTime:0.000578s ]
[ sql ] [ SQL ] SELECT COUNT(*) AS tp_count FROM `chat_log` WHERE  `toid` = 13422  AND `is_read` = 0 LIMIT 1 [ RunTime:0.000202s ]
[ sql ] [ SQL ] SELECT * FROM `wy_users` WHERE  `user_id` = 13422 LIMIT 1 [ RunTime:0.000288s ]
[ sql ] [ SQL ] SHOW COLUMNS FROM `wy_online` [ RunTime:0.000503s ]
[ sql ] [ SQL ] SELECT * FROM `wy_online` WHERE  `user_id` = 13422 LIMIT 1 [ RunTime:0.000262s ]
[ sql ] [ SQL ] UPDATE `wy_online`  SET `user_id`=13422,`user_name`='Developer',`user_sex`=1,`user_ico`='http://www.pauzzz.com/uploadfiles/avatar/20190527/1558917064475_162.jpg',`active_time`=1587200113,`hidden`=0  WHERE  `user_id` = 13422 [ RunTime:0.000251s ]
[ sql ] [ SQL ] SELECT * FROM `chat_log` WHERE  (  fromid='13422' or toid='13422' ) ORDER BY timeline desc [ RunTime:0.000400s ]
[ sql ] [ SQL ] SELECT `user_id`,`user_name`,`user_ico`,`user_sex` FROM `wy_users` WHERE  `user_id` IN (7936,5615,5256,697,998,2953,13118,11770,3970,11092,10638,10921,12325,1025,12575,834,5613,10659,8494) [ RunTime:0.000409s ]
[ sql ] [ SQL ] SELECT COUNT(*) AS tp_count FROM `chat_log` WHERE  `fromid` = 697  AND `toid` = 13422  AND `is_read` = 0 LIMIT 1 [ RunTime:0.000223s ]
[ sql ] [ SQL ] SELECT COUNT(*) AS tp_count FROM `chat_log` WHERE  `fromid` = 834  AND `toid` = 13422  AND `is_read` = 0 LIMIT 1 [ RunTime:0.000181s ]
[ sql ] [ SQL ] SELECT COUNT(*) AS tp_count FROM `chat_log` WHERE  `fromid` = 998  AND `toid` = 13422  AND `is_read` = 0 LIMIT 1 [ RunTime:0.000176s ]
[ sql ] [ SQL ] SELECT COUNT(*) AS tp_count FROM `chat_log` WHERE  `fromid` = 1025  AND `toid` = 13422  AND `is_read` = 0 LIMIT 1 [ RunTime:0.000166s ]
[ sql ] [ SQL ] SELECT COUNT(*) AS tp_count FROM `chat_log` WHERE  `fromid` = 2953  AND `toid` = 13422  AND `is_read` = 0 LIMIT 1 [ RunTime:0.000167s ]
[ sql ] [ SQL ] SELECT COUNT(*) AS tp_count FROM `chat_log` WHERE  `fromid` = 3970  AND `toid` = 13422  AND `is_read` = 0 LIMIT 1 [ RunTime:0.000178s ]
[ sql ] [ SQL ] SELECT COUNT(*) AS tp_count FROM `chat_log` WHERE  `fromid` = 5256  AND `toid` = 13422  AND `is_read` = 0 LIMIT 1 [ RunTime:0.000164s ]
[ sql ] [ SQL ] SELECT COUNT(*) AS tp_count FROM `chat_log` WHERE  `fromid` = 5613  AND `toid` = 13422  AND `is_read` = 0 LIMIT 1 [ RunTime:0.000165s ]
[ sql ] [ SQL ] SELECT COUNT(*) AS tp_count FROM `chat_log` WHERE  `fromid` = 5615  AND `toid` = 13422  AND `is_read` = 0 LIMIT 1 [ RunTime:0.000179s ]
[ sql ] [ SQL ] SELECT COUNT(*) AS tp_count FROM `chat_log` WHERE  `fromid` = 7936  AND `toid` = 13422  AND `is_read` = 0 LIMIT 1 [ RunTime:0.000174s ]
[ sql ] [ SQL ] SELECT COUNT(*) AS tp_count FROM `chat_log` WHERE  `fromid` = 8494  AND `toid` = 13422  AND `is_read` = 0 LIMIT 1 [ RunTime:0.000175s ]
[ sql ] [ SQL ] SELECT COUNT(*) AS tp_count FROM `chat_log` WHERE  `fromid` = 10638  AND `toid` = 13422  AND `is_read` = 0 LIMIT 1 [ RunTime:0.000169s ]
[ sql ] [ SQL ] SELECT COUNT(*) AS tp_count FROM `chat_log` WHERE  `fromid` = 10659  AND `toid` = 13422  AND `is_read` = 0 LIMIT 1 [ RunTime:0.000166s ]
[ sql ] [ SQL ] SELECT COUNT(*) AS tp_count FROM `chat_log` WHERE  `fromid` = 10921  AND `toid` = 13422  AND `is_read` = 0 LIMIT 1 [ RunTime:0.000176s ]
[ sql ] [ SQL ] SELECT COUNT(*) AS tp_count FROM `chat_log` WHERE  `fromid` = 11092  AND `toid` = 13422  AND `is_read` = 0 LIMIT 1 [ RunTime:0.000166s ]
[ sql ] [ SQL ] SELECT COUNT(*) AS tp_count FROM `chat_log` WHERE  `fromid` = 11770  AND `toid` = 13422  AND `is_read` = 0 LIMIT 1 [ RunTime:0.000167s ]
[ sql ] [ SQL ] SELECT COUNT(*) AS tp_count FROM `chat_log` WHERE  `fromid` = 12325  AND `toid` = 13422  AND `is_read` = 0 LIMIT 1 [ RunTime:0.000166s ]
[ sql ] [ SQL ] SELECT COUNT(*) AS tp_count FROM `chat_log` WHERE  `fromid` = 12575  AND `toid` = 13422  AND `is_read` = 0 LIMIT 1 [ RunTime:0.000176s ]
[ sql ] [ SQL ] SELECT COUNT(*) AS tp_count FROM `chat_log` WHERE  `fromid` = 13118  AND `toid` = 13422  AND `is_read` = 0 LIMIT 1 [ RunTime:0.000168s ]
---------------------------------------------------------------
[ 2020-04-18T16:55:16+08:00 ] 174.108.75.172 GET /index/chat/chat/pals_id/7936
[ sql ] [ DB ] CONNECT:[ UseTime:0.000600s ] mysql:host=127.0.0.1;port=3306;dbname=henimeet;charset=utf8
[ sql ] [ SQL ] SHOW COLUMNS FROM `wy_users` [ RunTime:0.001071s ]
[ sql ] [ SQL ] SELECT * FROM `wy_users` WHERE  `user_id` = 13422 LIMIT 1 [ RunTime:0.000433s ]
[ sql ] [ SQL ] SHOW COLUMNS FROM `chat_log` [ RunTime:0.000534s ]
[ sql ] [ SQL ] SELECT COUNT(*) AS tp_count FROM `chat_log` WHERE  `toid` = 13422  AND `is_read` = 0 LIMIT 1 [ RunTime:0.000196s ]
[ sql ] [ SQL ] SELECT * FROM `wy_users` WHERE  `user_id` = 13422 LIMIT 1 [ RunTime:0.000274s ]
[ sql ] [ SQL ] SHOW COLUMNS FROM `wy_online` [ RunTime:0.000515s ]
[ sql ] [ SQL ] SELECT * FROM `wy_online` WHERE  `user_id` = 13422 LIMIT 1 [ RunTime:0.000260s ]
[ sql ] [ SQL ] UPDATE `wy_online`  SET `user_id`=13422,`user_name`='Developer',`user_sex`=1,`user_ico`='http://www.pauzzz.com/uploadfiles/avatar/20190527/1558917064475_162.jpg',`active_time`=1587200116,`hidden`=0  WHERE  `user_id` = 13422 [ RunTime:0.000467s ]
[ sql ] [ SQL ] SELECT `user_id`,`user_name`,`user_ico` FROM `wy_users` WHERE  `user_id` = 7936 LIMIT 1 [ RunTime:0.000176s ]
---------------------------------------------------------------
[ 2020-04-18T16:55:29+08:00 ] 174.108.75.172 GET /index/chat/chat_log.html?pals_id=7936
[ sql ] [ DB ] CONNECT:[ UseTime:0.000633s ] mysql:host=127.0.0.1;port=3306;dbname=henimeet;charset=utf8
[ sql ] [ SQL ] SHOW COLUMNS FROM `wy_users` [ RunTime:0.001007s ]
[ sql ] [ SQL ] SELECT * FROM `wy_users` WHERE  `user_id` = 13422 LIMIT 1 [ RunTime:0.000445s ]
[ sql ] [ SQL ] SHOW COLUMNS FROM `chat_log` [ RunTime:0.000594s ]
[ sql ] [ SQL ] SELECT COUNT(*) AS tp_count FROM `chat_log` WHERE  `toid` = 13422  AND `is_read` = 0 LIMIT 1 [ RunTime:0.000190s ]
[ sql ] [ SQL ] SELECT * FROM `wy_users` WHERE  `user_id` = 13422 LIMIT 1 [ RunTime:0.000275s ]
[ sql ] [ SQL ] SHOW COLUMNS FROM `wy_online` [ RunTime:0.000521s ]
[ sql ] [ SQL ] SELECT * FROM `wy_online` WHERE  `user_id` = 13422 LIMIT 1 [ RunTime:0.000274s ]
[ sql ] [ SQL ] UPDATE `wy_online`  SET `user_id`=13422,`user_name`='Developer',`user_sex`=1,`user_ico`='http://www.pauzzz.com/uploadfiles/avatar/20190527/1558917064475_162.jpg',`active_time`=1587200129,`hidden`=0  WHERE  `user_id` = 13422 [ RunTime:0.000461s ]
[ sql ] [ SQL ] SELECT * FROM `chat_log` WHERE  (   (fromid='13422' and toid='7936') or (fromid='7936' and toid='13422')  ) ORDER BY timeline desc [ RunTime:0.004324s ]
[ sql ] [ SQL ] SELECT * FROM `wy_users` WHERE  `user_id` = 13422 LIMIT 1 [ RunTime:0.000317s ]
[ sql ] [ SQL ] SELECT * FROM `wy_users` WHERE  `user_id` = 7936 LIMIT 1 [ RunTime:0.000270s ]
[ sql ] [ SQL ] SELECT * FROM `wy_users` WHERE  `user_id` = 13422 LIMIT 1 [ RunTime:0.000274s ]
[ sql ] [ SQL ] SELECT * FROM `wy_users` WHERE  `user_id` = 13422 LIMIT 1 [ RunTime:0.000258s ]
[ sql ] [ SQL ] SELECT * FROM `wy_users` WHERE  `user_id` = 7936 LIMIT 1 [ RunTime:0.000259s ]
[ sql ] [ SQL ] SELECT * FROM `wy_users` WHERE  `user_id` = 7936 LIMIT 1 [ RunTime:0.000282s ]
[ sql ] [ SQL ] SELECT * FROM `wy_users` WHERE  `user_id` = 7936 LIMIT 1 [ RunTime:0.000265s ]
[ sql ] [ SQL ] SELECT * FROM `wy_users` WHERE  `user_id` = 13422 LIMIT 1 [ RunTime:0.000256s ]
[ sql ] [ SQL ] SELECT * FROM `wy_users` WHERE  `user_id` = 7936 LIMIT 1 [ RunTime:0.000262s ]
[ sql ] [ SQL ] SELECT * FROM `wy_users` WHERE  `user_id` = 13422 LIMIT 1 [ RunTime:0.000267s ]
[ sql ] [ SQL ] SELECT * FROM `wy_users` WHERE  `user_id` = 13422 LIMIT 1 [ RunTime:0.000271s ]
[ sql ] [ SQL ] SELECT * FROM `wy_users` WHERE  `user_id` = 13422 LIMIT 1 [ RunTime:0.000259s ]
[ sql ] [ SQL ] SELECT * FROM `wy_users` WHERE  `user_id` = 7936 LIMIT 1 [ RunTime:0.000264s ]
[ sql ] [ SQL ] SELECT * FROM `wy_users` WHERE  `user_id` = 13422 LIMIT 1 [ RunTime:0.000273s ]
[ sql ] [ SQL ] SELECT * FROM `wy_users` WHERE  `user_id` = 13422 LIMIT 1 [ RunTime:0.000258s ]
[ sql ] [ SQL ] SELECT * FROM `wy_users` WHERE  `user_id` = 13422 LIMIT 1 [ RunTime:0.000257s ]
[ sql ] [ SQL ] SELECT * FROM `wy_users` WHERE  `user_id` = 7936 LIMIT 1 [ RunTime:0.000284s ]
[ sql ] [ SQL ] SELECT * FROM `wy_users` WHERE  `user_id` = 7936 LIMIT 1 [ RunTime:0.000268s ]
[ sql ] [ SQL ] SELECT * FROM `wy_users` WHERE  `user_id` = 7936 LIMIT 1 [ RunTime:0.000256s ]
[ sql ] [ SQL ] SELECT * FROM `wy_users` WHERE  `user_id` = 13422 LIMIT 1 [ RunTime:0.000266s ]
[ sql ] [ SQL ] SELECT * FROM `wy_users` WHERE  `user_id` = 7936 LIMIT 1 [ RunTime:0.000268s ]
[ sql ] [ SQL ] SELECT * FROM `wy_users` WHERE  `user_id` = 13422 LIMIT 1 [ RunTime:0.000275s ]
[ sql ] [ SQL ] SELECT * FROM `wy_users` WHERE  `user_id` = 13422 LIMIT 1 [ RunTime:0.000256s ]
[ sql ] [ SQL ] SELECT * FROM `wy_users` WHERE  `user_id` = 7936 LIMIT 1 [ RunTime:0.000264s ]
[ sql ] [ SQL ] SELECT * FROM `wy_users` WHERE  `user_id` = 7936 LIMIT 1 [ RunTime:0.000275s ]
[ sql ] [ SQL ] SELECT * FROM `wy_users` WHERE  `user_id` = 13422 LIMIT 1 [ RunTime:0.000257s ]
[ sql ] [ SQL ] SELECT * FROM `wy_users` WHERE  `user_id` = 7936 LIMIT 1 [ RunTime:0.000256s ]
[ sql ] [ SQL ] SELECT * FROM `wy_users` WHERE  `user_id` = 13422 LIMIT 1 [ RunTime:0.000267s ]
[ sql ] [ SQL ] SELECT * FROM `wy_users` WHERE  `user_id` = 13422 LIMIT 1 [ RunTime:0.000270s ]
[ sql ] [ SQL ] SELECT * FROM `wy_users` WHERE  `user_id` = 7936 LIMIT 1 [ RunTime:0.000257s ]
[ sql ] [ SQL ] SELECT * FROM `wy_users` WHERE  `user_id` = 7936 LIMIT 1 [ RunTime:0.000264s ]
[ sql ] [ SQL ] SELECT * FROM `wy_users` WHERE  `user_id` = 13422 LIMIT 1 [ RunTime:0.000268s ]
[ sql ] [ SQL ] SELECT * FROM `wy_users` WHERE  `user_id` = 13422 LIMIT 1 [ RunTime:0.000273s ]
[ sql ] [ SQL ] SELECT * FROM `wy_users` WHERE  `user_id` = 7936 LIMIT 1 [ RunTime:0.000260s ]
[ sql ] [ SQL ] SELECT * FROM `wy_users` WHERE  `user_id` = 13422 LIMIT 1 [ RunTime:0.000267s ]
[ sql ] [ SQL ] SELECT * FROM `wy_users` WHERE  `user_id` = 7936 LIMIT 1 [ RunTime:0.000282s ]
[ sql ] [ SQL ] SELECT * FROM `wy_users` WHERE  `user_id` = 7936 LIMIT 1 [ RunTime:0.000257s ]
[ sql ] [ SQL ] SELECT * FROM `wy_users` WHERE  `user_id` = 13422 LIMIT 1 [ RunTime:0.000256s ]
[ sql ] [ SQL ] SELECT * FROM `wy_users` WHERE  `user_id` = 7936 LIMIT 1 [ RunTime:0.000267s ]
[ sql ] [ SQL ] SELECT * FROM `wy_users` WHERE  `user_id` = 7936 LIMIT 1 [ RunTime:0.000271s ]
[ sql ] [ SQL ] SELECT * FROM `wy_users` WHERE  `user_id` = 13422 LIMIT 1 [ RunTime:0.000257s ]
[ sql ] [ SQL ] SELECT * FROM `wy_users` WHERE  `user_id` = 13422 LIMIT 1 [ RunTime:0.000264s ]
[ sql ] [ SQL ] SELECT * FROM `wy_users` WHERE  `user_id` = 13422 LIMIT 1 [ RunTime:0.000264s ]
[ sql ] [ SQL ] SELECT * FROM `wy_users` WHERE  `user_id` = 13422 LIMIT 1 [ RunTime:0.000275s ]
[ sql ] [ SQL ] SELECT * FROM `wy_users` WHERE  `user_id` = 7936 LIMIT 1 [ RunTime:0.000256s ]
[ sql ] [ SQL ] SELECT * FROM `wy_users` WHERE  `user_id` = 13422 LIMIT 1 [ RunTime:0.000264s ]
[ sql ] [ SQL ] SELECT * FROM `wy_users` WHERE  `user_id` = 13422 LIMIT 1 [ RunTime:0.000280s ]
[ sql ] [ SQL ] SELECT * FROM `wy_users` WHERE  `user_id` = 7936 LIMIT 1 [ RunTime:0.000258s ]
[ sql ] [ SQL ] SELECT * FROM `wy_users` WHERE  `user_id` = 7936 LIMIT 1 [ RunTime:0.000257s ]
[ sql ] [ SQL ] SELECT * FROM `wy_users` WHERE  `user_id` = 7936 LIMIT 1 [ RunTime:0.000262s ]
[ sql ] [ SQL ] SELECT * FROM `wy_users` WHERE  `user_id` = 13422 LIMIT 1 [ RunTime:0.000272s ]
[ sql ] [ SQL ] SELECT * FROM `wy_users` WHERE  `user_id` = 13422 LIMIT 1 [ RunTime:0.000283s ]
[ sql ] [ SQL ] SELECT * FROM `wy_users` WHERE  `user_id` = 7936 LIMIT 1 [ RunTime:0.000262s ]
[ sql ] [ SQL ] SELECT * FROM `wy_users` WHERE  `user_id` = 13422 LIMIT 1 [ RunTime:0.000265s ]
[ sql ] [ SQL ] SELECT * FROM `wy_users` WHERE  `user_id` = 7936 LIMIT 1 [ RunTime:0.000275s ]
[ sql ] [ SQL ] SELECT * FROM `wy_users` WHERE  `user_id` = 7936 LIMIT 1 [ RunTime:0.000257s ]
[ sql ] [ SQL ] SELECT * FROM `wy_users` WHERE  `user_id` = 7936 LIMIT 1 [ RunTime:0.000264s ]
[ sql ] [ SQL ] SELECT * FROM `wy_users` WHERE  `user_id` = 13422 LIMIT 1 [ RunTime:0.000279s ]
[ sql ] [ SQL ] SELECT * FROM `wy_users` WHERE  `user_id` = 7936 LIMIT 1 [ RunTime:0.000264s ]
[ sql ] [ SQL ] SELECT * FROM `wy_users` WHERE  `user_id` = 13422 LIMIT 1 [ RunTime:0.000260s ]
[ sql ] [ SQL ] SELECT * FROM `wy_users` WHERE  `user_id` = 7936 LIMIT 1 [ RunTime:0.000267s ]
[ sql ] [ SQL ] SELECT * FROM `wy_users` WHERE  `user_id` = 13422 LIMIT 1 [ RunTime:0.000268s ]
[ sql ] [ SQL ] SELECT * FROM `wy_users` WHERE  `user_id` = 7936 LIMIT 1 [ RunTime:0.000280s ]
[ sql ] [ SQL ] SELECT * FROM `wy_users` WHERE  `user_id` = 7936 LIMIT 1 [ RunTime:0.000261s ]
[ sql ] [ SQL ] SELECT * FROM `wy_users` WHERE  `user_id` = 7936 LIMIT 1 [ RunTime:0.000265s ]
[ sql ] [ SQL ] SELECT * FROM `wy_users` WHERE  `user_id` = 13422 LIMIT 1 [ RunTime:0.000272s ]
[ sql ] [ SQL ] SELECT * FROM `wy_users` WHERE  `user_id` = 7936 LIMIT 1 [ RunTime:0.000258s ]
[ sql ] [ SQL ] SELECT * FROM `wy_users` WHERE  `user_id` = 13422 LIMIT 1 [ RunTime:0.000257s ]
[ sql ] [ SQL ] SELECT * FROM `wy_users` WHERE  `user_id` = 13422 LIMIT 1 [ RunTime:0.000283s ]
[ sql ] [ SQL ] SELECT * FROM `wy_users` WHERE  `user_id` = 7936 LIMIT 1 [ RunTime:0.000265s ]
[ sql ] [ SQL ] SELECT * FROM `wy_users` WHERE  `user_id` = 7936 LIMIT 1 [ RunTime:0.000256s ]
[ sql ] [ SQL ] SELECT * FROM `wy_users` WHERE  `user_id` = 7936 LIMIT 1 [ RunTime:0.000260s ]
[ sql ] [ SQL ] SELECT * FROM `wy_users` WHERE  `user_id` = 7936 LIMIT 1 [ RunTime:0.000267s ]
[ sql ] [ SQL ] SELECT * FROM `wy_users` WHERE  `user_id` = 7936 LIMIT 1 [ RunTime:0.000270s ]
---------------------------------------------------------------
[ 2020-04-18T17:02:15+08:00 ] 171.9.144.42 GET /index/main/index.html
[ sql ] [ DB ] CONNECT:[ UseTime:0.000690s ] mysql:host=127.0.0.1;port=3306;dbname=henimeet;charset=utf8
[ sql ] [ SQL ] SHOW COLUMNS FROM `wy_users` [ RunTime:0.001064s ]
[ sql ] [ SQL ] SELECT * FROM `wy_users` WHERE  `user_id` = 704 LIMIT 1 [ RunTime:0.000560s ]
[ sql ] [ SQL ] SHOW COLUMNS FROM `chat_log` [ RunTime:0.000581s ]
[ sql ] [ SQL ] SELECT COUNT(*) AS tp_count FROM `chat_log` WHERE  `toid` = 704  AND `is_read` = 0 LIMIT 1 [ RunTime:0.003745s ]
[ sql ] [ SQL ] SELECT * FROM `wy_users` WHERE  `user_id` = 704 LIMIT 1 [ RunTime:0.000309s ]
[ sql ] [ SQL ] SHOW COLUMNS FROM `wy_online` [ RunTime:0.000523s ]
[ sql ] [ SQL ] SELECT * FROM `wy_online` WHERE  `user_id` = 704 LIMIT 1 [ RunTime:0.000237s ]
[ sql ] [ SQL ] UPDATE `wy_online`  SET `user_id`=704,`user_name`='PAUZZZ',`user_sex`=0,`user_ico`='http://www.pauzzz.com/uploadfiles/avatar/20190910/1568096892927_162.jpg',`active_time`=1587200535,`hidden`=0  WHERE  `user_id` = 704 [ RunTime:0.000492s ]
---------------------------------------------------------------
[ 2020-04-18T17:02:15+08:00 ] 171.9.144.42 GET /index/main/query/page/1.html
[ sql ] [ DB ] CONNECT:[ UseTime:0.000738s ] mysql:host=127.0.0.1;port=3306;dbname=henimeet;charset=utf8
[ sql ] [ SQL ] SHOW COLUMNS FROM `wy_users` [ RunTime:0.001416s ]
[ sql ] [ SQL ] SELECT * FROM `wy_users` WHERE  `user_id` = 704 LIMIT 1 [ RunTime:0.000536s ]
[ sql ] [ SQL ] SHOW COLUMNS FROM `chat_log` [ RunTime:0.000761s ]
[ sql ] [ SQL ] SELECT COUNT(*) AS tp_count FROM `chat_log` WHERE  `toid` = 704  AND `is_read` = 0 LIMIT 1 [ RunTime:0.000222s ]
[ sql ] [ SQL ] SELECT * FROM `wy_users` WHERE  `user_id` = 704 LIMIT 1 [ RunTime:0.000641s ]
[ sql ] [ SQL ] SHOW COLUMNS FROM `wy_online` [ RunTime:0.000537s ]
[ sql ] [ SQL ] SELECT * FROM `wy_online` WHERE  `user_id` = 704 LIMIT 1 [ RunTime:0.000252s ]
[ sql ] [ SQL ] UPDATE `wy_online`  SET `user_id`=704,`user_name`='PAUZZZ',`user_sex`=0,`user_ico`='http://www.pauzzz.com/uploadfiles/avatar/20190910/1568096892927_162.jpg',`active_time`=1587200535,`hidden`=0  WHERE  `user_id` = 704 [ RunTime:0.000256s ]
[ sql ] [ SQL ] SELECT COUNT(*) AS tp_count FROM `wy_users` WHERE  `user_sex` <> 0  AND `is_pass` <> 0 LIMIT 1 [ RunTime:0.010509s ]
[ sql ] [ SQL ] SELECT `u`.`user_name`,`u`.`user_ico`,`u`.`user_sex`,`u`.`user_group`,`u`.`user_id`,`o`.`online_id` FROM `wy_users` `u` LEFT JOIN `wy_online` `o` ON `u`.`user_id`=`o`.`user_id` WHERE  (  u.user_sex != '0' and u.is_pass!='0' ) ORDER BY u.is_service desc, o.active_time desc LIMIT 0,16 [ RunTime:0.020179s ]
---------------------------------------------------------------
[ 2020-04-18T17:02:23+08:00 ] 171.9.144.42 GET /index/home/index/uid/8506
[ sql ] [ DB ] CONNECT:[ UseTime:0.000625s ] mysql:host=127.0.0.1;port=3306;dbname=henimeet;charset=utf8
[ sql ] [ SQL ] SHOW COLUMNS FROM `wy_users` [ RunTime:0.001019s ]
[ sql ] [ SQL ] SELECT * FROM `wy_users` WHERE  `user_id` = 704 LIMIT 1 [ RunTime:0.000456s ]
[ sql ] [ SQL ] SHOW COLUMNS FROM `chat_log` [ RunTime:0.000562s ]
[ sql ] [ SQL ] SELECT COUNT(*) AS tp_count FROM `chat_log` WHERE  `toid` = 704  AND `is_read` = 0 LIMIT 1 [ RunTime:0.000196s ]
[ sql ] [ SQL ] SELECT * FROM `wy_users` WHERE  `user_id` = 704 LIMIT 1 [ RunTime:0.000289s ]
[ sql ] [ SQL ] SHOW COLUMNS FROM `wy_online` [ RunTime:0.000507s ]
[ sql ] [ SQL ] SELECT * FROM `wy_online` WHERE  `user_id` = 704 LIMIT 1 [ RunTime:0.000253s ]
[ sql ] [ SQL ] UPDATE `wy_online`  SET `user_id`=704,`user_name`='PAUZZZ',`user_sex`=0,`user_ico`='http://www.pauzzz.com/uploadfiles/avatar/20190910/1568096892927_162.jpg',`active_time`=1587200543,`hidden`=0  WHERE  `user_id` = 704 [ RunTime:0.000491s ]
[ sql ] [ SQL ] SELECT `user_id`,`user_name`,`user_sex`,`user_ico`,`birth_year`,`birth_month`,`birth_day`,`country`,`waimao`,`sexual`,`height`,`weight`,`income`,`gerenjieshao` FROM `wy_users` WHERE  `user_id` = 8506 LIMIT 1 [ RunTime:0.000265s ]
[ sql ] [ SQL ] SHOW COLUMNS FROM `wy_album` [ RunTime:0.000510s ]
[ sql ] [ SQL ] SELECT * FROM `wy_album` WHERE  `user_id` = 8506 ORDER BY `add_time` [ RunTime:0.000273s ]
---------------------------------------------------------------
[ 2020-04-18T17:02:23+08:00 ] 171.9.144.42 GET /index/home/mood/uid/8506/page/1
[ sql ] [ DB ] CONNECT:[ UseTime:0.000599s ] mysql:host=127.0.0.1;port=3306;dbname=henimeet;charset=utf8
[ sql ] [ SQL ] SHOW COLUMNS FROM `wy_users` [ RunTime:0.001028s ]
[ sql ] [ SQL ] SELECT * FROM `wy_users` WHERE  `user_id` = 704 LIMIT 1 [ RunTime:0.000477s ]
[ sql ] [ SQL ] SHOW COLUMNS FROM `chat_log` [ RunTime:0.000540s ]
[ sql ] [ SQL ] SELECT COUNT(*) AS tp_count FROM `chat_log` WHERE  `toid` = 704  AND `is_read` = 0 LIMIT 1 [ RunTime:0.000196s ]
[ sql ] [ SQL ] SELECT * FROM `wy_users` WHERE  `user_id` = 704 LIMIT 1 [ RunTime:0.000271s ]
[ sql ] [ SQL ] SHOW COLUMNS FROM `wy_online` [ RunTime:0.000521s ]
[ sql ] [ SQL ] SELECT * FROM `wy_online` WHERE  `user_id` = 704 LIMIT 1 [ RunTime:0.000272s ]
[ sql ] [ SQL ] UPDATE `wy_online`  SET `user_id`=704,`user_name`='PAUZZZ',`user_sex`=0,`user_ico`='http://www.pauzzz.com/uploadfiles/avatar/20190910/1568096892927_162.jpg',`active_time`=1587200543,`hidden`=0  WHERE  `user_id` = 704 [ RunTime:0.000260s ]
[ sql ] [ SQL ] SHOW COLUMNS FROM `wy_recent_affair` [ RunTime:0.000507s ]
[ sql ] [ SQL ] SELECT COUNT(*) AS tp_count FROM `wy_recent_affair` WHERE  `user_id` = 8506 LIMIT 1 [ RunTime:0.000238s ]
[ sql ] [ SQL ] SELECT * FROM `wy_recent_affair` WHERE  `user_id` = 8506 ORDER BY id desc LIMIT 0,5 [ RunTime:0.000256s ]
---------------------------------------------------------------
[ 2020-04-18T22:01:54+08:00 ] 223.91.139.35 GET /index/main/index.html
[ sql ] [ DB ] CONNECT:[ UseTime:0.000567s ] mysql:host=127.0.0.1;port=3306;dbname=henimeet;charset=utf8
[ sql ] [ SQL ] SHOW COLUMNS FROM `wy_users` [ RunTime:0.000976s ]
[ sql ] [ SQL ] SELECT * FROM `wy_users` WHERE  `user_id` = 6630 LIMIT 1 [ RunTime:0.000563s ]
[ sql ] [ SQL ] SHOW COLUMNS FROM `chat_log` [ RunTime:0.000530s ]
[ sql ] [ SQL ] SELECT COUNT(*) AS tp_count FROM `chat_log` WHERE  `toid` = 6630  AND `is_read` = 0 LIMIT 1 [ RunTime:0.001156s ]
[ sql ] [ SQL ] SELECT * FROM `wy_users` WHERE  `user_id` = 6630 LIMIT 1 [ RunTime:0.000294s ]
[ sql ] [ SQL ] SHOW COLUMNS FROM `wy_online` [ RunTime:0.000506s ]
[ sql ] [ SQL ] SELECT * FROM `wy_online` WHERE  `user_id` = 6630 LIMIT 1 [ RunTime:0.000290s ]
[ sql ] [ SQL ] INSERT INTO `wy_online` (`user_id` , `user_name` , `user_sex` , `user_ico` , `active_time` , `hidden`) VALUES (6630 , 'xiner' , 0 , 'http://www.pauzzz.com/uploadfiles/avatar/20191025/1571972385105_162.jpg' , 1587218514 , 0) [ RunTime:0.000448s ]
---------------------------------------------------------------
[ 2020-04-18T22:01:59+08:00 ] 223.91.139.35 GET /index/main/query/page/1.html
[ sql ] [ DB ] CONNECT:[ UseTime:0.000611s ] mysql:host=127.0.0.1;port=3306;dbname=henimeet;charset=utf8
[ sql ] [ SQL ] SHOW COLUMNS FROM `wy_users` [ RunTime:0.002545s ]
[ sql ] [ SQL ] SELECT * FROM `wy_users` WHERE  `user_id` = 6630 LIMIT 1 [ RunTime:0.000417s ]
[ sql ] [ SQL ] SHOW COLUMNS FROM `chat_log` [ RunTime:0.000542s ]
[ sql ] [ SQL ] SELECT COUNT(*) AS tp_count FROM `chat_log` WHERE  `toid` = 6630  AND `is_read` = 0 LIMIT 1 [ RunTime:0.000188s ]
[ sql ] [ SQL ] SELECT * FROM `wy_users` WHERE  `user_id` = 6630 LIMIT 1 [ RunTime:0.000265s ]
[ sql ] [ SQL ] SHOW COLUMNS FROM `wy_online` [ RunTime:0.000499s ]
[ sql ] [ SQL ] SELECT * FROM `wy_online` WHERE  `user_id` = 6630 LIMIT 1 [ RunTime:0.000271s ]
[ sql ] [ SQL ] UPDATE `wy_online`  SET `user_id`=6630,`user_name`='xiner',`user_sex`=0,`user_ico`='http://www.pauzzz.com/uploadfiles/avatar/20191025/1571972385105_162.jpg',`active_time`=1587218519,`hidden`=0  WHERE  `user_id` = 6630 [ RunTime:0.000478s ]
[ sql ] [ SQL ] SELECT COUNT(*) AS tp_count FROM `wy_users` WHERE  `user_sex` <> 0  AND `is_pass` <> 0 LIMIT 1 [ RunTime:0.010565s ]
[ sql ] [ SQL ] SELECT `u`.`user_name`,`u`.`user_ico`,`u`.`user_sex`,`u`.`user_group`,`u`.`user_id`,`o`.`online_id` FROM `wy_users` `u` LEFT JOIN `wy_online` `o` ON `u`.`user_id`=`o`.`user_id` WHERE  (  u.user_sex != '0' and u.is_pass!='0' ) ORDER BY u.is_service desc, o.active_time desc LIMIT 0,16 [ RunTime:0.027365s ]
---------------------------------------------------------------
[ 2020-04-18T22:02:00+08:00 ] 223.91.139.35 GET /index/user/index.html
[ sql ] [ DB ] CONNECT:[ UseTime:0.000620s ] mysql:host=127.0.0.1;port=3306;dbname=henimeet;charset=utf8
[ sql ] [ SQL ] SHOW COLUMNS FROM `wy_users` [ RunTime:0.001017s ]
[ sql ] [ SQL ] SELECT * FROM `wy_users` WHERE  `user_id` = 6630 LIMIT 1 [ RunTime:0.000426s ]
[ sql ] [ SQL ] SHOW COLUMNS FROM `chat_log` [ RunTime:0.000539s ]
[ sql ] [ SQL ] SELECT COUNT(*) AS tp_count FROM `chat_log` WHERE  `toid` = 6630  AND `is_read` = 0 LIMIT 1 [ RunTime:0.000186s ]
[ sql ] [ SQL ] SELECT * FROM `wy_users` WHERE  `user_id` = 6630 LIMIT 1 [ RunTime:0.000280s ]
[ sql ] [ SQL ] SHOW COLUMNS FROM `wy_online` [ RunTime:0.000528s ]
[ sql ] [ SQL ] SELECT * FROM `wy_online` WHERE  `user_id` = 6630 LIMIT 1 [ RunTime:0.000256s ]
[ sql ] [ SQL ] UPDATE `wy_online`  SET `user_id`=6630,`user_name`='xiner',`user_sex`=0,`user_ico`='http://www.pauzzz.com/uploadfiles/avatar/20191025/1571972385105_162.jpg',`active_time`=1587218520,`hidden`=0  WHERE  `user_id` = 6630 [ RunTime:0.000283s ]
[ sql ] [ SQL ] SELECT * FROM `wy_users` WHERE  `user_id` = 6630 LIMIT 1 [ RunTime:0.000432s ]
---------------------------------------------------------------
[ 2020-04-18T22:02:08+08:00 ] 223.91.139.35 GET /index/user/index.html
[ sql ] [ DB ] CONNECT:[ UseTime:0.000593s ] mysql:host=127.0.0.1;port=3306;dbname=henimeet;charset=utf8
[ sql ] [ SQL ] SHOW COLUMNS FROM `wy_users` [ RunTime:0.001013s ]
[ sql ] [ SQL ] SELECT * FROM `wy_users` WHERE  `user_id` = 6630 LIMIT 1 [ RunTime:0.000427s ]
[ sql ] [ SQL ] SHOW COLUMNS FROM `chat_log` [ RunTime:0.000553s ]
[ sql ] [ SQL ] SELECT COUNT(*) AS tp_count FROM `chat_log` WHERE  `toid` = 6630  AND `is_read` = 0 LIMIT 1 [ RunTime:0.000189s ]
[ sql ] [ SQL ] SELECT * FROM `wy_users` WHERE  `user_id` = 6630 LIMIT 1 [ RunTime:0.000276s ]
[ sql ] [ SQL ] SHOW COLUMNS FROM `wy_online` [ RunTime:0.000547s ]
[ sql ] [ SQL ] SELECT * FROM `wy_online` WHERE  `user_id` = 6630 LIMIT 1 [ RunTime:0.000292s ]
[ sql ] [ SQL ] UPDATE `wy_online`  SET `user_id`=6630,`user_name`='xiner',`user_sex`=0,`user_ico`='http://www.pauzzz.com/uploadfiles/avatar/20191025/1571972385105_162.jpg',`active_time`=1587218528,`hidden`=0  WHERE  `user_id` = 6630 [ RunTime:0.000291s ]
[ sql ] [ SQL ] SELECT * FROM `wy_users` WHERE  `user_id` = 6630 LIMIT 1 [ RunTime:0.000282s ]
---------------------------------------------------------------
[ 2020-04-18T22:02:10+08:00 ] 223.91.139.35 GET /index/mall/index.html
[ sql ] [ DB ] CONNECT:[ UseTime:0.000586s ] mysql:host=127.0.0.1;port=3306;dbname=henimeet;charset=utf8
[ sql ] [ SQL ] SHOW COLUMNS FROM `wy_users` [ RunTime:0.001003s ]
[ sql ] [ SQL ] SELECT * FROM `wy_users` WHERE  `user_id` = 6630 LIMIT 1 [ RunTime:0.000433s ]
[ sql ] [ SQL ] SHOW COLUMNS FROM `chat_log` [ RunTime:0.000560s ]
[ sql ] [ SQL ] SELECT COUNT(*) AS tp_count FROM `chat_log` WHERE  `toid` = 6630  AND `is_read` = 0 LIMIT 1 [ RunTime:0.000194s ]
[ sql ] [ SQL ] SELECT * FROM `wy_users` WHERE  `user_id` = 6630 LIMIT 1 [ RunTime:0.000278s ]
[ sql ] [ SQL ] SHOW COLUMNS FROM `wy_online` [ RunTime:0.000498s ]
[ sql ] [ SQL ] SELECT * FROM `wy_online` WHERE  `user_id` = 6630 LIMIT 1 [ RunTime:0.000283s ]
[ sql ] [ SQL ] UPDATE `wy_online`  SET `user_id`=6630,`user_name`='xiner',`user_sex`=0,`user_ico`='http://www.pauzzz.com/uploadfiles/avatar/20191025/1571972385105_162.jpg',`active_time`=1587218530,`hidden`=0  WHERE  `user_id` = 6630 [ RunTime:0.000274s ]
[ sql ] [ SQL ] SHOW COLUMNS FROM `gift_shop` [ RunTime:0.000514s ]
[ sql ] [ SQL ] SELECT * FROM `gift_shop` WHERE  `typeid` = 2 [ RunTime:0.000184s ]
[ sql ] [ SQL ] SELECT * FROM `gift_shop` WHERE  `typeid` = 3 [ RunTime:0.000176s ]
[ sql ] [ SQL ] SELECT * FROM `gift_shop` WHERE  `typeid` = 4 [ RunTime:0.000296s ]
---------------------------------------------------------------
[ 2020-04-18T22:02:27+08:00 ] 223.91.139.35 GET /index/mall/detail/id/525.html
[ sql ] [ DB ] CONNECT:[ UseTime:0.000602s ] mysql:host=127.0.0.1;port=3306;dbname=henimeet;charset=utf8
[ sql ] [ SQL ] SHOW COLUMNS FROM `wy_users` [ RunTime:0.001013s ]
[ sql ] [ SQL ] SELECT * FROM `wy_users` WHERE  `user_id` = 6630 LIMIT 1 [ RunTime:0.000446s ]
[ sql ] [ SQL ] SHOW COLUMNS FROM `chat_log` [ RunTime:0.000548s ]
[ sql ] [ SQL ] SELECT COUNT(*) AS tp_count FROM `chat_log` WHERE  `toid` = 6630  AND `is_read` = 0 LIMIT 1 [ RunTime:0.000190s ]
[ sql ] [ SQL ] SELECT * FROM `wy_users` WHERE  `user_id` = 6630 LIMIT 1 [ RunTime:0.000283s ]
[ sql ] [ SQL ] SHOW COLUMNS FROM `wy_online` [ RunTime:0.000524s ]
[ sql ] [ SQL ] SELECT * FROM `wy_online` WHERE  `user_id` = 6630 LIMIT 1 [ RunTime:0.000284s ]
[ sql ] [ SQL ] UPDATE `wy_online`  SET `user_id`=6630,`user_name`='xiner',`user_sex`=0,`user_ico`='http://www.pauzzz.com/uploadfiles/avatar/20191025/1571972385105_162.jpg',`active_time`=1587218547,`hidden`=0  WHERE  `user_id` = 6630 [ RunTime:0.000294s ]
[ sql ] [ SQL ] SHOW COLUMNS FROM `gift_shop` [ RunTime:0.000541s ]
[ sql ] [ SQL ] SELECT * FROM `gift_shop` WHERE  `id` = 525 LIMIT 1 [ RunTime:0.000257s ]
---------------------------------------------------------------
[ 2020-04-18T22:03:15+08:00 ] 223.91.139.35 GET /index/user/index.html
[ sql ] [ DB ] CONNECT:[ UseTime:0.000579s ] mysql:host=127.0.0.1;port=3306;dbname=henimeet;charset=utf8
[ sql ] [ SQL ] SHOW COLUMNS FROM `wy_users` [ RunTime:0.001035s ]
[ sql ] [ SQL ] SELECT * FROM `wy_users` WHERE  `user_id` = 6630 LIMIT 1 [ RunTime:0.000434s ]
[ sql ] [ SQL ] SHOW COLUMNS FROM `chat_log` [ RunTime:0.000550s ]
[ sql ] [ SQL ] SELECT COUNT(*) AS tp_count FROM `chat_log` WHERE  `toid` = 6630  AND `is_read` = 0 LIMIT 1 [ RunTime:0.000195s ]
[ sql ] [ SQL ] SELECT * FROM `wy_users` WHERE  `user_id` = 6630 LIMIT 1 [ RunTime:0.000297s ]
[ sql ] [ SQL ] SHOW COLUMNS FROM `wy_online` [ RunTime:0.000509s ]
[ sql ] [ SQL ] SELECT * FROM `wy_online` WHERE  `user_id` = 6630 LIMIT 1 [ RunTime:0.000268s ]
[ sql ] [ SQL ] UPDATE `wy_online`  SET `user_id`=6630,`user_name`='xiner',`user_sex`=0,`user_ico`='http://www.pauzzz.com/uploadfiles/avatar/20191025/1571972385105_162.jpg',`active_time`=1587218595,`hidden`=0  WHERE  `user_id` = 6630 [ RunTime:0.000265s ]
[ sql ] [ SQL ] SELECT * FROM `wy_users` WHERE  `user_id` = 6630 LIMIT 1 [ RunTime:0.000275s ]
---------------------------------------------------------------
[ 2020-04-18T22:03:18+08:00 ] 223.91.139.35 GET /index/mall/index.html
[ sql ] [ DB ] CONNECT:[ UseTime:0.000640s ] mysql:host=127.0.0.1;port=3306;dbname=henimeet;charset=utf8
[ sql ] [ SQL ] SHOW COLUMNS FROM `wy_users` [ RunTime:0.001017s ]
[ sql ] [ SQL ] SELECT * FROM `wy_users` WHERE  `user_id` = 6630 LIMIT 1 [ RunTime:0.000459s ]
[ sql ] [ SQL ] SHOW COLUMNS FROM `chat_log` [ RunTime:0.000572s ]
[ sql ] [ SQL ] SELECT COUNT(*) AS tp_count FROM `chat_log` WHERE  `toid` = 6630  AND `is_read` = 0 LIMIT 1 [ RunTime:0.000198s ]
[ sql ] [ SQL ] SELECT * FROM `wy_users` WHERE  `user_id` = 6630 LIMIT 1 [ RunTime:0.000290s ]
[ sql ] [ SQL ] SHOW COLUMNS FROM `wy_online` [ RunTime:0.000513s ]
[ sql ] [ SQL ] SELECT * FROM `wy_online` WHERE  `user_id` = 6630 LIMIT 1 [ RunTime:0.000255s ]
[ sql ] [ SQL ] UPDATE `wy_online`  SET `user_id`=6630,`user_name`='xiner',`user_sex`=0,`user_ico`='http://www.pauzzz.com/uploadfiles/avatar/20191025/1571972385105_162.jpg',`active_time`=1587218598,`hidden`=0  WHERE  `user_id` = 6630 [ RunTime:0.000271s ]
[ sql ] [ SQL ] SHOW COLUMNS FROM `gift_shop` [ RunTime:0.000518s ]
[ sql ] [ SQL ] SELECT * FROM `gift_shop` WHERE  `typeid` = 2 [ RunTime:0.000188s ]
[ sql ] [ SQL ] SELECT * FROM `gift_shop` WHERE  `typeid` = 3 [ RunTime:0.000180s ]
[ sql ] [ SQL ] SELECT * FROM `gift_shop` WHERE  `typeid` = 4 [ RunTime:0.000315s ]
---------------------------------------------------------------
[ 2020-04-18T22:03:28+08:00 ] 223.91.139.35 GET /index/mall/index.html
[ sql ] [ DB ] CONNECT:[ UseTime:0.000609s ] mysql:host=127.0.0.1;port=3306;dbname=henimeet;charset=utf8
[ sql ] [ SQL ] SHOW COLUMNS FROM `wy_users` [ RunTime:0.001055s ]
[ sql ] [ SQL ] SELECT * FROM `wy_users` WHERE  `user_id` = 6630 LIMIT 1 [ RunTime:0.000441s ]
[ sql ] [ SQL ] SHOW COLUMNS FROM `chat_log` [ RunTime:0.000557s ]
[ sql ] [ SQL ] SELECT COUNT(*) AS tp_count FROM `chat_log` WHERE  `toid` = 6630  AND `is_read` = 0 LIMIT 1 [ RunTime:0.000191s ]
[ sql ] [ SQL ] SELECT * FROM `wy_users` WHERE  `user_id` = 6630 LIMIT 1 [ RunTime:0.000275s ]
[ sql ] [ SQL ] SHOW COLUMNS FROM `wy_online` [ RunTime:0.000505s ]
[ sql ] [ SQL ] SELECT * FROM `wy_online` WHERE  `user_id` = 6630 LIMIT 1 [ RunTime:0.000268s ]
[ sql ] [ SQL ] UPDATE `wy_online`  SET `user_id`=6630,`user_name`='xiner',`user_sex`=0,`user_ico`='http://www.pauzzz.com/uploadfiles/avatar/20191025/1571972385105_162.jpg',`active_time`=1587218608,`hidden`=0  WHERE  `user_id` = 6630 [ RunTime:0.000276s ]
[ sql ] [ SQL ] SHOW COLUMNS FROM `gift_shop` [ RunTime:0.000506s ]
[ sql ] [ SQL ] SELECT * FROM `gift_shop` WHERE  `typeid` = 2 [ RunTime:0.000196s ]
[ sql ] [ SQL ] SELECT * FROM `gift_shop` WHERE  `typeid` = 3 [ RunTime:0.000185s ]
[ sql ] [ SQL ] SELECT * FROM `gift_shop` WHERE  `typeid` = 4 [ RunTime:0.000292s ]
---------------------------------------------------------------
[ 2020-04-18T22:03:38+08:00 ] 223.91.139.35 GET /index/mall/index.html
[ sql ] [ DB ] CONNECT:[ UseTime:0.000620s ] mysql:host=127.0.0.1;port=3306;dbname=henimeet;charset=utf8
[ sql ] [ SQL ] SHOW COLUMNS FROM `wy_users` [ RunTime:0.001033s ]
[ sql ] [ SQL ] SELECT * FROM `wy_users` WHERE  `user_id` = 6630 LIMIT 1 [ RunTime:0.000422s ]
[ sql ] [ SQL ] SHOW COLUMNS FROM `chat_log` [ RunTime:0.000531s ]
[ sql ] [ SQL ] SELECT COUNT(*) AS tp_count FROM `chat_log` WHERE  `toid` = 6630  AND `is_read` = 0 LIMIT 1 [ RunTime:0.000186s ]
[ sql ] [ SQL ] SELECT * FROM `wy_users` WHERE  `user_id` = 6630 LIMIT 1 [ RunTime:0.000262s ]
[ sql ] [ SQL ] SHOW COLUMNS FROM `wy_online` [ RunTime:0.000507s ]
[ sql ] [ SQL ] SELECT * FROM `wy_online` WHERE  `user_id` = 6630 LIMIT 1 [ RunTime:0.000268s ]
[ sql ] [ SQL ] UPDATE `wy_online`  SET `user_id`=6630,`user_name`='xiner',`user_sex`=0,`user_ico`='http://www.pauzzz.com/uploadfiles/avatar/20191025/1571972385105_162.jpg',`active_time`=1587218618,`hidden`=0  WHERE  `user_id` = 6630 [ RunTime:0.000289s ]
[ sql ] [ SQL ] SHOW COLUMNS FROM `gift_shop` [ RunTime:0.000498s ]
[ sql ] [ SQL ] SELECT * FROM `gift_shop` WHERE  `typeid` = 2 [ RunTime:0.000184s ]
[ sql ] [ SQL ] SELECT * FROM `gift_shop` WHERE  `typeid` = 3 [ RunTime:0.000190s ]
[ sql ] [ SQL ] SELECT * FROM `gift_shop` WHERE  `typeid` = 4 [ RunTime:0.000303s ]
---------------------------------------------------------------
[ 2020-04-18T22:03:48+08:00 ] 223.91.139.35 GET /index/mall/index.html
[ sql ] [ DB ] CONNECT:[ UseTime:0.000598s ] mysql:host=127.0.0.1;port=3306;dbname=henimeet;charset=utf8
[ sql ] [ SQL ] SHOW COLUMNS FROM `wy_users` [ RunTime:0.001014s ]
[ sql ] [ SQL ] SELECT * FROM `wy_users` WHERE  `user_id` = 6630 LIMIT 1 [ RunTime:0.000416s ]
[ sql ] [ SQL ] SHOW COLUMNS FROM `chat_log` [ RunTime:0.000544s ]
[ sql ] [ SQL ] SELECT COUNT(*) AS tp_count FROM `chat_log` WHERE  `toid` = 6630  AND `is_read` = 0 LIMIT 1 [ RunTime:0.000200s ]
[ sql ] [ SQL ] SELECT * FROM `wy_users` WHERE  `user_id` = 6630 LIMIT 1 [ RunTime:0.000273s ]
[ sql ] [ SQL ] SHOW COLUMNS FROM `wy_online` [ RunTime:0.000533s ]
[ sql ] [ SQL ] SELECT * FROM `wy_online` WHERE  `user_id` = 6630 LIMIT 1 [ RunTime:0.000254s ]
[ sql ] [ SQL ] UPDATE `wy_online`  SET `user_id`=6630,`user_name`='xiner',`user_sex`=0,`user_ico`='http://www.pauzzz.com/uploadfiles/avatar/20191025/1571972385105_162.jpg',`active_time`=1587218628,`hidden`=0  WHERE  `user_id` = 6630 [ RunTime:0.000284s ]
[ sql ] [ SQL ] SHOW COLUMNS FROM `gift_shop` [ RunTime:0.000530s ]
[ sql ] [ SQL ] SELECT * FROM `gift_shop` WHERE  `typeid` = 2 [ RunTime:0.000191s ]
[ sql ] [ SQL ] SELECT * FROM `gift_shop` WHERE  `typeid` = 3 [ RunTime:0.000183s ]
[ sql ] [ SQL ] SELECT * FROM `gift_shop` WHERE  `typeid` = 4 [ RunTime:0.000299s ]
---------------------------------------------------------------
[ 2020-04-18T22:03:49+08:00 ] 223.91.139.35 GET /index/mall/detail/id/510.html
[ sql ] [ DB ] CONNECT:[ UseTime:0.000583s ] mysql:host=127.0.0.1;port=3306;dbname=henimeet;charset=utf8
[ sql ] [ SQL ] SHOW COLUMNS FROM `wy_users` [ RunTime:0.001005s ]
[ sql ] [ SQL ] SELECT * FROM `wy_users` WHERE  `user_id` = 6630 LIMIT 1 [ RunTime:0.000439s ]
[ sql ] [ SQL ] SHOW COLUMNS FROM `chat_log` [ RunTime:0.000545s ]
[ sql ] [ SQL ] SELECT COUNT(*) AS tp_count FROM `chat_log` WHERE  `toid` = 6630  AND `is_read` = 0 LIMIT 1 [ RunTime:0.000187s ]
[ sql ] [ SQL ] SELECT * FROM `wy_users` WHERE  `user_id` = 6630 LIMIT 1 [ RunTime:0.000276s ]
[ sql ] [ SQL ] SHOW COLUMNS FROM `wy_online` [ RunTime:0.000507s ]
[ sql ] [ SQL ] SELECT * FROM `wy_online` WHERE  `user_id` = 6630 LIMIT 1 [ RunTime:0.000271s ]
[ sql ] [ SQL ] UPDATE `wy_online`  SET `user_id`=6630,`user_name`='xiner',`user_sex`=0,`user_ico`='http://www.pauzzz.com/uploadfiles/avatar/20191025/1571972385105_162.jpg',`active_time`=1587218629,`hidden`=0  WHERE  `user_id` = 6630 [ RunTime:0.000268s ]
[ sql ] [ SQL ] SHOW COLUMNS FROM `gift_shop` [ RunTime:0.000508s ]
[ sql ] [ SQL ] SELECT * FROM `gift_shop` WHERE  `id` = 510 LIMIT 1 [ RunTime:0.000254s ]
---------------------------------------------------------------
[ 2020-04-18T22:18:23+08:00 ] 223.91.139.35 GET /index/main/index.html
[ sql ] [ DB ] CONNECT:[ UseTime:0.000620s ] mysql:host=127.0.0.1;port=3306;dbname=henimeet;charset=utf8
[ sql ] [ SQL ] SHOW COLUMNS FROM `wy_users` [ RunTime:0.001053s ]
[ sql ] [ SQL ] SELECT * FROM `wy_users` WHERE  `user_id` = 6630 LIMIT 1 [ RunTime:0.000435s ]
[ sql ] [ SQL ] SHOW COLUMNS FROM `chat_log` [ RunTime:0.000571s ]
[ sql ] [ SQL ] SELECT COUNT(*) AS tp_count FROM `chat_log` WHERE  `toid` = 6630  AND `is_read` = 0 LIMIT 1 [ RunTime:0.000192s ]
[ sql ] [ SQL ] SELECT * FROM `wy_users` WHERE  `user_id` = 6630 LIMIT 1 [ RunTime:0.000267s ]
[ sql ] [ SQL ] SHOW COLUMNS FROM `wy_online` [ RunTime:0.000533s ]
[ sql ] [ SQL ] SELECT * FROM `wy_online` WHERE  `user_id` = 6630 LIMIT 1 [ RunTime:0.000301s ]
[ sql ] [ SQL ] UPDATE `wy_online`  SET `user_id`=6630,`user_name`='xiner',`user_sex`=0,`user_ico`='http://www.pauzzz.com/uploadfiles/avatar/20191025/1571972385105_162.jpg',`active_time`=1587219503,`hidden`=0  WHERE  `user_id` = 6630 [ RunTime:0.000478s ]
---------------------------------------------------------------
[ 2020-04-18T22:18:23+08:00 ] 223.91.139.35 GET /index/main/query/page/1.html
[ sql ] [ DB ] CONNECT:[ UseTime:0.000592s ] mysql:host=127.0.0.1;port=3306;dbname=henimeet;charset=utf8
[ sql ] [ SQL ] SHOW COLUMNS FROM `wy_users` [ RunTime:0.001011s ]
[ sql ] [ SQL ] SELECT * FROM `wy_users` WHERE  `user_id` = 6630 LIMIT 1 [ RunTime:0.000427s ]
[ sql ] [ SQL ] SHOW COLUMNS FROM `chat_log` [ RunTime:0.000563s ]
[ sql ] [ SQL ] SELECT COUNT(*) AS tp_count FROM `chat_log` WHERE  `toid` = 6630  AND `is_read` = 0 LIMIT 1 [ RunTime:0.000187s ]
[ sql ] [ SQL ] SELECT * FROM `wy_users` WHERE  `user_id` = 6630 LIMIT 1 [ RunTime:0.000272s ]
[ sql ] [ SQL ] SHOW COLUMNS FROM `wy_online` [ RunTime:0.000537s ]
[ sql ] [ SQL ] SELECT * FROM `wy_online` WHERE  `user_id` = 6630 LIMIT 1 [ RunTime:0.000265s ]
[ sql ] [ SQL ] UPDATE `wy_online`  SET `user_id`=6630,`user_name`='xiner',`user_sex`=0,`user_ico`='http://www.pauzzz.com/uploadfiles/avatar/20191025/1571972385105_162.jpg',`active_time`=1587219503,`hidden`=0  WHERE  `user_id` = 6630 [ RunTime:0.000263s ]
[ sql ] [ SQL ] SELECT COUNT(*) AS tp_count FROM `wy_users` WHERE  `user_sex` <> 0  AND `is_pass` <> 0 LIMIT 1 [ RunTime:0.000202s ]
[ sql ] [ SQL ] SELECT `u`.`user_name`,`u`.`user_ico`,`u`.`user_sex`,`u`.`user_group`,`u`.`user_id`,`o`.`online_id` FROM `wy_users` `u` LEFT JOIN `wy_online` `o` ON `u`.`user_id`=`o`.`user_id` WHERE  (  u.user_sex != '0' and u.is_pass!='0' ) ORDER BY u.is_service desc, o.active_time desc LIMIT 0,16 [ RunTime:0.020709s ]
---------------------------------------------------------------
[ 2020-04-18T22:18:25+08:00 ] 223.91.139.35 GET /index/user/index.html
[ sql ] [ DB ] CONNECT:[ UseTime:0.000584s ] mysql:host=127.0.0.1;port=3306;dbname=henimeet;charset=utf8
[ sql ] [ SQL ] SHOW COLUMNS FROM `wy_users` [ RunTime:0.001007s ]
[ sql ] [ SQL ] SELECT * FROM `wy_users` WHERE  `user_id` = 6630 LIMIT 1 [ RunTime:0.000421s ]
[ sql ] [ SQL ] SHOW COLUMNS FROM `chat_log` [ RunTime:0.000529s ]
[ sql ] [ SQL ] SELECT COUNT(*) AS tp_count FROM `chat_log` WHERE  `toid` = 6630  AND `is_read` = 0 LIMIT 1 [ RunTime:0.000205s ]
[ sql ] [ SQL ] SELECT * FROM `wy_users` WHERE  `user_id` = 6630 LIMIT 1 [ RunTime:0.000275s ]
[ sql ] [ SQL ] SHOW COLUMNS FROM `wy_online` [ RunTime:0.000501s ]
[ sql ] [ SQL ] SELECT * FROM `wy_online` WHERE  `user_id` = 6630 LIMIT 1 [ RunTime:0.000185s ]
[ sql ] [ SQL ] UPDATE `wy_online`  SET `user_id`=6630,`user_name`='xiner',`user_sex`=0,`user_ico`='http://www.pauzzz.com/uploadfiles/avatar/20191025/1571972385105_162.jpg',`active_time`=1587219505,`hidden`=0  WHERE  `user_id` = 6630 [ RunTime:0.000485s ]
[ sql ] [ SQL ] SELECT * FROM `wy_users` WHERE  `user_id` = 6630 LIMIT 1 [ RunTime:0.000285s ]
---------------------------------------------------------------
[ 2020-04-18T22:18:26+08:00 ] 223.91.139.35 GET /index/mall/index.html
[ sql ] [ DB ] CONNECT:[ UseTime:0.000600s ] mysql:host=127.0.0.1;port=3306;dbname=henimeet;charset=utf8
[ sql ] [ SQL ] SHOW COLUMNS FROM `wy_users` [ RunTime:0.001014s ]
[ sql ] [ SQL ] SELECT * FROM `wy_users` WHERE  `user_id` = 6630 LIMIT 1 [ RunTime:0.000420s ]
[ sql ] [ SQL ] SHOW COLUMNS FROM `chat_log` [ RunTime:0.000545s ]
[ sql ] [ SQL ] SELECT COUNT(*) AS tp_count FROM `chat_log` WHERE  `toid` = 6630  AND `is_read` = 0 LIMIT 1 [ RunTime:0.000183s ]
[ sql ] [ SQL ] SELECT * FROM `wy_users` WHERE  `user_id` = 6630 LIMIT 1 [ RunTime:0.000261s ]
[ sql ] [ SQL ] SHOW COLUMNS FROM `wy_online` [ RunTime:0.000498s ]
[ sql ] [ SQL ] SELECT * FROM `wy_online` WHERE  `user_id` = 6630 LIMIT 1 [ RunTime:0.000267s ]
[ sql ] [ SQL ] UPDATE `wy_online`  SET `user_id`=6630,`user_name`='xiner',`user_sex`=0,`user_ico`='http://www.pauzzz.com/uploadfiles/avatar/20191025/1571972385105_162.jpg',`active_time`=1587219506,`hidden`=0  WHERE  `user_id` = 6630 [ RunTime:0.000471s ]
[ sql ] [ SQL ] SHOW COLUMNS FROM `gift_shop` [ RunTime:0.000526s ]
[ sql ] [ SQL ] SELECT * FROM `gift_shop` WHERE  `typeid` = 2 [ RunTime:0.000199s ]
[ sql ] [ SQL ] SELECT * FROM `gift_shop` WHERE  `typeid` = 3 [ RunTime:0.000195s ]
[ sql ] [ SQL ] SELECT * FROM `gift_shop` WHERE  `typeid` = 4 [ RunTime:0.000295s ]
---------------------------------------------------------------
[ 2020-04-18T22:18:38+08:00 ] 223.91.139.35 GET /index/mall/detail/id/559.html
[ sql ] [ DB ] CONNECT:[ UseTime:0.000610s ] mysql:host=127.0.0.1;port=3306;dbname=henimeet;charset=utf8
[ sql ] [ SQL ] SHOW COLUMNS FROM `wy_users` [ RunTime:0.001035s ]
[ sql ] [ SQL ] SELECT * FROM `wy_users` WHERE  `user_id` = 6630 LIMIT 1 [ RunTime:0.000465s ]
[ sql ] [ SQL ] SHOW COLUMNS FROM `chat_log` [ RunTime:0.000541s ]
[ sql ] [ SQL ] SELECT COUNT(*) AS tp_count FROM `chat_log` WHERE  `toid` = 6630  AND `is_read` = 0 LIMIT 1 [ RunTime:0.000208s ]
[ sql ] [ SQL ] SELECT * FROM `wy_users` WHERE  `user_id` = 6630 LIMIT 1 [ RunTime:0.000265s ]
[ sql ] [ SQL ] SHOW COLUMNS FROM `wy_online` [ RunTime:0.000520s ]
[ sql ] [ SQL ] SELECT * FROM `wy_online` WHERE  `user_id` = 6630 LIMIT 1 [ RunTime:0.000268s ]
[ sql ] [ SQL ] UPDATE `wy_online`  SET `user_id`=6630,`user_name`='xiner',`user_sex`=0,`user_ico`='http://www.pauzzz.com/uploadfiles/avatar/20191025/1571972385105_162.jpg',`active_time`=1587219518,`hidden`=0  WHERE  `user_id` = 6630 [ RunTime:0.000468s ]
[ sql ] [ SQL ] SHOW COLUMNS FROM `gift_shop` [ RunTime:0.000500s ]
[ sql ] [ SQL ] SELECT * FROM `gift_shop` WHERE  `id` = 559 LIMIT 1 [ RunTime:0.000236s ]
---------------------------------------------------------------
[ 2020-04-18T22:43:50+08:00 ] 117.136.105.245 GET /index/main/index.html
[ sql ] [ DB ] CONNECT:[ UseTime:0.000629s ] mysql:host=127.0.0.1;port=3306;dbname=henimeet;charset=utf8
[ sql ] [ SQL ] SHOW COLUMNS FROM `wy_users` [ RunTime:0.001026s ]
[ sql ] [ SQL ] SELECT * FROM `wy_users` WHERE  `user_id` = 5615 LIMIT 1 [ RunTime:0.000692s ]
[ sql ] [ SQL ] SHOW COLUMNS FROM `chat_log` [ RunTime:0.000554s ]
[ sql ] [ SQL ] SELECT COUNT(*) AS tp_count FROM `chat_log` WHERE  `toid` = 5615  AND `is_read` = 0 LIMIT 1 [ RunTime:0.000669s ]
[ sql ] [ SQL ] SELECT * FROM `wy_users` WHERE  `user_id` = 5615 LIMIT 1 [ RunTime:0.000280s ]
[ sql ] [ SQL ] SHOW COLUMNS FROM `wy_online` [ RunTime:0.000526s ]
[ sql ] [ SQL ] SELECT * FROM `wy_online` WHERE  `user_id` = 5615 LIMIT 1 [ RunTime:0.000375s ]
[ sql ] [ SQL ] UPDATE `wy_online`  SET `user_id`=5615,`user_name`='半夏少女心',`user_sex`=0,`user_ico`='http://www.pauzzz.com/uploadfiles/avatar/20190219/1550554212564_162.jpg',`active_time`=1587221030,`hidden`=0  WHERE  `user_id` = 5615 [ RunTime:0.000370s ]
---------------------------------------------------------------
[ 2020-04-18T22:43:51+08:00 ] 117.136.105.245 GET /index/main/query/page/1.html
[ sql ] [ DB ] CONNECT:[ UseTime:0.000593s ] mysql:host=127.0.0.1;port=3306;dbname=henimeet;charset=utf8
[ sql ] [ SQL ] SHOW COLUMNS FROM `wy_users` [ RunTime:0.001015s ]
[ sql ] [ SQL ] SELECT * FROM `wy_users` WHERE  `user_id` = 5615 LIMIT 1 [ RunTime:0.000434s ]
[ sql ] [ SQL ] SHOW COLUMNS FROM `chat_log` [ RunTime:0.000572s ]
[ sql ] [ SQL ] SELECT COUNT(*) AS tp_count FROM `chat_log` WHERE  `toid` = 5615  AND `is_read` = 0 LIMIT 1 [ RunTime:0.000193s ]
[ sql ] [ SQL ] SELECT * FROM `wy_users` WHERE  `user_id` = 5615 LIMIT 1 [ RunTime:0.000272s ]
[ sql ] [ SQL ] SHOW COLUMNS FROM `wy_online` [ RunTime:0.000518s ]
[ sql ] [ SQL ] SELECT * FROM `wy_online` WHERE  `user_id` = 5615 LIMIT 1 [ RunTime:0.000268s ]
[ sql ] [ SQL ] UPDATE `wy_online`  SET `user_id`=5615,`user_name`='半夏少女心',`user_sex`=0,`user_ico`='http://www.pauzzz.com/uploadfiles/avatar/20190219/1550554212564_162.jpg',`active_time`=1587221031,`hidden`=0  WHERE  `user_id` = 5615 [ RunTime:0.000469s ]
[ sql ] [ SQL ] SELECT COUNT(*) AS tp_count FROM `wy_users` WHERE  `user_sex` <> 0  AND `is_pass` <> 0 LIMIT 1 [ RunTime:0.000199s ]
[ sql ] [ SQL ] SELECT `u`.`user_name`,`u`.`user_ico`,`u`.`user_sex`,`u`.`user_group`,`u`.`user_id`,`o`.`online_id` FROM `wy_users` `u` LEFT JOIN `wy_online` `o` ON `u`.`user_id`=`o`.`user_id` WHERE  (  u.user_sex != '0' and u.is_pass!='0' ) ORDER BY u.is_service desc, o.active_time desc LIMIT 0,16 [ RunTime:0.020400s ]
---------------------------------------------------------------
[ 2020-04-18T22:43:54+08:00 ] 117.136.105.245 GET /index/user/index.html
[ sql ] [ DB ] CONNECT:[ UseTime:0.000598s ] mysql:host=127.0.0.1;port=3306;dbname=henimeet;charset=utf8
[ sql ] [ SQL ] SHOW COLUMNS FROM `wy_users` [ RunTime:0.001013s ]
[ sql ] [ SQL ] SELECT * FROM `wy_users` WHERE  `user_id` = 5615 LIMIT 1 [ RunTime:0.000420s ]
[ sql ] [ SQL ] SHOW COLUMNS FROM `chat_log` [ RunTime:0.000533s ]
[ sql ] [ SQL ] SELECT COUNT(*) AS tp_count FROM `chat_log` WHERE  `toid` = 5615  AND `is_read` = 0 LIMIT 1 [ RunTime:0.000201s ]
[ sql ] [ SQL ] SELECT * FROM `wy_users` WHERE  `user_id` = 5615 LIMIT 1 [ RunTime:0.000276s ]
[ sql ] [ SQL ] SHOW COLUMNS FROM `wy_online` [ RunTime:0.000523s ]
[ sql ] [ SQL ] SELECT * FROM `wy_online` WHERE  `user_id` = 5615 LIMIT 1 [ RunTime:0.000315s ]
[ sql ] [ SQL ] UPDATE `wy_online`  SET `user_id`=5615,`user_name`='半夏少女心',`user_sex`=0,`user_ico`='http://www.pauzzz.com/uploadfiles/avatar/20190219/1550554212564_162.jpg',`active_time`=1587221034,`hidden`=0  WHERE  `user_id` = 5615 [ RunTime:0.000479s ]
[ sql ] [ SQL ] SELECT * FROM `wy_users` WHERE  `user_id` = 5615 LIMIT 1 [ RunTime:0.000405s ]
---------------------------------------------------------------
[ 2020-04-18T22:43:56+08:00 ] 117.136.105.245 GET /index/home/index/uid/13422
[ sql ] [ DB ] CONNECT:[ UseTime:0.000595s ] mysql:host=127.0.0.1;port=3306;dbname=henimeet;charset=utf8
[ sql ] [ SQL ] SHOW COLUMNS FROM `wy_users` [ RunTime:0.001013s ]
[ sql ] [ SQL ] SELECT * FROM `wy_users` WHERE  `user_id` = 5615 LIMIT 1 [ RunTime:0.000425s ]
[ sql ] [ SQL ] SHOW COLUMNS FROM `chat_log` [ RunTime:0.000554s ]
[ sql ] [ SQL ] SELECT COUNT(*) AS tp_count FROM `chat_log` WHERE  `toid` = 5615  AND `is_read` = 0 LIMIT 1 [ RunTime:0.000185s ]
[ sql ] [ SQL ] SELECT * FROM `wy_users` WHERE  `user_id` = 5615 LIMIT 1 [ RunTime:0.000282s ]
[ sql ] [ SQL ] SHOW COLUMNS FROM `wy_online` [ RunTime:0.000515s ]
[ sql ] [ SQL ] SELECT * FROM `wy_online` WHERE  `user_id` = 5615 LIMIT 1 [ RunTime:0.000286s ]
[ sql ] [ SQL ] UPDATE `wy_online`  SET `user_id`=5615,`user_name`='半夏少女心',`user_sex`=0,`user_ico`='http://www.pauzzz.com/uploadfiles/avatar/20190219/1550554212564_162.jpg',`active_time`=1587221036,`hidden`=0  WHERE  `user_id` = 5615 [ RunTime:0.000280s ]
[ sql ] [ SQL ] SELECT `user_id`,`user_name`,`user_sex`,`user_ico`,`birth_year`,`birth_month`,`birth_day`,`country`,`waimao`,`sexual`,`height`,`weight`,`income`,`gerenjieshao` FROM `wy_users` WHERE  `user_id` = 13422 LIMIT 1 [ RunTime:0.000281s ]
[ sql ] [ SQL ] SHOW COLUMNS FROM `wy_album` [ RunTime:0.000505s ]
[ sql ] [ SQL ] SELECT * FROM `wy_album` WHERE  `user_id` = 13422 ORDER BY `add_time` [ RunTime:0.000287s ]
---------------------------------------------------------------
[ 2020-04-18T22:43:57+08:00 ] 117.136.105.245 GET /index/home/mood/uid/13422/page/1
[ sql ] [ DB ] CONNECT:[ UseTime:0.000593s ] mysql:host=127.0.0.1;port=3306;dbname=henimeet;charset=utf8
[ sql ] [ SQL ] SHOW COLUMNS FROM `wy_users` [ RunTime:0.001048s ]
[ sql ] [ SQL ] SELECT * FROM `wy_users` WHERE  `user_id` = 5615 LIMIT 1 [ RunTime:0.000478s ]
[ sql ] [ SQL ] SHOW COLUMNS FROM `chat_log` [ RunTime:0.000552s ]
[ sql ] [ SQL ] SELECT COUNT(*) AS tp_count FROM `chat_log` WHERE  `toid` = 5615  AND `is_read` = 0 LIMIT 1 [ RunTime:0.000204s ]
[ sql ] [ SQL ] SELECT * FROM `wy_users` WHERE  `user_id` = 5615 LIMIT 1 [ RunTime:0.000276s ]
[ sql ] [ SQL ] SHOW COLUMNS FROM `wy_online` [ RunTime:0.000520s ]
[ sql ] [ SQL ] SELECT * FROM `wy_online` WHERE  `user_id` = 5615 LIMIT 1 [ RunTime:0.000550s ]
[ sql ] [ SQL ] UPDATE `wy_online`  SET `user_id`=5615,`user_name`='半夏少女心',`user_sex`=0,`user_ico`='http://www.pauzzz.com/uploadfiles/avatar/20190219/1550554212564_162.jpg',`active_time`=1587221037,`hidden`=0  WHERE  `user_id` = 5615 [ RunTime:0.000463s ]
[ sql ] [ SQL ] SHOW COLUMNS FROM `wy_recent_affair` [ RunTime:0.000503s ]
[ sql ] [ SQL ] SELECT COUNT(*) AS tp_count FROM `wy_recent_affair` WHERE  `user_id` = 13422 LIMIT 1 [ RunTime:0.000487s ]
[ sql ] [ SQL ] SELECT * FROM `wy_recent_affair` WHERE  `user_id` = 13422 ORDER BY id desc LIMIT 0,5 [ RunTime:0.000248s ]
---------------------------------------------------------------
[ 2020-04-18T22:43:58+08:00 ] 117.136.105.245 GET /index/chat/chat/pals_id/13422.html
[ sql ] [ DB ] CONNECT:[ UseTime:0.000640s ] mysql:host=127.0.0.1;port=3306;dbname=henimeet;charset=utf8
[ sql ] [ SQL ] SHOW COLUMNS FROM `wy_users` [ RunTime:0.001020s ]
[ sql ] [ SQL ] SELECT * FROM `wy_users` WHERE  `user_id` = 5615 LIMIT 1 [ RunTime:0.000529s ]
[ sql ] [ SQL ] SHOW COLUMNS FROM `chat_log` [ RunTime:0.000558s ]
[ sql ] [ SQL ] SELECT COUNT(*) AS tp_count FROM `chat_log` WHERE  `toid` = 5615  AND `is_read` = 0 LIMIT 1 [ RunTime:0.000195s ]
[ sql ] [ SQL ] SELECT * FROM `wy_users` WHERE  `user_id` = 5615 LIMIT 1 [ RunTime:0.000294s ]
[ sql ] [ SQL ] SHOW COLUMNS FROM `wy_online` [ RunTime:0.000510s ]
[ sql ] [ SQL ] SELECT * FROM `wy_online` WHERE  `user_id` = 5615 LIMIT 1 [ RunTime:0.000278s ]
[ sql ] [ SQL ] UPDATE `wy_online`  SET `user_id`=5615,`user_name`='半夏少女心',`user_sex`=0,`user_ico`='http://www.pauzzz.com/uploadfiles/avatar/20190219/1550554212564_162.jpg',`active_time`=1587221038,`hidden`=0  WHERE  `user_id` = 5615 [ RunTime:0.000279s ]
[ sql ] [ SQL ] SELECT `user_id`,`user_name`,`user_ico` FROM `wy_users` WHERE  `user_id` = 13422 LIMIT 1 [ RunTime:0.000246s ]
---------------------------------------------------------------
[ 2020-04-18T22:44:14+08:00 ] 117.136.105.245 GET /index/user/index.html
[ sql ] [ DB ] CONNECT:[ UseTime:0.000603s ] mysql:host=127.0.0.1;port=3306;dbname=henimeet;charset=utf8
[ sql ] [ SQL ] SHOW COLUMNS FROM `wy_users` [ RunTime:0.001016s ]
[ sql ] [ SQL ] SELECT * FROM `wy_users` WHERE  `user_id` = 5615 LIMIT 1 [ RunTime:0.000429s ]
[ sql ] [ SQL ] SHOW COLUMNS FROM `chat_log` [ RunTime:0.000531s ]
[ sql ] [ SQL ] SELECT COUNT(*) AS tp_count FROM `chat_log` WHERE  `toid` = 5615  AND `is_read` = 0 LIMIT 1 [ RunTime:0.000711s ]
[ sql ] [ SQL ] SELECT * FROM `wy_users` WHERE  `user_id` = 5615 LIMIT 1 [ RunTime:0.000298s ]
[ sql ] [ SQL ] SHOW COLUMNS FROM `wy_online` [ RunTime:0.000518s ]
[ sql ] [ SQL ] SELECT * FROM `wy_online` WHERE  `user_id` = 5615 LIMIT 1 [ RunTime:0.000248s ]
[ sql ] [ SQL ] UPDATE `wy_online`  SET `user_id`=5615,`user_name`='半夏少女心',`user_sex`=0,`user_ico`='http://www.pauzzz.com/uploadfiles/avatar/20190219/1550554212564_162.jpg',`active_time`=1587221054,`hidden`=0  WHERE  `user_id` = 5615 [ RunTime:0.000271s ]
[ sql ] [ SQL ] SELECT * FROM `wy_users` WHERE  `user_id` = 5615 LIMIT 1 [ RunTime:0.000283s ]
---------------------------------------------------------------
[ 2020-04-18T22:44:15+08:00 ] 117.136.105.245 GET /index/set/index.html
[ sql ] [ DB ] CONNECT:[ UseTime:0.000605s ] mysql:host=127.0.0.1;port=3306;dbname=henimeet;charset=utf8
[ sql ] [ SQL ] SHOW COLUMNS FROM `wy_users` [ RunTime:0.001004s ]
[ sql ] [ SQL ] SELECT * FROM `wy_users` WHERE  `user_id` = 5615 LIMIT 1 [ RunTime:0.000440s ]
[ sql ] [ SQL ] SHOW COLUMNS FROM `chat_log` [ RunTime:0.000556s ]
[ sql ] [ SQL ] SELECT COUNT(*) AS tp_count FROM `chat_log` WHERE  `toid` = 5615  AND `is_read` = 0 LIMIT 1 [ RunTime:0.000193s ]
[ sql ] [ SQL ] SELECT * FROM `wy_users` WHERE  `user_id` = 5615 LIMIT 1 [ RunTime:0.000296s ]
[ sql ] [ SQL ] SHOW COLUMNS FROM `wy_online` [ RunTime:0.000507s ]
[ sql ] [ SQL ] SELECT * FROM `wy_online` WHERE  `user_id` = 5615 LIMIT 1 [ RunTime:0.000282s ]
[ sql ] [ SQL ] UPDATE `wy_online`  SET `user_id`=5615,`user_name`='半夏少女心',`user_sex`=0,`user_ico`='http://www.pauzzz.com/uploadfiles/avatar/20190219/1550554212564_162.jpg',`active_time`=1587221055,`hidden`=0  WHERE  `user_id` = 5615 [ RunTime:0.000271s ]
---------------------------------------------------------------
[ 2020-04-18T22:44:16+08:00 ] 117.136.105.245 GET /index/index/logout.html
[ sql ] [ DB ] CONNECT:[ UseTime:0.000633s ] mysql:host=127.0.0.1;port=3306;dbname=henimeet;charset=utf8
[ sql ] [ SQL ] SHOW COLUMNS FROM `wy_online` [ RunTime:0.000712s ]
[ sql ] [ SQL ] DELETE FROM `wy_online`    WHERE  `user_id` = 5615 [ RunTime:0.000293s ]
