---------------------------------------------------------------
[ 2020-04-19T08:13:18+08:00 ] 223.91.139.35 GET /index/main/index.html
[ sql ] [ DB ] CONNECT:[ UseTime:0.000620s ] mysql:host=127.0.0.1;port=3306;dbname=henimeet;charset=utf8
[ sql ] [ SQL ] SHOW COLUMNS FROM `wy_users` [ RunTime:0.001010s ]
[ sql ] [ SQL ] SELECT * FROM `wy_users` WHERE  `user_id` = 6630 LIMIT 1 [ RunTime:0.000597s ]
[ sql ] [ SQL ] SHOW COLUMNS FROM `chat_log` [ RunTime:0.000563s ]
[ sql ] [ SQL ] SELECT COUNT(*) AS tp_count FROM `chat_log` WHERE  `toid` = 6630  AND `is_read` = 0 LIMIT 1 [ RunTime:0.001116s ]
[ sql ] [ SQL ] SELECT * FROM `wy_users` WHERE  `user_id` = 6630 LIMIT 1 [ RunTime:0.000278s ]
[ sql ] [ SQL ] SHOW COLUMNS FROM `wy_online` [ RunTime:0.000512s ]
[ sql ] [ SQL ] SELECT * FROM `wy_online` WHERE  `user_id` = 6630 LIMIT 1 [ RunTime:0.000247s ]
[ sql ] [ SQL ] UPDATE `wy_online`  SET `user_id`=6630,`user_name`='xiner',`user_sex`=0,`user_ico`='http://www.pauzzz.com/uploadfiles/avatar/20191025/1571972385105_162.jpg',`active_time`=1587255198,`hidden`=0  WHERE  `user_id` = 6630 [ RunTime:0.000730s ]
---------------------------------------------------------------
[ 2020-04-19T08:13:18+08:00 ] 223.91.139.35 GET /index/main/query/page/1.html
[ sql ] [ DB ] CONNECT:[ UseTime:0.000657s ] mysql:host=127.0.0.1;port=3306;dbname=henimeet;charset=utf8
[ sql ] [ SQL ] SHOW COLUMNS FROM `wy_users` [ RunTime:0.001021s ]
[ sql ] [ SQL ] SELECT * FROM `wy_users` WHERE  `user_id` = 6630 LIMIT 1 [ RunTime:0.000457s ]
[ sql ] [ SQL ] SHOW COLUMNS FROM `chat_log` [ RunTime:0.000555s ]
[ sql ] [ SQL ] SELECT COUNT(*) AS tp_count FROM `chat_log` WHERE  `toid` = 6630  AND `is_read` = 0 LIMIT 1 [ RunTime:0.000195s ]
[ sql ] [ SQL ] SELECT * FROM `wy_users` WHERE  `user_id` = 6630 LIMIT 1 [ RunTime:0.000310s ]
[ sql ] [ SQL ] SHOW COLUMNS FROM `wy_online` [ RunTime:0.000513s ]
[ sql ] [ SQL ] SELECT * FROM `wy_online` WHERE  `user_id` = 6630 LIMIT 1 [ RunTime:0.000260s ]
[ sql ] [ SQL ] UPDATE `wy_online`  SET `user_id`=6630,`user_name`='xiner',`user_sex`=0,`user_ico`='http://www.pauzzz.com/uploadfiles/avatar/20191025/1571972385105_162.jpg',`active_time`=1587255198,`hidden`=0  WHERE  `user_id` = 6630 [ RunTime:0.000250s ]
[ sql ] [ SQL ] SELECT COUNT(*) AS tp_count FROM `wy_users` WHERE  `user_sex` <> 0  AND `is_pass` <> 0 LIMIT 1 [ RunTime:0.010614s ]
[ sql ] [ SQL ] SELECT `u`.`user_name`,`u`.`user_ico`,`u`.`user_sex`,`u`.`user_group`,`u`.`user_id`,`o`.`online_id` FROM `wy_users` `u` LEFT JOIN `wy_online` `o` ON `u`.`user_id`=`o`.`user_id` WHERE  (  u.user_sex != '0' and u.is_pass!='0' ) ORDER BY u.is_service desc, o.active_time desc LIMIT 0,16 [ RunTime:0.020008s ]
---------------------------------------------------------------
[ 2020-04-19T08:13:19+08:00 ] 223.91.139.35 GET /index/user/index.html
[ sql ] [ DB ] CONNECT:[ UseTime:0.000606s ] mysql:host=127.0.0.1;port=3306;dbname=henimeet;charset=utf8
[ sql ] [ SQL ] SHOW COLUMNS FROM `wy_users` [ RunTime:0.001019s ]
[ sql ] [ SQL ] SELECT * FROM `wy_users` WHERE  `user_id` = 6630 LIMIT 1 [ RunTime:0.000458s ]
[ sql ] [ SQL ] SHOW COLUMNS FROM `chat_log` [ RunTime:0.000550s ]
[ sql ] [ SQL ] SELECT COUNT(*) AS tp_count FROM `chat_log` WHERE  `toid` = 6630  AND `is_read` = 0 LIMIT 1 [ RunTime:0.000190s ]
[ sql ] [ SQL ] SELECT * FROM `wy_users` WHERE  `user_id` = 6630 LIMIT 1 [ RunTime:0.000287s ]
[ sql ] [ SQL ] SHOW COLUMNS FROM `wy_online` [ RunTime:0.000507s ]
[ sql ] [ SQL ] SELECT * FROM `wy_online` WHERE  `user_id` = 6630 LIMIT 1 [ RunTime:0.000198s ]
[ sql ] [ SQL ] UPDATE `wy_online`  SET `user_id`=6630,`user_name`='xiner',`user_sex`=0,`user_ico`='http://www.pauzzz.com/uploadfiles/avatar/20191025/1571972385105_162.jpg',`active_time`=1587255199,`hidden`=0  WHERE  `user_id` = 6630 [ RunTime:0.000776s ]
[ sql ] [ SQL ] SELECT * FROM `wy_users` WHERE  `user_id` = 6630 LIMIT 1 [ RunTime:0.000686s ]
---------------------------------------------------------------
[ 2020-04-19T14:47:22+08:00 ] 171.9.144.42 GET /index/main/index.html
[ sql ] [ DB ] CONNECT:[ UseTime:0.000624s ] mysql:host=127.0.0.1;port=3306;dbname=henimeet;charset=utf8
[ sql ] [ SQL ] SHOW COLUMNS FROM `wy_users` [ RunTime:0.001029s ]
[ sql ] [ SQL ] SELECT * FROM `wy_users` WHERE  `user_id` = 704 LIMIT 1 [ RunTime:0.000596s ]
[ sql ] [ SQL ] SHOW COLUMNS FROM `chat_log` [ RunTime:0.000561s ]
[ sql ] [ SQL ] SELECT COUNT(*) AS tp_count FROM `chat_log` WHERE  `toid` = 704  AND `is_read` = 0 LIMIT 1 [ RunTime:0.003588s ]
[ sql ] [ SQL ] SELECT * FROM `wy_users` WHERE  `user_id` = 704 LIMIT 1 [ RunTime:0.000314s ]
[ sql ] [ SQL ] SHOW COLUMNS FROM `wy_online` [ RunTime:0.000532s ]
[ sql ] [ SQL ] SELECT * FROM `wy_online` WHERE  `user_id` = 704 LIMIT 1 [ RunTime:0.000231s ]
[ sql ] [ SQL ] INSERT INTO `wy_online` (`user_id` , `user_name` , `user_sex` , `user_ico` , `active_time` , `hidden`) VALUES (704 , 'PAUZZZ' , 0 , 'http://www.pauzzz.com/uploadfiles/avatar/20190910/1568096892927_162.jpg' , 1587278842 , 0) [ RunTime:0.000403s ]
---------------------------------------------------------------
[ 2020-04-19T14:47:23+08:00 ] 171.9.144.42 GET /index/main/query/page/1.html
[ sql ] [ DB ] CONNECT:[ UseTime:0.000615s ] mysql:host=127.0.0.1;port=3306;dbname=henimeet;charset=utf8
[ sql ] [ SQL ] SHOW COLUMNS FROM `wy_users` [ RunTime:0.001006s ]
[ sql ] [ SQL ] SELECT * FROM `wy_users` WHERE  `user_id` = 704 LIMIT 1 [ RunTime:0.000470s ]
[ sql ] [ SQL ] SHOW COLUMNS FROM `chat_log` [ RunTime:0.000559s ]
[ sql ] [ SQL ] SELECT COUNT(*) AS tp_count FROM `chat_log` WHERE  `toid` = 704  AND `is_read` = 0 LIMIT 1 [ RunTime:0.000190s ]
[ sql ] [ SQL ] SELECT * FROM `wy_users` WHERE  `user_id` = 704 LIMIT 1 [ RunTime:0.000291s ]
[ sql ] [ SQL ] SHOW COLUMNS FROM `wy_online` [ RunTime:0.000507s ]
[ sql ] [ SQL ] SELECT * FROM `wy_online` WHERE  `user_id` = 704 LIMIT 1 [ RunTime:0.000275s ]
[ sql ] [ SQL ] UPDATE `wy_online`  SET `user_id`=704,`user_name`='PAUZZZ',`user_sex`=0,`user_ico`='http://www.pauzzz.com/uploadfiles/avatar/20190910/1568096892927_162.jpg',`active_time`=1587278843,`hidden`=0  WHERE  `user_id` = 704 [ RunTime:0.000471s ]
[ sql ] [ SQL ] SELECT COUNT(*) AS tp_count FROM `wy_users` WHERE  `user_sex` <> 0  AND `is_pass` <> 0 LIMIT 1 [ RunTime:0.010582s ]
[ sql ] [ SQL ] SELECT `u`.`user_name`,`u`.`user_ico`,`u`.`user_sex`,`u`.`user_group`,`u`.`user_id`,`o`.`online_id` FROM `wy_users` `u` LEFT JOIN `wy_online` `o` ON `u`.`user_id`=`o`.`user_id` WHERE  (  u.user_sex != '0' and u.is_pass!='0' ) ORDER BY u.is_service desc, o.active_time desc LIMIT 0,16 [ RunTime:0.020738s ]
---------------------------------------------------------------
[ 2020-04-19T14:47:38+08:00 ] 171.9.144.42 GET /index/user/index.html
[ sql ] [ DB ] CONNECT:[ UseTime:0.000613s ] mysql:host=127.0.0.1;port=3306;dbname=henimeet;charset=utf8
[ sql ] [ SQL ] SHOW COLUMNS FROM `wy_users` [ RunTime:0.001053s ]
[ sql ] [ SQL ] SELECT * FROM `wy_users` WHERE  `user_id` = 704 LIMIT 1 [ RunTime:0.000438s ]
[ sql ] [ SQL ] SHOW COLUMNS FROM `chat_log` [ RunTime:0.000541s ]
[ sql ] [ SQL ] SELECT COUNT(*) AS tp_count FROM `chat_log` WHERE  `toid` = 704  AND `is_read` = 0 LIMIT 1 [ RunTime:0.000192s ]
[ sql ] [ SQL ] SELECT * FROM `wy_users` WHERE  `user_id` = 704 LIMIT 1 [ RunTime:0.000273s ]
[ sql ] [ SQL ] SHOW COLUMNS FROM `wy_online` [ RunTime:0.000516s ]
[ sql ] [ SQL ] SELECT * FROM `wy_online` WHERE  `user_id` = 704 LIMIT 1 [ RunTime:0.000260s ]
[ sql ] [ SQL ] UPDATE `wy_online`  SET `user_id`=704,`user_name`='PAUZZZ',`user_sex`=0,`user_ico`='http://www.pauzzz.com/uploadfiles/avatar/20190910/1568096892927_162.jpg',`active_time`=1587278858,`hidden`=0  WHERE  `user_id` = 704 [ RunTime:0.000283s ]
[ sql ] [ SQL ] SELECT * FROM `wy_users` WHERE  `user_id` = 704 LIMIT 1 [ RunTime:0.000397s ]
---------------------------------------------------------------
[ 2020-04-19T14:47:40+08:00 ] 171.9.144.42 GET /index/mood/index.html
[ sql ] [ DB ] CONNECT:[ UseTime:0.000649s ] mysql:host=127.0.0.1;port=3306;dbname=henimeet;charset=utf8
[ sql ] [ SQL ] SHOW COLUMNS FROM `wy_users` [ RunTime:0.001020s ]
[ sql ] [ SQL ] SELECT * FROM `wy_users` WHERE  `user_id` = 704 LIMIT 1 [ RunTime:0.000443s ]
[ sql ] [ SQL ] SHOW COLUMNS FROM `chat_log` [ RunTime:0.000548s ]
[ sql ] [ SQL ] SELECT COUNT(*) AS tp_count FROM `chat_log` WHERE  `toid` = 704  AND `is_read` = 0 LIMIT 1 [ RunTime:0.000191s ]
[ sql ] [ SQL ] SELECT * FROM `wy_users` WHERE  `user_id` = 704 LIMIT 1 [ RunTime:0.000283s ]
[ sql ] [ SQL ] SHOW COLUMNS FROM `wy_online` [ RunTime:0.000525s ]
[ sql ] [ SQL ] SELECT * FROM `wy_online` WHERE  `user_id` = 704 LIMIT 1 [ RunTime:0.000272s ]
[ sql ] [ SQL ] UPDATE `wy_online`  SET `user_id`=704,`user_name`='PAUZZZ',`user_sex`=0,`user_ico`='http://www.pauzzz.com/uploadfiles/avatar/20190910/1568096892927_162.jpg',`active_time`=1587278860,`hidden`=0  WHERE  `user_id` = 704 [ RunTime:0.000284s ]
---------------------------------------------------------------
[ 2020-04-19T14:47:40+08:00 ] 171.9.144.42 GET /index/mood/index.html?page=1
[ sql ] [ DB ] CONNECT:[ UseTime:0.000592s ] mysql:host=127.0.0.1;port=3306;dbname=henimeet;charset=utf8
[ sql ] [ SQL ] SHOW COLUMNS FROM `wy_users` [ RunTime:0.001191s ]
[ sql ] [ SQL ] SELECT * FROM `wy_users` WHERE  `user_id` = 704 LIMIT 1 [ RunTime:0.000459s ]
[ sql ] [ SQL ] SHOW COLUMNS FROM `chat_log` [ RunTime:0.000547s ]
[ sql ] [ SQL ] SELECT COUNT(*) AS tp_count FROM `chat_log` WHERE  `toid` = 704  AND `is_read` = 0 LIMIT 1 [ RunTime:0.000192s ]
[ sql ] [ SQL ] SELECT * FROM `wy_users` WHERE  `user_id` = 704 LIMIT 1 [ RunTime:0.000268s ]
[ sql ] [ SQL ] SHOW COLUMNS FROM `wy_online` [ RunTime:0.000528s ]
[ sql ] [ SQL ] SELECT * FROM `wy_online` WHERE  `user_id` = 704 LIMIT 1 [ RunTime:0.000271s ]
[ sql ] [ SQL ] UPDATE `wy_online`  SET `user_id`=704,`user_name`='PAUZZZ',`user_sex`=0,`user_ico`='http://www.pauzzz.com/uploadfiles/avatar/20190910/1568096892927_162.jpg',`active_time`=1587278860,`hidden`=0  WHERE  `user_id` = 704 [ RunTime:0.000269s ]
[ sql ] [ SQL ] SHOW COLUMNS FROM `wy_recent_affair` [ RunTime:0.000514s ]
[ sql ] [ SQL ] SELECT COUNT(*) AS tp_count FROM `wy_recent_affair` `r` INNER JOIN `wy_users` `u` ON `r`.`user_id`=`u`.`user_id` WHERE  `r`.`user_id` <> '704'  AND `u`.`user_sex` <> '0' LIMIT 1 [ RunTime:0.000358s ]
[ sql ] [ SQL ] SELECT `r`.`id`,`r`.`type_id`,`r`.`title`,`r`.`content`,`r`.`user_id`,`r`.`user_name`,`r`.`update_time`,`r`.`for_content_id`,`u`.`user_ico`,`u`.`user_sex` FROM `wy_recent_affair` `r` INNER JOIN `wy_users` `u` ON `r`.`user_id`=`u`.`user_id` WHERE  `r`.`user_id` <> '704'  AND `u`.`user_sex` <> '0' ORDER BY r.id desc LIMIT 0,16 [ RunTime:0.000424s ]
[ sql ] [ SQL ] SHOW COLUMNS FROM `wy_mood` [ RunTime:0.000478s ]
[ sql ] [ SQL ] SELECT `mood_pic` FROM `wy_mood` WHERE  `mood_id` = 1230 LIMIT 1 [ RunTime:0.000167s ]
[ sql ] [ SQL ] SELECT `mood_pic` FROM `wy_mood` WHERE  `mood_id` = 1229 LIMIT 1 [ RunTime:0.000156s ]
[ sql ] [ SQL ] SELECT `mood_pic` FROM `wy_mood` WHERE  `mood_id` = 1228 LIMIT 1 [ RunTime:0.000164s ]
[ sql ] [ SQL ] SELECT `mood_pic` FROM `wy_mood` WHERE  `mood_id` = 1223 LIMIT 1 [ RunTime:0.000156s ]
[ sql ] [ SQL ] SELECT `mood_pic` FROM `wy_mood` WHERE  `mood_id` = 1221 LIMIT 1 [ RunTime:0.000149s ]
[ sql ] [ SQL ] SELECT `mood_pic` FROM `wy_mood` WHERE  `mood_id` = 1220 LIMIT 1 [ RunTime:0.000159s ]
[ sql ] [ SQL ] SELECT `mood_pic` FROM `wy_mood` WHERE  `mood_id` = 1219 LIMIT 1 [ RunTime:0.000150s ]
[ sql ] [ SQL ] SELECT `mood_pic` FROM `wy_mood` WHERE  `mood_id` = 1216 LIMIT 1 [ RunTime:0.000149s ]
[ sql ] [ SQL ] SELECT `mood_pic` FROM `wy_mood` WHERE  `mood_id` = 1214 LIMIT 1 [ RunTime:0.000152s ]
[ sql ] [ SQL ] SELECT `mood_pic` FROM `wy_mood` WHERE  `mood_id` = 1213 LIMIT 1 [ RunTime:0.000161s ]
[ sql ] [ SQL ] SELECT `mood_pic` FROM `wy_mood` WHERE  `mood_id` = 1212 LIMIT 1 [ RunTime:0.000151s ]
[ sql ] [ SQL ] SELECT `mood_pic` FROM `wy_mood` WHERE  `mood_id` = 1211 LIMIT 1 [ RunTime:0.000149s ]
[ sql ] [ SQL ] SELECT `r`.`id`,`r`.`type_id`,`r`.`title`,`r`.`content`,`r`.`user_id`,`r`.`user_name`,`r`.`update_time`,`r`.`for_content_id`,`u`.`user_ico`,`u`.`user_sex` FROM `wy_recent_affair` `r` INNER JOIN `wy_users` `u` ON `r`.`user_id`=`u`.`user_id` WHERE  `r`.`user_id` = '704' ORDER BY r.id desc LIMIT 1 [ RunTime:0.000309s ]
---------------------------------------------------------------
[ 2020-04-19T14:47:43+08:00 ] 171.9.144.42 GET /index/mood/index.html
[ sql ] [ DB ] CONNECT:[ UseTime:0.000613s ] mysql:host=127.0.0.1;port=3306;dbname=henimeet;charset=utf8
[ sql ] [ SQL ] SHOW COLUMNS FROM `wy_users` [ RunTime:0.001018s ]
[ sql ] [ SQL ] SELECT * FROM `wy_users` WHERE  `user_id` = 704 LIMIT 1 [ RunTime:0.000448s ]
[ sql ] [ SQL ] SHOW COLUMNS FROM `chat_log` [ RunTime:0.000546s ]
[ sql ] [ SQL ] SELECT COUNT(*) AS tp_count FROM `chat_log` WHERE  `toid` = 704  AND `is_read` = 0 LIMIT 1 [ RunTime:0.000190s ]
[ sql ] [ SQL ] SELECT * FROM `wy_users` WHERE  `user_id` = 704 LIMIT 1 [ RunTime:0.000296s ]
[ sql ] [ SQL ] SHOW COLUMNS FROM `wy_online` [ RunTime:0.000508s ]
[ sql ] [ SQL ] SELECT * FROM `wy_online` WHERE  `user_id` = 704 LIMIT 1 [ RunTime:0.000199s ]
[ sql ] [ SQL ] UPDATE `wy_online`  SET `user_id`=704,`user_name`='PAUZZZ',`user_sex`=0,`user_ico`='http://www.pauzzz.com/uploadfiles/avatar/20190910/1568096892927_162.jpg',`active_time`=1587278863,`hidden`=0  WHERE  `user_id` = 704 [ RunTime:0.000286s ]
---------------------------------------------------------------
[ 2020-04-19T14:47:44+08:00 ] 171.9.144.42 GET /index/mood/index.html?page=1
[ sql ] [ DB ] CONNECT:[ UseTime:0.000594s ] mysql:host=127.0.0.1;port=3306;dbname=henimeet;charset=utf8
[ sql ] [ SQL ] SHOW COLUMNS FROM `wy_users` [ RunTime:0.002086s ]
[ sql ] [ SQL ] SELECT * FROM `wy_users` WHERE  `user_id` = 704 LIMIT 1 [ RunTime:0.000452s ]
[ sql ] [ SQL ] SHOW COLUMNS FROM `chat_log` [ RunTime:0.000527s ]
[ sql ] [ SQL ] SELECT COUNT(*) AS tp_count FROM `chat_log` WHERE  `toid` = 704  AND `is_read` = 0 LIMIT 1 [ RunTime:0.000203s ]
[ sql ] [ SQL ] SELECT * FROM `wy_users` WHERE  `user_id` = 704 LIMIT 1 [ RunTime:0.000287s ]
[ sql ] [ SQL ] SHOW COLUMNS FROM `wy_online` [ RunTime:0.000503s ]
[ sql ] [ SQL ] SELECT * FROM `wy_online` WHERE  `user_id` = 704 LIMIT 1 [ RunTime:0.000261s ]
[ sql ] [ SQL ] UPDATE `wy_online`  SET `user_id`=704,`user_name`='PAUZZZ',`user_sex`=0,`user_ico`='http://www.pauzzz.com/uploadfiles/avatar/20190910/1568096892927_162.jpg',`active_time`=1587278864,`hidden`=0  WHERE  `user_id` = 704 [ RunTime:0.000270s ]
[ sql ] [ SQL ] SHOW COLUMNS FROM `wy_recent_affair` [ RunTime:0.000500s ]
[ sql ] [ SQL ] SELECT COUNT(*) AS tp_count FROM `wy_recent_affair` `r` INNER JOIN `wy_users` `u` ON `r`.`user_id`=`u`.`user_id` WHERE  `r`.`user_id` <> '704'  AND `u`.`user_sex` <> '0' LIMIT 1 [ RunTime:0.000221s ]
[ sql ] [ SQL ] SELECT `r`.`id`,`r`.`type_id`,`r`.`title`,`r`.`content`,`r`.`user_id`,`r`.`user_name`,`r`.`update_time`,`r`.`for_content_id`,`u`.`user_ico`,`u`.`user_sex` FROM `wy_recent_affair` `r` INNER JOIN `wy_users` `u` ON `r`.`user_id`=`u`.`user_id` WHERE  `r`.`user_id` <> '704'  AND `u`.`user_sex` <> '0' ORDER BY r.id desc LIMIT 0,16 [ RunTime:0.000233s ]
[ sql ] [ SQL ] SHOW COLUMNS FROM `wy_mood` [ RunTime:0.000488s ]
[ sql ] [ SQL ] SELECT `mood_pic` FROM `wy_mood` WHERE  `mood_id` = 1230 LIMIT 1 [ RunTime:0.000156s ]
[ sql ] [ SQL ] SELECT `mood_pic` FROM `wy_mood` WHERE  `mood_id` = 1229 LIMIT 1 [ RunTime:0.000191s ]
[ sql ] [ SQL ] SELECT `mood_pic` FROM `wy_mood` WHERE  `mood_id` = 1228 LIMIT 1 [ RunTime:0.000152s ]
[ sql ] [ SQL ] SELECT `mood_pic` FROM `wy_mood` WHERE  `mood_id` = 1223 LIMIT 1 [ RunTime:0.000150s ]
[ sql ] [ SQL ] SELECT `mood_pic` FROM `wy_mood` WHERE  `mood_id` = 1221 LIMIT 1 [ RunTime:0.000183s ]
[ sql ] [ SQL ] SELECT `mood_pic` FROM `wy_mood` WHERE  `mood_id` = 1220 LIMIT 1 [ RunTime:0.000151s ]
[ sql ] [ SQL ] SELECT `mood_pic` FROM `wy_mood` WHERE  `mood_id` = 1219 LIMIT 1 [ RunTime:0.000147s ]
[ sql ] [ SQL ] SELECT `mood_pic` FROM `wy_mood` WHERE  `mood_id` = 1216 LIMIT 1 [ RunTime:0.000173s ]
[ sql ] [ SQL ] SELECT `mood_pic` FROM `wy_mood` WHERE  `mood_id` = 1214 LIMIT 1 [ RunTime:0.000151s ]
[ sql ] [ SQL ] SELECT `mood_pic` FROM `wy_mood` WHERE  `mood_id` = 1213 LIMIT 1 [ RunTime:0.000151s ]
[ sql ] [ SQL ] SELECT `mood_pic` FROM `wy_mood` WHERE  `mood_id` = 1212 LIMIT 1 [ RunTime:0.000172s ]
[ sql ] [ SQL ] SELECT `mood_pic` FROM `wy_mood` WHERE  `mood_id` = 1211 LIMIT 1 [ RunTime:0.000147s ]
[ sql ] [ SQL ] SELECT `r`.`id`,`r`.`type_id`,`r`.`title`,`r`.`content`,`r`.`user_id`,`r`.`user_name`,`r`.`update_time`,`r`.`for_content_id`,`u`.`user_ico`,`u`.`user_sex` FROM `wy_recent_affair` `r` INNER JOIN `wy_users` `u` ON `r`.`user_id`=`u`.`user_id` WHERE  `r`.`user_id` = '704' ORDER BY r.id desc LIMIT 1 [ RunTime:0.000182s ]
---------------------------------------------------------------
[ 2020-04-19T14:47:45+08:00 ] 171.9.144.42 GET /index/pals/index.html
[ sql ] [ DB ] CONNECT:[ UseTime:0.000592s ] mysql:host=127.0.0.1;port=3306;dbname=henimeet;charset=utf8
[ sql ] [ SQL ] SHOW COLUMNS FROM `wy_users` [ RunTime:0.001000s ]
[ sql ] [ SQL ] SELECT * FROM `wy_users` WHERE  `user_id` = 704 LIMIT 1 [ RunTime:0.000422s ]
[ sql ] [ SQL ] SHOW COLUMNS FROM `chat_log` [ RunTime:0.000558s ]
[ sql ] [ SQL ] SELECT COUNT(*) AS tp_count FROM `chat_log` WHERE  `toid` = 704  AND `is_read` = 0 LIMIT 1 [ RunTime:0.000197s ]
[ sql ] [ SQL ] SELECT * FROM `wy_users` WHERE  `user_id` = 704 LIMIT 1 [ RunTime:0.000283s ]
[ sql ] [ SQL ] SHOW COLUMNS FROM `wy_online` [ RunTime:0.000496s ]
[ sql ] [ SQL ] SELECT * FROM `wy_online` WHERE  `user_id` = 704 LIMIT 1 [ RunTime:0.000249s ]
[ sql ] [ SQL ] UPDATE `wy_online`  SET `user_id`=704,`user_name`='PAUZZZ',`user_sex`=0,`user_ico`='http://www.pauzzz.com/uploadfiles/avatar/20190910/1568096892927_162.jpg',`active_time`=1587278865,`hidden`=0  WHERE  `user_id` = 704 [ RunTime:0.000484s ]
---------------------------------------------------------------
[ 2020-04-19T14:47:45+08:00 ] 171.9.144.42 GET /index/pals/get_pals_data.html
[ sql ] [ DB ] CONNECT:[ UseTime:0.000598s ] mysql:host=127.0.0.1;port=3306;dbname=henimeet;charset=utf8
[ sql ] [ SQL ] SHOW COLUMNS FROM `wy_users` [ RunTime:0.001028s ]
[ sql ] [ SQL ] SELECT * FROM `wy_users` WHERE  `user_id` = 704 LIMIT 1 [ RunTime:0.000446s ]
[ sql ] [ SQL ] SHOW COLUMNS FROM `chat_log` [ RunTime:0.000551s ]
[ sql ] [ SQL ] SELECT COUNT(*) AS tp_count FROM `chat_log` WHERE  `toid` = 704  AND `is_read` = 0 LIMIT 1 [ RunTime:0.000193s ]
[ sql ] [ SQL ] SELECT * FROM `wy_users` WHERE  `user_id` = 704 LIMIT 1 [ RunTime:0.000278s ]
[ sql ] [ SQL ] SHOW COLUMNS FROM `wy_online` [ RunTime:0.000501s ]
[ sql ] [ SQL ] SELECT * FROM `wy_online` WHERE  `user_id` = 704 LIMIT 1 [ RunTime:0.000276s ]
[ sql ] [ SQL ] UPDATE `wy_online`  SET `user_id`=704,`user_name`='PAUZZZ',`user_sex`=0,`user_ico`='http://www.pauzzz.com/uploadfiles/avatar/20190910/1568096892927_162.jpg',`active_time`=1587278865,`hidden`=0  WHERE  `user_id` = 704 [ RunTime:0.000267s ]
[ sql ] [ SQL ] SHOW COLUMNS FROM `wy_pals_mine` [ RunTime:0.000494s ]
[ sql ] [ SQL ] SELECT * FROM `wy_pals_mine` WHERE  `user_id` = 704 [ RunTime:0.000460s ]
[ sql ] [ SQL ] SELECT * FROM `wy_users` WHERE  `user_id` = 750 LIMIT 1 [ RunTime:0.000450s ]
[ sql ] [ SQL ] SELECT * FROM `wy_users` WHERE  `user_id` = 755 LIMIT 1 [ RunTime:0.000400s ]
[ sql ] [ SQL ] SELECT * FROM `wy_users` WHERE  `user_id` = 812 LIMIT 1 [ RunTime:0.000382s ]
[ sql ] [ SQL ] SELECT * FROM `wy_users` WHERE  `user_id` = 852 LIMIT 1 [ RunTime:0.000384s ]
[ sql ] [ SQL ] SELECT * FROM `wy_users` WHERE  `user_id` = 806 LIMIT 1 [ RunTime:0.000373s ]
[ sql ] [ SQL ] SELECT * FROM `wy_users` WHERE  `user_id` = 814 LIMIT 1 [ RunTime:0.000366s ]
[ sql ] [ SQL ] SELECT * FROM `wy_users` WHERE  `user_id` = 1576 LIMIT 1 [ RunTime:0.000381s ]
[ sql ] [ SQL ] SELECT * FROM `wy_users` WHERE  `user_id` = 2258 LIMIT 1 [ RunTime:0.000406s ]
[ sql ] [ SQL ] SELECT * FROM `wy_users` WHERE  `user_id` = 695 LIMIT 1 [ RunTime:0.000353s ]
[ sql ] [ SQL ] SELECT * FROM `wy_users` WHERE  `user_id` = 2000 LIMIT 1 [ RunTime:0.000384s ]
[ sql ] [ SQL ] SELECT * FROM `wy_users` WHERE  `user_id` = 2592 LIMIT 1 [ RunTime:0.000402s ]
[ sql ] [ SQL ] SELECT * FROM `wy_users` WHERE  `user_id` = 703 LIMIT 1 [ RunTime:0.000387s ]
[ sql ] [ SQL ] SELECT * FROM `wy_users` WHERE  `user_id` = 2858 LIMIT 1 [ RunTime:0.000396s ]
[ sql ] [ SQL ] SELECT * FROM `wy_users` WHERE  `user_id` = 2622 LIMIT 1 [ RunTime:0.000407s ]
[ sql ] [ SQL ] SELECT * FROM `wy_users` WHERE  `user_id` = 3023 LIMIT 1 [ RunTime:0.000376s ]
[ sql ] [ SQL ] SELECT * FROM `wy_users` WHERE  `user_id` = 3161 LIMIT 1 [ RunTime:0.000372s ]
[ sql ] [ SQL ] SELECT * FROM `wy_users` WHERE  `user_id` = 3488 LIMIT 1 [ RunTime:0.000364s ]
[ sql ] [ SQL ] SELECT * FROM `wy_users` WHERE  `user_id` = 3451 LIMIT 1 [ RunTime:0.000368s ]
[ sql ] [ SQL ] SELECT * FROM `wy_users` WHERE  `user_id` = 4140 LIMIT 1 [ RunTime:0.000374s ]
[ sql ] [ SQL ] SELECT * FROM `wy_users` WHERE  `user_id` = 4138 LIMIT 1 [ RunTime:0.000369s ]
[ sql ] [ SQL ] SELECT * FROM `wy_users` WHERE  `user_id` = 1664 LIMIT 1 [ RunTime:0.000363s ]
[ sql ] [ SQL ] SELECT * FROM `wy_users` WHERE  `user_id` = 4049 LIMIT 1 [ RunTime:0.000363s ]
[ sql ] [ SQL ] SELECT * FROM `wy_users` WHERE  `user_id` = 4335 LIMIT 1 [ RunTime:0.000390s ]
[ sql ] [ SQL ] SELECT * FROM `wy_users` WHERE  `user_id` = 6882 LIMIT 1 [ RunTime:0.000361s ]
[ sql ] [ SQL ] SELECT * FROM `wy_users` WHERE  `user_id` = 5940 LIMIT 1 [ RunTime:0.000358s ]
[ sql ] [ SQL ] SELECT * FROM `wy_users` WHERE  `user_id` = 6177 LIMIT 1 [ RunTime:0.000344s ]
[ sql ] [ SQL ] SELECT * FROM `wy_users` WHERE  `user_id` = 7817 LIMIT 1 [ RunTime:0.000364s ]
[ sql ] [ SQL ] SELECT * FROM `wy_users` WHERE  `user_id` = 8572 LIMIT 1 [ RunTime:0.000346s ]
[ sql ] [ SQL ] SELECT * FROM `wy_users` WHERE  `user_id` = 8535 LIMIT 1 [ RunTime:0.000353s ]
[ sql ] [ SQL ] SELECT * FROM `wy_users` WHERE  `user_id` = 9533 LIMIT 1 [ RunTime:0.000405s ]
[ sql ] [ SQL ] SELECT * FROM `wy_users` WHERE  `user_id` = 9546 LIMIT 1 [ RunTime:0.000371s ]
[ sql ] [ SQL ] SELECT * FROM `wy_users` WHERE  `user_id` = 9711 LIMIT 1 [ RunTime:0.000344s ]
[ sql ] [ SQL ] SELECT * FROM `wy_users` WHERE  `user_id` = 8698 LIMIT 1 [ RunTime:0.000356s ]
[ sql ] [ SQL ] SELECT * FROM `wy_users` WHERE  `user_id` = 9855 LIMIT 1 [ RunTime:0.000363s ]
[ sql ] [ SQL ] SELECT * FROM `wy_users` WHERE  `user_id` = 9721 LIMIT 1 [ RunTime:0.000412s ]
[ sql ] [ SQL ] SELECT * FROM `wy_users` WHERE  `user_id` = 9874 LIMIT 1 [ RunTime:0.000353s ]
[ sql ] [ SQL ] SELECT * FROM `wy_users` WHERE  `user_id` = 9371 LIMIT 1 [ RunTime:0.000386s ]
[ sql ] [ SQL ] SELECT * FROM `wy_users` WHERE  `user_id` = 9136 LIMIT 1 [ RunTime:0.000356s ]
[ sql ] [ SQL ] SELECT * FROM `wy_users` WHERE  `user_id` = 10525 LIMIT 1 [ RunTime:0.000360s ]
[ sql ] [ SQL ] SELECT * FROM `wy_users` WHERE  `user_id` = 10042 LIMIT 1 [ RunTime:0.000360s ]
[ sql ] [ SQL ] SELECT * FROM `wy_users` WHERE  `user_id` = 11370 LIMIT 1 [ RunTime:0.000365s ]
[ sql ] [ SQL ] SELECT * FROM `wy_users` WHERE  `user_id` = 12560 LIMIT 1 [ RunTime:0.000621s ]
[ sql ] [ SQL ] SELECT * FROM `wy_users` WHERE  `user_id` = 11924 LIMIT 1 [ RunTime:0.000355s ]
[ sql ] [ SQL ] SELECT * FROM `wy_users` WHERE  `user_id` = 12700 LIMIT 1 [ RunTime:0.000358s ]
[ sql ] [ SQL ] SELECT * FROM `wy_users` WHERE  `user_id` = 12699 LIMIT 1 [ RunTime:0.000355s ]
[ sql ] [ SQL ] SELECT * FROM `wy_users` WHERE  `user_id` = 12680 LIMIT 1 [ RunTime:0.000348s ]
[ sql ] [ SQL ] SELECT * FROM `wy_users` WHERE  `user_id` = 12674 LIMIT 1 [ RunTime:0.000372s ]
[ sql ] [ SQL ] SELECT * FROM `wy_users` WHERE  `user_id` = 12646 LIMIT 1 [ RunTime:0.000345s ]
[ sql ] [ SQL ] SELECT * FROM `wy_users` WHERE  `user_id` = 12738 LIMIT 1 [ RunTime:0.000353s ]
[ sql ] [ SQL ] SELECT * FROM `wy_users` WHERE  `user_id` = 10953 LIMIT 1 [ RunTime:0.000368s ]
[ sql ] [ SQL ] SELECT * FROM `wy_users` WHERE  `user_id` = 11934 LIMIT 1 [ RunTime:0.000357s ]
[ sql ] [ SQL ] SELECT * FROM `wy_users` WHERE  `user_id` = 10625 LIMIT 1 [ RunTime:0.000353s ]
[ sql ] [ SQL ] SELECT * FROM `wy_users` WHERE  `user_id` = 10701 LIMIT 1 [ RunTime:0.000423s ]
[ sql ] [ SQL ] SELECT * FROM `wy_users` WHERE  `user_id` = 2780 LIMIT 1 [ RunTime:0.000425s ]
[ sql ] [ SQL ] SELECT * FROM `wy_users` WHERE  `user_id` = 5049 LIMIT 1 [ RunTime:0.000376s ]
[ sql ] [ SQL ] SELECT * FROM `wy_users` WHERE  `user_id` = 5613 LIMIT 1 [ RunTime:0.000342s ]
[ sql ] [ SQL ] SELECT * FROM `wy_users` WHERE  `user_id` = 751 LIMIT 1 [ RunTime:0.000352s ]
[ sql ] [ SQL ] SELECT * FROM `wy_users` WHERE  `user_id` = 14257 LIMIT 1 [ RunTime:0.000356s ]
[ sql ] [ SQL ] SELECT * FROM `wy_users` WHERE  `user_id` = 3621 LIMIT 1 [ RunTime:0.000366s ]
[ sql ] [ SQL ] SELECT * FROM `wy_users` WHERE  `user_id` = 5938 LIMIT 1 [ RunTime:0.000343s ]
[ sql ] [ SQL ] SELECT * FROM `wy_users` WHERE  `user_id` = 709 LIMIT 1 [ RunTime:0.000372s ]
[ sql ] [ SQL ] SELECT * FROM `wy_users` WHERE  `user_id` = 9168 LIMIT 1 [ RunTime:0.000369s ]
[ sql ] [ SQL ] SELECT * FROM `wy_users` WHERE  `user_id` = 11262 LIMIT 1 [ RunTime:0.000373s ]
[ sql ] [ SQL ] SELECT * FROM `wy_users` WHERE  `user_id` = 12471 LIMIT 1 [ RunTime:0.000354s ]
[ sql ] [ SQL ] SELECT * FROM `wy_users` WHERE  `user_id` = 13286 LIMIT 1 [ RunTime:0.000354s ]
[ sql ] [ SQL ] SELECT * FROM `wy_users` WHERE  `user_id` = 10624 LIMIT 1 [ RunTime:0.000364s ]
[ sql ] [ SQL ] SELECT * FROM `wy_users` WHERE  `user_id` = 11144 LIMIT 1 [ RunTime:0.000349s ]
[ sql ] [ SQL ] SELECT * FROM `wy_users` WHERE  `user_id` = 13316 LIMIT 1 [ RunTime:0.000358s ]
[ sql ] [ SQL ] SELECT * FROM `wy_users` WHERE  `user_id` = 14432 LIMIT 1 [ RunTime:0.000361s ]
[ sql ] [ SQL ] SELECT * FROM `wy_users` WHERE  `user_id` = 8352 LIMIT 1 [ RunTime:0.000376s ]
[ sql ] [ SQL ] SELECT * FROM `wy_users` WHERE  `user_id` = 5306 LIMIT 1 [ RunTime:0.000458s ]
[ sql ] [ SQL ] SELECT * FROM `wy_users` WHERE  `user_id` = 1864 LIMIT 1 [ RunTime:0.000761s ]
[ sql ] [ SQL ] SELECT * FROM `wy_users` WHERE  `user_id` = 1459 LIMIT 1 [ RunTime:0.000459s ]
[ sql ] [ SQL ] SELECT * FROM `wy_users` WHERE  `user_id` = 945 LIMIT 1 [ RunTime:0.000406s ]
[ sql ] [ SQL ] SELECT * FROM `wy_users` WHERE  `user_id` = 9895 LIMIT 1 [ RunTime:0.000353s ]
[ sql ] [ SQL ] SELECT * FROM `wy_users` WHERE  `user_id` = 10835 LIMIT 1 [ RunTime:0.000355s ]
[ sql ] [ SQL ] SELECT * FROM `wy_users` WHERE  `user_id` = 881 LIMIT 1 [ RunTime:0.000350s ]
[ sql ] [ SQL ] SELECT * FROM `wy_users` WHERE  `user_id` = 854 LIMIT 1 [ RunTime:0.000387s ]
[ sql ] [ SQL ] SELECT * FROM `wy_users` WHERE  `user_id` = 946 LIMIT 1 [ RunTime:0.000351s ]
[ sql ] [ SQL ] SELECT * FROM `wy_users` WHERE  `user_id` = 1007 LIMIT 1 [ RunTime:0.000355s ]
[ sql ] [ SQL ] SELECT * FROM `wy_users` WHERE  `user_id` = 1113 LIMIT 1 [ RunTime:0.000345s ]
[ sql ] [ SQL ] SELECT * FROM `wy_users` WHERE  `user_id` = 1463 LIMIT 1 [ RunTime:0.000366s ]
[ sql ] [ SQL ] SELECT * FROM `wy_users` WHERE  `user_id` = 14576 LIMIT 1 [ RunTime:0.000358s ]
---------------------------------------------------------------
[ 2020-04-19T14:47:45+08:00 ] 171.9.144.42 GET /index/pals/false
[ sql ] [ DB ] CONNECT:[ UseTime:0.000581s ] mysql:host=127.0.0.1;port=3306;dbname=henimeet;charset=utf8
[ sql ] [ SQL ] SHOW COLUMNS FROM `wy_users` [ RunTime:0.000995s ]
[ sql ] [ SQL ] SELECT * FROM `wy_users` WHERE  `user_id` = 704 LIMIT 1 [ RunTime:0.000436s ]
[ sql ] [ SQL ] SHOW COLUMNS FROM `chat_log` [ RunTime:0.000566s ]
[ sql ] [ SQL ] SELECT COUNT(*) AS tp_count FROM `chat_log` WHERE  `toid` = 704  AND `is_read` = 0 LIMIT 1 [ RunTime:0.000195s ]
[ sql ] [ SQL ] SELECT * FROM `wy_users` WHERE  `user_id` = 704 LIMIT 1 [ RunTime:0.000294s ]
[ sql ] [ SQL ] SHOW COLUMNS FROM `wy_online` [ RunTime:0.000512s ]
[ sql ] [ SQL ] SELECT * FROM `wy_online` WHERE  `user_id` = 704 LIMIT 1 [ RunTime:0.000201s ]
[ sql ] [ SQL ] UPDATE `wy_online`  SET `user_id`=704,`user_name`='PAUZZZ',`user_sex`=0,`user_ico`='http://www.pauzzz.com/uploadfiles/avatar/20190910/1568096892927_162.jpg',`active_time`=1587278865,`hidden`=0  WHERE  `user_id` = 704 [ RunTime:0.000267s ]
---------------------------------------------------------------
[ 2020-04-19T14:47:47+08:00 ] 171.9.144.42 GET /index/user/index.html
[ sql ] [ DB ] CONNECT:[ UseTime:0.000633s ] mysql:host=127.0.0.1;port=3306;dbname=henimeet;charset=utf8
[ sql ] [ SQL ] SHOW COLUMNS FROM `wy_users` [ RunTime:0.001018s ]
[ sql ] [ SQL ] SELECT * FROM `wy_users` WHERE  `user_id` = 704 LIMIT 1 [ RunTime:0.000441s ]
[ sql ] [ SQL ] SHOW COLUMNS FROM `chat_log` [ RunTime:0.000553s ]
[ sql ] [ SQL ] SELECT COUNT(*) AS tp_count FROM `chat_log` WHERE  `toid` = 704  AND `is_read` = 0 LIMIT 1 [ RunTime:0.000191s ]
[ sql ] [ SQL ] SELECT * FROM `wy_users` WHERE  `user_id` = 704 LIMIT 1 [ RunTime:0.000279s ]
[ sql ] [ SQL ] SHOW COLUMNS FROM `wy_online` [ RunTime:0.000525s ]
[ sql ] [ SQL ] SELECT * FROM `wy_online` WHERE  `user_id` = 704 LIMIT 1 [ RunTime:0.000193s ]
[ sql ] [ SQL ] UPDATE `wy_online`  SET `user_id`=704,`user_name`='PAUZZZ',`user_sex`=0,`user_ico`='http://www.pauzzz.com/uploadfiles/avatar/20190910/1568096892927_162.jpg',`active_time`=1587278867,`hidden`=0  WHERE  `user_id` = 704 [ RunTime:0.000308s ]
[ sql ] [ SQL ] SELECT * FROM `wy_users` WHERE  `user_id` = 704 LIMIT 1 [ RunTime:0.000280s ]
---------------------------------------------------------------
[ 2020-04-19T14:48:58+08:00 ] 171.9.144.42 GET /index/main/index.html
[ sql ] [ DB ] CONNECT:[ UseTime:0.000603s ] mysql:host=127.0.0.1;port=3306;dbname=henimeet;charset=utf8
[ sql ] [ SQL ] SHOW COLUMNS FROM `wy_users` [ RunTime:0.001022s ]
[ sql ] [ SQL ] SELECT * FROM `wy_users` WHERE  `user_id` = 704 LIMIT 1 [ RunTime:0.000503s ]
[ sql ] [ SQL ] SHOW COLUMNS FROM `chat_log` [ RunTime:0.000556s ]
[ sql ] [ SQL ] SELECT COUNT(*) AS tp_count FROM `chat_log` WHERE  `toid` = 704  AND `is_read` = 0 LIMIT 1 [ RunTime:0.000191s ]
[ sql ] [ SQL ] SELECT * FROM `wy_users` WHERE  `user_id` = 704 LIMIT 1 [ RunTime:0.000269s ]
[ sql ] [ SQL ] SHOW COLUMNS FROM `wy_online` [ RunTime:0.000499s ]
[ sql ] [ SQL ] SELECT * FROM `wy_online` WHERE  `user_id` = 704 LIMIT 1 [ RunTime:0.000253s ]
[ sql ] [ SQL ] UPDATE `wy_online`  SET `user_id`=704,`user_name`='PAUZZZ',`user_sex`=0,`user_ico`='http://www.pauzzz.com/uploadfiles/avatar/20190910/1568096892927_162.jpg',`active_time`=1587278938,`hidden`=0  WHERE  `user_id` = 704 [ RunTime:0.000486s ]
---------------------------------------------------------------
[ 2020-04-19T14:48:58+08:00 ] 171.9.144.42 GET /index/main/query/page/1.html
[ sql ] [ DB ] CONNECT:[ UseTime:0.000600s ] mysql:host=127.0.0.1;port=3306;dbname=henimeet;charset=utf8
[ sql ] [ SQL ] SHOW COLUMNS FROM `wy_users` [ RunTime:0.001006s ]
[ sql ] [ SQL ] SELECT * FROM `wy_users` WHERE  `user_id` = 704 LIMIT 1 [ RunTime:0.000439s ]
[ sql ] [ SQL ] SHOW COLUMNS FROM `chat_log` [ RunTime:0.000559s ]
[ sql ] [ SQL ] SELECT COUNT(*) AS tp_count FROM `chat_log` WHERE  `toid` = 704  AND `is_read` = 0 LIMIT 1 [ RunTime:0.000188s ]
[ sql ] [ SQL ] SELECT * FROM `wy_users` WHERE  `user_id` = 704 LIMIT 1 [ RunTime:0.000280s ]
[ sql ] [ SQL ] SHOW COLUMNS FROM `wy_online` [ RunTime:0.000508s ]
[ sql ] [ SQL ] SELECT * FROM `wy_online` WHERE  `user_id` = 704 LIMIT 1 [ RunTime:0.000269s ]
[ sql ] [ SQL ] UPDATE `wy_online`  SET `user_id`=704,`user_name`='PAUZZZ',`user_sex`=0,`user_ico`='http://www.pauzzz.com/uploadfiles/avatar/20190910/1568096892927_162.jpg',`active_time`=1587278938,`hidden`=0  WHERE  `user_id` = 704 [ RunTime:0.000276s ]
[ sql ] [ SQL ] SELECT COUNT(*) AS tp_count FROM `wy_users` WHERE  `user_sex` <> 0  AND `is_pass` <> 0 LIMIT 1 [ RunTime:0.000189s ]
[ sql ] [ SQL ] SELECT `u`.`user_name`,`u`.`user_ico`,`u`.`user_sex`,`u`.`user_group`,`u`.`user_id`,`o`.`online_id` FROM `wy_users` `u` LEFT JOIN `wy_online` `o` ON `u`.`user_id`=`o`.`user_id` WHERE  (  u.user_sex != '0' and u.is_pass!='0' ) ORDER BY u.is_service desc, o.active_time desc LIMIT 0,16 [ RunTime:0.020553s ]
---------------------------------------------------------------
[ 2020-04-19T14:49:02+08:00 ] 171.9.144.42 GET /index/user/index.html
[ sql ] [ DB ] CONNECT:[ UseTime:0.000604s ] mysql:host=127.0.0.1;port=3306;dbname=henimeet;charset=utf8
[ sql ] [ SQL ] SHOW COLUMNS FROM `wy_users` [ RunTime:0.001046s ]
[ sql ] [ SQL ] SELECT * FROM `wy_users` WHERE  `user_id` = 704 LIMIT 1 [ RunTime:0.000429s ]
[ sql ] [ SQL ] SHOW COLUMNS FROM `chat_log` [ RunTime:0.000562s ]
[ sql ] [ SQL ] SELECT COUNT(*) AS tp_count FROM `chat_log` WHERE  `toid` = 704  AND `is_read` = 0 LIMIT 1 [ RunTime:0.000195s ]
[ sql ] [ SQL ] SELECT * FROM `wy_users` WHERE  `user_id` = 704 LIMIT 1 [ RunTime:0.000269s ]
[ sql ] [ SQL ] SHOW COLUMNS FROM `wy_online` [ RunTime:0.000544s ]
[ sql ] [ SQL ] SELECT * FROM `wy_online` WHERE  `user_id` = 704 LIMIT 1 [ RunTime:0.000195s ]
[ sql ] [ SQL ] UPDATE `wy_online`  SET `user_id`=704,`user_name`='PAUZZZ',`user_sex`=0,`user_ico`='http://www.pauzzz.com/uploadfiles/avatar/20190910/1568096892927_162.jpg',`active_time`=1587278942,`hidden`=0  WHERE  `user_id` = 704 [ RunTime:0.000518s ]
[ sql ] [ SQL ] SELECT * FROM `wy_users` WHERE  `user_id` = 704 LIMIT 1 [ RunTime:0.000301s ]
---------------------------------------------------------------
[ 2020-04-19T14:49:04+08:00 ] 171.9.144.42 GET /index/mood/index.html
[ sql ] [ DB ] CONNECT:[ UseTime:0.000603s ] mysql:host=127.0.0.1;port=3306;dbname=henimeet;charset=utf8
[ sql ] [ SQL ] SHOW COLUMNS FROM `wy_users` [ RunTime:0.001014s ]
[ sql ] [ SQL ] SELECT * FROM `wy_users` WHERE  `user_id` = 704 LIMIT 1 [ RunTime:0.000428s ]
[ sql ] [ SQL ] SHOW COLUMNS FROM `chat_log` [ RunTime:0.000544s ]
[ sql ] [ SQL ] SELECT COUNT(*) AS tp_count FROM `chat_log` WHERE  `toid` = 704  AND `is_read` = 0 LIMIT 1 [ RunTime:0.000185s ]
[ sql ] [ SQL ] SELECT * FROM `wy_users` WHERE  `user_id` = 704 LIMIT 1 [ RunTime:0.000268s ]
[ sql ] [ SQL ] SHOW COLUMNS FROM `wy_online` [ RunTime:0.000518s ]
[ sql ] [ SQL ] SELECT * FROM `wy_online` WHERE  `user_id` = 704 LIMIT 1 [ RunTime:0.000262s ]
[ sql ] [ SQL ] UPDATE `wy_online`  SET `user_id`=704,`user_name`='PAUZZZ',`user_sex`=0,`user_ico`='http://www.pauzzz.com/uploadfiles/avatar/20190910/1568096892927_162.jpg',`active_time`=1587278944,`hidden`=0  WHERE  `user_id` = 704 [ RunTime:0.000469s ]
---------------------------------------------------------------
[ 2020-04-19T14:49:04+08:00 ] 171.9.144.42 GET /index/mood/index.html?page=1
[ sql ] [ DB ] CONNECT:[ UseTime:0.000626s ] mysql:host=127.0.0.1;port=3306;dbname=henimeet;charset=utf8
[ sql ] [ SQL ] SHOW COLUMNS FROM `wy_users` [ RunTime:0.001081s ]
[ sql ] [ SQL ] SELECT * FROM `wy_users` WHERE  `user_id` = 704 LIMIT 1 [ RunTime:0.000506s ]
[ sql ] [ SQL ] SHOW COLUMNS FROM `chat_log` [ RunTime:0.000545s ]
[ sql ] [ SQL ] SELECT COUNT(*) AS tp_count FROM `chat_log` WHERE  `toid` = 704  AND `is_read` = 0 LIMIT 1 [ RunTime:0.000191s ]
[ sql ] [ SQL ] SELECT * FROM `wy_users` WHERE  `user_id` = 704 LIMIT 1 [ RunTime:0.000300s ]
[ sql ] [ SQL ] SHOW COLUMNS FROM `wy_online` [ RunTime:0.000504s ]
[ sql ] [ SQL ] SELECT * FROM `wy_online` WHERE  `user_id` = 704 LIMIT 1 [ RunTime:0.000273s ]
[ sql ] [ SQL ] UPDATE `wy_online`  SET `user_id`=704,`user_name`='PAUZZZ',`user_sex`=0,`user_ico`='http://www.pauzzz.com/uploadfiles/avatar/20190910/1568096892927_162.jpg',`active_time`=1587278944,`hidden`=0  WHERE  `user_id` = 704 [ RunTime:0.000249s ]
[ sql ] [ SQL ] SHOW COLUMNS FROM `wy_recent_affair` [ RunTime:0.000515s ]
[ sql ] [ SQL ] SELECT COUNT(*) AS tp_count FROM `wy_recent_affair` `r` INNER JOIN `wy_users` `u` ON `r`.`user_id`=`u`.`user_id` WHERE  `r`.`user_id` <> '704'  AND `u`.`user_sex` <> '0' LIMIT 1 [ RunTime:0.000180s ]
[ sql ] [ SQL ] SELECT `r`.`id`,`r`.`type_id`,`r`.`title`,`r`.`content`,`r`.`user_id`,`r`.`user_name`,`r`.`update_time`,`r`.`for_content_id`,`u`.`user_ico`,`u`.`user_sex` FROM `wy_recent_affair` `r` INNER JOIN `wy_users` `u` ON `r`.`user_id`=`u`.`user_id` WHERE  `r`.`user_id` <> '704'  AND `u`.`user_sex` <> '0' ORDER BY r.id desc LIMIT 0,16 [ RunTime:0.000207s ]
[ sql ] [ SQL ] SHOW COLUMNS FROM `wy_mood` [ RunTime:0.000487s ]
[ sql ] [ SQL ] SELECT `mood_pic` FROM `wy_mood` WHERE  `mood_id` = 1230 LIMIT 1 [ RunTime:0.000159s ]
[ sql ] [ SQL ] SELECT `mood_pic` FROM `wy_mood` WHERE  `mood_id` = 1229 LIMIT 1 [ RunTime:0.000157s ]
[ sql ] [ SQL ] SELECT `mood_pic` FROM `wy_mood` WHERE  `mood_id` = 1228 LIMIT 1 [ RunTime:0.000280s ]
[ sql ] [ SQL ] SELECT `mood_pic` FROM `wy_mood` WHERE  `mood_id` = 1223 LIMIT 1 [ RunTime:0.000190s ]
[ sql ] [ SQL ] SELECT `mood_pic` FROM `wy_mood` WHERE  `mood_id` = 1221 LIMIT 1 [ RunTime:0.000158s ]
[ sql ] [ SQL ] SELECT `mood_pic` FROM `wy_mood` WHERE  `mood_id` = 1220 LIMIT 1 [ RunTime:0.000151s ]
[ sql ] [ SQL ] SELECT `mood_pic` FROM `wy_mood` WHERE  `mood_id` = 1219 LIMIT 1 [ RunTime:0.000165s ]
[ sql ] [ SQL ] SELECT `mood_pic` FROM `wy_mood` WHERE  `mood_id` = 1216 LIMIT 1 [ RunTime:0.000160s ]
[ sql ] [ SQL ] SELECT `mood_pic` FROM `wy_mood` WHERE  `mood_id` = 1214 LIMIT 1 [ RunTime:0.000152s ]
[ sql ] [ SQL ] SELECT `mood_pic` FROM `wy_mood` WHERE  `mood_id` = 1213 LIMIT 1 [ RunTime:0.000152s ]
[ sql ] [ SQL ] SELECT `mood_pic` FROM `wy_mood` WHERE  `mood_id` = 1212 LIMIT 1 [ RunTime:0.000154s ]
[ sql ] [ SQL ] SELECT `mood_pic` FROM `wy_mood` WHERE  `mood_id` = 1211 LIMIT 1 [ RunTime:0.000147s ]
[ sql ] [ SQL ] SELECT `r`.`id`,`r`.`type_id`,`r`.`title`,`r`.`content`,`r`.`user_id`,`r`.`user_name`,`r`.`update_time`,`r`.`for_content_id`,`u`.`user_ico`,`u`.`user_sex` FROM `wy_recent_affair` `r` INNER JOIN `wy_users` `u` ON `r`.`user_id`=`u`.`user_id` WHERE  `r`.`user_id` = '704' ORDER BY r.id desc LIMIT 1 [ RunTime:0.000189s ]
---------------------------------------------------------------
[ 2020-04-19T16:49:54+08:00 ] 171.9.144.42 GET /index/main/index.html
[ sql ] [ DB ] CONNECT:[ UseTime:0.000584s ] mysql:host=127.0.0.1;port=3306;dbname=henimeet;charset=utf8
[ sql ] [ SQL ] SHOW COLUMNS FROM `wy_users` [ RunTime:0.001018s ]
[ sql ] [ SQL ] SELECT * FROM `wy_users` WHERE  `user_id` = 704 LIMIT 1 [ RunTime:0.000561s ]
[ sql ] [ SQL ] SHOW COLUMNS FROM `chat_log` [ RunTime:0.000579s ]
[ sql ] [ SQL ] SELECT COUNT(*) AS tp_count FROM `chat_log` WHERE  `toid` = 704  AND `is_read` = 0 LIMIT 1 [ RunTime:0.003646s ]
[ sql ] [ SQL ] SELECT * FROM `wy_users` WHERE  `user_id` = 704 LIMIT 1 [ RunTime:0.000293s ]
[ sql ] [ SQL ] SHOW COLUMNS FROM `wy_online` [ RunTime:0.000547s ]
[ sql ] [ SQL ] SELECT * FROM `wy_online` WHERE  `user_id` = 704 LIMIT 1 [ RunTime:0.000250s ]
[ sql ] [ SQL ] UPDATE `wy_online`  SET `user_id`=704,`user_name`='PAUZZZ',`user_sex`=0,`user_ico`='http://www.pauzzz.com/uploadfiles/avatar/20190910/1568096892927_162.jpg',`active_time`=1587286194,`hidden`=0  WHERE  `user_id` = 704 [ RunTime:0.000477s ]
---------------------------------------------------------------
[ 2020-04-19T16:49:55+08:00 ] 171.9.144.42 GET /index/main/query/page/1.html
[ sql ] [ DB ] CONNECT:[ UseTime:0.000609s ] mysql:host=127.0.0.1;port=3306;dbname=henimeet;charset=utf8
[ sql ] [ SQL ] SHOW COLUMNS FROM `wy_users` [ RunTime:0.001025s ]
[ sql ] [ SQL ] SELECT * FROM `wy_users` WHERE  `user_id` = 704 LIMIT 1 [ RunTime:0.000446s ]
[ sql ] [ SQL ] SHOW COLUMNS FROM `chat_log` [ RunTime:0.000551s ]
[ sql ] [ SQL ] SELECT COUNT(*) AS tp_count FROM `chat_log` WHERE  `toid` = 704  AND `is_read` = 0 LIMIT 1 [ RunTime:0.000187s ]
[ sql ] [ SQL ] SELECT * FROM `wy_users` WHERE  `user_id` = 704 LIMIT 1 [ RunTime:0.000266s ]
[ sql ] [ SQL ] SHOW COLUMNS FROM `wy_online` [ RunTime:0.000522s ]
[ sql ] [ SQL ] SELECT * FROM `wy_online` WHERE  `user_id` = 704 LIMIT 1 [ RunTime:0.000273s ]
[ sql ] [ SQL ] UPDATE `wy_online`  SET `user_id`=704,`user_name`='PAUZZZ',`user_sex`=0,`user_ico`='http://www.pauzzz.com/uploadfiles/avatar/20190910/1568096892927_162.jpg',`active_time`=1587286195,`hidden`=0  WHERE  `user_id` = 704 [ RunTime:0.000482s ]
[ sql ] [ SQL ] SELECT COUNT(*) AS tp_count FROM `wy_users` WHERE  `user_sex` <> 0  AND `is_pass` <> 0 LIMIT 1 [ RunTime:0.010588s ]
[ sql ] [ SQL ] SELECT `u`.`user_name`,`u`.`user_ico`,`u`.`user_sex`,`u`.`user_group`,`u`.`user_id`,`o`.`online_id` FROM `wy_users` `u` LEFT JOIN `wy_online` `o` ON `u`.`user_id`=`o`.`user_id` WHERE  (  u.user_sex != '0' and u.is_pass!='0' ) ORDER BY u.is_service desc, o.active_time desc LIMIT 0,16 [ RunTime:0.020364s ]
---------------------------------------------------------------
[ 2020-04-19T16:50:04+08:00 ] 171.9.144.42 GET /index/mood/index.html
[ sql ] [ DB ] CONNECT:[ UseTime:0.000590s ] mysql:host=127.0.0.1;port=3306;dbname=henimeet;charset=utf8
[ sql ] [ SQL ] SHOW COLUMNS FROM `wy_users` [ RunTime:0.001024s ]
[ sql ] [ SQL ] SELECT * FROM `wy_users` WHERE  `user_id` = 704 LIMIT 1 [ RunTime:0.000424s ]
[ sql ] [ SQL ] SHOW COLUMNS FROM `chat_log` [ RunTime:0.000567s ]
[ sql ] [ SQL ] SELECT COUNT(*) AS tp_count FROM `chat_log` WHERE  `toid` = 704  AND `is_read` = 0 LIMIT 1 [ RunTime:0.000188s ]
[ sql ] [ SQL ] SELECT * FROM `wy_users` WHERE  `user_id` = 704 LIMIT 1 [ RunTime:0.000268s ]
[ sql ] [ SQL ] SHOW COLUMNS FROM `wy_online` [ RunTime:0.000511s ]
[ sql ] [ SQL ] SELECT * FROM `wy_online` WHERE  `user_id` = 704 LIMIT 1 [ RunTime:0.000264s ]
[ sql ] [ SQL ] UPDATE `wy_online`  SET `user_id`=704,`user_name`='PAUZZZ',`user_sex`=0,`user_ico`='http://www.pauzzz.com/uploadfiles/avatar/20190910/1568096892927_162.jpg',`active_time`=1587286204,`hidden`=0  WHERE  `user_id` = 704 [ RunTime:0.000297s ]
---------------------------------------------------------------
[ 2020-04-19T16:50:04+08:00 ] 171.9.144.42 GET /index/mood/index.html?page=1
[ sql ] [ DB ] CONNECT:[ UseTime:0.000708s ] mysql:host=127.0.0.1;port=3306;dbname=henimeet;charset=utf8
[ sql ] [ SQL ] SHOW COLUMNS FROM `wy_users` [ RunTime:0.001418s ]
[ sql ] [ SQL ] SELECT * FROM `wy_users` WHERE  `user_id` = 704 LIMIT 1 [ RunTime:0.000562s ]
[ sql ] [ SQL ] SHOW COLUMNS FROM `chat_log` [ RunTime:0.000558s ]
[ sql ] [ SQL ] SELECT COUNT(*) AS tp_count FROM `chat_log` WHERE  `toid` = 704  AND `is_read` = 0 LIMIT 1 [ RunTime:0.000187s ]
[ sql ] [ SQL ] SELECT * FROM `wy_users` WHERE  `user_id` = 704 LIMIT 1 [ RunTime:0.000284s ]
[ sql ] [ SQL ] SHOW COLUMNS FROM `wy_online` [ RunTime:0.000497s ]
[ sql ] [ SQL ] SELECT * FROM `wy_online` WHERE  `user_id` = 704 LIMIT 1 [ RunTime:0.000269s ]
[ sql ] [ SQL ] UPDATE `wy_online`  SET `user_id`=704,`user_name`='PAUZZZ',`user_sex`=0,`user_ico`='http://www.pauzzz.com/uploadfiles/avatar/20190910/1568096892927_162.jpg',`active_time`=1587286204,`hidden`=0  WHERE  `user_id` = 704 [ RunTime:0.000272s ]
[ sql ] [ SQL ] SHOW COLUMNS FROM `wy_recent_affair` [ RunTime:0.000527s ]
[ sql ] [ SQL ] SELECT COUNT(*) AS tp_count FROM `wy_recent_affair` `r` INNER JOIN `wy_users` `u` ON `r`.`user_id`=`u`.`user_id` WHERE  `r`.`user_id` <> '704'  AND `u`.`user_sex` <> '0' LIMIT 1 [ RunTime:0.000350s ]
[ sql ] [ SQL ] SELECT `r`.`id`,`r`.`type_id`,`r`.`title`,`r`.`content`,`r`.`user_id`,`r`.`user_name`,`r`.`update_time`,`r`.`for_content_id`,`u`.`user_ico`,`u`.`user_sex` FROM `wy_recent_affair` `r` INNER JOIN `wy_users` `u` ON `r`.`user_id`=`u`.`user_id` WHERE  `r`.`user_id` <> '704'  AND `u`.`user_sex` <> '0' ORDER BY r.id desc LIMIT 0,16 [ RunTime:0.000407s ]
[ sql ] [ SQL ] SHOW COLUMNS FROM `wy_mood` [ RunTime:0.000505s ]
[ sql ] [ SQL ] SELECT `mood_pic` FROM `wy_mood` WHERE  `mood_id` = 1230 LIMIT 1 [ RunTime:0.000183s ]
[ sql ] [ SQL ] SELECT `mood_pic` FROM `wy_mood` WHERE  `mood_id` = 1229 LIMIT 1 [ RunTime:0.000161s ]
[ sql ] [ SQL ] SELECT `mood_pic` FROM `wy_mood` WHERE  `mood_id` = 1228 LIMIT 1 [ RunTime:0.000154s ]
[ sql ] [ SQL ] SELECT `mood_pic` FROM `wy_mood` WHERE  `mood_id` = 1223 LIMIT 1 [ RunTime:0.000151s ]
[ sql ] [ SQL ] SELECT `mood_pic` FROM `wy_mood` WHERE  `mood_id` = 1221 LIMIT 1 [ RunTime:0.000176s ]
[ sql ] [ SQL ] SELECT `mood_pic` FROM `wy_mood` WHERE  `mood_id` = 1220 LIMIT 1 [ RunTime:0.000152s ]
[ sql ] [ SQL ] SELECT `mood_pic` FROM `wy_mood` WHERE  `mood_id` = 1219 LIMIT 1 [ RunTime:0.000148s ]
[ sql ] [ SQL ] SELECT `mood_pic` FROM `wy_mood` WHERE  `mood_id` = 1216 LIMIT 1 [ RunTime:0.000168s ]
[ sql ] [ SQL ] SELECT `mood_pic` FROM `wy_mood` WHERE  `mood_id` = 1214 LIMIT 1 [ RunTime:0.000153s ]
[ sql ] [ SQL ] SELECT `mood_pic` FROM `wy_mood` WHERE  `mood_id` = 1213 LIMIT 1 [ RunTime:0.000151s ]
[ sql ] [ SQL ] SELECT `mood_pic` FROM `wy_mood` WHERE  `mood_id` = 1212 LIMIT 1 [ RunTime:0.000162s ]
[ sql ] [ SQL ] SELECT `mood_pic` FROM `wy_mood` WHERE  `mood_id` = 1211 LIMIT 1 [ RunTime:0.000148s ]
[ sql ] [ SQL ] SELECT `r`.`id`,`r`.`type_id`,`r`.`title`,`r`.`content`,`r`.`user_id`,`r`.`user_name`,`r`.`update_time`,`r`.`for_content_id`,`u`.`user_ico`,`u`.`user_sex` FROM `wy_recent_affair` `r` INNER JOIN `wy_users` `u` ON `r`.`user_id`=`u`.`user_id` WHERE  `r`.`user_id` = '704' ORDER BY r.id desc LIMIT 1 [ RunTime:0.000290s ]
---------------------------------------------------------------
[ 2020-04-19T16:50:05+08:00 ] 171.9.144.42 GET /index/user/index.html
[ sql ] [ DB ] CONNECT:[ UseTime:0.000608s ] mysql:host=127.0.0.1;port=3306;dbname=henimeet;charset=utf8
[ sql ] [ SQL ] SHOW COLUMNS FROM `wy_users` [ RunTime:0.000987s ]
[ sql ] [ SQL ] SELECT * FROM `wy_users` WHERE  `user_id` = 704 LIMIT 1 [ RunTime:0.000426s ]
[ sql ] [ SQL ] SHOW COLUMNS FROM `chat_log` [ RunTime:0.000532s ]
[ sql ] [ SQL ] SELECT COUNT(*) AS tp_count FROM `chat_log` WHERE  `toid` = 704  AND `is_read` = 0 LIMIT 1 [ RunTime:0.000197s ]
[ sql ] [ SQL ] SELECT * FROM `wy_users` WHERE  `user_id` = 704 LIMIT 1 [ RunTime:0.000273s ]
[ sql ] [ SQL ] SHOW COLUMNS FROM `wy_online` [ RunTime:0.000508s ]
[ sql ] [ SQL ] SELECT * FROM `wy_online` WHERE  `user_id` = 704 LIMIT 1 [ RunTime:0.000183s ]
[ sql ] [ SQL ] UPDATE `wy_online`  SET `user_id`=704,`user_name`='PAUZZZ',`user_sex`=0,`user_ico`='http://www.pauzzz.com/uploadfiles/avatar/20190910/1568096892927_162.jpg',`active_time`=1587286205,`hidden`=0  WHERE  `user_id` = 704 [ RunTime:0.000288s ]
[ sql ] [ SQL ] SELECT * FROM `wy_users` WHERE  `user_id` = 704 LIMIT 1 [ RunTime:0.000411s ]
---------------------------------------------------------------
[ 2020-04-19T17:29:08+08:00 ] 171.9.205.22 GET /index/main/index.html
[ sql ] [ DB ] CONNECT:[ UseTime:0.000576s ] mysql:host=127.0.0.1;port=3306;dbname=henimeet;charset=utf8
[ sql ] [ SQL ] SHOW COLUMNS FROM `wy_users` [ RunTime:0.000995s ]
[ sql ] [ SQL ] SELECT * FROM `wy_users` WHERE  `user_id` = 704 LIMIT 1 [ RunTime:0.000413s ]
[ sql ] [ SQL ] SHOW COLUMNS FROM `chat_log` [ RunTime:0.000553s ]
[ sql ] [ SQL ] SELECT COUNT(*) AS tp_count FROM `chat_log` WHERE  `toid` = 704  AND `is_read` = 0 LIMIT 1 [ RunTime:0.003651s ]
[ sql ] [ SQL ] SELECT * FROM `wy_users` WHERE  `user_id` = 704 LIMIT 1 [ RunTime:0.000294s ]
[ sql ] [ SQL ] SHOW COLUMNS FROM `wy_online` [ RunTime:0.000504s ]
[ sql ] [ SQL ] SELECT * FROM `wy_online` WHERE  `user_id` = 704 LIMIT 1 [ RunTime:0.000259s ]
[ sql ] [ SQL ] UPDATE `wy_online`  SET `user_id`=704,`user_name`='PAUZZZ',`user_sex`=0,`user_ico`='http://www.pauzzz.com/uploadfiles/avatar/20190910/1568096892927_162.jpg',`active_time`=1587288548,`hidden`=0  WHERE  `user_id` = 704 [ RunTime:0.000387s ]
---------------------------------------------------------------
[ 2020-04-19T17:29:08+08:00 ] 171.9.205.22 GET /index/main/query/page/1.html
[ sql ] [ DB ] CONNECT:[ UseTime:0.000597s ] mysql:host=127.0.0.1;port=3306;dbname=henimeet;charset=utf8
[ sql ] [ SQL ] SHOW COLUMNS FROM `wy_users` [ RunTime:0.001044s ]
[ sql ] [ SQL ] SELECT * FROM `wy_users` WHERE  `user_id` = 704 LIMIT 1 [ RunTime:0.000421s ]
[ sql ] [ SQL ] SHOW COLUMNS FROM `chat_log` [ RunTime:0.000533s ]
[ sql ] [ SQL ] SELECT COUNT(*) AS tp_count FROM `chat_log` WHERE  `toid` = 704  AND `is_read` = 0 LIMIT 1 [ RunTime:0.000208s ]
[ sql ] [ SQL ] SELECT * FROM `wy_users` WHERE  `user_id` = 704 LIMIT 1 [ RunTime:0.000277s ]
[ sql ] [ SQL ] SHOW COLUMNS FROM `wy_online` [ RunTime:0.000517s ]
[ sql ] [ SQL ] SELECT * FROM `wy_online` WHERE  `user_id` = 704 LIMIT 1 [ RunTime:0.000262s ]
[ sql ] [ SQL ] UPDATE `wy_online`  SET `user_id`=704,`user_name`='PAUZZZ',`user_sex`=0,`user_ico`='http://www.pauzzz.com/uploadfiles/avatar/20190910/1568096892927_162.jpg',`active_time`=1587288548,`hidden`=0  WHERE  `user_id` = 704 [ RunTime:0.000258s ]
[ sql ] [ SQL ] SELECT COUNT(*) AS tp_count FROM `wy_users` WHERE  `user_sex` <> 0  AND `is_pass` <> 0 LIMIT 1 [ RunTime:0.000202s ]
[ sql ] [ SQL ] SELECT `u`.`user_name`,`u`.`user_ico`,`u`.`user_sex`,`u`.`user_group`,`u`.`user_id`,`o`.`online_id` FROM `wy_users` `u` LEFT JOIN `wy_online` `o` ON `u`.`user_id`=`o`.`user_id` WHERE  (  u.user_sex != '0' and u.is_pass!='0' ) ORDER BY u.is_service desc, o.active_time desc LIMIT 0,16 [ RunTime:0.020559s ]
---------------------------------------------------------------
[ 2020-04-19T21:13:10+08:00 ] 171.10.72.197 GET /index/main/index.html
[ sql ] [ DB ] CONNECT:[ UseTime:0.000612s ] mysql:host=127.0.0.1;port=3306;dbname=henimeet;charset=utf8
[ sql ] [ SQL ] SHOW COLUMNS FROM `wy_users` [ RunTime:0.001058s ]
[ sql ] [ SQL ] SELECT * FROM `wy_users` WHERE  `user_id` = 704 LIMIT 1 [ RunTime:0.000564s ]
[ sql ] [ SQL ] SHOW COLUMNS FROM `chat_log` [ RunTime:0.000528s ]
[ sql ] [ SQL ] SELECT COUNT(*) AS tp_count FROM `chat_log` WHERE  `toid` = 704  AND `is_read` = 0 LIMIT 1 [ RunTime:0.003629s ]
[ sql ] [ SQL ] SELECT * FROM `wy_users` WHERE  `user_id` = 704 LIMIT 1 [ RunTime:0.000301s ]
[ sql ] [ SQL ] SHOW COLUMNS FROM `wy_online` [ RunTime:0.000514s ]
[ sql ] [ SQL ] SELECT * FROM `wy_online` WHERE  `user_id` = 704 LIMIT 1 [ RunTime:0.000258s ]
[ sql ] [ SQL ] UPDATE `wy_online`  SET `user_id`=704,`user_name`='PAUZZZ',`user_sex`=0,`user_ico`='http://www.pauzzz.com/uploadfiles/avatar/20190910/1568096892927_162.jpg',`active_time`=1587301990,`hidden`=0  WHERE  `user_id` = 704 [ RunTime:0.000412s ]
---------------------------------------------------------------
[ 2020-04-19T21:13:11+08:00 ] 171.10.72.197 GET /index/main/query/page/1.html
[ sql ] [ DB ] CONNECT:[ UseTime:0.000703s ] mysql:host=127.0.0.1;port=3306;dbname=henimeet;charset=utf8
[ sql ] [ SQL ] SHOW COLUMNS FROM `wy_users` [ RunTime:0.001411s ]
[ sql ] [ SQL ] SELECT * FROM `wy_users` WHERE  `user_id` = 704 LIMIT 1 [ RunTime:0.000576s ]
[ sql ] [ SQL ] SHOW COLUMNS FROM `chat_log` [ RunTime:0.000740s ]
[ sql ] [ SQL ] SELECT COUNT(*) AS tp_count FROM `chat_log` WHERE  `toid` = 704  AND `is_read` = 0 LIMIT 1 [ RunTime:0.000241s ]
[ sql ] [ SQL ] SELECT * FROM `wy_users` WHERE  `user_id` = 704 LIMIT 1 [ RunTime:0.000375s ]
[ sql ] [ SQL ] SHOW COLUMNS FROM `wy_online` [ RunTime:0.000693s ]
[ sql ] [ SQL ] SELECT * FROM `wy_online` WHERE  `user_id` = 704 LIMIT 1 [ RunTime:0.000335s ]
[ sql ] [ SQL ] UPDATE `wy_online`  SET `user_id`=704,`user_name`='PAUZZZ',`user_sex`=0,`user_ico`='http://www.pauzzz.com/uploadfiles/avatar/20190910/1568096892927_162.jpg',`active_time`=1587301991,`hidden`=0  WHERE  `user_id` = 704 [ RunTime:0.000567s ]
[ sql ] [ SQL ] SELECT COUNT(*) AS tp_count FROM `wy_users` WHERE  `user_sex` <> 0  AND `is_pass` <> 0 LIMIT 1 [ RunTime:0.010672s ]
[ sql ] [ SQL ] SELECT `u`.`user_name`,`u`.`user_ico`,`u`.`user_sex`,`u`.`user_group`,`u`.`user_id`,`o`.`online_id` FROM `wy_users` `u` LEFT JOIN `wy_online` `o` ON `u`.`user_id`=`o`.`user_id` WHERE  (  u.user_sex != '0' and u.is_pass!='0' ) ORDER BY u.is_service desc, o.active_time desc LIMIT 0,16 [ RunTime:0.020486s ]
---------------------------------------------------------------
[ 2020-04-19T23:44:08+08:00 ] 1.197.240.198 GET /index/main/index.html
[ sql ] [ DB ] CONNECT:[ UseTime:0.000606s ] mysql:host=127.0.0.1;port=3306;dbname=henimeet;charset=utf8
[ sql ] [ SQL ] SHOW COLUMNS FROM `wy_users` [ RunTime:0.001018s ]
[ sql ] [ SQL ] SELECT * FROM `wy_users` WHERE  `user_id` = 834 LIMIT 1 [ RunTime:0.000630s ]
[ sql ] [ SQL ] SHOW COLUMNS FROM `chat_log` [ RunTime:0.000543s ]
[ sql ] [ SQL ] SELECT COUNT(*) AS tp_count FROM `chat_log` WHERE  `toid` = 834  AND `is_read` = 0 LIMIT 1 [ RunTime:0.004519s ]
[ sql ] [ SQL ] SELECT * FROM `wy_users` WHERE  `user_id` = 834 LIMIT 1 [ RunTime:0.000288s ]
[ sql ] [ SQL ] SHOW COLUMNS FROM `wy_online` [ RunTime:0.000524s ]
[ sql ] [ SQL ] SELECT * FROM `wy_online` WHERE  `user_id` = 834 LIMIT 1 [ RunTime:0.000253s ]
[ sql ] [ SQL ] UPDATE `wy_online`  SET `user_id`=834,`user_name`='xiaoning',`user_sex`=0,`user_ico`='http://www.pauzzz.com/uploadfiles/avatar/20171012/1507776563389_162.jpg',`active_time`=1587311048,`hidden`=0  WHERE  `user_id` = 834 [ RunTime:0.000417s ]
---------------------------------------------------------------
[ 2020-04-19T23:44:09+08:00 ] 1.197.240.198 GET /index/main/query/page/1.html
[ sql ] [ DB ] CONNECT:[ UseTime:0.000635s ] mysql:host=127.0.0.1;port=3306;dbname=henimeet;charset=utf8
[ sql ] [ SQL ] SHOW COLUMNS FROM `wy_users` [ RunTime:0.001042s ]
[ sql ] [ SQL ] SELECT * FROM `wy_users` WHERE  `user_id` = 834 LIMIT 1 [ RunTime:0.000434s ]
[ sql ] [ SQL ] SHOW COLUMNS FROM `chat_log` [ RunTime:0.000543s ]
[ sql ] [ SQL ] SELECT COUNT(*) AS tp_count FROM `chat_log` WHERE  `toid` = 834  AND `is_read` = 0 LIMIT 1 [ RunTime:0.000203s ]
[ sql ] [ SQL ] SELECT * FROM `wy_users` WHERE  `user_id` = 834 LIMIT 1 [ RunTime:0.000278s ]
[ sql ] [ SQL ] SHOW COLUMNS FROM `wy_online` [ RunTime:0.000526s ]
[ sql ] [ SQL ] SELECT * FROM `wy_online` WHERE  `user_id` = 834 LIMIT 1 [ RunTime:0.000266s ]
[ sql ] [ SQL ] UPDATE `wy_online`  SET `user_id`=834,`user_name`='xiaoning',`user_sex`=0,`user_ico`='http://www.pauzzz.com/uploadfiles/avatar/20171012/1507776563389_162.jpg',`active_time`=1587311049,`hidden`=0  WHERE  `user_id` = 834 [ RunTime:0.000487s ]
[ sql ] [ SQL ] SELECT COUNT(*) AS tp_count FROM `wy_users` WHERE  `user_sex` <> 0  AND `is_pass` <> 0 LIMIT 1 [ RunTime:0.010566s ]
[ sql ] [ SQL ] SELECT `u`.`user_name`,`u`.`user_ico`,`u`.`user_sex`,`u`.`user_group`,`u`.`user_id`,`o`.`online_id` FROM `wy_users` `u` LEFT JOIN `wy_online` `o` ON `u`.`user_id`=`o`.`user_id` WHERE  (  u.user_sex != '0' and u.is_pass!='0' ) ORDER BY u.is_service desc, o.active_time desc LIMIT 0,16 [ RunTime:0.020529s ]
---------------------------------------------------------------
[ 2020-04-19T23:56:32+08:00 ] 171.10.72.197 GET /index/main/index.html
[ sql ] [ DB ] CONNECT:[ UseTime:0.000610s ] mysql:host=127.0.0.1;port=3306;dbname=henimeet;charset=utf8
[ sql ] [ SQL ] SHOW COLUMNS FROM `wy_users` [ RunTime:0.001025s ]
[ sql ] [ SQL ] SELECT * FROM `wy_users` WHERE  `user_id` = 704 LIMIT 1 [ RunTime:0.000560s ]
[ sql ] [ SQL ] SHOW COLUMNS FROM `chat_log` [ RunTime:0.000531s ]
[ sql ] [ SQL ] SELECT COUNT(*) AS tp_count FROM `chat_log` WHERE  `toid` = 704  AND `is_read` = 0 LIMIT 1 [ RunTime:0.000189s ]
[ sql ] [ SQL ] SELECT * FROM `wy_users` WHERE  `user_id` = 704 LIMIT 1 [ RunTime:0.000279s ]
[ sql ] [ SQL ] SHOW COLUMNS FROM `wy_online` [ RunTime:0.000521s ]
[ sql ] [ SQL ] SELECT * FROM `wy_online` WHERE  `user_id` = 704 LIMIT 1 [ RunTime:0.000236s ]
[ sql ] [ SQL ] UPDATE `wy_online`  SET `user_id`=704,`user_name`='PAUZZZ',`user_sex`=0,`user_ico`='http://www.pauzzz.com/uploadfiles/avatar/20190910/1568096892927_162.jpg',`active_time`=1587311792,`hidden`=0  WHERE  `user_id` = 704 [ RunTime:0.002063s ]
---------------------------------------------------------------
[ 2020-04-19T23:56:33+08:00 ] 171.10.72.197 GET /index/main/query/page/1.html
[ sql ] [ DB ] CONNECT:[ UseTime:0.000579s ] mysql:host=127.0.0.1;port=3306;dbname=henimeet;charset=utf8
[ sql ] [ SQL ] SHOW COLUMNS FROM `wy_users` [ RunTime:0.001017s ]
[ sql ] [ SQL ] SELECT * FROM `wy_users` WHERE  `user_id` = 704 LIMIT 1 [ RunTime:0.000432s ]
[ sql ] [ SQL ] SHOW COLUMNS FROM `chat_log` [ RunTime:0.000551s ]
[ sql ] [ SQL ] SELECT COUNT(*) AS tp_count FROM `chat_log` WHERE  `toid` = 704  AND `is_read` = 0 LIMIT 1 [ RunTime:0.000196s ]
[ sql ] [ SQL ] SELECT * FROM `wy_users` WHERE  `user_id` = 704 LIMIT 1 [ RunTime:0.000274s ]
[ sql ] [ SQL ] SHOW COLUMNS FROM `wy_online` [ RunTime:0.000505s ]
[ sql ] [ SQL ] SELECT * FROM `wy_online` WHERE  `user_id` = 704 LIMIT 1 [ RunTime:0.000275s ]
[ sql ] [ SQL ] UPDATE `wy_online`  SET `user_id`=704,`user_name`='PAUZZZ',`user_sex`=0,`user_ico`='http://www.pauzzz.com/uploadfiles/avatar/20190910/1568096892927_162.jpg',`active_time`=1587311792,`hidden`=0  WHERE  `user_id` = 704 [ RunTime:0.000246s ]
[ sql ] [ SQL ] SELECT COUNT(*) AS tp_count FROM `wy_users` WHERE  `user_sex` <> 0  AND `is_pass` <> 0 LIMIT 1 [ RunTime:0.010474s ]
[ sql ] [ SQL ] SELECT `u`.`user_name`,`u`.`user_ico`,`u`.`user_sex`,`u`.`user_group`,`u`.`user_id`,`o`.`online_id` FROM `wy_users` `u` LEFT JOIN `wy_online` `o` ON `u`.`user_id`=`o`.`user_id` WHERE  (  u.user_sex != '0' and u.is_pass!='0' ) ORDER BY u.is_service desc, o.active_time desc LIMIT 0,16 [ RunTime:0.020876s ]
