---------------------------------------------------------------
[ 2019-07-08T10:40:18+08:00 ] 106.15.191.180 GET /
[ info ] app.pauzzz.com/ [运行时间：0.019597s][吞吐率：51.03req/s] [内存消耗：2,197.23kb] [文件加载：48]
[ info ] [ ROUTE ] array (
  'type' => 'module',
  'module' => 
  array (
    0 => '',
    1 => NULL,
    2 => NULL,
  ),
)
[ info ] [ HEADER ] array (
  'user-agent' => 'Mozilla/5.0 (Linux; Android 4.1.1; Nexus 7 Build/JRO03D))',
  'host' => 'app.pauzzz.com',
  'connection' => 'Keep-Alive',
  'accept-encoding' => 'gzip',
  'content-type' => '',
  'content-length' => '',
)
[ info ] [ PARAM ] array (
)
[ info ] [ LANG ] /www/wwwroot/www.pauzzz.com/app/application/index/lang/en-us.php
[ info ] [ RUN ] app\index\controller\Index->index[ /www/wwwroot/www.pauzzz.com/app/application/index/controller/Index.php ]
[ info ] [ LOG ] INIT File
---------------------------------------------------------------
[ 2019-07-08T10:40:18+08:00 ] 106.15.191.180 GET /index/index/index.html
[ info ] app.pauzzz.com/index/index/index.html [运行时间：0.019109s][吞吐率：52.33req/s] [内存消耗：2,200.90kb] [文件加载：48]
[ info ] [ ROUTE ] array (
  'type' => 'module',
  'module' => 
  array (
    0 => 'index',
    1 => 'index',
    2 => 'index',
  ),
)
[ info ] [ HEADER ] array (
  'user-agent' => 'Mozilla/5.0 (Linux; Android 4.1.1; Nexus 7 Build/JRO03D))',
  'host' => 'app.pauzzz.com',
  'connection' => 'Keep-Alive',
  'accept-encoding' => 'gzip',
  'content-type' => '',
  'content-length' => '',
)
[ info ] [ PARAM ] array (
)
[ info ] [ LANG ] /www/wwwroot/www.pauzzz.com/app/application/index/lang/en-us.php
[ info ] [ RUN ] app\index\controller\Index->index[ /www/wwwroot/www.pauzzz.com/app/application/index/controller/Index.php ]
[ info ] [ LOG ] INIT File
---------------------------------------------------------------
[ 2019-07-08T10:40:18+08:00 ] 106.15.191.180 GET /index/index/index.html
[ info ] app.pauzzz.com/index/index/index.html [运行时间：0.019286s][吞吐率：51.85req/s] [内存消耗：2,200.90kb] [文件加载：48]
[ info ] [ ROUTE ] array (
  'type' => 'module',
  'module' => 
  array (
    0 => 'index',
    1 => 'index',
    2 => 'index',
  ),
)
[ info ] [ HEADER ] array (
  'user-agent' => 'Mozilla/5.0 (Linux; Android 4.1.1; Nexus 7 Build/JRO03D))',
  'host' => 'app.pauzzz.com',
  'connection' => 'Keep-Alive',
  'accept-encoding' => 'gzip',
  'content-type' => '',
  'content-length' => '',
)
[ info ] [ PARAM ] array (
)
[ info ] [ LANG ] /www/wwwroot/www.pauzzz.com/app/application/index/lang/en-us.php
[ info ] [ RUN ] app\index\controller\Index->index[ /www/wwwroot/www.pauzzz.com/app/application/index/controller/Index.php ]
[ info ] [ LOG ] INIT File
---------------------------------------------------------------
[ 2019-07-08T10:40:18+08:00 ] 106.15.191.180 GET /index/index/index.html
[ info ] app.pauzzz.com/index/index/index.html [运行时间：0.019140s][吞吐率：52.25req/s] [内存消耗：2,200.90kb] [文件加载：48]
[ info ] [ ROUTE ] array (
  'type' => 'module',
  'module' => 
  array (
    0 => 'index',
    1 => 'index',
    2 => 'index',
  ),
)
[ info ] [ HEADER ] array (
  'user-agent' => 'Mozilla/5.0 (Linux; Android 4.1.1; Nexus 7 Build/JRO03D))',
  'host' => 'app.pauzzz.com',
  'connection' => 'Keep-Alive',
  'accept-encoding' => 'gzip',
  'content-type' => '',
  'content-length' => '',
)
[ info ] [ PARAM ] array (
)
[ info ] [ LANG ] /www/wwwroot/www.pauzzz.com/app/application/index/lang/en-us.php
[ info ] [ RUN ] app\index\controller\Index->index[ /www/wwwroot/www.pauzzz.com/app/application/index/controller/Index.php ]
[ info ] [ LOG ] INIT File
---------------------------------------------------------------
[ 2019-07-08T10:40:18+08:00 ] 106.15.191.180 GET /index/index/index.html
[ info ] app.pauzzz.com/index/index/index.html [运行时间：0.019167s][吞吐率：52.17req/s] [内存消耗：2,200.90kb] [文件加载：48]
[ info ] [ ROUTE ] array (
  'type' => 'module',
  'module' => 
  array (
    0 => 'index',
    1 => 'index',
    2 => 'index',
  ),
)
[ info ] [ HEADER ] array (
  'user-agent' => 'Mozilla/5.0 (Linux; Android 4.1.1; Nexus 7 Build/JRO03D))',
  'host' => 'app.pauzzz.com',
  'connection' => 'Keep-Alive',
  'accept-encoding' => 'gzip',
  'content-type' => '',
  'content-length' => '',
)
[ info ] [ PARAM ] array (
)
[ info ] [ LANG ] /www/wwwroot/www.pauzzz.com/app/application/index/lang/en-us.php
[ info ] [ RUN ] app\index\controller\Index->index[ /www/wwwroot/www.pauzzz.com/app/application/index/controller/Index.php ]
[ info ] [ LOG ] INIT File
---------------------------------------------------------------
[ 2019-07-08T10:40:18+08:00 ] 106.15.191.180 GET /index/index/index.html
[ info ] app.pauzzz.com/index/index/index.html [运行时间：0.019027s][吞吐率：52.56req/s] [内存消耗：2,200.90kb] [文件加载：48]
[ info ] [ ROUTE ] array (
  'type' => 'module',
  'module' => 
  array (
    0 => 'index',
    1 => 'index',
    2 => 'index',
  ),
)
[ info ] [ HEADER ] array (
  'user-agent' => 'Mozilla/5.0 (Linux; Android 4.1.1; Nexus 7 Build/JRO03D))',
  'host' => 'app.pauzzz.com',
  'connection' => 'Keep-Alive',
  'accept-encoding' => 'gzip',
  'content-type' => '',
  'content-length' => '',
)
[ info ] [ PARAM ] array (
)
[ info ] [ LANG ] /www/wwwroot/www.pauzzz.com/app/application/index/lang/en-us.php
[ info ] [ RUN ] app\index\controller\Index->index[ /www/wwwroot/www.pauzzz.com/app/application/index/controller/Index.php ]
[ info ] [ LOG ] INIT File
---------------------------------------------------------------
[ 2019-07-08T10:40:18+08:00 ] 106.15.191.180 GET /index/index/index.html
[ info ] app.pauzzz.com/index/index/index.html [运行时间：0.019036s][吞吐率：52.53req/s] [内存消耗：2,200.90kb] [文件加载：48]
[ info ] [ ROUTE ] array (
  'type' => 'module',
  'module' => 
  array (
    0 => 'index',
    1 => 'index',
    2 => 'index',
  ),
)
[ info ] [ HEADER ] array (
  'user-agent' => 'Mozilla/5.0 (Linux; Android 4.1.1; Nexus 7 Build/JRO03D))',
  'host' => 'app.pauzzz.com',
  'connection' => 'Keep-Alive',
  'accept-encoding' => 'gzip',
  'content-type' => '',
  'content-length' => '',
)
[ info ] [ PARAM ] array (
)
[ info ] [ LANG ] /www/wwwroot/www.pauzzz.com/app/application/index/lang/en-us.php
[ info ] [ RUN ] app\index\controller\Index->index[ /www/wwwroot/www.pauzzz.com/app/application/index/controller/Index.php ]
[ info ] [ LOG ] INIT File
---------------------------------------------------------------
[ 2019-07-08T10:40:18+08:00 ] 106.15.191.180 GET /index/index/index.html
[ info ] app.pauzzz.com/index/index/index.html [运行时间：0.017842s][吞吐率：56.05req/s] [内存消耗：2,200.90kb] [文件加载：48]
[ info ] [ ROUTE ] array (
  'type' => 'module',
  'module' => 
  array (
    0 => 'index',
    1 => 'index',
    2 => 'index',
  ),
)
[ info ] [ HEADER ] array (
  'user-agent' => 'Mozilla/5.0 (Linux; Android 4.1.1; Nexus 7 Build/JRO03D))',
  'host' => 'app.pauzzz.com',
  'connection' => 'Keep-Alive',
  'accept-encoding' => 'gzip',
  'content-type' => '',
  'content-length' => '',
)
[ info ] [ PARAM ] array (
)
[ info ] [ LANG ] /www/wwwroot/www.pauzzz.com/app/application/index/lang/en-us.php
[ info ] [ RUN ] app\index\controller\Index->index[ /www/wwwroot/www.pauzzz.com/app/application/index/controller/Index.php ]
[ info ] [ LOG ] INIT File
---------------------------------------------------------------
[ 2019-07-08T10:40:18+08:00 ] 106.15.191.180 GET /index/index/index.html
[ info ] app.pauzzz.com/index/index/index.html [运行时间：0.019147s][吞吐率：52.23req/s] [内存消耗：2,200.90kb] [文件加载：48]
[ info ] [ ROUTE ] array (
  'type' => 'module',
  'module' => 
  array (
    0 => 'index',
    1 => 'index',
    2 => 'index',
  ),
)
[ info ] [ HEADER ] array (
  'user-agent' => 'Mozilla/5.0 (Linux; Android 4.1.1; Nexus 7 Build/JRO03D))',
  'host' => 'app.pauzzz.com',
  'connection' => 'Keep-Alive',
  'accept-encoding' => 'gzip',
  'content-type' => '',
  'content-length' => '',
)
[ info ] [ PARAM ] array (
)
[ info ] [ LANG ] /www/wwwroot/www.pauzzz.com/app/application/index/lang/en-us.php
[ info ] [ RUN ] app\index\controller\Index->index[ /www/wwwroot/www.pauzzz.com/app/application/index/controller/Index.php ]
[ info ] [ LOG ] INIT File
---------------------------------------------------------------
[ 2019-07-08T10:40:18+08:00 ] 106.15.191.180 GET /index/index/index.html
[ info ] app.pauzzz.com/index/index/index.html [运行时间：0.019140s][吞吐率：52.25req/s] [内存消耗：2,200.90kb] [文件加载：48]
[ info ] [ ROUTE ] array (
  'type' => 'module',
  'module' => 
  array (
    0 => 'index',
    1 => 'index',
    2 => 'index',
  ),
)
[ info ] [ HEADER ] array (
  'user-agent' => 'Mozilla/5.0 (Linux; Android 4.1.1; Nexus 7 Build/JRO03D))',
  'host' => 'app.pauzzz.com',
  'connection' => 'Keep-Alive',
  'accept-encoding' => 'gzip',
  'content-type' => '',
  'content-length' => '',
)
[ info ] [ PARAM ] array (
)
[ info ] [ LANG ] /www/wwwroot/www.pauzzz.com/app/application/index/lang/en-us.php
[ info ] [ RUN ] app\index\controller\Index->index[ /www/wwwroot/www.pauzzz.com/app/application/index/controller/Index.php ]
[ info ] [ LOG ] INIT File
---------------------------------------------------------------
[ 2019-07-08T10:40:18+08:00 ] 106.15.191.180 GET /index/index/index.html
[ info ] app.pauzzz.com/index/index/index.html [运行时间：0.019249s][吞吐率：51.95req/s] [内存消耗：2,200.90kb] [文件加载：48]
[ info ] [ ROUTE ] array (
  'type' => 'module',
  'module' => 
  array (
    0 => 'index',
    1 => 'index',
    2 => 'index',
  ),
)
[ info ] [ HEADER ] array (
  'user-agent' => 'Mozilla/5.0 (Linux; Android 4.1.1; Nexus 7 Build/JRO03D))',
  'host' => 'app.pauzzz.com',
  'connection' => 'Keep-Alive',
  'accept-encoding' => 'gzip',
  'content-type' => '',
  'content-length' => '',
)
[ info ] [ PARAM ] array (
)
[ info ] [ LANG ] /www/wwwroot/www.pauzzz.com/app/application/index/lang/en-us.php
[ info ] [ RUN ] app\index\controller\Index->index[ /www/wwwroot/www.pauzzz.com/app/application/index/controller/Index.php ]
[ info ] [ LOG ] INIT File
---------------------------------------------------------------
[ 2019-07-08T10:40:18+08:00 ] 106.15.191.180 GET /index/index/index.html
[ info ] app.pauzzz.com/index/index/index.html [运行时间：0.019161s][吞吐率：52.19req/s] [内存消耗：2,200.90kb] [文件加载：48]
[ info ] [ ROUTE ] array (
  'type' => 'module',
  'module' => 
  array (
    0 => 'index',
    1 => 'index',
    2 => 'index',
  ),
)
[ info ] [ HEADER ] array (
  'user-agent' => 'Mozilla/5.0 (Linux; Android 4.1.1; Nexus 7 Build/JRO03D))',
  'host' => 'app.pauzzz.com',
  'connection' => 'Keep-Alive',
  'accept-encoding' => 'gzip',
  'content-type' => '',
  'content-length' => '',
)
[ info ] [ PARAM ] array (
)
[ info ] [ LANG ] /www/wwwroot/www.pauzzz.com/app/application/index/lang/en-us.php
[ info ] [ RUN ] app\index\controller\Index->index[ /www/wwwroot/www.pauzzz.com/app/application/index/controller/Index.php ]
[ info ] [ LOG ] INIT File
---------------------------------------------------------------
[ 2019-07-08T10:40:18+08:00 ] 106.15.191.180 GET /index/index/index.html
[ info ] app.pauzzz.com/index/index/index.html [运行时间：0.019289s][吞吐率：51.84req/s] [内存消耗：2,200.90kb] [文件加载：48]
[ info ] [ ROUTE ] array (
  'type' => 'module',
  'module' => 
  array (
    0 => 'index',
    1 => 'index',
    2 => 'index',
  ),
)
[ info ] [ HEADER ] array (
  'user-agent' => 'Mozilla/5.0 (Linux; Android 4.1.1; Nexus 7 Build/JRO03D))',
  'host' => 'app.pauzzz.com',
  'connection' => 'Keep-Alive',
  'accept-encoding' => 'gzip',
  'content-type' => '',
  'content-length' => '',
)
[ info ] [ PARAM ] array (
)
[ info ] [ LANG ] /www/wwwroot/www.pauzzz.com/app/application/index/lang/en-us.php
[ info ] [ RUN ] app\index\controller\Index->index[ /www/wwwroot/www.pauzzz.com/app/application/index/controller/Index.php ]
[ info ] [ LOG ] INIT File
---------------------------------------------------------------
[ 2019-07-08T10:40:18+08:00 ] 106.15.191.180 GET /index/index/index.html
[ info ] app.pauzzz.com/index/index/index.html [运行时间：0.018979s][吞吐率：52.69req/s] [内存消耗：2,200.90kb] [文件加载：48]
[ info ] [ ROUTE ] array (
  'type' => 'module',
  'module' => 
  array (
    0 => 'index',
    1 => 'index',
    2 => 'index',
  ),
)
[ info ] [ HEADER ] array (
  'user-agent' => 'Mozilla/5.0 (Linux; Android 4.1.1; Nexus 7 Build/JRO03D))',
  'host' => 'app.pauzzz.com',
  'connection' => 'Keep-Alive',
  'accept-encoding' => 'gzip',
  'content-type' => '',
  'content-length' => '',
)
[ info ] [ PARAM ] array (
)
[ info ] [ LANG ] /www/wwwroot/www.pauzzz.com/app/application/index/lang/en-us.php
[ info ] [ RUN ] app\index\controller\Index->index[ /www/wwwroot/www.pauzzz.com/app/application/index/controller/Index.php ]
[ info ] [ LOG ] INIT File
---------------------------------------------------------------
[ 2019-07-08T10:40:18+08:00 ] 106.15.191.180 GET /index/index/index.html
[ info ] app.pauzzz.com/index/index/index.html [运行时间：0.019131s][吞吐率：52.27req/s] [内存消耗：2,200.90kb] [文件加载：48]
[ info ] [ ROUTE ] array (
  'type' => 'module',
  'module' => 
  array (
    0 => 'index',
    1 => 'index',
    2 => 'index',
  ),
)
[ info ] [ HEADER ] array (
  'user-agent' => 'Mozilla/5.0 (Linux; Android 4.1.1; Nexus 7 Build/JRO03D))',
  'host' => 'app.pauzzz.com',
  'connection' => 'Keep-Alive',
  'accept-encoding' => 'gzip',
  'content-type' => '',
  'content-length' => '',
)
[ info ] [ PARAM ] array (
)
[ info ] [ LANG ] /www/wwwroot/www.pauzzz.com/app/application/index/lang/en-us.php
[ info ] [ RUN ] app\index\controller\Index->index[ /www/wwwroot/www.pauzzz.com/app/application/index/controller/Index.php ]
[ info ] [ LOG ] INIT File
---------------------------------------------------------------
[ 2019-07-08T10:40:18+08:00 ] 106.15.191.180 GET /index/index/index.html
[ info ] app.pauzzz.com/index/index/index.html [运行时间：0.018446s][吞吐率：54.21req/s] [内存消耗：2,200.90kb] [文件加载：48]
[ info ] [ ROUTE ] array (
  'type' => 'module',
  'module' => 
  array (
    0 => 'index',
    1 => 'index',
    2 => 'index',
  ),
)
[ info ] [ HEADER ] array (
  'user-agent' => 'Mozilla/5.0 (Linux; Android 4.1.1; Nexus 7 Build/JRO03D))',
  'host' => 'app.pauzzz.com',
  'connection' => 'Keep-Alive',
  'accept-encoding' => 'gzip',
  'content-type' => '',
  'content-length' => '',
)
[ info ] [ PARAM ] array (
)
[ info ] [ LANG ] /www/wwwroot/www.pauzzz.com/app/application/index/lang/en-us.php
[ info ] [ RUN ] app\index\controller\Index->index[ /www/wwwroot/www.pauzzz.com/app/application/index/controller/Index.php ]
[ info ] [ LOG ] INIT File
---------------------------------------------------------------
[ 2019-07-08T10:40:19+08:00 ] 106.15.191.180 GET /index/index/index.html
[ info ] app.pauzzz.com/index/index/index.html [运行时间：0.019377s][吞吐率：51.61req/s] [内存消耗：2,200.90kb] [文件加载：48]
[ info ] [ ROUTE ] array (
  'type' => 'module',
  'module' => 
  array (
    0 => 'index',
    1 => 'index',
    2 => 'index',
  ),
)
[ info ] [ HEADER ] array (
  'user-agent' => 'Mozilla/5.0 (Linux; Android 4.1.1; Nexus 7 Build/JRO03D))',
  'host' => 'app.pauzzz.com',
  'connection' => 'Keep-Alive',
  'accept-encoding' => 'gzip',
  'content-type' => '',
  'content-length' => '',
)
[ info ] [ PARAM ] array (
)
[ info ] [ LANG ] /www/wwwroot/www.pauzzz.com/app/application/index/lang/en-us.php
[ info ] [ RUN ] app\index\controller\Index->index[ /www/wwwroot/www.pauzzz.com/app/application/index/controller/Index.php ]
[ info ] [ LOG ] INIT File
---------------------------------------------------------------
[ 2019-07-08T10:40:19+08:00 ] 106.15.191.180 GET /index/index/index.html
[ info ] app.pauzzz.com/index/index/index.html [运行时间：0.019356s][吞吐率：51.66req/s] [内存消耗：2,200.90kb] [文件加载：48]
[ info ] [ ROUTE ] array (
  'type' => 'module',
  'module' => 
  array (
    0 => 'index',
    1 => 'index',
    2 => 'index',
  ),
)
[ info ] [ HEADER ] array (
  'user-agent' => 'Mozilla/5.0 (Linux; Android 4.1.1; Nexus 7 Build/JRO03D))',
  'host' => 'app.pauzzz.com',
  'connection' => 'Keep-Alive',
  'accept-encoding' => 'gzip',
  'content-type' => '',
  'content-length' => '',
)
[ info ] [ PARAM ] array (
)
[ info ] [ LANG ] /www/wwwroot/www.pauzzz.com/app/application/index/lang/en-us.php
[ info ] [ RUN ] app\index\controller\Index->index[ /www/wwwroot/www.pauzzz.com/app/application/index/controller/Index.php ]
[ info ] [ LOG ] INIT File
---------------------------------------------------------------
[ 2019-07-08T10:40:19+08:00 ] 106.15.191.180 GET /index/index/index.html
[ info ] app.pauzzz.com/index/index/index.html [运行时间：0.019048s][吞吐率：52.50req/s] [内存消耗：2,200.90kb] [文件加载：48]
[ info ] [ ROUTE ] array (
  'type' => 'module',
  'module' => 
  array (
    0 => 'index',
    1 => 'index',
    2 => 'index',
  ),
)
[ info ] [ HEADER ] array (
  'user-agent' => 'Mozilla/5.0 (Linux; Android 4.1.1; Nexus 7 Build/JRO03D))',
  'host' => 'app.pauzzz.com',
  'connection' => 'Keep-Alive',
  'accept-encoding' => 'gzip',
  'content-type' => '',
  'content-length' => '',
)
[ info ] [ PARAM ] array (
)
[ info ] [ LANG ] /www/wwwroot/www.pauzzz.com/app/application/index/lang/en-us.php
[ info ] [ RUN ] app\index\controller\Index->index[ /www/wwwroot/www.pauzzz.com/app/application/index/controller/Index.php ]
[ info ] [ LOG ] INIT File
---------------------------------------------------------------
[ 2019-07-08T10:40:19+08:00 ] 106.15.191.180 GET /index/index/index.html
[ info ] app.pauzzz.com/index/index/index.html [运行时间：0.019112s][吞吐率：52.32req/s] [内存消耗：2,200.90kb] [文件加载：48]
[ info ] [ ROUTE ] array (
  'type' => 'module',
  'module' => 
  array (
    0 => 'index',
    1 => 'index',
    2 => 'index',
  ),
)
[ info ] [ HEADER ] array (
  'user-agent' => 'Mozilla/5.0 (Linux; Android 4.1.1; Nexus 7 Build/JRO03D))',
  'host' => 'app.pauzzz.com',
  'connection' => 'Keep-Alive',
  'accept-encoding' => 'gzip',
  'content-type' => '',
  'content-length' => '',
)
[ info ] [ PARAM ] array (
)
[ info ] [ LANG ] /www/wwwroot/www.pauzzz.com/app/application/index/lang/en-us.php
[ info ] [ RUN ] app\index\controller\Index->index[ /www/wwwroot/www.pauzzz.com/app/application/index/controller/Index.php ]
[ info ] [ LOG ] INIT File
---------------------------------------------------------------
[ 2019-07-08T10:40:19+08:00 ] 106.15.191.180 GET /index/index/index.html
[ info ] app.pauzzz.com/index/index/index.html [运行时间：0.019429s][吞吐率：51.47req/s] [内存消耗：2,200.90kb] [文件加载：48]
[ info ] [ ROUTE ] array (
  'type' => 'module',
  'module' => 
  array (
    0 => 'index',
    1 => 'index',
    2 => 'index',
  ),
)
[ info ] [ HEADER ] array (
  'user-agent' => 'Mozilla/5.0 (Linux; Android 4.1.1; Nexus 7 Build/JRO03D))',
  'host' => 'app.pauzzz.com',
  'connection' => 'Keep-Alive',
  'accept-encoding' => 'gzip',
  'content-type' => '',
  'content-length' => '',
)
[ info ] [ PARAM ] array (
)
[ info ] [ LANG ] /www/wwwroot/www.pauzzz.com/app/application/index/lang/en-us.php
[ info ] [ RUN ] app\index\controller\Index->index[ /www/wwwroot/www.pauzzz.com/app/application/index/controller/Index.php ]
[ info ] [ LOG ] INIT File
---------------------------------------------------------------
[ 2019-07-08T19:26:50+08:00 ] 182.122.100.219 GET /favicon.ico
[ info ] app.pauzzz.com/favicon.ico [运行时间：0.016413s][吞吐率：60.93req/s] [内存消耗：1,759.14kb] [文件加载：39]
[ info ] [ LANG ] /www/wwwroot/www.pauzzz.com/app/thinkphp/lang/zh-cn.php
[ info ] [ ROUTE ] array (
  'type' => 'module',
  'module' => 
  array (
    0 => 'favicon.ico',
    1 => NULL,
    2 => NULL,
  ),
)
[ info ] [ HEADER ] array (
  'host' => 'app.pauzzz.com',
  'connection' => 'keep-alive',
  'user-agent' => 'Mozilla/5.0 (Windows NT 6.1; WOW64) AppleWebKit/537.36 (KHTML, like Gecko) Chrome/69.0.3497.100 Safari/537.36',
  'accept-encoding' => 'gzip, deflate',
  'accept-language' => 'zh-CN,zh;q=0.9',
  'content-type' => '',
  'content-length' => '',
)
[ info ] [ PARAM ] array (
)
[ info ] [ LOG ] INIT File
---------------------------------------------------------------
[ 2019-07-08T19:26:50+08:00 ] 182.122.100.219 GET /
[ info ] app.pauzzz.com/ [运行时间：0.019501s][吞吐率：51.28req/s] [内存消耗：2,219.49kb] [文件加载：49]
[ info ] [ LANG ] /www/wwwroot/www.pauzzz.com/app/thinkphp/lang/zh-cn.php
[ info ] [ ROUTE ] array (
  'type' => 'module',
  'module' => 
  array (
    0 => '',
    1 => NULL,
    2 => NULL,
  ),
)
[ info ] [ HEADER ] array (
  'host' => 'app.pauzzz.com',
  'connection' => 'keep-alive',
  'upgrade-insecure-requests' => '1',
  'user-agent' => 'Mozilla/5.0 (Windows NT 6.1; WOW64) AppleWebKit/537.36 (KHTML, like Gecko) Chrome/69.0.3497.100 Safari/537.36',
  'accept' => 'text/html,application/xhtml+xml,application/xml;q=0.9,image/webp,image/apng,*/*;q=0.8',
  'accept-encoding' => 'gzip, deflate',
  'accept-language' => 'zh-CN,zh;q=0.9',
  'content-type' => '',
  'content-length' => '',
)
[ info ] [ PARAM ] array (
)
[ info ] [ LANG ] /www/wwwroot/www.pauzzz.com/app/application/index/lang/zh-cn.php
[ info ] [ RUN ] app\index\controller\Index->index[ /www/wwwroot/www.pauzzz.com/app/application/index/controller/Index.php ]
[ info ] [ LOG ] INIT File
---------------------------------------------------------------
[ 2019-07-08T19:26:50+08:00 ] 182.122.100.219 GET /index/index/index.html
[ info ] app.pauzzz.com/index/index/index.html [运行时间：0.020319s][吞吐率：49.22req/s] [内存消耗：2,244.38kb] [文件加载：48]
[ info ] [ ROUTE ] array (
  'type' => 'module',
  'module' => 
  array (
    0 => 'index',
    1 => 'index',
    2 => 'index',
  ),
)
[ info ] [ HEADER ] array (
  'host' => 'app.pauzzz.com',
  'connection' => 'keep-alive',
  'upgrade-insecure-requests' => '1',
  'user-agent' => 'Mozilla/5.0 (Windows NT 6.1; WOW64) AppleWebKit/537.36 (KHTML, like Gecko) Chrome/69.0.3497.100 Safari/537.36',
  'accept' => 'text/html,application/xhtml+xml,application/xml;q=0.9,image/webp,image/apng,*/*;q=0.8',
  'accept-encoding' => 'gzip, deflate',
  'accept-language' => 'zh-CN,zh;q=0.9',
  'cookie' => 'think_var=en-us',
  'content-type' => '',
  'content-length' => '',
)
[ info ] [ PARAM ] array (
)
[ info ] [ LANG ] /www/wwwroot/www.pauzzz.com/app/application/index/lang/en-us.php
[ info ] [ RUN ] app\index\controller\Index->index[ /www/wwwroot/www.pauzzz.com/app/application/index/controller/Index.php ]
[ info ] [ VIEW ] /www/wwwroot/www.pauzzz.com/app/application/index/view/index/index.html [ array (
  0 => 'lang',
) ]
[ info ] [ LOG ] INIT File
---------------------------------------------------------------
[ 2019-07-08T19:26:50+08:00 ] 182.122.100.219 GET /favicon.ico
[ info ] app.pauzzz.com/favicon.ico [运行时间：0.016708s][吞吐率：59.85req/s] [内存消耗：1,740.63kb] [文件加载：38]
[ info ] [ ROUTE ] array (
  'type' => 'module',
  'module' => 
  array (
    0 => 'favicon.ico',
    1 => NULL,
    2 => NULL,
  ),
)
[ info ] [ HEADER ] array (
  'host' => 'app.pauzzz.com',
  'connection' => 'keep-alive',
  'user-agent' => 'Mozilla/5.0 (Windows NT 6.1; WOW64) AppleWebKit/537.36 (KHTML, like Gecko) Chrome/69.0.3497.100 Safari/537.36',
  'accept' => 'image/webp,image/apng,image/*,*/*;q=0.8',
  'referer' => 'http://app.pauzzz.com/index/index/index.html',
  'accept-encoding' => 'gzip, deflate',
  'accept-language' => 'zh-CN,zh;q=0.9',
  'cookie' => 'think_var=en-us',
  'content-type' => '',
  'content-length' => '',
)
[ info ] [ PARAM ] array (
)
[ info ] [ LOG ] INIT File
---------------------------------------------------------------
[ 2019-07-08T19:26:51+08:00 ] 182.122.100.219 GET /index/index/index.html
[ info ] app.pauzzz.com/index/index/index.html [运行时间：0.020107s][吞吐率：49.73req/s] [内存消耗：2,244.76kb] [文件加载：48]
[ info ] [ ROUTE ] array (
  'type' => 'module',
  'module' => 
  array (
    0 => 'index',
    1 => 'index',
    2 => 'index',
  ),
)
[ info ] [ HEADER ] array (
  'host' => 'app.pauzzz.com',
  'connection' => 'keep-alive',
  'cache-control' => 'max-age=0',
  'upgrade-insecure-requests' => '1',
  'user-agent' => 'Mozilla/5.0 (iPhone; CPU iPhone OS 11_0 like Mac OS X) AppleWebKit/604.1.38 (KHTML, like Gecko) Version/11.0 Mobile/15A372 Safari/604.1',
  'accept' => 'text/html,application/xhtml+xml,application/xml;q=0.9,image/webp,image/apng,*/*;q=0.8',
  'accept-encoding' => 'gzip, deflate',
  'accept-language' => 'zh-CN,zh;q=0.9',
  'cookie' => 'think_var=en-us',
  'content-type' => '',
  'content-length' => '',
)
[ info ] [ PARAM ] array (
)
[ info ] [ LANG ] /www/wwwroot/www.pauzzz.com/app/application/index/lang/en-us.php
[ info ] [ RUN ] app\index\controller\Index->index[ /www/wwwroot/www.pauzzz.com/app/application/index/controller/Index.php ]
[ info ] [ VIEW ] /www/wwwroot/www.pauzzz.com/app/application/index/view/index/index.html [ array (
  0 => 'lang',
) ]
[ info ] [ LOG ] INIT File
---------------------------------------------------------------
[ 2019-07-08T19:26:58+08:00 ] 42.236.10.93 GET /index/index/index.html
[ info ] app.pauzzz.com/index/index/index.html [运行时间：0.019415s][吞吐率：51.51req/s] [内存消耗：2,204.04kb] [文件加载：48]
[ info ] [ ROUTE ] array (
  'type' => 'module',
  'module' => 
  array (
    0 => 'index',
    1 => 'index',
    2 => 'index',
  ),
)
[ info ] [ HEADER ] array (
  'host' => 'app.pauzzz.com',
  'connection' => 'keep-alive',
  'pragma' => 'no-cache',
  'cache-control' => 'no-cache',
  'upgrade-insecure-requests' => '1',
  'user-agent' => 'Mozilla/5.0 (Linux; U; Android 8.1.0; zh-CN; EML-AL00 Build/HUAWEIEML-AL00) AppleWebKit/537.36 (KHTML, like Gecko) Version/4.0 Chrome/57.0.2987.108 baidu.sogo.uc.UCBrowser/11.9.4.974 UWS/2.13.1.48 Mobile Safari/537.36 AliApp(DingTalk/4.5.11) com.alibaba.android.rimet/10487439 Channel/227200 language/zh-CN',
  'accept' => 'text/html,application/xhtml+xml,application/xml;q=0.9,image/webp,image/apng,*/*;q=0.8',
  'referer' => 'http://www.baidu.com/',
  'accept-encoding' => 'gzip, deflate',
  'content-type' => '',
  'content-length' => '',
)
[ info ] [ PARAM ] array (
)
[ info ] [ LANG ] /www/wwwroot/www.pauzzz.com/app/application/index/lang/en-us.php
[ info ] [ RUN ] app\index\controller\Index->index[ /www/wwwroot/www.pauzzz.com/app/application/index/controller/Index.php ]
[ info ] [ LOG ] INIT File
---------------------------------------------------------------
[ 2019-07-08T19:27:01+08:00 ] 42.236.10.93 GET /index/index/index.html
[ info ] app.pauzzz.com/index/index/index.html [运行时间：0.020142s][吞吐率：49.65req/s] [内存消耗：2,245.72kb] [文件加载：48]
[ info ] [ ROUTE ] array (
  'type' => 'module',
  'module' => 
  array (
    0 => 'index',
    1 => 'index',
    2 => 'index',
  ),
)
[ info ] [ HEADER ] array (
  'host' => 'app.pauzzz.com',
  'connection' => 'keep-alive',
  'pragma' => 'no-cache',
  'cache-control' => 'no-cache',
  'upgrade-insecure-requests' => '1',
  'user-agent' => 'Mozilla/5.0 (Linux; U; Android 8.1.0; zh-CN; EML-AL00 Build/HUAWEIEML-AL00) AppleWebKit/537.36 (KHTML, like Gecko) Version/4.0 Chrome/57.0.2987.108 baidu.sogo.uc.UCBrowser/11.9.4.974 UWS/2.13.1.48 Mobile Safari/537.36 AliApp(DingTalk/4.5.11) com.alibaba.android.rimet/10487439 Channel/227200 language/zh-CN',
  'accept' => 'text/html,application/xhtml+xml,application/xml;q=0.9,image/webp,image/apng,*/*;q=0.8',
  'referer' => 'http://www.baidu.com/',
  'accept-encoding' => 'gzip, deflate',
  'cookie' => 'think_var=en-us',
  'content-type' => '',
  'content-length' => '',
)
[ info ] [ PARAM ] array (
)
[ info ] [ LANG ] /www/wwwroot/www.pauzzz.com/app/application/index/lang/en-us.php
[ info ] [ RUN ] app\index\controller\Index->index[ /www/wwwroot/www.pauzzz.com/app/application/index/controller/Index.php ]
[ info ] [ VIEW ] /www/wwwroot/www.pauzzz.com/app/application/index/view/index/index.html [ array (
  0 => 'lang',
) ]
[ info ] [ LOG ] INIT File
---------------------------------------------------------------
[ 2019-07-08T19:27:01+08:00 ] 180.163.220.68 GET /
[ info ] app.pauzzz.com/ [运行时间：0.019142s][吞吐率：52.24req/s] [内存消耗：2,199.05kb] [文件加载：48]
[ info ] [ ROUTE ] array (
  'type' => 'module',
  'module' => 
  array (
    0 => '',
    1 => NULL,
    2 => NULL,
  ),
)
[ info ] [ HEADER ] array (
  'host' => 'app.pauzzz.com',
  'connection' => 'keep-alive',
  'pragma' => 'no-cache',
  'cache-control' => 'no-cache',
  'upgrade-insecure-requests' => '1',
  'user-agent' => 'Mozilla/5.0 (Linux; U; Android 8.1.0; zh-CN; EML-AL00 Build/HUAWEIEML-AL00) AppleWebKit/537.36 (KHTML, like Gecko) Version/4.0 Chrome/57.0.2987.108 baidu.sogo.uc.UCBrowser/11.9.4.974 UWS/2.13.1.48 Mobile Safari/537.36 AliApp(DingTalk/4.5.11) com.alibaba.android.rimet/10487439 Channel/227200 language/zh-CN',
  'accept' => 'text/html,application/xhtml+xml,application/xml;q=0.9,image/webp,image/apng,*/*;q=0.8',
  'referer' => 'http://www.baidu.com/',
  'accept-encoding' => 'gzip, deflate',
  'content-type' => '',
  'content-length' => '',
)
[ info ] [ PARAM ] array (
)
[ info ] [ LANG ] /www/wwwroot/www.pauzzz.com/app/application/index/lang/en-us.php
[ info ] [ RUN ] app\index\controller\Index->index[ /www/wwwroot/www.pauzzz.com/app/application/index/controller/Index.php ]
[ info ] [ LOG ] INIT File
---------------------------------------------------------------
[ 2019-07-08T19:27:05+08:00 ] 180.163.220.68 GET /index/index/index.html
[ info ] app.pauzzz.com/index/index/index.html [运行时间：0.019612s][吞吐率：50.99req/s] [内存消耗：2,245.72kb] [文件加载：48]
[ info ] [ ROUTE ] array (
  'type' => 'module',
  'module' => 
  array (
    0 => 'index',
    1 => 'index',
    2 => 'index',
  ),
)
[ info ] [ HEADER ] array (
  'host' => 'app.pauzzz.com',
  'connection' => 'keep-alive',
  'pragma' => 'no-cache',
  'cache-control' => 'no-cache',
  'upgrade-insecure-requests' => '1',
  'user-agent' => 'Mozilla/5.0 (Linux; U; Android 8.1.0; zh-CN; EML-AL00 Build/HUAWEIEML-AL00) AppleWebKit/537.36 (KHTML, like Gecko) Version/4.0 Chrome/57.0.2987.108 baidu.sogo.uc.UCBrowser/11.9.4.974 UWS/2.13.1.48 Mobile Safari/537.36 AliApp(DingTalk/4.5.11) com.alibaba.android.rimet/10487439 Channel/227200 language/zh-CN',
  'accept' => 'text/html,application/xhtml+xml,application/xml;q=0.9,image/webp,image/apng,*/*;q=0.8',
  'referer' => 'http://www.baidu.com/',
  'accept-encoding' => 'gzip, deflate',
  'cookie' => 'think_var=en-us',
  'content-type' => '',
  'content-length' => '',
)
[ info ] [ PARAM ] array (
)
[ info ] [ LANG ] /www/wwwroot/www.pauzzz.com/app/application/index/lang/en-us.php
[ info ] [ RUN ] app\index\controller\Index->index[ /www/wwwroot/www.pauzzz.com/app/application/index/controller/Index.php ]
[ info ] [ VIEW ] /www/wwwroot/www.pauzzz.com/app/application/index/view/index/index.html [ array (
  0 => 'lang',
) ]
[ info ] [ LOG ] INIT File
---------------------------------------------------------------
[ 2019-07-08T19:27:46+08:00 ] 182.122.100.219 GET /favicon.ico
[ info ] app.pauzzz.com/favicon.ico [运行时间：0.015528s][吞吐率：64.40req/s] [内存消耗：1,741.10kb] [文件加载：38]
[ info ] [ ROUTE ] array (
  'type' => 'module',
  'module' => 
  array (
    0 => 'favicon.ico',
    1 => NULL,
    2 => NULL,
  ),
)
[ info ] [ HEADER ] array (
  'host' => 'app.pauzzz.com',
  'connection' => 'keep-alive',
  'pragma' => 'no-cache',
  'cache-control' => 'no-cache',
  'user-agent' => 'Mozilla/5.0 (Windows NT 6.1; WOW64) AppleWebKit/537.36 (KHTML, like Gecko) Chrome/69.0.3497.100 Safari/537.36',
  'accept' => 'image/webp,image/apng,image/*,*/*;q=0.8',
  'referer' => 'http://app.pauzzz.com/public/static/mobile/images/logo-bg.jpg',
  'accept-encoding' => 'gzip, deflate',
  'accept-language' => 'zh-CN,zh;q=0.9',
  'cookie' => 'think_var=en-us',
  'content-type' => '',
  'content-length' => '',
)
[ info ] [ PARAM ] array (
)
[ info ] [ LOG ] INIT File
---------------------------------------------------------------
[ 2019-07-08T19:27:48+08:00 ] 182.122.100.219 GET /index/index/index.html
[ info ] app.pauzzz.com/index/index/index.html [运行时间：0.020416s][吞吐率：48.98req/s] [内存消耗：2,245.09kb] [文件加载：48]
[ info ] [ ROUTE ] array (
  'type' => 'module',
  'module' => 
  array (
    0 => 'index',
    1 => 'index',
    2 => 'index',
  ),
)
[ info ] [ HEADER ] array (
  'host' => 'app.pauzzz.com',
  'connection' => 'keep-alive',
  'pragma' => 'no-cache',
  'cache-control' => 'no-cache',
  'upgrade-insecure-requests' => '1',
  'user-agent' => 'Mozilla/5.0 (iPhone; CPU iPhone OS 11_0 like Mac OS X) AppleWebKit/604.1.38 (KHTML, like Gecko) Version/11.0 Mobile/15A372 Safari/604.1',
  'accept' => 'text/html,application/xhtml+xml,application/xml;q=0.9,image/webp,image/apng,*/*;q=0.8',
  'accept-encoding' => 'gzip, deflate',
  'accept-language' => 'zh-CN,zh;q=0.9',
  'cookie' => 'think_var=en-us',
  'content-type' => '',
  'content-length' => '',
)
[ info ] [ PARAM ] array (
)
[ info ] [ LANG ] /www/wwwroot/www.pauzzz.com/app/application/index/lang/en-us.php
[ info ] [ RUN ] app\index\controller\Index->index[ /www/wwwroot/www.pauzzz.com/app/application/index/controller/Index.php ]
[ info ] [ VIEW ] /www/wwwroot/www.pauzzz.com/app/application/index/view/index/index.html [ array (
  0 => 'lang',
) ]
[ info ] [ LOG ] INIT File
---------------------------------------------------------------
[ 2019-07-08T19:27:51+08:00 ] 210.22.245.219 GET /
[ info ] app.pauzzz.com/ [运行时间：0.019542s][吞吐率：51.17req/s] [内存消耗：2,218.76kb] [文件加载：49]
[ info ] [ LANG ] /www/wwwroot/www.pauzzz.com/app/thinkphp/lang/zh-cn.php
[ info ] [ ROUTE ] array (
  'type' => 'module',
  'module' => 
  array (
    0 => '',
    1 => NULL,
    2 => NULL,
  ),
)
[ info ] [ HEADER ] array (
  'user-agent' => 'Mozilla/5.0 (Windows NT 6.1; WOW64; rv:50.0) Gecko/20100101 Firefox/50.0',
  'accept' => '*/*',
  'accept-language' => 'zh-CN,zh;q=0.8,en-US;q=0.6,en;q=0.4',
  'host' => 'app.pauzzz.com',
  'connection' => 'keep-alive',
  'content-type' => '',
  'content-length' => '',
)
[ info ] [ PARAM ] array (
)
[ info ] [ LANG ] /www/wwwroot/www.pauzzz.com/app/application/index/lang/zh-cn.php
[ info ] [ RUN ] app\index\controller\Index->index[ /www/wwwroot/www.pauzzz.com/app/application/index/controller/Index.php ]
[ info ] [ LOG ] INIT File
