20-12-28 05:12:17
array (
  'code' => 'ipasspay',
)
2020-12-28 17:13:12
array (
  'code' => 'ipasspay',
)
2020-12-31 23:59:59
array (
  'code' => 'ipasspay',
  'errmsg' => 'Transaction is declined',
  'merchant_id' => '1001184160520293580800',
  'app_id' => '20122854485356664',
  'order_no' => 'MRE1609430232594',
  'gateway_order_no' => '1001185419700451147776',
  'order_currency' => 'USD',
  'order_amount' => '30.00',
  'order_status' => '3',
  'card_holder' => '張 維軒',
  'card_type' => 'MASTERCARD',
  'card_prefix' => '542802',
  'card_suffix' => '4901',
  'signature' => '4a6dad3b5135636f746d55220b5df16afea7068fb4448245d11b86b60e97deb4',
  'syn_url' => 'https%3A%2F%2Fm.dsrramtcys.com%2Findex%2Fpayment%2FreturnUrl%3Fcode%3Dipasspay',
  'billing_desc' => 'chinagpay*blumeone',
  'bill_email' => 's7337588@livemail.tw',
)
2021-01-01 00:03:36
array (
  'code' => 'ipasspay',
  'errmsg' => 'Transaction is declined',
  'merchant_id' => '1001184160520293580800',
  'app_id' => '20122854485356664',
  'order_no' => 'MRE1609430488342',
  'gateway_order_no' => '1001185420619569954816',
  'order_currency' => 'USD',
  'order_amount' => '30.00',
  'order_status' => '3',
  'card_holder' => '維軒 張',
  'card_type' => 'MASTERCARD',
  'card_prefix' => '542802',
  'card_suffix' => '4901',
  'signature' => 'cc04c823539eef0bf606b6e00d6bb8685bb8fbe563d17900fafc332d72243e87',
  'syn_url' => 'https%3A%2F%2Fm.dsrramtcys.com%2Findex%2Fpayment%2FreturnUrl%3Fcode%3Dipasspay',
  'billing_desc' => 'chinagpay*blumeone',
  'bill_email' => '123456@gmail.com',
)
2021-01-01 00:05:17
array (
  'code' => 'ipasspay',
  'errmsg' => 'Transaction is declined',
  'merchant_id' => '1001184160520293580800',
  'app_id' => '20122854485356664',
  'order_no' => 'MRE1609430667951',
  'gateway_order_no' => '1001185421027268886528',
  'order_currency' => 'USD',
  'order_amount' => '30.00',
  'order_status' => '3',
  'card_holder' => '維軒 張',
  'card_type' => 'MASTERCARD',
  'card_prefix' => '542802',
  'card_suffix' => '4901',
  'signature' => 'faf82a3626854c146b0b241048197e9046bc30df9c7b2c92dc995f1e3f75caf6',
  'syn_url' => 'https%3A%2F%2Fm.dsrramtcys.com%2Findex%2Fpayment%2FreturnUrl%3Fcode%3Dipasspay',
  'billing_desc' => 'chinagpay*blumeone',
  'bill_email' => '123456@gmail.com',
)
2021-01-01 00:08:43
array (
  'code' => 'ipasspay',
  'errmsg' => 'Transaction is declined',
  'merchant_id' => '1001184160520293580800',
  'app_id' => '20122854485356664',
  'order_no' => 'MRE1609430883940',
  'gateway_order_no' => '1001185421891748495360',
  'order_currency' => 'USD',
  'order_amount' => '30.00',
  'order_status' => '3',
  'card_holder' => '維軒 張',
  'card_type' => 'MASTERCARD',
  'card_prefix' => '542802',
  'card_suffix' => '4901',
  'signature' => 'cf6beddee5cf146a1a26d9b520b9cdaf15e2a23922b3f0e7a67922b36315e336',
  'syn_url' => 'https%3A%2F%2Fm.dsrramtcys.com%2Findex%2Fpayment%2FreturnUrl%3Fcode%3Dipasspay',
  'billing_desc' => 'chinagpay*blumeone',
  'bill_email' => '123456@gmail.com',
)
2021-01-01 00:12:57
array (
  'code' => 'ipasspay',
  'errmsg' => 'Transaction is declined',
  'merchant_id' => '1001184160520293580800',
  'app_id' => '20122854485356664',
  'order_no' => 'MRE1609430998165',
  'gateway_order_no' => '1001185422957776994304',
  'order_currency' => 'USD',
  'order_amount' => '30.00',
  'order_status' => '3',
  'card_holder' => '維軒 張',
  'card_type' => 'MASTERCARD',
  'card_prefix' => '542802',
  'card_suffix' => '4901',
  'signature' => '1b75ee1b939ebee58c1ef2ca863afb40a55f93d73c6082e8cb1a864d2c12aa31',
  'syn_url' => 'https%3A%2F%2Fm.dsrramtcys.com%2Findex%2Fpayment%2FreturnUrl%3Fcode%3Dipasspay',
  'billing_desc' => 'chinagpay*blumeone',
  'bill_email' => '123456@gmail.com',
)
2021-01-01 00:14:36
array (
  'code' => 'ipasspay',
  'errmsg' => 'Transaction is declined',
  'merchant_id' => '1001184160520293580800',
  'app_id' => '20122854485356664',
  'order_no' => 'MRE1609431214158',
  'gateway_order_no' => '1001185423371700273152',
  'order_currency' => 'USD',
  'order_amount' => '30.00',
  'order_status' => '3',
  'card_holder' => '維軒 張',
  'card_type' => 'MASTERCARD',
  'card_prefix' => '542802',
  'card_suffix' => '4901',
  'signature' => 'cec16710b232da9f880f104ef10e9cb2c743a9dfa81896c6e06091b7aecc0cf5',
  'syn_url' => 'https%3A%2F%2Fm.dsrramtcys.com%2Findex%2Fpayment%2FreturnUrl%3Fcode%3Dipasspay',
  'billing_desc' => 'chinagpay*blumeone',
  'bill_email' => '123456@gmail.com',
)
2021-01-01 00:33:26
array (
  'code' => 'ipasspay',
  'errmsg' => 'Transaction is approved',
  'merchant_id' => '1001184160520293580800',
  'app_id' => '20122854485356664',
  'order_no' => 'MRE1609432221278',
  'gateway_order_no' => '1001185428118079537152',
  'order_currency' => 'USD',
  'order_amount' => '100.00',
  'order_status' => '2',
  'card_holder' => '維軒 張',
  'card_type' => 'MASTERCARD',
  'card_prefix' => '542802',
  'card_suffix' => '4901',
  'signature' => '6838d816f5cf00514573104c2b1018d7630350d6fdc97b50c5f57df23e3fa216',
  'syn_url' => 'https%3A%2F%2Fm.dsrramtcys.com%2Findex%2Fpayment%2FreturnUrl%3Fcode%3Dipasspay',
  'billing_desc' => 'chinagpay*blumeone',
  'bill_email' => '123456@gmail.com',
)
2021-01-01 00:33:47
array (
  'code' => 'ipasspay',
  'errmsg' => 'Transaction is approved',
  'merchant_id' => '1001184160520293580800',
  'app_id' => '20122854485356664',
  'order_no' => 'MRE1609432221278',
  'gateway_order_no' => '1001185428118079537152',
  'order_currency' => 'USD',
  'order_amount' => '100.00',
  'order_status' => '2',
  'card_holder' => '維軒 張',
  'card_type' => 'MASTERCARD',
  'card_prefix' => '542802',
  'card_suffix' => '4901',
  'signature' => '6838d816f5cf00514573104c2b1018d7630350d6fdc97b50c5f57df23e3fa216',
  'syn_url' => 'https%3A%2F%2Fm.dsrramtcys.com%2Findex%2Fpayment%2FreturnUrl%3Fcode%3Dipasspay',
  'billing_desc' => 'chinagpay*blumeone',
  'bill_email' => '123456@gmail.com',
)
2021-01-01 01:14:46
array (
  'code' => 'ipasspay',
  'errmsg' => 'Transaction is approved',
  'merchant_id' => '1001184160520293580800',
  'app_id' => '20122854485356664',
  'order_no' => 'MRE1609432221278',
  'gateway_order_no' => '1001185428118079537152',
  'order_currency' => 'USD',
  'order_amount' => '100.00',
  'order_status' => '2',
  'card_holder' => '維軒 張',
  'card_type' => 'MASTERCARD',
  'card_prefix' => '542802',
  'card_suffix' => '4901',
  'signature' => '6838d816f5cf00514573104c2b1018d7630350d6fdc97b50c5f57df23e3fa216',
  'syn_url' => 'https%3A%2F%2Fm.dsrramtcys.com%2Findex%2Fpayment%2FreturnUrl%3Fcode%3Dipasspay',
  'billing_desc' => 'chinagpay*blumeone',
  'bill_email' => '123456@gmail.com',
)
2021-01-01 01:17:12
array (
  'code' => 'ipasspay',
  'errmsg' => 'Transaction is approved',
  'merchant_id' => '1001184160520293580800',
  'app_id' => '20122854485356664',
  'order_no' => 'MRE1609432221278',
  'gateway_order_no' => '1001185428118079537152',
  'order_currency' => 'USD',
  'order_amount' => '100.00',
  'order_status' => '2',
  'card_holder' => '維軒 張',
  'card_type' => 'MASTERCARD',
  'card_prefix' => '542802',
  'card_suffix' => '4901',
  'signature' => '6838d816f5cf00514573104c2b1018d7630350d6fdc97b50c5f57df23e3fa216',
  'syn_url' => 'https%3A%2F%2Fm.dsrramtcys.com%2Findex%2Fpayment%2FreturnUrl%3Fcode%3Dipasspay',
  'billing_desc' => 'chinagpay*blumeone',
  'bill_email' => '123456@gmail.com',
)
2021-01-02 20:17:12
array (
  'code' => 'ipasspay',
  'errmsg' => 'Transaction is declined',
  'merchant_id' => '1001184160520293580800',
  'app_id' => '20122854485356664',
  'order_no' => 'MU1609589664696',
  'gateway_order_no' => '1001186088417686192128',
  'order_currency' => 'USD',
  'order_amount' => '678.00',
  'order_status' => '3',
  'card_holder' => 'CHAN CHIH CHIEH',
  'card_type' => 'MASTERCARD',
  'card_prefix' => '524115',
  'card_suffix' => '9704',
  'signature' => '5c1f896dca97ecc255b76d2c1fd6159ec7f81e48766cbcc14baccad200c880ce',
  'syn_url' => 'https%3A%2F%2Fm.dsrramtcys.com%2Findex%2Fpayment%2FreturnUrl%3Fcode%3Dipasspay',
  'billing_desc' => 'chinagpay*blumeone',
  'bill_email' => 'chesterg8k@gmail.com',
)
2021-01-02 20:18:27
array (
  'code' => 'ipasspay',
  'errmsg' => 'Transaction is declined',
  'merchant_id' => '1001184160520293580800',
  'app_id' => '20122854485356664',
  'order_no' => 'MU1609589846258',
  'gateway_order_no' => '1001186088706937978880',
  'order_currency' => 'USD',
  'order_amount' => '678.00',
  'order_status' => '3',
  'card_holder' => 'CHAN CHIH CHIEH',
  'card_type' => 'MASTERCARD',
  'card_prefix' => '524115',
  'card_suffix' => '9704',
  'signature' => 'ae1abf1eddd99ce840554dff46964ef9f89cf27385717274d01c2706b36f7b3f',
  'syn_url' => 'https%3A%2F%2Fm.dsrramtcys.com%2Findex%2Fpayment%2FreturnUrl%3Fcode%3Dipasspay',
  'billing_desc' => 'chinagpay*blumeone',
  'bill_email' => 'chesterg8k@gmail.com',
)
2021-01-02 20:21:26
array (
  'code' => 'ipasspay',
  'errmsg' => 'Transaction is declined',
  'merchant_id' => '1001184160520293580800',
  'app_id' => '20122854485356664',
  'order_no' => 'MU1609589972690',
  'gateway_order_no' => '1001186089432095391744',
  'order_currency' => 'USD',
  'order_amount' => '678.00',
  'order_status' => '3',
  'card_holder' => 'CHAN CHIH CHIEH',
  'card_type' => 'MASTERCARD',
  'card_prefix' => '524115',
  'card_suffix' => '9704',
  'signature' => '4165059721e7ac8c91b3ca4f13b9ea4566138f607f5e573fa3d44162a073e795',
  'syn_url' => 'https%3A%2F%2Fm.dsrramtcys.com%2Findex%2Fpayment%2FreturnUrl%3Fcode%3Dipasspay',
  'billing_desc' => 'chinagpay*blumeone',
  'bill_email' => 'chesterg8k@gmail.com',
)
2021-01-02 20:24:58
array (
  'code' => 'ipasspay',
  'errmsg' => 'Transaction is declined',
  'merchant_id' => '1001184160520293580800',
  'app_id' => '20122854485356664',
  'order_no' => 'MU1609590194729',
  'gateway_order_no' => '1001186090367697813504',
  'order_currency' => 'USD',
  'order_amount' => '678.00',
  'order_status' => '3',
  'card_holder' => 'CHAN CHIH CHIEH',
  'card_type' => 'JCB',
  'card_prefix' => '356618',
  'card_suffix' => '0320',
  'signature' => 'a1815811f8756e6f637afc094491f2c78db8dacbd00b67e3abf3605c664090fa',
  'syn_url' => 'https%3A%2F%2Fm.dsrramtcys.com%2Findex%2Fpayment%2FreturnUrl%3Fcode%3Dipasspay',
  'billing_desc' => 'chinagpay*blumeone',
  'bill_email' => 'chesterg8k@gmail.com',
)
2021-01-02 20:26:22
array (
  'code' => 'ipasspay',
  'errmsg' => 'Transaction is declined',
  'merchant_id' => '1001184160520293580800',
  'app_id' => '20122854485356664',
  'order_no' => 'MRE1609590336626',
  'gateway_order_no' => '1001186090674901221376',
  'order_currency' => 'USD',
  'order_amount' => '1000.00',
  'order_status' => '3',
  'card_holder' => 'CHAN CHIH CHIEH',
  'card_type' => 'JCB',
  'card_prefix' => '356618',
  'card_suffix' => '0320',
  'signature' => '5e2a03ce461031bacb62662ada350d0be71b863c9b32e14f77f03dbdb0a2d095',
  'syn_url' => 'https%3A%2F%2Fm.dsrramtcys.com%2Findex%2Fpayment%2FreturnUrl%3Fcode%3Dipasspay',
  'billing_desc' => 'chinagpay*blumeone',
  'bill_email' => 'chesterg8k@gmail.com',
)
2021-01-02 20:29:16
array (
  'code' => 'ipasspay',
  'errmsg' => 'Transaction is declined',
  'merchant_id' => '1001184160520293580800',
  'app_id' => '20122854485356664',
  'order_no' => 'MRE1609590495321',
  'gateway_order_no' => '1001186091405867745280',
  'order_currency' => 'USD',
  'order_amount' => '500.00',
  'order_status' => '3',
  'card_holder' => 'CHAN CHIH CHIEH',
  'card_type' => 'JCB',
  'card_prefix' => '356618',
  'card_suffix' => '0320',
  'signature' => 'fe0594138505f09f96449c3d1b9df9a430fc80dc84584c65a65316e9f283bcf8',
  'syn_url' => 'https%3A%2F%2Fm.dsrramtcys.com%2Findex%2Fpayment%2FreturnUrl%3Fcode%3Dipasspay',
  'billing_desc' => 'chinagpay*blumeone',
  'bill_email' => 'chesterg8k@gmail.com',
)
2021-01-02 20:36:04
array (
  'code' => 'ipasspay',
  'errmsg' => 'Transaction is approved',
  'merchant_id' => '1001184160520293580800',
  'app_id' => '20122854485356664',
  'order_no' => 'MRE1609590894768',
  'gateway_order_no' => '1001186093111351443456',
  'order_currency' => 'USD',
  'order_amount' => '100.00',
  'order_status' => '2',
  'card_holder' => 'CHAN CHIH CHIEH',
  'card_type' => 'JCB',
  'card_prefix' => '356618',
  'card_suffix' => '0320',
  'signature' => '704e7c6d96db7989d3503342e5e79596e35d87c65d8a481023b514091174e51c',
  'syn_url' => 'https%3A%2F%2Fm.dsrramtcys.com%2Findex%2Fpayment%2FreturnUrl%3Fcode%3Dipasspay',
  'billing_desc' => 'chinagpay*blumeone',
  'bill_email' => 'chesterg8k@gmail.com',
)
