---------------------------------------------------------------
[ 2019-11-05T00:15:49+08:00 ] 156.255.64.33 GET /index/main/index.html
[ sql ] [ DB ] CONNECT:[ UseTime:0.000624s ] mysql:host=127.0.0.1;port=3306;dbname=henimeet;charset=utf8
[ sql ] [ SQL ] SHOW COLUMNS FROM `wy_users` [ RunTime:0.001039s ]
[ sql ] [ SQL ] SELECT * FROM `wy_users` WHERE  `user_id` = 704 LIMIT 1 [ RunTime:0.000666s ]
[ sql ] [ SQL ] SHOW COLUMNS FROM `chat_log` [ RunTime:0.000592s ]
[ sql ] [ SQL ] SELECT COUNT(*) AS tp_count FROM `chat_log` WHERE  `toid` = 704  AND `is_read` = 0 LIMIT 1 [ RunTime:0.003531s ]
[ sql ] [ SQL ] SELECT * FROM `wy_users` WHERE  `user_id` = 704 LIMIT 1 [ RunTime:0.000291s ]
[ sql ] [ SQL ] SHOW COLUMNS FROM `wy_online` [ RunTime:0.000534s ]
[ sql ] [ SQL ] SELECT * FROM `wy_online` WHERE  `user_id` = 704 LIMIT 1 [ RunTime:0.000250s ]
[ sql ] [ SQL ] INSERT INTO `wy_online` (`user_id` , `user_name` , `user_sex` , `user_ico` , `active_time` , `hidden`) VALUES (704 , 'PAUZZZ' , 0 , 'http://www.pauzzz.com/uploadfiles/avatar/20190910/1568096892927_162.jpg' , 1572884149 , 0) [ RunTime:0.000317s ]
---------------------------------------------------------------
[ 2019-11-05T00:15:50+08:00 ] 156.255.64.33 GET /index/main/query/page/1.html
[ sql ] [ DB ] CONNECT:[ UseTime:0.000594s ] mysql:host=127.0.0.1;port=3306;dbname=henimeet;charset=utf8
[ sql ] [ SQL ] SHOW COLUMNS FROM `wy_users` [ RunTime:0.001042s ]
[ sql ] [ SQL ] SELECT * FROM `wy_users` WHERE  `user_id` = 704 LIMIT 1 [ RunTime:0.000424s ]
[ sql ] [ SQL ] SHOW COLUMNS FROM `chat_log` [ RunTime:0.000561s ]
[ sql ] [ SQL ] SELECT COUNT(*) AS tp_count FROM `chat_log` WHERE  `toid` = 704  AND `is_read` = 0 LIMIT 1 [ RunTime:0.000217s ]
[ sql ] [ SQL ] SELECT * FROM `wy_users` WHERE  `user_id` = 704 LIMIT 1 [ RunTime:0.000275s ]
[ sql ] [ SQL ] SHOW COLUMNS FROM `wy_online` [ RunTime:0.000537s ]
[ sql ] [ SQL ] SELECT * FROM `wy_online` WHERE  `user_id` = 704 LIMIT 1 [ RunTime:0.000288s ]
[ sql ] [ SQL ] UPDATE `wy_online`  SET `user_id`=704,`user_name`='PAUZZZ',`user_sex`=0,`user_ico`='http://www.pauzzz.com/uploadfiles/avatar/20190910/1568096892927_162.jpg',`active_time`=1572884150,`hidden`=0  WHERE  `user_id` = 704 [ RunTime:0.000303s ]
[ sql ] [ SQL ] SELECT COUNT(*) AS tp_count FROM `wy_users` WHERE  `user_sex` <> 0  AND `is_pass` <> 0 LIMIT 1 [ RunTime:0.010157s ]
[ sql ] [ SQL ] SELECT `u`.`user_name`,`u`.`user_ico`,`u`.`user_sex`,`u`.`user_group`,`u`.`user_id`,`o`.`online_id` FROM `wy_users` `u` LEFT JOIN `wy_online` `o` ON `u`.`user_id`=`o`.`user_id` WHERE  (  u.user_sex != '0' and u.is_pass!='0' ) ORDER BY u.is_service desc, o.active_time desc LIMIT 0,16 [ RunTime:0.019413s ]
---------------------------------------------------------------
[ 2019-11-05T13:20:08+08:00 ] 120.20.161.91 GET /index/main/index.html
[ sql ] [ DB ] CONNECT:[ UseTime:0.000645s ] mysql:host=127.0.0.1;port=3306;dbname=henimeet;charset=utf8
[ sql ] [ SQL ] SHOW COLUMNS FROM `wy_users` [ RunTime:0.001046s ]
[ sql ] [ SQL ] SELECT * FROM `wy_users` WHERE  `user_id` = 4180 LIMIT 1 [ RunTime:0.000584s ]
[ sql ] [ SQL ] SHOW COLUMNS FROM `chat_log` [ RunTime:0.000558s ]
[ sql ] [ SQL ] SELECT COUNT(*) AS tp_count FROM `chat_log` WHERE  `toid` = 4180  AND `is_read` = 0 LIMIT 1 [ RunTime:0.000876s ]
[ sql ] [ SQL ] SELECT * FROM `wy_users` WHERE  `user_id` = 4180 LIMIT 1 [ RunTime:0.000296s ]
[ sql ] [ SQL ] SHOW COLUMNS FROM `wy_online` [ RunTime:0.000536s ]
[ sql ] [ SQL ] SELECT * FROM `wy_online` WHERE  `user_id` = 4180 LIMIT 1 [ RunTime:0.000256s ]
[ sql ] [ SQL ] INSERT INTO `wy_online` (`user_id` , `user_name` , `user_sex` , `user_ico` , `active_time` , `hidden`) VALUES (4180 , 'eric_shift' , 1 , 'http://www.pauzzz.com/uploadfiles/avatar/20190301/1551410249766_162.jpg' , 1572931208 , 0) [ RunTime:0.000320s ]
---------------------------------------------------------------
[ 2019-11-05T13:20:10+08:00 ] 120.20.161.91 GET /index/main/query/page/1.html
[ sql ] [ DB ] CONNECT:[ UseTime:0.000619s ] mysql:host=127.0.0.1;port=3306;dbname=henimeet;charset=utf8
[ sql ] [ SQL ] SHOW COLUMNS FROM `wy_users` [ RunTime:0.001071s ]
[ sql ] [ SQL ] SELECT * FROM `wy_users` WHERE  `user_id` = 4180 LIMIT 1 [ RunTime:0.000447s ]
[ sql ] [ SQL ] SHOW COLUMNS FROM `chat_log` [ RunTime:0.000566s ]
[ sql ] [ SQL ] SELECT COUNT(*) AS tp_count FROM `chat_log` WHERE  `toid` = 4180  AND `is_read` = 0 LIMIT 1 [ RunTime:0.000213s ]
[ sql ] [ SQL ] SELECT * FROM `wy_users` WHERE  `user_id` = 4180 LIMIT 1 [ RunTime:0.000294s ]
[ sql ] [ SQL ] SHOW COLUMNS FROM `wy_online` [ RunTime:0.000524s ]
[ sql ] [ SQL ] SELECT * FROM `wy_online` WHERE  `user_id` = 4180 LIMIT 1 [ RunTime:0.000301s ]
[ sql ] [ SQL ] UPDATE `wy_online`  SET `user_id`=4180,`user_name`='eric_shift',`user_sex`=1,`user_ico`='http://www.pauzzz.com/uploadfiles/avatar/20190301/1551410249766_162.jpg',`active_time`=1572931210,`hidden`=0  WHERE  `user_id` = 4180 [ RunTime:0.000307s ]
[ sql ] [ SQL ] SELECT COUNT(*) AS tp_count FROM `wy_users` WHERE  `user_sex` <> 1  AND `is_pass` <> 0 LIMIT 1 [ RunTime:0.009772s ]
[ sql ] [ SQL ] SELECT `u`.`user_name`,`u`.`user_ico`,`u`.`user_sex`,`u`.`user_group`,`u`.`user_id`,`o`.`online_id` FROM `wy_users` `u` LEFT JOIN `wy_online` `o` ON `u`.`user_id`=`o`.`user_id` WHERE  (  u.user_sex != '1' and u.is_pass!='0' ) ORDER BY u.is_service desc, o.active_time desc LIMIT 0,16 [ RunTime:0.010117s ]
---------------------------------------------------------------
[ 2019-11-05T13:20:15+08:00 ] 120.20.161.91 GET /index/home/index/uid/794
[ sql ] [ DB ] CONNECT:[ UseTime:0.000647s ] mysql:host=127.0.0.1;port=3306;dbname=henimeet;charset=utf8
[ sql ] [ SQL ] SHOW COLUMNS FROM `wy_users` [ RunTime:0.001034s ]
[ sql ] [ SQL ] SELECT * FROM `wy_users` WHERE  `user_id` = 4180 LIMIT 1 [ RunTime:0.000453s ]
[ sql ] [ SQL ] SHOW COLUMNS FROM `chat_log` [ RunTime:0.000573s ]
[ sql ] [ SQL ] SELECT COUNT(*) AS tp_count FROM `chat_log` WHERE  `toid` = 4180  AND `is_read` = 0 LIMIT 1 [ RunTime:0.000209s ]
[ sql ] [ SQL ] SELECT * FROM `wy_users` WHERE  `user_id` = 4180 LIMIT 1 [ RunTime:0.000303s ]
[ sql ] [ SQL ] SHOW COLUMNS FROM `wy_online` [ RunTime:0.000524s ]
[ sql ] [ SQL ] SELECT * FROM `wy_online` WHERE  `user_id` = 4180 LIMIT 1 [ RunTime:0.000281s ]
[ sql ] [ SQL ] UPDATE `wy_online`  SET `user_id`=4180,`user_name`='eric_shift',`user_sex`=1,`user_ico`='http://www.pauzzz.com/uploadfiles/avatar/20190301/1551410249766_162.jpg',`active_time`=1572931215,`hidden`=0  WHERE  `user_id` = 4180 [ RunTime:0.000304s ]
[ sql ] [ SQL ] SELECT `user_id`,`user_name`,`user_sex`,`user_ico`,`birth_year`,`birth_month`,`birth_day`,`country`,`waimao`,`sexual`,`height`,`weight`,`income`,`gerenjieshao` FROM `wy_users` WHERE  `user_id` = 794 LIMIT 1 [ RunTime:0.000295s ]
[ sql ] [ SQL ] SHOW COLUMNS FROM `wy_album` [ RunTime:0.000515s ]
[ sql ] [ SQL ] SELECT * FROM `wy_album` WHERE  `user_id` = 794 ORDER BY `add_time` [ RunTime:0.000309s ]
---------------------------------------------------------------
[ 2019-11-05T13:20:15+08:00 ] 120.20.161.91 GET /index/home/mood/uid/794/page/1
[ sql ] [ DB ] CONNECT:[ UseTime:0.000596s ] mysql:host=127.0.0.1;port=3306;dbname=henimeet;charset=utf8
[ sql ] [ SQL ] SHOW COLUMNS FROM `wy_users` [ RunTime:0.001031s ]
[ sql ] [ SQL ] SELECT * FROM `wy_users` WHERE  `user_id` = 4180 LIMIT 1 [ RunTime:0.000463s ]
[ sql ] [ SQL ] SHOW COLUMNS FROM `chat_log` [ RunTime:0.000577s ]
[ sql ] [ SQL ] SELECT COUNT(*) AS tp_count FROM `chat_log` WHERE  `toid` = 4180  AND `is_read` = 0 LIMIT 1 [ RunTime:0.000220s ]
[ sql ] [ SQL ] SELECT * FROM `wy_users` WHERE  `user_id` = 4180 LIMIT 1 [ RunTime:0.000291s ]
[ sql ] [ SQL ] SHOW COLUMNS FROM `wy_online` [ RunTime:0.000513s ]
[ sql ] [ SQL ] SELECT * FROM `wy_online` WHERE  `user_id` = 4180 LIMIT 1 [ RunTime:0.000300s ]
[ sql ] [ SQL ] UPDATE `wy_online`  SET `user_id`=4180,`user_name`='eric_shift',`user_sex`=1,`user_ico`='http://www.pauzzz.com/uploadfiles/avatar/20190301/1551410249766_162.jpg',`active_time`=1572931215,`hidden`=0  WHERE  `user_id` = 4180 [ RunTime:0.000286s ]
[ sql ] [ SQL ] SHOW COLUMNS FROM `wy_recent_affair` [ RunTime:0.000525s ]
[ sql ] [ SQL ] SELECT COUNT(*) AS tp_count FROM `wy_recent_affair` WHERE  `user_id` = 794 LIMIT 1 [ RunTime:0.000245s ]
[ sql ] [ SQL ] SELECT * FROM `wy_recent_affair` WHERE  `user_id` = 794 ORDER BY id desc LIMIT 0,5 [ RunTime:0.000249s ]
---------------------------------------------------------------
[ 2019-11-05T13:20:19+08:00 ] 120.20.161.91 GET /index/home/photos/album_id/138.html
[ sql ] [ DB ] CONNECT:[ UseTime:0.000622s ] mysql:host=127.0.0.1;port=3306;dbname=henimeet;charset=utf8
[ sql ] [ SQL ] SHOW COLUMNS FROM `wy_users` [ RunTime:0.001066s ]
[ sql ] [ SQL ] SELECT * FROM `wy_users` WHERE  `user_id` = 4180 LIMIT 1 [ RunTime:0.000443s ]
[ sql ] [ SQL ] SHOW COLUMNS FROM `chat_log` [ RunTime:0.000582s ]
[ sql ] [ SQL ] SELECT COUNT(*) AS tp_count FROM `chat_log` WHERE  `toid` = 4180  AND `is_read` = 0 LIMIT 1 [ RunTime:0.000206s ]
[ sql ] [ SQL ] SELECT * FROM `wy_users` WHERE  `user_id` = 4180 LIMIT 1 [ RunTime:0.000287s ]
[ sql ] [ SQL ] SHOW COLUMNS FROM `wy_online` [ RunTime:0.000533s ]
[ sql ] [ SQL ] SELECT * FROM `wy_online` WHERE  `user_id` = 4180 LIMIT 1 [ RunTime:0.000209s ]
[ sql ] [ SQL ] UPDATE `wy_online`  SET `user_id`=4180,`user_name`='eric_shift',`user_sex`=1,`user_ico`='http://www.pauzzz.com/uploadfiles/avatar/20190301/1551410249766_162.jpg',`active_time`=1572931219,`hidden`=0  WHERE  `user_id` = 4180 [ RunTime:0.000311s ]
[ sql ] [ SQL ] SHOW COLUMNS FROM `wy_album` [ RunTime:0.000509s ]
[ sql ] [ SQL ] SELECT * FROM `wy_album` WHERE  `album_id` = 138 LIMIT 1 [ RunTime:0.000276s ]
---------------------------------------------------------------
[ 2019-11-05T13:20:23+08:00 ] 120.20.161.91 GET /index/home/photos/album_id/255.html
[ sql ] [ DB ] CONNECT:[ UseTime:0.000636s ] mysql:host=127.0.0.1;port=3306;dbname=henimeet;charset=utf8
[ sql ] [ SQL ] SHOW COLUMNS FROM `wy_users` [ RunTime:0.001087s ]
[ sql ] [ SQL ] SELECT * FROM `wy_users` WHERE  `user_id` = 4180 LIMIT 1 [ RunTime:0.000466s ]
[ sql ] [ SQL ] SHOW COLUMNS FROM `chat_log` [ RunTime:0.000590s ]
[ sql ] [ SQL ] SELECT COUNT(*) AS tp_count FROM `chat_log` WHERE  `toid` = 4180  AND `is_read` = 0 LIMIT 1 [ RunTime:0.000211s ]
[ sql ] [ SQL ] SELECT * FROM `wy_users` WHERE  `user_id` = 4180 LIMIT 1 [ RunTime:0.000294s ]
[ sql ] [ SQL ] SHOW COLUMNS FROM `wy_online` [ RunTime:0.000547s ]
[ sql ] [ SQL ] SELECT * FROM `wy_online` WHERE  `user_id` = 4180 LIMIT 1 [ RunTime:0.000301s ]
[ sql ] [ SQL ] UPDATE `wy_online`  SET `user_id`=4180,`user_name`='eric_shift',`user_sex`=1,`user_ico`='http://www.pauzzz.com/uploadfiles/avatar/20190301/1551410249766_162.jpg',`active_time`=1572931223,`hidden`=0  WHERE  `user_id` = 4180 [ RunTime:0.000302s ]
[ sql ] [ SQL ] SHOW COLUMNS FROM `wy_album` [ RunTime:0.000528s ]
[ sql ] [ SQL ] SELECT * FROM `wy_album` WHERE  `album_id` = 255 LIMIT 1 [ RunTime:0.000271s ]
---------------------------------------------------------------
[ 2019-11-05T14:06:10+08:00 ] 182.113.143.10 GET /index/main/index.html
[ sql ] [ DB ] CONNECT:[ UseTime:0.000614s ] mysql:host=127.0.0.1;port=3306;dbname=henimeet;charset=utf8
[ sql ] [ SQL ] SHOW COLUMNS FROM `wy_users` [ RunTime:0.002034s ]
[ sql ] [ SQL ] SELECT * FROM `wy_users` WHERE  `user_id` = 5615 LIMIT 1 [ RunTime:0.000558s ]
[ sql ] [ SQL ] SHOW COLUMNS FROM `chat_log` [ RunTime:0.000564s ]
[ sql ] [ SQL ] SELECT COUNT(*) AS tp_count FROM `chat_log` WHERE  `toid` = 5615  AND `is_read` = 0 LIMIT 1 [ RunTime:0.000496s ]
[ sql ] [ SQL ] SELECT * FROM `wy_users` WHERE  `user_id` = 5615 LIMIT 1 [ RunTime:0.000295s ]
[ sql ] [ SQL ] SHOW COLUMNS FROM `wy_online` [ RunTime:0.000519s ]
[ sql ] [ SQL ] SELECT * FROM `wy_online` WHERE  `user_id` = 5615 LIMIT 1 [ RunTime:0.000258s ]
[ sql ] [ SQL ] UPDATE `wy_online`  SET `user_id`=5615,`user_name`='半夏少女心',`user_sex`=0,`user_ico`='http://www.pauzzz.com/uploadfiles/avatar/20190219/1550554212564_162.jpg',`active_time`=1572933970,`hidden`=0  WHERE  `user_id` = 5615 [ RunTime:0.000430s ]
---------------------------------------------------------------
[ 2019-11-05T14:06:11+08:00 ] 182.113.143.10 GET /index/main/query/page/1.html
[ sql ] [ DB ] CONNECT:[ UseTime:0.000611s ] mysql:host=127.0.0.1;port=3306;dbname=henimeet;charset=utf8
[ sql ] [ SQL ] SHOW COLUMNS FROM `wy_users` [ RunTime:0.001012s ]
[ sql ] [ SQL ] SELECT * FROM `wy_users` WHERE  `user_id` = 5615 LIMIT 1 [ RunTime:0.000451s ]
[ sql ] [ SQL ] SHOW COLUMNS FROM `chat_log` [ RunTime:0.000583s ]
[ sql ] [ SQL ] SELECT COUNT(*) AS tp_count FROM `chat_log` WHERE  `toid` = 5615  AND `is_read` = 0 LIMIT 1 [ RunTime:0.000204s ]
[ sql ] [ SQL ] SELECT * FROM `wy_users` WHERE  `user_id` = 5615 LIMIT 1 [ RunTime:0.000294s ]
[ sql ] [ SQL ] SHOW COLUMNS FROM `wy_online` [ RunTime:0.000515s ]
[ sql ] [ SQL ] SELECT * FROM `wy_online` WHERE  `user_id` = 5615 LIMIT 1 [ RunTime:0.000282s ]
[ sql ] [ SQL ] UPDATE `wy_online`  SET `user_id`=5615,`user_name`='半夏少女心',`user_sex`=0,`user_ico`='http://www.pauzzz.com/uploadfiles/avatar/20190219/1550554212564_162.jpg',`active_time`=1572933971,`hidden`=0  WHERE  `user_id` = 5615 [ RunTime:0.000287s ]
[ sql ] [ SQL ] SELECT COUNT(*) AS tp_count FROM `wy_users` WHERE  `user_sex` <> 0  AND `is_pass` <> 0 LIMIT 1 [ RunTime:0.010196s ]
[ sql ] [ SQL ] SELECT `u`.`user_name`,`u`.`user_ico`,`u`.`user_sex`,`u`.`user_group`,`u`.`user_id`,`o`.`online_id` FROM `wy_users` `u` LEFT JOIN `wy_online` `o` ON `u`.`user_id`=`o`.`user_id` WHERE  (  u.user_sex != '0' and u.is_pass!='0' ) ORDER BY u.is_service desc, o.active_time desc LIMIT 0,16 [ RunTime:0.023607s ]
---------------------------------------------------------------
[ 2019-11-05T14:06:14+08:00 ] 182.113.143.10 GET /index/main/index.html
[ sql ] [ DB ] CONNECT:[ UseTime:0.000636s ] mysql:host=127.0.0.1;port=3306;dbname=henimeet;charset=utf8
[ sql ] [ SQL ] SHOW COLUMNS FROM `wy_users` [ RunTime:0.001052s ]
[ sql ] [ SQL ] SELECT * FROM `wy_users` WHERE  `user_id` = 5615 LIMIT 1 [ RunTime:0.000459s ]
[ sql ] [ SQL ] SHOW COLUMNS FROM `chat_log` [ RunTime:0.000560s ]
[ sql ] [ SQL ] SELECT COUNT(*) AS tp_count FROM `chat_log` WHERE  `toid` = 5615  AND `is_read` = 0 LIMIT 1 [ RunTime:0.000214s ]
[ sql ] [ SQL ] SELECT * FROM `wy_users` WHERE  `user_id` = 5615 LIMIT 1 [ RunTime:0.000302s ]
[ sql ] [ SQL ] SHOW COLUMNS FROM `wy_online` [ RunTime:0.000506s ]
[ sql ] [ SQL ] SELECT * FROM `wy_online` WHERE  `user_id` = 5615 LIMIT 1 [ RunTime:0.000295s ]
[ sql ] [ SQL ] UPDATE `wy_online`  SET `user_id`=5615,`user_name`='半夏少女心',`user_sex`=0,`user_ico`='http://www.pauzzz.com/uploadfiles/avatar/20190219/1550554212564_162.jpg',`active_time`=1572933974,`hidden`=0  WHERE  `user_id` = 5615 [ RunTime:0.000310s ]
---------------------------------------------------------------
[ 2019-11-05T14:06:14+08:00 ] 182.113.143.10 GET /index/main/query/page/1.html
[ sql ] [ DB ] CONNECT:[ UseTime:0.000621s ] mysql:host=127.0.0.1;port=3306;dbname=henimeet;charset=utf8
[ sql ] [ SQL ] SHOW COLUMNS FROM `wy_users` [ RunTime:0.001030s ]
[ sql ] [ SQL ] SELECT * FROM `wy_users` WHERE  `user_id` = 5615 LIMIT 1 [ RunTime:0.000443s ]
[ sql ] [ SQL ] SHOW COLUMNS FROM `chat_log` [ RunTime:0.000550s ]
[ sql ] [ SQL ] SELECT COUNT(*) AS tp_count FROM `chat_log` WHERE  `toid` = 5615  AND `is_read` = 0 LIMIT 1 [ RunTime:0.000212s ]
[ sql ] [ SQL ] SELECT * FROM `wy_users` WHERE  `user_id` = 5615 LIMIT 1 [ RunTime:0.000290s ]
[ sql ] [ SQL ] SHOW COLUMNS FROM `wy_online` [ RunTime:0.000531s ]
[ sql ] [ SQL ] SELECT * FROM `wy_online` WHERE  `user_id` = 5615 LIMIT 1 [ RunTime:0.000275s ]
[ sql ] [ SQL ] UPDATE `wy_online`  SET `user_id`=5615,`user_name`='半夏少女心',`user_sex`=0,`user_ico`='http://www.pauzzz.com/uploadfiles/avatar/20190219/1550554212564_162.jpg',`active_time`=1572933974,`hidden`=0  WHERE  `user_id` = 5615 [ RunTime:0.000280s ]
[ sql ] [ SQL ] SELECT COUNT(*) AS tp_count FROM `wy_users` WHERE  `user_sex` <> 0  AND `is_pass` <> 0 LIMIT 1 [ RunTime:0.000194s ]
[ sql ] [ SQL ] SELECT `u`.`user_name`,`u`.`user_ico`,`u`.`user_sex`,`u`.`user_group`,`u`.`user_id`,`o`.`online_id` FROM `wy_users` `u` LEFT JOIN `wy_online` `o` ON `u`.`user_id`=`o`.`user_id` WHERE  (  u.user_sex != '0' and u.is_pass!='0' ) ORDER BY u.is_service desc, o.active_time desc LIMIT 0,16 [ RunTime:0.019610s ]
---------------------------------------------------------------
[ 2019-11-05T17:54:10+08:00 ] 1.158.232.210 GET /index/main/index.html
[ sql ] [ DB ] CONNECT:[ UseTime:0.000610s ] mysql:host=127.0.0.1;port=3306;dbname=henimeet;charset=utf8
[ sql ] [ SQL ] SHOW COLUMNS FROM `wy_users` [ RunTime:0.001057s ]
[ sql ] [ SQL ] SELECT * FROM `wy_users` WHERE  `user_id` = 4180 LIMIT 1 [ RunTime:0.000603s ]
[ sql ] [ SQL ] SHOW COLUMNS FROM `chat_log` [ RunTime:0.000569s ]
[ sql ] [ SQL ] SELECT COUNT(*) AS tp_count FROM `chat_log` WHERE  `toid` = 4180  AND `is_read` = 0 LIMIT 1 [ RunTime:0.000886s ]
[ sql ] [ SQL ] SELECT * FROM `wy_users` WHERE  `user_id` = 4180 LIMIT 1 [ RunTime:0.000308s ]
[ sql ] [ SQL ] SHOW COLUMNS FROM `wy_online` [ RunTime:0.000522s ]
[ sql ] [ SQL ] SELECT * FROM `wy_online` WHERE  `user_id` = 4180 LIMIT 1 [ RunTime:0.000530s ]
[ sql ] [ SQL ] UPDATE `wy_online`  SET `user_id`=4180,`user_name`='eric_shift',`user_sex`=1,`user_ico`='http://www.pauzzz.com/uploadfiles/avatar/20190301/1551410249766_162.jpg',`active_time`=1572947650,`hidden`=0  WHERE  `user_id` = 4180 [ RunTime:0.000663s ]
---------------------------------------------------------------
[ 2019-11-05T17:54:11+08:00 ] 1.158.232.210 GET /index/main/query/page/1.html
[ sql ] [ DB ] CONNECT:[ UseTime:0.000688s ] mysql:host=127.0.0.1;port=3306;dbname=henimeet;charset=utf8
[ sql ] [ SQL ] SHOW COLUMNS FROM `wy_users` [ RunTime:0.001451s ]
[ sql ] [ SQL ] SELECT * FROM `wy_users` WHERE  `user_id` = 4180 LIMIT 1 [ RunTime:0.000570s ]
[ sql ] [ SQL ] SHOW COLUMNS FROM `chat_log` [ RunTime:0.000740s ]
[ sql ] [ SQL ] SELECT COUNT(*) AS tp_count FROM `chat_log` WHERE  `toid` = 4180  AND `is_read` = 0 LIMIT 1 [ RunTime:0.000234s ]
[ sql ] [ SQL ] SELECT * FROM `wy_users` WHERE  `user_id` = 4180 LIMIT 1 [ RunTime:0.000387s ]
[ sql ] [ SQL ] SHOW COLUMNS FROM `wy_online` [ RunTime:0.000726s ]
[ sql ] [ SQL ] SELECT * FROM `wy_online` WHERE  `user_id` = 4180 LIMIT 1 [ RunTime:0.000337s ]
[ sql ] [ SQL ] UPDATE `wy_online`  SET `user_id`=4180,`user_name`='eric_shift',`user_sex`=1,`user_ico`='http://www.pauzzz.com/uploadfiles/avatar/20190301/1551410249766_162.jpg',`active_time`=1572947651,`hidden`=0  WHERE  `user_id` = 4180 [ RunTime:0.000467s ]
[ sql ] [ SQL ] SELECT COUNT(*) AS tp_count FROM `wy_users` WHERE  `user_sex` <> 1  AND `is_pass` <> 0 LIMIT 1 [ RunTime:0.009805s ]
[ sql ] [ SQL ] SELECT `u`.`user_name`,`u`.`user_ico`,`u`.`user_sex`,`u`.`user_group`,`u`.`user_id`,`o`.`online_id` FROM `wy_users` `u` LEFT JOIN `wy_online` `o` ON `u`.`user_id`=`o`.`user_id` WHERE  (  u.user_sex != '1' and u.is_pass!='0' ) ORDER BY u.is_service desc, o.active_time desc LIMIT 0,16 [ RunTime:0.010460s ]
