---------------------------------------------------------------
[ 2019-11-10T01:21:21+08:00 ] 106.34.199.100 GET /index/main/index.html
[ sql ] [ DB ] CONNECT:[ UseTime:0.000617s ] mysql:host=127.0.0.1;port=3306;dbname=henimeet;charset=utf8
[ sql ] [ SQL ] SHOW COLUMNS FROM `wy_users` [ RunTime:0.001015s ]
[ sql ] [ SQL ] SELECT * FROM `wy_users` WHERE  `user_id` = 704 LIMIT 1 [ RunTime:0.000650s ]
[ sql ] [ SQL ] SHOW COLUMNS FROM `chat_log` [ RunTime:0.000571s ]
[ sql ] [ SQL ] SELECT COUNT(*) AS tp_count FROM `chat_log` WHERE  `toid` = 704  AND `is_read` = 0 LIMIT 1 [ RunTime:0.000197s ]
[ sql ] [ SQL ] SELECT * FROM `wy_users` WHERE  `user_id` = 704 LIMIT 1 [ RunTime:0.000282s ]
[ sql ] [ SQL ] SHOW COLUMNS FROM `wy_online` [ RunTime:0.000523s ]
[ sql ] [ SQL ] SELECT * FROM `wy_online` WHERE  `user_id` = 704 LIMIT 1 [ RunTime:0.000282s ]
[ sql ] [ SQL ] UPDATE `wy_online`  SET `user_id`=704,`user_name`='PAUZZZ',`user_sex`=0,`user_ico`='http://www.pauzzz.com/uploadfiles/avatar/20190910/1568096892927_162.jpg',`active_time`=1573320081,`hidden`=0  WHERE  `user_id` = 704 [ RunTime:0.000786s ]
---------------------------------------------------------------
[ 2019-11-10T01:21:22+08:00 ] 106.34.199.100 GET /index/main/query/page/1.html
[ sql ] [ DB ] CONNECT:[ UseTime:0.000576s ] mysql:host=127.0.0.1;port=3306;dbname=henimeet;charset=utf8
[ sql ] [ SQL ] SHOW COLUMNS FROM `wy_users` [ RunTime:0.000961s ]
[ sql ] [ SQL ] SELECT * FROM `wy_users` WHERE  `user_id` = 704 LIMIT 1 [ RunTime:0.000413s ]
[ sql ] [ SQL ] SHOW COLUMNS FROM `chat_log` [ RunTime:0.000519s ]
[ sql ] [ SQL ] SELECT COUNT(*) AS tp_count FROM `chat_log` WHERE  `toid` = 704  AND `is_read` = 0 LIMIT 1 [ RunTime:0.000195s ]
[ sql ] [ SQL ] SELECT * FROM `wy_users` WHERE  `user_id` = 704 LIMIT 1 [ RunTime:0.000265s ]
[ sql ] [ SQL ] SHOW COLUMNS FROM `wy_online` [ RunTime:0.000525s ]
[ sql ] [ SQL ] SELECT * FROM `wy_online` WHERE  `user_id` = 704 LIMIT 1 [ RunTime:0.000259s ]
[ sql ] [ SQL ] UPDATE `wy_online`  SET `user_id`=704,`user_name`='PAUZZZ',`user_sex`=0,`user_ico`='http://www.pauzzz.com/uploadfiles/avatar/20190910/1568096892927_162.jpg',`active_time`=1573320082,`hidden`=0  WHERE  `user_id` = 704 [ RunTime:0.000383s ]
[ sql ] [ SQL ] SELECT COUNT(*) AS tp_count FROM `wy_users` WHERE  `user_sex` <> 0  AND `is_pass` <> 0 LIMIT 1 [ RunTime:0.010114s ]
[ sql ] [ SQL ] SELECT `u`.`user_name`,`u`.`user_ico`,`u`.`user_sex`,`u`.`user_group`,`u`.`user_id`,`o`.`online_id` FROM `wy_users` `u` LEFT JOIN `wy_online` `o` ON `u`.`user_id`=`o`.`user_id` WHERE  (  u.user_sex != '0' and u.is_pass!='0' ) ORDER BY u.is_service desc, o.active_time desc LIMIT 0,16 [ RunTime:0.019238s ]
---------------------------------------------------------------
[ 2019-11-10T10:05:25+08:00 ] 106.34.102.47 GET /index/main/index.html
[ sql ] [ DB ] CONNECT:[ UseTime:0.000581s ] mysql:host=127.0.0.1;port=3306;dbname=henimeet;charset=utf8
[ sql ] [ SQL ] SHOW COLUMNS FROM `wy_users` [ RunTime:0.000995s ]
[ sql ] [ SQL ] SELECT * FROM `wy_users` WHERE  `user_id` = 1181 LIMIT 1 [ RunTime:0.000576s ]
[ sql ] [ SQL ] SHOW COLUMNS FROM `chat_log` [ RunTime:0.000548s ]
[ sql ] [ SQL ] SELECT COUNT(*) AS tp_count FROM `chat_log` WHERE  `toid` = 1181  AND `is_read` = 0 LIMIT 1 [ RunTime:0.000356s ]
[ sql ] [ SQL ] SELECT * FROM `wy_users` WHERE  `user_id` = 1181 LIMIT 1 [ RunTime:0.000277s ]
[ sql ] [ SQL ] SHOW COLUMNS FROM `wy_online` [ RunTime:0.000501s ]
[ sql ] [ SQL ] SELECT * FROM `wy_online` WHERE  `user_id` = 1181 LIMIT 1 [ RunTime:0.000239s ]
[ sql ] [ SQL ] INSERT INTO `wy_online` (`user_id` , `user_name` , `user_sex` , `user_ico` , `active_time` , `hidden`) VALUES (1181 , 'lili' , 0 , 'http://www.pauzzz.com/uploadfiles/avatar/20180830/1535608129875_162.jpg' , 1573351525 , 0) [ RunTime:0.000352s ]
---------------------------------------------------------------
[ 2019-11-10T10:05:26+08:00 ] 106.34.102.47 GET /index/main/query/page/1.html
[ sql ] [ DB ] CONNECT:[ UseTime:0.000608s ] mysql:host=127.0.0.1;port=3306;dbname=henimeet;charset=utf8
[ sql ] [ SQL ] SHOW COLUMNS FROM `wy_users` [ RunTime:0.001009s ]
[ sql ] [ SQL ] SELECT * FROM `wy_users` WHERE  `user_id` = 1181 LIMIT 1 [ RunTime:0.000489s ]
[ sql ] [ SQL ] SHOW COLUMNS FROM `chat_log` [ RunTime:0.000541s ]
[ sql ] [ SQL ] SELECT COUNT(*) AS tp_count FROM `chat_log` WHERE  `toid` = 1181  AND `is_read` = 0 LIMIT 1 [ RunTime:0.000203s ]
[ sql ] [ SQL ] SELECT * FROM `wy_users` WHERE  `user_id` = 1181 LIMIT 1 [ RunTime:0.000299s ]
[ sql ] [ SQL ] SHOW COLUMNS FROM `wy_online` [ RunTime:0.000499s ]
[ sql ] [ SQL ] SELECT * FROM `wy_online` WHERE  `user_id` = 1181 LIMIT 1 [ RunTime:0.000274s ]
[ sql ] [ SQL ] UPDATE `wy_online`  SET `user_id`=1181,`user_name`='lili',`user_sex`=0,`user_ico`='http://www.pauzzz.com/uploadfiles/avatar/20180830/1535608129875_162.jpg',`active_time`=1573351526,`hidden`=0  WHERE  `user_id` = 1181 [ RunTime:0.000362s ]
[ sql ] [ SQL ] SELECT COUNT(*) AS tp_count FROM `wy_users` WHERE  `user_sex` <> 0  AND `is_pass` <> 0 LIMIT 1 [ RunTime:0.010125s ]
[ sql ] [ SQL ] SELECT `u`.`user_name`,`u`.`user_ico`,`u`.`user_sex`,`u`.`user_group`,`u`.`user_id`,`o`.`online_id` FROM `wy_users` `u` LEFT JOIN `wy_online` `o` ON `u`.`user_id`=`o`.`user_id` WHERE  (  u.user_sex != '0' and u.is_pass!='0' ) ORDER BY u.is_service desc, o.active_time desc LIMIT 0,16 [ RunTime:0.019369s ]
---------------------------------------------------------------
[ 2019-11-10T10:05:33+08:00 ] 106.34.102.47 GET /index/chat/index.html
[ sql ] [ DB ] CONNECT:[ UseTime:0.000605s ] mysql:host=127.0.0.1;port=3306;dbname=henimeet;charset=utf8
[ sql ] [ SQL ] SHOW COLUMNS FROM `wy_users` [ RunTime:0.000989s ]
[ sql ] [ SQL ] SELECT * FROM `wy_users` WHERE  `user_id` = 1181 LIMIT 1 [ RunTime:0.000452s ]
[ sql ] [ SQL ] SHOW COLUMNS FROM `chat_log` [ RunTime:0.000553s ]
[ sql ] [ SQL ] SELECT COUNT(*) AS tp_count FROM `chat_log` WHERE  `toid` = 1181  AND `is_read` = 0 LIMIT 1 [ RunTime:0.000191s ]
[ sql ] [ SQL ] SELECT * FROM `wy_users` WHERE  `user_id` = 1181 LIMIT 1 [ RunTime:0.000287s ]
[ sql ] [ SQL ] SHOW COLUMNS FROM `wy_online` [ RunTime:0.000514s ]
[ sql ] [ SQL ] SELECT * FROM `wy_online` WHERE  `user_id` = 1181 LIMIT 1 [ RunTime:0.000288s ]
[ sql ] [ SQL ] UPDATE `wy_online`  SET `user_id`=1181,`user_name`='lili',`user_sex`=0,`user_ico`='http://www.pauzzz.com/uploadfiles/avatar/20180830/1535608129875_162.jpg',`active_time`=1573351533,`hidden`=0  WHERE  `user_id` = 1181 [ RunTime:0.000395s ]
---------------------------------------------------------------
[ 2019-11-10T10:05:34+08:00 ] 106.34.102.47 GET /index/chat/getdata.html
[ sql ] [ DB ] CONNECT:[ UseTime:0.000567s ] mysql:host=127.0.0.1;port=3306;dbname=henimeet;charset=utf8
[ sql ] [ SQL ] SHOW COLUMNS FROM `wy_users` [ RunTime:0.000988s ]
[ sql ] [ SQL ] SELECT * FROM `wy_users` WHERE  `user_id` = 1181 LIMIT 1 [ RunTime:0.000428s ]
[ sql ] [ SQL ] SHOW COLUMNS FROM `chat_log` [ RunTime:0.000541s ]
[ sql ] [ SQL ] SELECT COUNT(*) AS tp_count FROM `chat_log` WHERE  `toid` = 1181  AND `is_read` = 0 LIMIT 1 [ RunTime:0.000190s ]
[ sql ] [ SQL ] SELECT * FROM `wy_users` WHERE  `user_id` = 1181 LIMIT 1 [ RunTime:0.000271s ]
[ sql ] [ SQL ] SHOW COLUMNS FROM `wy_online` [ RunTime:0.000489s ]
[ sql ] [ SQL ] SELECT * FROM `wy_online` WHERE  `user_id` = 1181 LIMIT 1 [ RunTime:0.000272s ]
[ sql ] [ SQL ] UPDATE `wy_online`  SET `user_id`=1181,`user_name`='lili',`user_sex`=0,`user_ico`='http://www.pauzzz.com/uploadfiles/avatar/20180830/1535608129875_162.jpg',`active_time`=1573351534,`hidden`=0  WHERE  `user_id` = 1181 [ RunTime:0.000370s ]
[ sql ] [ SQL ] SELECT * FROM `chat_log` WHERE  (  fromid='1181' or toid='1181' ) ORDER BY timeline desc [ RunTime:0.001010s ]
[ sql ] [ SQL ] SELECT `user_id`,`user_name`,`user_ico`,`user_sex` FROM `wy_users` WHERE  `user_id` IN (1664,11262,1708,14257,11559,13996,13176,12087,12646,11180,10649,11317,11240,11708,11049,5452) [ RunTime:0.000472s ]
[ sql ] [ SQL ] SELECT COUNT(*) AS tp_count FROM `chat_log` WHERE  `fromid` = 1664  AND `toid` = 1181  AND `is_read` = 0 LIMIT 1 [ RunTime:0.000479s ]
[ sql ] [ SQL ] SELECT COUNT(*) AS tp_count FROM `chat_log` WHERE  `fromid` = 1708  AND `toid` = 1181  AND `is_read` = 0 LIMIT 1 [ RunTime:0.000334s ]
[ sql ] [ SQL ] SELECT COUNT(*) AS tp_count FROM `chat_log` WHERE  `fromid` = 5452  AND `toid` = 1181  AND `is_read` = 0 LIMIT 1 [ RunTime:0.000736s ]
[ sql ] [ SQL ] SELECT COUNT(*) AS tp_count FROM `chat_log` WHERE  `fromid` = 10649  AND `toid` = 1181  AND `is_read` = 0 LIMIT 1 [ RunTime:0.000533s ]
[ sql ] [ SQL ] SELECT COUNT(*) AS tp_count FROM `chat_log` WHERE  `fromid` = 11049  AND `toid` = 1181  AND `is_read` = 0 LIMIT 1 [ RunTime:0.000672s ]
[ sql ] [ SQL ] SELECT COUNT(*) AS tp_count FROM `chat_log` WHERE  `fromid` = 11180  AND `toid` = 1181  AND `is_read` = 0 LIMIT 1 [ RunTime:0.000594s ]
[ sql ] [ SQL ] SELECT COUNT(*) AS tp_count FROM `chat_log` WHERE  `fromid` = 11240  AND `toid` = 1181  AND `is_read` = 0 LIMIT 1 [ RunTime:0.000748s ]
[ sql ] [ SQL ] SELECT COUNT(*) AS tp_count FROM `chat_log` WHERE  `fromid` = 11262  AND `toid` = 1181  AND `is_read` = 0 LIMIT 1 [ RunTime:0.001420s ]
[ sql ] [ SQL ] SELECT COUNT(*) AS tp_count FROM `chat_log` WHERE  `fromid` = 11317  AND `toid` = 1181  AND `is_read` = 0 LIMIT 1 [ RunTime:0.000500s ]
[ sql ] [ SQL ] SELECT COUNT(*) AS tp_count FROM `chat_log` WHERE  `fromid` = 11559  AND `toid` = 1181  AND `is_read` = 0 LIMIT 1 [ RunTime:0.000663s ]
[ sql ] [ SQL ] SELECT COUNT(*) AS tp_count FROM `chat_log` WHERE  `fromid` = 11708  AND `toid` = 1181  AND `is_read` = 0 LIMIT 1 [ RunTime:0.000401s ]
[ sql ] [ SQL ] SELECT COUNT(*) AS tp_count FROM `chat_log` WHERE  `fromid` = 12087  AND `toid` = 1181  AND `is_read` = 0 LIMIT 1 [ RunTime:0.001081s ]
[ sql ] [ SQL ] SELECT COUNT(*) AS tp_count FROM `chat_log` WHERE  `fromid` = 12646  AND `toid` = 1181  AND `is_read` = 0 LIMIT 1 [ RunTime:0.000684s ]
[ sql ] [ SQL ] SELECT COUNT(*) AS tp_count FROM `chat_log` WHERE  `fromid` = 13176  AND `toid` = 1181  AND `is_read` = 0 LIMIT 1 [ RunTime:0.001199s ]
[ sql ] [ SQL ] SELECT COUNT(*) AS tp_count FROM `chat_log` WHERE  `fromid` = 13996  AND `toid` = 1181  AND `is_read` = 0 LIMIT 1 [ RunTime:0.000527s ]
[ sql ] [ SQL ] SELECT COUNT(*) AS tp_count FROM `chat_log` WHERE  `fromid` = 14257  AND `toid` = 1181  AND `is_read` = 0 LIMIT 1 [ RunTime:0.001102s ]
---------------------------------------------------------------
[ 2019-11-10T10:05:35+08:00 ] 106.34.102.47 GET /index/chat/chat/pals_id/1664
[ sql ] [ DB ] CONNECT:[ UseTime:0.000604s ] mysql:host=127.0.0.1;port=3306;dbname=henimeet;charset=utf8
[ sql ] [ SQL ] SHOW COLUMNS FROM `wy_users` [ RunTime:0.001010s ]
[ sql ] [ SQL ] SELECT * FROM `wy_users` WHERE  `user_id` = 1181 LIMIT 1 [ RunTime:0.000435s ]
[ sql ] [ SQL ] SHOW COLUMNS FROM `chat_log` [ RunTime:0.000530s ]
[ sql ] [ SQL ] SELECT COUNT(*) AS tp_count FROM `chat_log` WHERE  `toid` = 1181  AND `is_read` = 0 LIMIT 1 [ RunTime:0.000191s ]
[ sql ] [ SQL ] SELECT * FROM `wy_users` WHERE  `user_id` = 1181 LIMIT 1 [ RunTime:0.000275s ]
[ sql ] [ SQL ] SHOW COLUMNS FROM `wy_online` [ RunTime:0.000508s ]
[ sql ] [ SQL ] SELECT * FROM `wy_online` WHERE  `user_id` = 1181 LIMIT 1 [ RunTime:0.000271s ]
[ sql ] [ SQL ] UPDATE `wy_online`  SET `user_id`=1181,`user_name`='lili',`user_sex`=0,`user_ico`='http://www.pauzzz.com/uploadfiles/avatar/20180830/1535608129875_162.jpg',`active_time`=1573351535,`hidden`=0  WHERE  `user_id` = 1181 [ RunTime:0.000292s ]
[ sql ] [ SQL ] SELECT `user_id`,`user_name`,`user_ico` FROM `wy_users` WHERE  `user_id` = 1664 LIMIT 1 [ RunTime:0.000244s ]
---------------------------------------------------------------
[ 2019-11-10T10:06:21+08:00 ] 106.34.102.47 GET /index/chat/chat/pals_id/1664
[ sql ] [ DB ] CONNECT:[ UseTime:0.000780s ] mysql:host=127.0.0.1;port=3306;dbname=henimeet;charset=utf8
[ sql ] [ SQL ] SHOW COLUMNS FROM `wy_users` [ RunTime:0.001026s ]
[ sql ] [ SQL ] SELECT * FROM `wy_users` WHERE  `user_id` = 1181 LIMIT 1 [ RunTime:0.000566s ]
[ sql ] [ SQL ] SHOW COLUMNS FROM `chat_log` [ RunTime:0.000540s ]
[ sql ] [ SQL ] SELECT COUNT(*) AS tp_count FROM `chat_log` WHERE  `toid` = 1181  AND `is_read` = 0 LIMIT 1 [ RunTime:0.000387s ]
[ sql ] [ SQL ] SELECT * FROM `wy_users` WHERE  `user_id` = 1181 LIMIT 1 [ RunTime:0.000296s ]
[ sql ] [ SQL ] SHOW COLUMNS FROM `wy_online` [ RunTime:0.000503s ]
[ sql ] [ SQL ] SELECT * FROM `wy_online` WHERE  `user_id` = 1181 LIMIT 1 [ RunTime:0.000265s ]
[ sql ] [ SQL ] UPDATE `wy_online`  SET `user_id`=1181,`user_name`='lili',`user_sex`=0,`user_ico`='http://www.pauzzz.com/uploadfiles/avatar/20180830/1535608129875_162.jpg',`active_time`=1573351581,`hidden`=0  WHERE  `user_id` = 1181 [ RunTime:0.000339s ]
[ sql ] [ SQL ] SELECT `user_id`,`user_name`,`user_ico` FROM `wy_users` WHERE  `user_id` = 1664 LIMIT 1 [ RunTime:0.000248s ]
---------------------------------------------------------------
[ 2019-11-10T10:06:41+08:00 ] 106.34.102.47 GET /index/chat/chat/pals_id/1664
[ sql ] [ DB ] CONNECT:[ UseTime:0.000623s ] mysql:host=127.0.0.1;port=3306;dbname=henimeet;charset=utf8
[ sql ] [ SQL ] SHOW COLUMNS FROM `wy_users` [ RunTime:0.000999s ]
[ sql ] [ SQL ] SELECT * FROM `wy_users` WHERE  `user_id` = 1181 LIMIT 1 [ RunTime:0.000447s ]
[ sql ] [ SQL ] SHOW COLUMNS FROM `chat_log` [ RunTime:0.000522s ]
[ sql ] [ SQL ] SELECT COUNT(*) AS tp_count FROM `chat_log` WHERE  `toid` = 1181  AND `is_read` = 0 LIMIT 1 [ RunTime:0.000202s ]
[ sql ] [ SQL ] SELECT * FROM `wy_users` WHERE  `user_id` = 1181 LIMIT 1 [ RunTime:0.000281s ]
[ sql ] [ SQL ] SHOW COLUMNS FROM `wy_online` [ RunTime:0.000503s ]
[ sql ] [ SQL ] SELECT * FROM `wy_online` WHERE  `user_id` = 1181 LIMIT 1 [ RunTime:0.000270s ]
[ sql ] [ SQL ] UPDATE `wy_online`  SET `user_id`=1181,`user_name`='lili',`user_sex`=0,`user_ico`='http://www.pauzzz.com/uploadfiles/avatar/20180830/1535608129875_162.jpg',`active_time`=1573351601,`hidden`=0  WHERE  `user_id` = 1181 [ RunTime:0.000367s ]
[ sql ] [ SQL ] SELECT `user_id`,`user_name`,`user_ico` FROM `wy_users` WHERE  `user_id` = 1664 LIMIT 1 [ RunTime:0.000175s ]
---------------------------------------------------------------
[ 2019-11-10T11:37:35+08:00 ] 106.34.199.100 GET /index/chat/index.html
[ sql ] [ DB ] CONNECT:[ UseTime:0.000631s ] mysql:host=127.0.0.1;port=3306;dbname=henimeet;charset=utf8
[ sql ] [ SQL ] SHOW COLUMNS FROM `wy_users` [ RunTime:0.000996s ]
[ sql ] [ SQL ] SELECT * FROM `wy_users` WHERE  `user_id` = 704 LIMIT 1 [ RunTime:0.000608s ]
[ sql ] [ SQL ] SHOW COLUMNS FROM `chat_log` [ RunTime:0.000550s ]
[ sql ] [ SQL ] SELECT COUNT(*) AS tp_count FROM `chat_log` WHERE  `toid` = 704  AND `is_read` = 0 LIMIT 1 [ RunTime:0.003569s ]
[ sql ] [ SQL ] SELECT * FROM `wy_users` WHERE  `user_id` = 704 LIMIT 1 [ RunTime:0.000293s ]
[ sql ] [ SQL ] SHOW COLUMNS FROM `wy_online` [ RunTime:0.000516s ]
[ sql ] [ SQL ] SELECT * FROM `wy_online` WHERE  `user_id` = 704 LIMIT 1 [ RunTime:0.000243s ]
[ sql ] [ SQL ] UPDATE `wy_online`  SET `user_id`=704,`user_name`='PAUZZZ',`user_sex`=0,`user_ico`='http://www.pauzzz.com/uploadfiles/avatar/20190910/1568096892927_162.jpg',`active_time`=1573357055,`hidden`=0  WHERE  `user_id` = 704 [ RunTime:0.000775s ]
---------------------------------------------------------------
[ 2019-11-10T11:37:37+08:00 ] 106.34.199.100 GET /index/chat/getdata.html
[ sql ] [ DB ] CONNECT:[ UseTime:0.000605s ] mysql:host=127.0.0.1;port=3306;dbname=henimeet;charset=utf8
[ sql ] [ SQL ] SHOW COLUMNS FROM `wy_users` [ RunTime:0.000987s ]
[ sql ] [ SQL ] SELECT * FROM `wy_users` WHERE  `user_id` = 704 LIMIT 1 [ RunTime:0.000426s ]
[ sql ] [ SQL ] SHOW COLUMNS FROM `chat_log` [ RunTime:0.000526s ]
[ sql ] [ SQL ] SELECT COUNT(*) AS tp_count FROM `chat_log` WHERE  `toid` = 704  AND `is_read` = 0 LIMIT 1 [ RunTime:0.000203s ]
[ sql ] [ SQL ] SELECT * FROM `wy_users` WHERE  `user_id` = 704 LIMIT 1 [ RunTime:0.000270s ]
[ sql ] [ SQL ] SHOW COLUMNS FROM `wy_online` [ RunTime:0.000513s ]
[ sql ] [ SQL ] SELECT * FROM `wy_online` WHERE  `user_id` = 704 LIMIT 1 [ RunTime:0.000256s ]
[ sql ] [ SQL ] UPDATE `wy_online`  SET `user_id`=704,`user_name`='PAUZZZ',`user_sex`=0,`user_ico`='http://www.pauzzz.com/uploadfiles/avatar/20190910/1568096892927_162.jpg',`active_time`=1573357056,`hidden`=0  WHERE  `user_id` = 704 [ RunTime:0.000384s ]
[ sql ] [ SQL ] SELECT * FROM `chat_log` WHERE  (  fromid='704' or toid='704' ) ORDER BY timeline desc [ RunTime:0.017847s ]
[ sql ] [ SQL ] SELECT `user_id`,`user_name`,`user_ico`,`user_sex` FROM `wy_users` WHERE  `user_id` IN (4180,7936,8204,14479,14257,8130,9136,10756,9392,14409,13894,7959,834,10512,8494,11559,10012,9246,12437,1708,11884,13029,12053,13996,13269,13176,6921,13292,13219,10953,13261,13597,8928,11348,13410,13213,12472,1459,11509,812,13183,13206,12433,13009,11370,12856,11934,13037,10625,10701,8941,12087,12625,12315,10835,12646,5662,11259,12596,12323,1655,9895,1814,12364,11240,12280,12284,5613,11810,2302,12037,11951,12016,11691,10656,11613,11708,11813,11359,9159,3710,11587,11180,11460,11352,11459,9533,11238,11220,3644,11346,6783,5938,11116,11049,10743,11186,11108,10264,10878,11040,11109,10042,11033,10978,8215,13711,9214,703,12560) [ RunTime:0.004386s ]
[ sql ] [ SQL ] SELECT COUNT(*) AS tp_count FROM `chat_log` WHERE  `fromid` = 703  AND `toid` = 704  AND `is_read` = 0 LIMIT 1 [ RunTime:0.000501s ]
[ sql ] [ SQL ] SELECT COUNT(*) AS tp_count FROM `chat_log` WHERE  `fromid` = 812  AND `toid` = 704  AND `is_read` = 0 LIMIT 1 [ RunTime:0.003616s ]
[ sql ] [ SQL ] SELECT COUNT(*) AS tp_count FROM `chat_log` WHERE  `fromid` = 834  AND `toid` = 704  AND `is_read` = 0 LIMIT 1 [ RunTime:0.005397s ]
[ sql ] [ SQL ] SELECT COUNT(*) AS tp_count FROM `chat_log` WHERE  `fromid` = 1459  AND `toid` = 704  AND `is_read` = 0 LIMIT 1 [ RunTime:0.000292s ]
[ sql ] [ SQL ] SELECT COUNT(*) AS tp_count FROM `chat_log` WHERE  `fromid` = 1655  AND `toid` = 704  AND `is_read` = 0 LIMIT 1 [ RunTime:0.003415s ]
[ sql ] [ SQL ] SELECT COUNT(*) AS tp_count FROM `chat_log` WHERE  `fromid` = 1708  AND `toid` = 704  AND `is_read` = 0 LIMIT 1 [ RunTime:0.008553s ]
[ sql ] [ SQL ] SELECT COUNT(*) AS tp_count FROM `chat_log` WHERE  `fromid` = 1814  AND `toid` = 704  AND `is_read` = 0 LIMIT 1 [ RunTime:0.002863s ]
[ sql ] [ SQL ] SELECT COUNT(*) AS tp_count FROM `chat_log` WHERE  `fromid` = 2302  AND `toid` = 704  AND `is_read` = 0 LIMIT 1 [ RunTime:0.001990s ]
[ sql ] [ SQL ] SELECT COUNT(*) AS tp_count FROM `chat_log` WHERE  `fromid` = 3644  AND `toid` = 704  AND `is_read` = 0 LIMIT 1 [ RunTime:0.000932s ]
[ sql ] [ SQL ] SELECT COUNT(*) AS tp_count FROM `chat_log` WHERE  `fromid` = 3710  AND `toid` = 704  AND `is_read` = 0 LIMIT 1 [ RunTime:0.003248s ]
[ sql ] [ SQL ] SELECT COUNT(*) AS tp_count FROM `chat_log` WHERE  `fromid` = 4180  AND `toid` = 704  AND `is_read` = 0 LIMIT 1 [ RunTime:0.003957s ]
[ sql ] [ SQL ] SELECT COUNT(*) AS tp_count FROM `chat_log` WHERE  `fromid` = 5613  AND `toid` = 704  AND `is_read` = 0 LIMIT 1 [ RunTime:0.004601s ]
[ sql ] [ SQL ] SELECT COUNT(*) AS tp_count FROM `chat_log` WHERE  `fromid` = 5662  AND `toid` = 704  AND `is_read` = 0 LIMIT 1 [ RunTime:0.000297s ]
[ sql ] [ SQL ] SELECT COUNT(*) AS tp_count FROM `chat_log` WHERE  `fromid` = 5938  AND `toid` = 704  AND `is_read` = 0 LIMIT 1 [ RunTime:0.003185s ]
[ sql ] [ SQL ] SELECT COUNT(*) AS tp_count FROM `chat_log` WHERE  `fromid` = 6783  AND `toid` = 704  AND `is_read` = 0 LIMIT 1 [ RunTime:0.000315s ]
[ sql ] [ SQL ] SELECT COUNT(*) AS tp_count FROM `chat_log` WHERE  `fromid` = 6921  AND `toid` = 704  AND `is_read` = 0 LIMIT 1 [ RunTime:0.002541s ]
[ sql ] [ SQL ] SELECT COUNT(*) AS tp_count FROM `chat_log` WHERE  `fromid` = 7936  AND `toid` = 704  AND `is_read` = 0 LIMIT 1 [ RunTime:0.006500s ]
[ sql ] [ SQL ] SELECT COUNT(*) AS tp_count FROM `chat_log` WHERE  `fromid` = 7959  AND `toid` = 704  AND `is_read` = 0 LIMIT 1 [ RunTime:0.003261s ]
[ sql ] [ SQL ] SELECT COUNT(*) AS tp_count FROM `chat_log` WHERE  `fromid` = 8130  AND `toid` = 704  AND `is_read` = 0 LIMIT 1 [ RunTime:0.003040s ]
[ sql ] [ SQL ] SELECT COUNT(*) AS tp_count FROM `chat_log` WHERE  `fromid` = 8204  AND `toid` = 704  AND `is_read` = 0 LIMIT 1 [ RunTime:0.003174s ]
[ sql ] [ SQL ] SELECT COUNT(*) AS tp_count FROM `chat_log` WHERE  `fromid` = 8215  AND `toid` = 704  AND `is_read` = 0 LIMIT 1 [ RunTime:0.002385s ]
[ sql ] [ SQL ] SELECT COUNT(*) AS tp_count FROM `chat_log` WHERE  `fromid` = 8494  AND `toid` = 704  AND `is_read` = 0 LIMIT 1 [ RunTime:0.003125s ]
[ sql ] [ SQL ] SELECT COUNT(*) AS tp_count FROM `chat_log` WHERE  `fromid` = 8928  AND `toid` = 704  AND `is_read` = 0 LIMIT 1 [ RunTime:0.000278s ]
[ sql ] [ SQL ] SELECT COUNT(*) AS tp_count FROM `chat_log` WHERE  `fromid` = 8941  AND `toid` = 704  AND `is_read` = 0 LIMIT 1 [ RunTime:0.000273s ]
[ sql ] [ SQL ] SELECT COUNT(*) AS tp_count FROM `chat_log` WHERE  `fromid` = 9136  AND `toid` = 704  AND `is_read` = 0 LIMIT 1 [ RunTime:0.000358s ]
[ sql ] [ SQL ] SELECT COUNT(*) AS tp_count FROM `chat_log` WHERE  `fromid` = 9159  AND `toid` = 704  AND `is_read` = 0 LIMIT 1 [ RunTime:0.000321s ]
[ sql ] [ SQL ] SELECT COUNT(*) AS tp_count FROM `chat_log` WHERE  `fromid` = 9214  AND `toid` = 704  AND `is_read` = 0 LIMIT 1 [ RunTime:0.000256s ]
[ sql ] [ SQL ] SELECT COUNT(*) AS tp_count FROM `chat_log` WHERE  `fromid` = 9246  AND `toid` = 704  AND `is_read` = 0 LIMIT 1 [ RunTime:0.000324s ]
[ sql ] [ SQL ] SELECT COUNT(*) AS tp_count FROM `chat_log` WHERE  `fromid` = 9392  AND `toid` = 704  AND `is_read` = 0 LIMIT 1 [ RunTime:0.003412s ]
[ sql ] [ SQL ] SELECT COUNT(*) AS tp_count FROM `chat_log` WHERE  `fromid` = 9533  AND `toid` = 704  AND `is_read` = 0 LIMIT 1 [ RunTime:0.000450s ]
[ sql ] [ SQL ] SELECT COUNT(*) AS tp_count FROM `chat_log` WHERE  `fromid` = 9895  AND `toid` = 704  AND `is_read` = 0 LIMIT 1 [ RunTime:0.000300s ]
[ sql ] [ SQL ] SELECT COUNT(*) AS tp_count FROM `chat_log` WHERE  `fromid` = 10012  AND `toid` = 704  AND `is_read` = 0 LIMIT 1 [ RunTime:0.000318s ]
[ sql ] [ SQL ] SELECT COUNT(*) AS tp_count FROM `chat_log` WHERE  `fromid` = 10042  AND `toid` = 704  AND `is_read` = 0 LIMIT 1 [ RunTime:0.000295s ]
[ sql ] [ SQL ] SELECT COUNT(*) AS tp_count FROM `chat_log` WHERE  `fromid` = 10264  AND `toid` = 704  AND `is_read` = 0 LIMIT 1 [ RunTime:0.000244s ]
[ sql ] [ SQL ] SELECT COUNT(*) AS tp_count FROM `chat_log` WHERE  `fromid` = 10512  AND `toid` = 704  AND `is_read` = 0 LIMIT 1 [ RunTime:0.000386s ]
[ sql ] [ SQL ] SELECT COUNT(*) AS tp_count FROM `chat_log` WHERE  `fromid` = 10625  AND `toid` = 704  AND `is_read` = 0 LIMIT 1 [ RunTime:0.002681s ]
[ sql ] [ SQL ] SELECT COUNT(*) AS tp_count FROM `chat_log` WHERE  `fromid` = 10656  AND `toid` = 704  AND `is_read` = 0 LIMIT 1 [ RunTime:0.002768s ]
[ sql ] [ SQL ] SELECT COUNT(*) AS tp_count FROM `chat_log` WHERE  `fromid` = 10701  AND `toid` = 704  AND `is_read` = 0 LIMIT 1 [ RunTime:0.000311s ]
[ sql ] [ SQL ] SELECT COUNT(*) AS tp_count FROM `chat_log` WHERE  `fromid` = 10743  AND `toid` = 704  AND `is_read` = 0 LIMIT 1 [ RunTime:0.002797s ]
[ sql ] [ SQL ] SELECT COUNT(*) AS tp_count FROM `chat_log` WHERE  `fromid` = 10756  AND `toid` = 704  AND `is_read` = 0 LIMIT 1 [ RunTime:0.003017s ]
[ sql ] [ SQL ] SELECT COUNT(*) AS tp_count FROM `chat_log` WHERE  `fromid` = 10835  AND `toid` = 704  AND `is_read` = 0 LIMIT 1 [ RunTime:0.002874s ]
[ sql ] [ SQL ] SELECT COUNT(*) AS tp_count FROM `chat_log` WHERE  `fromid` = 10878  AND `toid` = 704  AND `is_read` = 0 LIMIT 1 [ RunTime:0.000639s ]
[ sql ] [ SQL ] SELECT COUNT(*) AS tp_count FROM `chat_log` WHERE  `fromid` = 10953  AND `toid` = 704  AND `is_read` = 0 LIMIT 1 [ RunTime:0.002798s ]
[ sql ] [ SQL ] SELECT COUNT(*) AS tp_count FROM `chat_log` WHERE  `fromid` = 10978  AND `toid` = 704  AND `is_read` = 0 LIMIT 1 [ RunTime:0.000360s ]
[ sql ] [ SQL ] SELECT COUNT(*) AS tp_count FROM `chat_log` WHERE  `fromid` = 11033  AND `toid` = 704  AND `is_read` = 0 LIMIT 1 [ RunTime:0.000284s ]
[ sql ] [ SQL ] SELECT COUNT(*) AS tp_count FROM `chat_log` WHERE  `fromid` = 11040  AND `toid` = 704  AND `is_read` = 0 LIMIT 1 [ RunTime:0.002585s ]
[ sql ] [ SQL ] SELECT COUNT(*) AS tp_count FROM `chat_log` WHERE  `fromid` = 11049  AND `toid` = 704  AND `is_read` = 0 LIMIT 1 [ RunTime:0.001143s ]
[ sql ] [ SQL ] SELECT COUNT(*) AS tp_count FROM `chat_log` WHERE  `fromid` = 11108  AND `toid` = 704  AND `is_read` = 0 LIMIT 1 [ RunTime:0.000324s ]
[ sql ] [ SQL ] SELECT COUNT(*) AS tp_count FROM `chat_log` WHERE  `fromid` = 11109  AND `toid` = 704  AND `is_read` = 0 LIMIT 1 [ RunTime:0.000289s ]
[ sql ] [ SQL ] SELECT COUNT(*) AS tp_count FROM `chat_log` WHERE  `fromid` = 11116  AND `toid` = 704  AND `is_read` = 0 LIMIT 1 [ RunTime:0.000347s ]
[ sql ] [ SQL ] SELECT COUNT(*) AS tp_count FROM `chat_log` WHERE  `fromid` = 11180  AND `toid` = 704  AND `is_read` = 0 LIMIT 1 [ RunTime:0.002254s ]
[ sql ] [ SQL ] SELECT COUNT(*) AS tp_count FROM `chat_log` WHERE  `fromid` = 11186  AND `toid` = 704  AND `is_read` = 0 LIMIT 1 [ RunTime:0.000282s ]
[ sql ] [ SQL ] SELECT COUNT(*) AS tp_count FROM `chat_log` WHERE  `fromid` = 11220  AND `toid` = 704  AND `is_read` = 0 LIMIT 1 [ RunTime:0.003010s ]
[ sql ] [ SQL ] SELECT COUNT(*) AS tp_count FROM `chat_log` WHERE  `fromid` = 11238  AND `toid` = 704  AND `is_read` = 0 LIMIT 1 [ RunTime:0.000264s ]
[ sql ] [ SQL ] SELECT COUNT(*) AS tp_count FROM `chat_log` WHERE  `fromid` = 11240  AND `toid` = 704  AND `is_read` = 0 LIMIT 1 [ RunTime:0.002044s ]
[ sql ] [ SQL ] SELECT COUNT(*) AS tp_count FROM `chat_log` WHERE  `fromid` = 11259  AND `toid` = 704  AND `is_read` = 0 LIMIT 1 [ RunTime:0.000312s ]
[ sql ] [ SQL ] SELECT COUNT(*) AS tp_count FROM `chat_log` WHERE  `fromid` = 11346  AND `toid` = 704  AND `is_read` = 0 LIMIT 1 [ RunTime:0.000372s ]
[ sql ] [ SQL ] SELECT COUNT(*) AS tp_count FROM `chat_log` WHERE  `fromid` = 11348  AND `toid` = 704  AND `is_read` = 0 LIMIT 1 [ RunTime:0.003121s ]
[ sql ] [ SQL ] SELECT COUNT(*) AS tp_count FROM `chat_log` WHERE  `fromid` = 11352  AND `toid` = 704  AND `is_read` = 0 LIMIT 1 [ RunTime:0.002954s ]
[ sql ] [ SQL ] SELECT COUNT(*) AS tp_count FROM `chat_log` WHERE  `fromid` = 11359  AND `toid` = 704  AND `is_read` = 0 LIMIT 1 [ RunTime:0.002419s ]
[ sql ] [ SQL ] SELECT COUNT(*) AS tp_count FROM `chat_log` WHERE  `fromid` = 11370  AND `toid` = 704  AND `is_read` = 0 LIMIT 1 [ RunTime:0.002532s ]
[ sql ] [ SQL ] SELECT COUNT(*) AS tp_count FROM `chat_log` WHERE  `fromid` = 11459  AND `toid` = 704  AND `is_read` = 0 LIMIT 1 [ RunTime:0.000279s ]
[ sql ] [ SQL ] SELECT COUNT(*) AS tp_count FROM `chat_log` WHERE  `fromid` = 11460  AND `toid` = 704  AND `is_read` = 0 LIMIT 1 [ RunTime:0.001406s ]
[ sql ] [ SQL ] SELECT COUNT(*) AS tp_count FROM `chat_log` WHERE  `fromid` = 11509  AND `toid` = 704  AND `is_read` = 0 LIMIT 1 [ RunTime:0.002377s ]
[ sql ] [ SQL ] SELECT COUNT(*) AS tp_count FROM `chat_log` WHERE  `fromid` = 11559  AND `toid` = 704  AND `is_read` = 0 LIMIT 1 [ RunTime:0.003004s ]
[ sql ] [ SQL ] SELECT COUNT(*) AS tp_count FROM `chat_log` WHERE  `fromid` = 11587  AND `toid` = 704  AND `is_read` = 0 LIMIT 1 [ RunTime:0.001689s ]
[ sql ] [ SQL ] SELECT COUNT(*) AS tp_count FROM `chat_log` WHERE  `fromid` = 11613  AND `toid` = 704  AND `is_read` = 0 LIMIT 1 [ RunTime:0.001577s ]
[ sql ] [ SQL ] SELECT COUNT(*) AS tp_count FROM `chat_log` WHERE  `fromid` = 11691  AND `toid` = 704  AND `is_read` = 0 LIMIT 1 [ RunTime:0.001579s ]
[ sql ] [ SQL ] SELECT COUNT(*) AS tp_count FROM `chat_log` WHERE  `fromid` = 11708  AND `toid` = 704  AND `is_read` = 0 LIMIT 1 [ RunTime:0.000361s ]
[ sql ] [ SQL ] SELECT COUNT(*) AS tp_count FROM `chat_log` WHERE  `fromid` = 11810  AND `toid` = 704  AND `is_read` = 0 LIMIT 1 [ RunTime:0.002132s ]
[ sql ] [ SQL ] SELECT COUNT(*) AS tp_count FROM `chat_log` WHERE  `fromid` = 11813  AND `toid` = 704  AND `is_read` = 0 LIMIT 1 [ RunTime:0.000273s ]
[ sql ] [ SQL ] SELECT COUNT(*) AS tp_count FROM `chat_log` WHERE  `fromid` = 11884  AND `toid` = 704  AND `is_read` = 0 LIMIT 1 [ RunTime:0.002846s ]
[ sql ] [ SQL ] SELECT COUNT(*) AS tp_count FROM `chat_log` WHERE  `fromid` = 11934  AND `toid` = 704  AND `is_read` = 0 LIMIT 1 [ RunTime:0.002484s ]
[ sql ] [ SQL ] SELECT COUNT(*) AS tp_count FROM `chat_log` WHERE  `fromid` = 11951  AND `toid` = 704  AND `is_read` = 0 LIMIT 1 [ RunTime:0.000331s ]
[ sql ] [ SQL ] SELECT COUNT(*) AS tp_count FROM `chat_log` WHERE  `fromid` = 12016  AND `toid` = 704  AND `is_read` = 0 LIMIT 1 [ RunTime:0.000291s ]
[ sql ] [ SQL ] SELECT COUNT(*) AS tp_count FROM `chat_log` WHERE  `fromid` = 12037  AND `toid` = 704  AND `is_read` = 0 LIMIT 1 [ RunTime:0.000260s ]
[ sql ] [ SQL ] SELECT COUNT(*) AS tp_count FROM `chat_log` WHERE  `fromid` = 12053  AND `toid` = 704  AND `is_read` = 0 LIMIT 1 [ RunTime:0.000311s ]
[ sql ] [ SQL ] SELECT COUNT(*) AS tp_count FROM `chat_log` WHERE  `fromid` = 12087  AND `toid` = 704  AND `is_read` = 0 LIMIT 1 [ RunTime:0.002393s ]
[ sql ] [ SQL ] SELECT COUNT(*) AS tp_count FROM `chat_log` WHERE  `fromid` = 12280  AND `toid` = 704  AND `is_read` = 0 LIMIT 1 [ RunTime:0.002218s ]
[ sql ] [ SQL ] SELECT COUNT(*) AS tp_count FROM `chat_log` WHERE  `fromid` = 12284  AND `toid` = 704  AND `is_read` = 0 LIMIT 1 [ RunTime:0.000293s ]
[ sql ] [ SQL ] SELECT COUNT(*) AS tp_count FROM `chat_log` WHERE  `fromid` = 12315  AND `toid` = 704  AND `is_read` = 0 LIMIT 1 [ RunTime:0.002501s ]
[ sql ] [ SQL ] SELECT COUNT(*) AS tp_count FROM `chat_log` WHERE  `fromid` = 12323  AND `toid` = 704  AND `is_read` = 0 LIMIT 1 [ RunTime:0.000316s ]
[ sql ] [ SQL ] SELECT COUNT(*) AS tp_count FROM `chat_log` WHERE  `fromid` = 12364  AND `toid` = 704  AND `is_read` = 0 LIMIT 1 [ RunTime:0.002016s ]
[ sql ] [ SQL ] SELECT COUNT(*) AS tp_count FROM `chat_log` WHERE  `fromid` = 12433  AND `toid` = 704  AND `is_read` = 0 LIMIT 1 [ RunTime:0.002328s ]
[ sql ] [ SQL ] SELECT COUNT(*) AS tp_count FROM `chat_log` WHERE  `fromid` = 12437  AND `toid` = 704  AND `is_read` = 0 LIMIT 1 [ RunTime:0.000334s ]
[ sql ] [ SQL ] SELECT COUNT(*) AS tp_count FROM `chat_log` WHERE  `fromid` = 12472  AND `toid` = 704  AND `is_read` = 0 LIMIT 1 [ RunTime:0.002607s ]
[ sql ] [ SQL ] SELECT COUNT(*) AS tp_count FROM `chat_log` WHERE  `fromid` = 12560  AND `toid` = 704  AND `is_read` = 0 LIMIT 1 [ RunTime:0.000249s ]
[ sql ] [ SQL ] SELECT COUNT(*) AS tp_count FROM `chat_log` WHERE  `fromid` = 12596  AND `toid` = 704  AND `is_read` = 0 LIMIT 1 [ RunTime:0.002597s ]
[ sql ] [ SQL ] SELECT COUNT(*) AS tp_count FROM `chat_log` WHERE  `fromid` = 12625  AND `toid` = 704  AND `is_read` = 0 LIMIT 1 [ RunTime:0.002374s ]
[ sql ] [ SQL ] SELECT COUNT(*) AS tp_count FROM `chat_log` WHERE  `fromid` = 12646  AND `toid` = 704  AND `is_read` = 0 LIMIT 1 [ RunTime:0.002255s ]
[ sql ] [ SQL ] SELECT COUNT(*) AS tp_count FROM `chat_log` WHERE  `fromid` = 12856  AND `toid` = 704  AND `is_read` = 0 LIMIT 1 [ RunTime:0.000408s ]
[ sql ] [ SQL ] SELECT COUNT(*) AS tp_count FROM `chat_log` WHERE  `fromid` = 13009  AND `toid` = 704  AND `is_read` = 0 LIMIT 1 [ RunTime:0.002404s ]
[ sql ] [ SQL ] SELECT COUNT(*) AS tp_count FROM `chat_log` WHERE  `fromid` = 13029  AND `toid` = 704  AND `is_read` = 0 LIMIT 1 [ RunTime:0.003014s ]
[ sql ] [ SQL ] SELECT COUNT(*) AS tp_count FROM `chat_log` WHERE  `fromid` = 13037  AND `toid` = 704  AND `is_read` = 0 LIMIT 1 [ RunTime:0.002267s ]
[ sql ] [ SQL ] SELECT COUNT(*) AS tp_count FROM `chat_log` WHERE  `fromid` = 13176  AND `toid` = 704  AND `is_read` = 0 LIMIT 1 [ RunTime:0.002708s ]
[ sql ] [ SQL ] SELECT COUNT(*) AS tp_count FROM `chat_log` WHERE  `fromid` = 13183  AND `toid` = 704  AND `is_read` = 0 LIMIT 1 [ RunTime:0.000281s ]
[ sql ] [ SQL ] SELECT COUNT(*) AS tp_count FROM `chat_log` WHERE  `fromid` = 13206  AND `toid` = 704  AND `is_read` = 0 LIMIT 1 [ RunTime:0.000293s ]
[ sql ] [ SQL ] SELECT COUNT(*) AS tp_count FROM `chat_log` WHERE  `fromid` = 13213  AND `toid` = 704  AND `is_read` = 0 LIMIT 1 [ RunTime:0.002620s ]
[ sql ] [ SQL ] SELECT COUNT(*) AS tp_count FROM `chat_log` WHERE  `fromid` = 13219  AND `toid` = 704  AND `is_read` = 0 LIMIT 1 [ RunTime:0.002956s ]
[ sql ] [ SQL ] SELECT COUNT(*) AS tp_count FROM `chat_log` WHERE  `fromid` = 13261  AND `toid` = 704  AND `is_read` = 0 LIMIT 1 [ RunTime:0.002476s ]
[ sql ] [ SQL ] SELECT COUNT(*) AS tp_count FROM `chat_log` WHERE  `fromid` = 13269  AND `toid` = 704  AND `is_read` = 0 LIMIT 1 [ RunTime:0.002793s ]
[ sql ] [ SQL ] SELECT COUNT(*) AS tp_count FROM `chat_log` WHERE  `fromid` = 13292  AND `toid` = 704  AND `is_read` = 0 LIMIT 1 [ RunTime:0.000293s ]
[ sql ] [ SQL ] SELECT COUNT(*) AS tp_count FROM `chat_log` WHERE  `fromid` = 13410  AND `toid` = 704  AND `is_read` = 0 LIMIT 1 [ RunTime:0.000274s ]
[ sql ] [ SQL ] SELECT COUNT(*) AS tp_count FROM `chat_log` WHERE  `fromid` = 13597  AND `toid` = 704  AND `is_read` = 0 LIMIT 1 [ RunTime:0.000347s ]
[ sql ] [ SQL ] SELECT COUNT(*) AS tp_count FROM `chat_log` WHERE  `fromid` = 13711  AND `toid` = 704  AND `is_read` = 0 LIMIT 1 [ RunTime:0.000243s ]
[ sql ] [ SQL ] SELECT COUNT(*) AS tp_count FROM `chat_log` WHERE  `fromid` = 13894  AND `toid` = 704  AND `is_read` = 0 LIMIT 1 [ RunTime:0.002952s ]
[ sql ] [ SQL ] SELECT COUNT(*) AS tp_count FROM `chat_log` WHERE  `fromid` = 13996  AND `toid` = 704  AND `is_read` = 0 LIMIT 1 [ RunTime:0.002604s ]
[ sql ] [ SQL ] SELECT COUNT(*) AS tp_count FROM `chat_log` WHERE  `fromid` = 14257  AND `toid` = 704  AND `is_read` = 0 LIMIT 1 [ RunTime:0.003345s ]
[ sql ] [ SQL ] SELECT COUNT(*) AS tp_count FROM `chat_log` WHERE  `fromid` = 14409  AND `toid` = 704  AND `is_read` = 0 LIMIT 1 [ RunTime:0.000390s ]
[ sql ] [ SQL ] SELECT COUNT(*) AS tp_count FROM `chat_log` WHERE  `fromid` = 14479  AND `toid` = 704  AND `is_read` = 0 LIMIT 1 [ RunTime:0.000292s ]
---------------------------------------------------------------
[ 2019-11-10T13:28:39+08:00 ] 106.34.102.47 GET /index/main/index.html
[ sql ] [ DB ] CONNECT:[ UseTime:0.000612s ] mysql:host=127.0.0.1;port=3306;dbname=henimeet;charset=utf8
[ sql ] [ SQL ] SHOW COLUMNS FROM `wy_users` [ RunTime:0.001050s ]
[ sql ] [ SQL ] SELECT * FROM `wy_users` WHERE  `user_id` = 1181 LIMIT 1 [ RunTime:0.000609s ]
[ sql ] [ SQL ] SHOW COLUMNS FROM `chat_log` [ RunTime:0.000559s ]
[ sql ] [ SQL ] SELECT COUNT(*) AS tp_count FROM `chat_log` WHERE  `toid` = 1181  AND `is_read` = 0 LIMIT 1 [ RunTime:0.000386s ]
[ sql ] [ SQL ] SELECT * FROM `wy_users` WHERE  `user_id` = 1181 LIMIT 1 [ RunTime:0.000286s ]
[ sql ] [ SQL ] SHOW COLUMNS FROM `wy_online` [ RunTime:0.000511s ]
[ sql ] [ SQL ] SELECT * FROM `wy_online` WHERE  `user_id` = 1181 LIMIT 1 [ RunTime:0.000242s ]
[ sql ] [ SQL ] UPDATE `wy_online`  SET `user_id`=1181,`user_name`='lili',`user_sex`=0,`user_ico`='http://www.pauzzz.com/uploadfiles/avatar/20180830/1535608129875_162.jpg',`active_time`=1573363719,`hidden`=0  WHERE  `user_id` = 1181 [ RunTime:0.000368s ]
---------------------------------------------------------------
[ 2019-11-10T13:28:42+08:00 ] 106.34.102.47 GET /index/main/query/page/1.html
[ sql ] [ DB ] CONNECT:[ UseTime:0.000561s ] mysql:host=127.0.0.1;port=3306;dbname=henimeet;charset=utf8
[ sql ] [ SQL ] SHOW COLUMNS FROM `wy_users` [ RunTime:0.000986s ]
[ sql ] [ SQL ] SELECT * FROM `wy_users` WHERE  `user_id` = 1181 LIMIT 1 [ RunTime:0.000416s ]
[ sql ] [ SQL ] SHOW COLUMNS FROM `chat_log` [ RunTime:0.000566s ]
[ sql ] [ SQL ] SELECT COUNT(*) AS tp_count FROM `chat_log` WHERE  `toid` = 1181  AND `is_read` = 0 LIMIT 1 [ RunTime:0.000189s ]
[ sql ] [ SQL ] SELECT * FROM `wy_users` WHERE  `user_id` = 1181 LIMIT 1 [ RunTime:0.000275s ]
[ sql ] [ SQL ] SHOW COLUMNS FROM `wy_online` [ RunTime:0.000513s ]
[ sql ] [ SQL ] SELECT * FROM `wy_online` WHERE  `user_id` = 1181 LIMIT 1 [ RunTime:0.000265s ]
[ sql ] [ SQL ] UPDATE `wy_online`  SET `user_id`=1181,`user_name`='lili',`user_sex`=0,`user_ico`='http://www.pauzzz.com/uploadfiles/avatar/20180830/1535608129875_162.jpg',`active_time`=1573363722,`hidden`=0  WHERE  `user_id` = 1181 [ RunTime:0.000374s ]
[ sql ] [ SQL ] SELECT COUNT(*) AS tp_count FROM `wy_users` WHERE  `user_sex` <> 0  AND `is_pass` <> 0 LIMIT 1 [ RunTime:0.010067s ]
[ sql ] [ SQL ] SELECT `u`.`user_name`,`u`.`user_ico`,`u`.`user_sex`,`u`.`user_group`,`u`.`user_id`,`o`.`online_id` FROM `wy_users` `u` LEFT JOIN `wy_online` `o` ON `u`.`user_id`=`o`.`user_id` WHERE  (  u.user_sex != '0' and u.is_pass!='0' ) ORDER BY u.is_service desc, o.active_time desc LIMIT 0,16 [ RunTime:0.019516s ]
---------------------------------------------------------------
[ 2019-11-10T13:28:43+08:00 ] 106.34.102.47 GET /index/chat/index.html
[ sql ] [ DB ] CONNECT:[ UseTime:0.000717s ] mysql:host=127.0.0.1;port=3306;dbname=henimeet;charset=utf8
[ sql ] [ SQL ] SHOW COLUMNS FROM `wy_users` [ RunTime:0.001006s ]
[ sql ] [ SQL ] SELECT * FROM `wy_users` WHERE  `user_id` = 1181 LIMIT 1 [ RunTime:0.000451s ]
[ sql ] [ SQL ] SHOW COLUMNS FROM `chat_log` [ RunTime:0.000536s ]
[ sql ] [ SQL ] SELECT COUNT(*) AS tp_count FROM `chat_log` WHERE  `toid` = 1181  AND `is_read` = 0 LIMIT 1 [ RunTime:0.000201s ]
[ sql ] [ SQL ] SELECT * FROM `wy_users` WHERE  `user_id` = 1181 LIMIT 1 [ RunTime:0.000290s ]
[ sql ] [ SQL ] SHOW COLUMNS FROM `wy_online` [ RunTime:0.000491s ]
[ sql ] [ SQL ] SELECT * FROM `wy_online` WHERE  `user_id` = 1181 LIMIT 1 [ RunTime:0.000262s ]
[ sql ] [ SQL ] UPDATE `wy_online`  SET `user_id`=1181,`user_name`='lili',`user_sex`=0,`user_ico`='http://www.pauzzz.com/uploadfiles/avatar/20180830/1535608129875_162.jpg',`active_time`=1573363723,`hidden`=0  WHERE  `user_id` = 1181 [ RunTime:0.000296s ]
---------------------------------------------------------------
[ 2019-11-10T13:28:44+08:00 ] 106.34.102.47 GET /index/chat/getdata.html
[ sql ] [ DB ] CONNECT:[ UseTime:0.000596s ] mysql:host=127.0.0.1;port=3306;dbname=henimeet;charset=utf8
[ sql ] [ SQL ] SHOW COLUMNS FROM `wy_users` [ RunTime:0.002537s ]
[ sql ] [ SQL ] SELECT * FROM `wy_users` WHERE  `user_id` = 1181 LIMIT 1 [ RunTime:0.000565s ]
[ sql ] [ SQL ] SHOW COLUMNS FROM `chat_log` [ RunTime:0.000715s ]
[ sql ] [ SQL ] SELECT COUNT(*) AS tp_count FROM `chat_log` WHERE  `toid` = 1181  AND `is_read` = 0 LIMIT 1 [ RunTime:0.000225s ]
[ sql ] [ SQL ] SELECT * FROM `wy_users` WHERE  `user_id` = 1181 LIMIT 1 [ RunTime:0.000374s ]
[ sql ] [ SQL ] SHOW COLUMNS FROM `wy_online` [ RunTime:0.000689s ]
[ sql ] [ SQL ] SELECT * FROM `wy_online` WHERE  `user_id` = 1181 LIMIT 1 [ RunTime:0.000355s ]
[ sql ] [ SQL ] UPDATE `wy_online`  SET `user_id`=1181,`user_name`='lili',`user_sex`=0,`user_ico`='http://www.pauzzz.com/uploadfiles/avatar/20180830/1535608129875_162.jpg',`active_time`=1573363724,`hidden`=0  WHERE  `user_id` = 1181 [ RunTime:0.000324s ]
[ sql ] [ SQL ] SELECT * FROM `chat_log` WHERE  (  fromid='1181' or toid='1181' ) ORDER BY timeline desc [ RunTime:0.001391s ]
[ sql ] [ SQL ] SELECT `user_id`,`user_name`,`user_ico`,`user_sex` FROM `wy_users` WHERE  `user_id` IN (1664,11262,1708,14257,11559,13996,13176,12087,12646,11180,10649,11317,11240,11708,11049,5452) [ RunTime:0.000608s ]
[ sql ] [ SQL ] SELECT COUNT(*) AS tp_count FROM `chat_log` WHERE  `fromid` = 1664  AND `toid` = 1181  AND `is_read` = 0 LIMIT 1 [ RunTime:0.000719s ]
[ sql ] [ SQL ] SELECT COUNT(*) AS tp_count FROM `chat_log` WHERE  `fromid` = 1708  AND `toid` = 1181  AND `is_read` = 0 LIMIT 1 [ RunTime:0.000459s ]
[ sql ] [ SQL ] SELECT COUNT(*) AS tp_count FROM `chat_log` WHERE  `fromid` = 5452  AND `toid` = 1181  AND `is_read` = 0 LIMIT 1 [ RunTime:0.000998s ]
[ sql ] [ SQL ] SELECT COUNT(*) AS tp_count FROM `chat_log` WHERE  `fromid` = 10649  AND `toid` = 1181  AND `is_read` = 0 LIMIT 1 [ RunTime:0.000669s ]
[ sql ] [ SQL ] SELECT COUNT(*) AS tp_count FROM `chat_log` WHERE  `fromid` = 11049  AND `toid` = 1181  AND `is_read` = 0 LIMIT 1 [ RunTime:0.000709s ]
[ sql ] [ SQL ] SELECT COUNT(*) AS tp_count FROM `chat_log` WHERE  `fromid` = 11180  AND `toid` = 1181  AND `is_read` = 0 LIMIT 1 [ RunTime:0.000598s ]
[ sql ] [ SQL ] SELECT COUNT(*) AS tp_count FROM `chat_log` WHERE  `fromid` = 11240  AND `toid` = 1181  AND `is_read` = 0 LIMIT 1 [ RunTime:0.000767s ]
[ sql ] [ SQL ] SELECT COUNT(*) AS tp_count FROM `chat_log` WHERE  `fromid` = 11262  AND `toid` = 1181  AND `is_read` = 0 LIMIT 1 [ RunTime:0.001448s ]
[ sql ] [ SQL ] SELECT COUNT(*) AS tp_count FROM `chat_log` WHERE  `fromid` = 11317  AND `toid` = 1181  AND `is_read` = 0 LIMIT 1 [ RunTime:0.000486s ]
[ sql ] [ SQL ] SELECT COUNT(*) AS tp_count FROM `chat_log` WHERE  `fromid` = 11559  AND `toid` = 1181  AND `is_read` = 0 LIMIT 1 [ RunTime:0.000671s ]
[ sql ] [ SQL ] SELECT COUNT(*) AS tp_count FROM `chat_log` WHERE  `fromid` = 11708  AND `toid` = 1181  AND `is_read` = 0 LIMIT 1 [ RunTime:0.000409s ]
[ sql ] [ SQL ] SELECT COUNT(*) AS tp_count FROM `chat_log` WHERE  `fromid` = 12087  AND `toid` = 1181  AND `is_read` = 0 LIMIT 1 [ RunTime:0.001080s ]
[ sql ] [ SQL ] SELECT COUNT(*) AS tp_count FROM `chat_log` WHERE  `fromid` = 12646  AND `toid` = 1181  AND `is_read` = 0 LIMIT 1 [ RunTime:0.000670s ]
[ sql ] [ SQL ] SELECT COUNT(*) AS tp_count FROM `chat_log` WHERE  `fromid` = 13176  AND `toid` = 1181  AND `is_read` = 0 LIMIT 1 [ RunTime:0.001187s ]
[ sql ] [ SQL ] SELECT COUNT(*) AS tp_count FROM `chat_log` WHERE  `fromid` = 13996  AND `toid` = 1181  AND `is_read` = 0 LIMIT 1 [ RunTime:0.000514s ]
[ sql ] [ SQL ] SELECT COUNT(*) AS tp_count FROM `chat_log` WHERE  `fromid` = 14257  AND `toid` = 1181  AND `is_read` = 0 LIMIT 1 [ RunTime:0.001084s ]
---------------------------------------------------------------
[ 2019-11-10T13:28:44+08:00 ] 106.34.102.47 GET /index/chat/chat/pals_id/1664
[ sql ] [ DB ] CONNECT:[ UseTime:0.000604s ] mysql:host=127.0.0.1;port=3306;dbname=henimeet;charset=utf8
[ sql ] [ SQL ] SHOW COLUMNS FROM `wy_users` [ RunTime:0.001001s ]
[ sql ] [ SQL ] SELECT * FROM `wy_users` WHERE  `user_id` = 1181 LIMIT 1 [ RunTime:0.000442s ]
[ sql ] [ SQL ] SHOW COLUMNS FROM `chat_log` [ RunTime:0.000539s ]
[ sql ] [ SQL ] SELECT COUNT(*) AS tp_count FROM `chat_log` WHERE  `toid` = 1181  AND `is_read` = 0 LIMIT 1 [ RunTime:0.000196s ]
[ sql ] [ SQL ] SELECT * FROM `wy_users` WHERE  `user_id` = 1181 LIMIT 1 [ RunTime:0.000287s ]
[ sql ] [ SQL ] SHOW COLUMNS FROM `wy_online` [ RunTime:0.000504s ]
[ sql ] [ SQL ] SELECT * FROM `wy_online` WHERE  `user_id` = 1181 LIMIT 1 [ RunTime:0.000288s ]
[ sql ] [ SQL ] UPDATE `wy_online`  SET `user_id`=1181,`user_name`='lili',`user_sex`=0,`user_ico`='http://www.pauzzz.com/uploadfiles/avatar/20180830/1535608129875_162.jpg',`active_time`=1573363724,`hidden`=0  WHERE  `user_id` = 1181 [ RunTime:0.000263s ]
[ sql ] [ SQL ] SELECT `user_id`,`user_name`,`user_ico` FROM `wy_users` WHERE  `user_id` = 1664 LIMIT 1 [ RunTime:0.000244s ]
---------------------------------------------------------------
[ 2019-11-10T13:29:10+08:00 ] 106.34.102.47 GET /index/chat/chat/pals_id/1664
[ sql ] [ DB ] CONNECT:[ UseTime:0.000604s ] mysql:host=127.0.0.1;port=3306;dbname=henimeet;charset=utf8
[ sql ] [ SQL ] SHOW COLUMNS FROM `wy_users` [ RunTime:0.001010s ]
[ sql ] [ SQL ] SELECT * FROM `wy_users` WHERE  `user_id` = 1181 LIMIT 1 [ RunTime:0.000448s ]
[ sql ] [ SQL ] SHOW COLUMNS FROM `chat_log` [ RunTime:0.000548s ]
[ sql ] [ SQL ] SELECT COUNT(*) AS tp_count FROM `chat_log` WHERE  `toid` = 1181  AND `is_read` = 0 LIMIT 1 [ RunTime:0.000378s ]
[ sql ] [ SQL ] SELECT * FROM `wy_users` WHERE  `user_id` = 1181 LIMIT 1 [ RunTime:0.000276s ]
[ sql ] [ SQL ] SHOW COLUMNS FROM `wy_online` [ RunTime:0.000517s ]
[ sql ] [ SQL ] SELECT * FROM `wy_online` WHERE  `user_id` = 1181 LIMIT 1 [ RunTime:0.000193s ]
[ sql ] [ SQL ] UPDATE `wy_online`  SET `user_id`=1181,`user_name`='lili',`user_sex`=0,`user_ico`='http://www.pauzzz.com/uploadfiles/avatar/20180830/1535608129875_162.jpg',`active_time`=1573363750,`hidden`=0  WHERE  `user_id` = 1181 [ RunTime:0.000293s ]
[ sql ] [ SQL ] SELECT `user_id`,`user_name`,`user_ico` FROM `wy_users` WHERE  `user_id` = 1664 LIMIT 1 [ RunTime:0.000176s ]
---------------------------------------------------------------
[ 2019-11-10T23:41:16+08:00 ] 106.34.102.47 GET /index/main/index.html
[ sql ] [ DB ] CONNECT:[ UseTime:0.000594s ] mysql:host=127.0.0.1;port=3306;dbname=henimeet;charset=utf8
[ sql ] [ SQL ] SHOW COLUMNS FROM `wy_users` [ RunTime:0.001040s ]
[ sql ] [ SQL ] SELECT * FROM `wy_users` WHERE  `user_id` = 1181 LIMIT 1 [ RunTime:0.000603s ]
[ sql ] [ SQL ] SHOW COLUMNS FROM `chat_log` [ RunTime:0.000558s ]
[ sql ] [ SQL ] SELECT COUNT(*) AS tp_count FROM `chat_log` WHERE  `toid` = 1181  AND `is_read` = 0 LIMIT 1 [ RunTime:0.000380s ]
[ sql ] [ SQL ] SELECT * FROM `wy_users` WHERE  `user_id` = 1181 LIMIT 1 [ RunTime:0.000286s ]
[ sql ] [ SQL ] SHOW COLUMNS FROM `wy_online` [ RunTime:0.000517s ]
[ sql ] [ SQL ] SELECT * FROM `wy_online` WHERE  `user_id` = 1181 LIMIT 1 [ RunTime:0.000246s ]
[ sql ] [ SQL ] UPDATE `wy_online`  SET `user_id`=1181,`user_name`='lili',`user_sex`=0,`user_ico`='http://www.pauzzz.com/uploadfiles/avatar/20180830/1535608129875_162.jpg',`active_time`=1573400476,`hidden`=0  WHERE  `user_id` = 1181 [ RunTime:0.000450s ]
---------------------------------------------------------------
[ 2019-11-10T23:41:17+08:00 ] 106.34.102.47 GET /index/main/query/page/1.html
[ sql ] [ DB ] CONNECT:[ UseTime:0.000621s ] mysql:host=127.0.0.1;port=3306;dbname=henimeet;charset=utf8
[ sql ] [ SQL ] SHOW COLUMNS FROM `wy_users` [ RunTime:0.001020s ]
[ sql ] [ SQL ] SELECT * FROM `wy_users` WHERE  `user_id` = 1181 LIMIT 1 [ RunTime:0.000471s ]
[ sql ] [ SQL ] SHOW COLUMNS FROM `chat_log` [ RunTime:0.000566s ]
[ sql ] [ SQL ] SELECT COUNT(*) AS tp_count FROM `chat_log` WHERE  `toid` = 1181  AND `is_read` = 0 LIMIT 1 [ RunTime:0.000195s ]
[ sql ] [ SQL ] SELECT * FROM `wy_users` WHERE  `user_id` = 1181 LIMIT 1 [ RunTime:0.000291s ]
[ sql ] [ SQL ] SHOW COLUMNS FROM `wy_online` [ RunTime:0.000503s ]
[ sql ] [ SQL ] SELECT * FROM `wy_online` WHERE  `user_id` = 1181 LIMIT 1 [ RunTime:0.000277s ]
[ sql ] [ SQL ] UPDATE `wy_online`  SET `user_id`=1181,`user_name`='lili',`user_sex`=0,`user_ico`='http://www.pauzzz.com/uploadfiles/avatar/20180830/1535608129875_162.jpg',`active_time`=1573400477,`hidden`=0  WHERE  `user_id` = 1181 [ RunTime:0.000369s ]
[ sql ] [ SQL ] SELECT COUNT(*) AS tp_count FROM `wy_users` WHERE  `user_sex` <> 0  AND `is_pass` <> 0 LIMIT 1 [ RunTime:0.010220s ]
[ sql ] [ SQL ] SELECT `u`.`user_name`,`u`.`user_ico`,`u`.`user_sex`,`u`.`user_group`,`u`.`user_id`,`o`.`online_id` FROM `wy_users` `u` LEFT JOIN `wy_online` `o` ON `u`.`user_id`=`o`.`user_id` WHERE  (  u.user_sex != '0' and u.is_pass!='0' ) ORDER BY u.is_service desc, o.active_time desc LIMIT 0,16 [ RunTime:0.019443s ]
---------------------------------------------------------------
[ 2019-11-10T23:41:19+08:00 ] 106.34.102.47 GET /index/chat/index.html
[ sql ] [ DB ] CONNECT:[ UseTime:0.000604s ] mysql:host=127.0.0.1;port=3306;dbname=henimeet;charset=utf8
[ sql ] [ SQL ] SHOW COLUMNS FROM `wy_users` [ RunTime:0.000973s ]
[ sql ] [ SQL ] SELECT * FROM `wy_users` WHERE  `user_id` = 1181 LIMIT 1 [ RunTime:0.000552s ]
[ sql ] [ SQL ] SHOW COLUMNS FROM `chat_log` [ RunTime:0.000545s ]
[ sql ] [ SQL ] SELECT COUNT(*) AS tp_count FROM `chat_log` WHERE  `toid` = 1181  AND `is_read` = 0 LIMIT 1 [ RunTime:0.000196s ]
[ sql ] [ SQL ] SELECT * FROM `wy_users` WHERE  `user_id` = 1181 LIMIT 1 [ RunTime:0.000294s ]
[ sql ] [ SQL ] SHOW COLUMNS FROM `wy_online` [ RunTime:0.000490s ]
[ sql ] [ SQL ] SELECT * FROM `wy_online` WHERE  `user_id` = 1181 LIMIT 1 [ RunTime:0.000255s ]
[ sql ] [ SQL ] UPDATE `wy_online`  SET `user_id`=1181,`user_name`='lili',`user_sex`=0,`user_ico`='http://www.pauzzz.com/uploadfiles/avatar/20180830/1535608129875_162.jpg',`active_time`=1573400479,`hidden`=0  WHERE  `user_id` = 1181 [ RunTime:0.000401s ]
---------------------------------------------------------------
[ 2019-11-10T23:41:19+08:00 ] 106.34.102.47 GET /index/chat/getdata.html
[ sql ] [ DB ] CONNECT:[ UseTime:0.000700s ] mysql:host=127.0.0.1;port=3306;dbname=henimeet;charset=utf8
[ sql ] [ SQL ] SHOW COLUMNS FROM `wy_users` [ RunTime:0.001337s ]
[ sql ] [ SQL ] SELECT * FROM `wy_users` WHERE  `user_id` = 1181 LIMIT 1 [ RunTime:0.000569s ]
[ sql ] [ SQL ] SHOW COLUMNS FROM `chat_log` [ RunTime:0.000721s ]
[ sql ] [ SQL ] SELECT COUNT(*) AS tp_count FROM `chat_log` WHERE  `toid` = 1181  AND `is_read` = 0 LIMIT 1 [ RunTime:0.000235s ]
[ sql ] [ SQL ] SELECT * FROM `wy_users` WHERE  `user_id` = 1181 LIMIT 1 [ RunTime:0.000381s ]
[ sql ] [ SQL ] SHOW COLUMNS FROM `wy_online` [ RunTime:0.000669s ]
[ sql ] [ SQL ] SELECT * FROM `wy_online` WHERE  `user_id` = 1181 LIMIT 1 [ RunTime:0.000307s ]
[ sql ] [ SQL ] UPDATE `wy_online`  SET `user_id`=1181,`user_name`='lili',`user_sex`=0,`user_ico`='http://www.pauzzz.com/uploadfiles/avatar/20180830/1535608129875_162.jpg',`active_time`=1573400479,`hidden`=0  WHERE  `user_id` = 1181 [ RunTime:0.000319s ]
[ sql ] [ SQL ] SELECT * FROM `chat_log` WHERE  (  fromid='1181' or toid='1181' ) ORDER BY timeline desc [ RunTime:0.001393s ]
[ sql ] [ SQL ] SELECT `user_id`,`user_name`,`user_ico`,`user_sex` FROM `wy_users` WHERE  `user_id` IN (1664,11262,1708,14257,11559,13996,13176,12087,12646,11180,10649,11317,11240,11708,11049,5452) [ RunTime:0.000541s ]
[ sql ] [ SQL ] SELECT COUNT(*) AS tp_count FROM `chat_log` WHERE  `fromid` = 1664  AND `toid` = 1181  AND `is_read` = 0 LIMIT 1 [ RunTime:0.000556s ]
[ sql ] [ SQL ] SELECT COUNT(*) AS tp_count FROM `chat_log` WHERE  `fromid` = 1708  AND `toid` = 1181  AND `is_read` = 0 LIMIT 1 [ RunTime:0.000363s ]
[ sql ] [ SQL ] SELECT COUNT(*) AS tp_count FROM `chat_log` WHERE  `fromid` = 5452  AND `toid` = 1181  AND `is_read` = 0 LIMIT 1 [ RunTime:0.000745s ]
[ sql ] [ SQL ] SELECT COUNT(*) AS tp_count FROM `chat_log` WHERE  `fromid` = 10649  AND `toid` = 1181  AND `is_read` = 0 LIMIT 1 [ RunTime:0.000497s ]
[ sql ] [ SQL ] SELECT COUNT(*) AS tp_count FROM `chat_log` WHERE  `fromid` = 11049  AND `toid` = 1181  AND `is_read` = 0 LIMIT 1 [ RunTime:0.000666s ]
[ sql ] [ SQL ] SELECT COUNT(*) AS tp_count FROM `chat_log` WHERE  `fromid` = 11180  AND `toid` = 1181  AND `is_read` = 0 LIMIT 1 [ RunTime:0.000614s ]
[ sql ] [ SQL ] SELECT COUNT(*) AS tp_count FROM `chat_log` WHERE  `fromid` = 11240  AND `toid` = 1181  AND `is_read` = 0 LIMIT 1 [ RunTime:0.000759s ]
[ sql ] [ SQL ] SELECT COUNT(*) AS tp_count FROM `chat_log` WHERE  `fromid` = 11262  AND `toid` = 1181  AND `is_read` = 0 LIMIT 1 [ RunTime:0.001441s ]
[ sql ] [ SQL ] SELECT COUNT(*) AS tp_count FROM `chat_log` WHERE  `fromid` = 11317  AND `toid` = 1181  AND `is_read` = 0 LIMIT 1 [ RunTime:0.000493s ]
[ sql ] [ SQL ] SELECT COUNT(*) AS tp_count FROM `chat_log` WHERE  `fromid` = 11559  AND `toid` = 1181  AND `is_read` = 0 LIMIT 1 [ RunTime:0.000659s ]
[ sql ] [ SQL ] SELECT COUNT(*) AS tp_count FROM `chat_log` WHERE  `fromid` = 11708  AND `toid` = 1181  AND `is_read` = 0 LIMIT 1 [ RunTime:0.000405s ]
[ sql ] [ SQL ] SELECT COUNT(*) AS tp_count FROM `chat_log` WHERE  `fromid` = 12087  AND `toid` = 1181  AND `is_read` = 0 LIMIT 1 [ RunTime:0.001161s ]
[ sql ] [ SQL ] SELECT COUNT(*) AS tp_count FROM `chat_log` WHERE  `fromid` = 12646  AND `toid` = 1181  AND `is_read` = 0 LIMIT 1 [ RunTime:0.000702s ]
[ sql ] [ SQL ] SELECT COUNT(*) AS tp_count FROM `chat_log` WHERE  `fromid` = 13176  AND `toid` = 1181  AND `is_read` = 0 LIMIT 1 [ RunTime:0.001196s ]
[ sql ] [ SQL ] SELECT COUNT(*) AS tp_count FROM `chat_log` WHERE  `fromid` = 13996  AND `toid` = 1181  AND `is_read` = 0 LIMIT 1 [ RunTime:0.000582s ]
[ sql ] [ SQL ] SELECT COUNT(*) AS tp_count FROM `chat_log` WHERE  `fromid` = 14257  AND `toid` = 1181  AND `is_read` = 0 LIMIT 1 [ RunTime:0.001100s ]
---------------------------------------------------------------
[ 2019-11-10T23:41:20+08:00 ] 106.34.102.47 GET /index/chat/chat/pals_id/1664
[ sql ] [ DB ] CONNECT:[ UseTime:0.000627s ] mysql:host=127.0.0.1;port=3306;dbname=henimeet;charset=utf8
[ sql ] [ SQL ] SHOW COLUMNS FROM `wy_users` [ RunTime:0.001011s ]
[ sql ] [ SQL ] SELECT * FROM `wy_users` WHERE  `user_id` = 1181 LIMIT 1 [ RunTime:0.000476s ]
[ sql ] [ SQL ] SHOW COLUMNS FROM `chat_log` [ RunTime:0.000550s ]
[ sql ] [ SQL ] SELECT COUNT(*) AS tp_count FROM `chat_log` WHERE  `toid` = 1181  AND `is_read` = 0 LIMIT 1 [ RunTime:0.000196s ]
[ sql ] [ SQL ] SELECT * FROM `wy_users` WHERE  `user_id` = 1181 LIMIT 1 [ RunTime:0.000287s ]
[ sql ] [ SQL ] SHOW COLUMNS FROM `wy_online` [ RunTime:0.000509s ]
[ sql ] [ SQL ] SELECT * FROM `wy_online` WHERE  `user_id` = 1181 LIMIT 1 [ RunTime:0.000195s ]
[ sql ] [ SQL ] UPDATE `wy_online`  SET `user_id`=1181,`user_name`='lili',`user_sex`=0,`user_ico`='http://www.pauzzz.com/uploadfiles/avatar/20180830/1535608129875_162.jpg',`active_time`=1573400480,`hidden`=0  WHERE  `user_id` = 1181 [ RunTime:0.000386s ]
[ sql ] [ SQL ] SELECT `user_id`,`user_name`,`user_ico` FROM `wy_users` WHERE  `user_id` = 1664 LIMIT 1 [ RunTime:0.000241s ]
