---------------------------------------------------------------
[ 2019-11-23T10:13:28+08:00 ] 106.34.193.49 GET /index/main/index.html
[ sql ] [ DB ] CONNECT:[ UseTime:0.000613s ] mysql:host=127.0.0.1;port=3306;dbname=henimeet;charset=utf8
[ sql ] [ SQL ] SHOW COLUMNS FROM `wy_users` [ RunTime:0.001031s ]
[ sql ] [ SQL ] SELECT * FROM `wy_users` WHERE  `user_id` = 704 LIMIT 1 [ RunTime:0.000667s ]
[ sql ] [ SQL ] SHOW COLUMNS FROM `chat_log` [ RunTime:0.000572s ]
[ sql ] [ SQL ] SELECT COUNT(*) AS tp_count FROM `chat_log` WHERE  `toid` = 704  AND `is_read` = 0 LIMIT 1 [ RunTime:0.003608s ]
[ sql ] [ SQL ] SELECT * FROM `wy_users` WHERE  `user_id` = 704 LIMIT 1 [ RunTime:0.000279s ]
[ sql ] [ SQL ] SHOW COLUMNS FROM `wy_online` [ RunTime:0.000603s ]
[ sql ] [ SQL ] SELECT * FROM `wy_online` WHERE  `user_id` = 704 LIMIT 1 [ RunTime:0.000270s ]
[ sql ] [ SQL ] INSERT INTO `wy_online` (`user_id` , `user_name` , `user_sex` , `user_ico` , `active_time` , `hidden`) VALUES (704 , 'PAUZZZ' , 0 , 'http://www.pauzzz.com/uploadfiles/avatar/20190910/1568096892927_162.jpg' , 1574475208 , 0) [ RunTime:0.000475s ]
---------------------------------------------------------------
[ 2019-11-23T10:13:29+08:00 ] 106.34.193.49 GET /index/main/query/page/1.html
[ sql ] [ DB ] CONNECT:[ UseTime:0.000577s ] mysql:host=127.0.0.1;port=3306;dbname=henimeet;charset=utf8
[ sql ] [ SQL ] SHOW COLUMNS FROM `wy_users` [ RunTime:0.001015s ]
[ sql ] [ SQL ] SELECT * FROM `wy_users` WHERE  `user_id` = 704 LIMIT 1 [ RunTime:0.000461s ]
[ sql ] [ SQL ] SHOW COLUMNS FROM `chat_log` [ RunTime:0.000555s ]
[ sql ] [ SQL ] SELECT COUNT(*) AS tp_count FROM `chat_log` WHERE  `toid` = 704  AND `is_read` = 0 LIMIT 1 [ RunTime:0.000192s ]
[ sql ] [ SQL ] SELECT * FROM `wy_users` WHERE  `user_id` = 704 LIMIT 1 [ RunTime:0.000282s ]
[ sql ] [ SQL ] SHOW COLUMNS FROM `wy_online` [ RunTime:0.000489s ]
[ sql ] [ SQL ] SELECT * FROM `wy_online` WHERE  `user_id` = 704 LIMIT 1 [ RunTime:0.000271s ]
[ sql ] [ SQL ] UPDATE `wy_online`  SET `user_id`=704,`user_name`='PAUZZZ',`user_sex`=0,`user_ico`='http://www.pauzzz.com/uploadfiles/avatar/20190910/1568096892927_162.jpg',`active_time`=1574475209,`hidden`=0  WHERE  `user_id` = 704 [ RunTime:0.000390s ]
[ sql ] [ SQL ] SELECT COUNT(*) AS tp_count FROM `wy_users` WHERE  `user_sex` <> 0  AND `is_pass` <> 0 LIMIT 1 [ RunTime:0.010121s ]
[ sql ] [ SQL ] SELECT `u`.`user_name`,`u`.`user_ico`,`u`.`user_sex`,`u`.`user_group`,`u`.`user_id`,`o`.`online_id` FROM `wy_users` `u` LEFT JOIN `wy_online` `o` ON `u`.`user_id`=`o`.`user_id` WHERE  (  u.user_sex != '0' and u.is_pass!='0' ) ORDER BY u.is_service desc, o.active_time desc LIMIT 0,16 [ RunTime:0.019229s ]
---------------------------------------------------------------
[ 2019-11-23T10:13:34+08:00 ] 106.34.193.49 GET /index/home/index/uid/7440
[ sql ] [ DB ] CONNECT:[ UseTime:0.000607s ] mysql:host=127.0.0.1;port=3306;dbname=henimeet;charset=utf8
[ sql ] [ SQL ] SHOW COLUMNS FROM `wy_users` [ RunTime:0.001034s ]
[ sql ] [ SQL ] SELECT * FROM `wy_users` WHERE  `user_id` = 704 LIMIT 1 [ RunTime:0.000418s ]
[ sql ] [ SQL ] SHOW COLUMNS FROM `chat_log` [ RunTime:0.000558s ]
[ sql ] [ SQL ] SELECT COUNT(*) AS tp_count FROM `chat_log` WHERE  `toid` = 704  AND `is_read` = 0 LIMIT 1 [ RunTime:0.000190s ]
[ sql ] [ SQL ] SELECT * FROM `wy_users` WHERE  `user_id` = 704 LIMIT 1 [ RunTime:0.000259s ]
[ sql ] [ SQL ] SHOW COLUMNS FROM `wy_online` [ RunTime:0.000528s ]
[ sql ] [ SQL ] SELECT * FROM `wy_online` WHERE  `user_id` = 704 LIMIT 1 [ RunTime:0.000256s ]
[ sql ] [ SQL ] UPDATE `wy_online`  SET `user_id`=704,`user_name`='PAUZZZ',`user_sex`=0,`user_ico`='http://www.pauzzz.com/uploadfiles/avatar/20190910/1568096892927_162.jpg',`active_time`=1574475214,`hidden`=0  WHERE  `user_id` = 704 [ RunTime:0.000428s ]
[ sql ] [ SQL ] SELECT `user_id`,`user_name`,`user_sex`,`user_ico`,`birth_year`,`birth_month`,`birth_day`,`country`,`waimao`,`sexual`,`height`,`weight`,`income`,`gerenjieshao` FROM `wy_users` WHERE  `user_id` = 7440 LIMIT 1 [ RunTime:0.000286s ]
[ sql ] [ SQL ] SHOW COLUMNS FROM `wy_album` [ RunTime:0.000485s ]
[ sql ] [ SQL ] SELECT * FROM `wy_album` WHERE  `user_id` = 7440 ORDER BY `add_time` [ RunTime:0.000297s ]
---------------------------------------------------------------
[ 2019-11-23T10:13:35+08:00 ] 106.34.193.49 GET /index/home/mood/uid/7440/page/1
[ sql ] [ DB ] CONNECT:[ UseTime:0.000619s ] mysql:host=127.0.0.1;port=3306;dbname=henimeet;charset=utf8
[ sql ] [ SQL ] SHOW COLUMNS FROM `wy_users` [ RunTime:0.001003s ]
[ sql ] [ SQL ] SELECT * FROM `wy_users` WHERE  `user_id` = 704 LIMIT 1 [ RunTime:0.000438s ]
[ sql ] [ SQL ] SHOW COLUMNS FROM `chat_log` [ RunTime:0.000564s ]
[ sql ] [ SQL ] SELECT COUNT(*) AS tp_count FROM `chat_log` WHERE  `toid` = 704  AND `is_read` = 0 LIMIT 1 [ RunTime:0.000193s ]
[ sql ] [ SQL ] SELECT * FROM `wy_users` WHERE  `user_id` = 704 LIMIT 1 [ RunTime:0.000266s ]
[ sql ] [ SQL ] SHOW COLUMNS FROM `wy_online` [ RunTime:0.000532s ]
[ sql ] [ SQL ] SELECT * FROM `wy_online` WHERE  `user_id` = 704 LIMIT 1 [ RunTime:0.000270s ]
[ sql ] [ SQL ] UPDATE `wy_online`  SET `user_id`=704,`user_name`='PAUZZZ',`user_sex`=0,`user_ico`='http://www.pauzzz.com/uploadfiles/avatar/20190910/1568096892927_162.jpg',`active_time`=1574475215,`hidden`=0  WHERE  `user_id` = 704 [ RunTime:0.000291s ]
[ sql ] [ SQL ] SHOW COLUMNS FROM `wy_recent_affair` [ RunTime:0.000530s ]
[ sql ] [ SQL ] SELECT COUNT(*) AS tp_count FROM `wy_recent_affair` WHERE  `user_id` = 7440 LIMIT 1 [ RunTime:0.000225s ]
[ sql ] [ SQL ] SELECT * FROM `wy_recent_affair` WHERE  `user_id` = 7440 ORDER BY id desc LIMIT 0,5 [ RunTime:0.000277s ]
---------------------------------------------------------------
[ 2019-11-23T12:12:44+08:00 ] 223.104.105.201 GET /index/main/index.html
[ sql ] [ DB ] CONNECT:[ UseTime:0.000611s ] mysql:host=127.0.0.1;port=3306;dbname=henimeet;charset=utf8
[ sql ] [ SQL ] SHOW COLUMNS FROM `wy_users` [ RunTime:0.001035s ]
[ sql ] [ SQL ] SELECT * FROM `wy_users` WHERE  `user_id` = 7936 LIMIT 1 [ RunTime:0.000570s ]
[ sql ] [ SQL ] SHOW COLUMNS FROM `chat_log` [ RunTime:0.000560s ]
[ sql ] [ SQL ] SELECT COUNT(*) AS tp_count FROM `chat_log` WHERE  `toid` = 7936  AND `is_read` = 0 LIMIT 1 [ RunTime:0.003504s ]
[ sql ] [ SQL ] SELECT * FROM `wy_users` WHERE  `user_id` = 7936 LIMIT 1 [ RunTime:0.000287s ]
[ sql ] [ SQL ] SHOW COLUMNS FROM `wy_online` [ RunTime:0.000502s ]
[ sql ] [ SQL ] SELECT * FROM `wy_online` WHERE  `user_id` = 7936 LIMIT 1 [ RunTime:0.000356s ]
[ sql ] [ SQL ] INSERT INTO `wy_online` (`user_id` , `user_name` , `user_sex` , `user_ico` , `active_time` , `hidden`) VALUES (7936 , 'youni' , 0 , 'http://www.pauzzz.com/uploadfiles/avatar/20181029/1540805076819_162.jpg' , 1574482364 , 0) [ RunTime:0.000404s ]
---------------------------------------------------------------
[ 2019-11-23T12:12:47+08:00 ] 223.104.105.201 GET /index/user/index.html
[ sql ] [ DB ] CONNECT:[ UseTime:0.000627s ] mysql:host=127.0.0.1;port=3306;dbname=henimeet;charset=utf8
[ sql ] [ SQL ] SHOW COLUMNS FROM `wy_users` [ RunTime:0.001009s ]
[ sql ] [ SQL ] SELECT * FROM `wy_users` WHERE  `user_id` = 7936 LIMIT 1 [ RunTime:0.000433s ]
[ sql ] [ SQL ] SHOW COLUMNS FROM `chat_log` [ RunTime:0.000532s ]
[ sql ] [ SQL ] SELECT COUNT(*) AS tp_count FROM `chat_log` WHERE  `toid` = 7936  AND `is_read` = 0 LIMIT 1 [ RunTime:0.000208s ]
[ sql ] [ SQL ] SELECT * FROM `wy_users` WHERE  `user_id` = 7936 LIMIT 1 [ RunTime:0.000272s ]
[ sql ] [ SQL ] SHOW COLUMNS FROM `wy_online` [ RunTime:0.000511s ]
[ sql ] [ SQL ] SELECT * FROM `wy_online` WHERE  `user_id` = 7936 LIMIT 1 [ RunTime:0.000279s ]
[ sql ] [ SQL ] UPDATE `wy_online`  SET `user_id`=7936,`user_name`='youni',`user_sex`=0,`user_ico`='http://www.pauzzz.com/uploadfiles/avatar/20181029/1540805076819_162.jpg',`active_time`=1574482367,`hidden`=0  WHERE  `user_id` = 7936 [ RunTime:0.000395s ]
[ sql ] [ SQL ] SELECT * FROM `wy_users` WHERE  `user_id` = 7936 LIMIT 1 [ RunTime:0.000401s ]
---------------------------------------------------------------
[ 2019-11-23T12:12:50+08:00 ] 223.104.105.201 GET /index/main/query/page/1.html
[ sql ] [ DB ] CONNECT:[ UseTime:0.000599s ] mysql:host=127.0.0.1;port=3306;dbname=henimeet;charset=utf8
[ sql ] [ SQL ] SHOW COLUMNS FROM `wy_users` [ RunTime:0.001040s ]
[ sql ] [ SQL ] SELECT * FROM `wy_users` WHERE  `user_id` = 7936 LIMIT 1 [ RunTime:0.000458s ]
[ sql ] [ SQL ] SHOW COLUMNS FROM `chat_log` [ RunTime:0.000583s ]
[ sql ] [ SQL ] SELECT COUNT(*) AS tp_count FROM `chat_log` WHERE  `toid` = 7936  AND `is_read` = 0 LIMIT 1 [ RunTime:0.000201s ]
[ sql ] [ SQL ] SELECT * FROM `wy_users` WHERE  `user_id` = 7936 LIMIT 1 [ RunTime:0.000296s ]
[ sql ] [ SQL ] SHOW COLUMNS FROM `wy_online` [ RunTime:0.000512s ]
[ sql ] [ SQL ] SELECT * FROM `wy_online` WHERE  `user_id` = 7936 LIMIT 1 [ RunTime:0.000274s ]
[ sql ] [ SQL ] UPDATE `wy_online`  SET `user_id`=7936,`user_name`='youni',`user_sex`=0,`user_ico`='http://www.pauzzz.com/uploadfiles/avatar/20181029/1540805076819_162.jpg',`active_time`=1574482370,`hidden`=0  WHERE  `user_id` = 7936 [ RunTime:0.000296s ]
[ sql ] [ SQL ] SELECT COUNT(*) AS tp_count FROM `wy_users` WHERE  `user_sex` <> 0  AND `is_pass` <> 0 LIMIT 1 [ RunTime:0.000196s ]
[ sql ] [ SQL ] SELECT `u`.`user_name`,`u`.`user_ico`,`u`.`user_sex`,`u`.`user_group`,`u`.`user_id`,`o`.`online_id` FROM `wy_users` `u` LEFT JOIN `wy_online` `o` ON `u`.`user_id`=`o`.`user_id` WHERE  (  u.user_sex != '0' and u.is_pass!='0' ) ORDER BY u.is_service desc, o.active_time desc LIMIT 0,16 [ RunTime:0.019639s ]
---------------------------------------------------------------
[ 2019-11-23T13:00:04+08:00 ] 174.108.75.172 GET /index/main/index.html
[ sql ] [ DB ] CONNECT:[ UseTime:0.000643s ] mysql:host=127.0.0.1;port=3306;dbname=henimeet;charset=utf8
[ sql ] [ SQL ] SHOW COLUMNS FROM `wy_users` [ RunTime:0.001030s ]
[ sql ] [ SQL ] SELECT * FROM `wy_users` WHERE  `user_id` = 13422 LIMIT 1 [ RunTime:0.000579s ]
[ sql ] [ SQL ] SHOW COLUMNS FROM `chat_log` [ RunTime:0.000535s ]
[ sql ] [ SQL ] SELECT COUNT(*) AS tp_count FROM `chat_log` WHERE  `toid` = 13422  AND `is_read` = 0 LIMIT 1 [ RunTime:0.000578s ]
[ sql ] [ SQL ] SELECT * FROM `wy_users` WHERE  `user_id` = 13422 LIMIT 1 [ RunTime:0.000307s ]
[ sql ] [ SQL ] SHOW COLUMNS FROM `wy_online` [ RunTime:0.000503s ]
[ sql ] [ SQL ] SELECT * FROM `wy_online` WHERE  `user_id` = 13422 LIMIT 1 [ RunTime:0.000270s ]
[ sql ] [ SQL ] INSERT INTO `wy_online` (`user_id` , `user_name` , `user_sex` , `user_ico` , `active_time` , `hidden`) VALUES (13422 , 'Developer' , 1 , 'http://www.pauzzz.com/uploadfiles/avatar/20190527/1558917064475_162.jpg' , 1574485204 , 0) [ RunTime:0.000262s ]
---------------------------------------------------------------
[ 2019-11-23T13:00:07+08:00 ] 174.108.75.172 GET /index/main/query/page/1.html
[ sql ] [ DB ] CONNECT:[ UseTime:0.000609s ] mysql:host=127.0.0.1;port=3306;dbname=henimeet;charset=utf8
[ sql ] [ SQL ] SHOW COLUMNS FROM `wy_users` [ RunTime:0.001037s ]
[ sql ] [ SQL ] SELECT * FROM `wy_users` WHERE  `user_id` = 13422 LIMIT 1 [ RunTime:0.000454s ]
[ sql ] [ SQL ] SHOW COLUMNS FROM `chat_log` [ RunTime:0.000569s ]
[ sql ] [ SQL ] SELECT COUNT(*) AS tp_count FROM `chat_log` WHERE  `toid` = 13422  AND `is_read` = 0 LIMIT 1 [ RunTime:0.000194s ]
[ sql ] [ SQL ] SELECT * FROM `wy_users` WHERE  `user_id` = 13422 LIMIT 1 [ RunTime:0.000299s ]
[ sql ] [ SQL ] SHOW COLUMNS FROM `wy_online` [ RunTime:0.000493s ]
[ sql ] [ SQL ] SELECT * FROM `wy_online` WHERE  `user_id` = 13422 LIMIT 1 [ RunTime:0.000304s ]
[ sql ] [ SQL ] UPDATE `wy_online`  SET `user_id`=13422,`user_name`='Developer',`user_sex`=1,`user_ico`='http://www.pauzzz.com/uploadfiles/avatar/20190527/1558917064475_162.jpg',`active_time`=1574485207,`hidden`=0  WHERE  `user_id` = 13422 [ RunTime:0.000278s ]
[ sql ] [ SQL ] SELECT COUNT(*) AS tp_count FROM `wy_users` WHERE  `user_sex` <> 1  AND `is_pass` <> 0 LIMIT 1 [ RunTime:0.009755s ]
[ sql ] [ SQL ] SELECT `u`.`user_name`,`u`.`user_ico`,`u`.`user_sex`,`u`.`user_group`,`u`.`user_id`,`o`.`online_id` FROM `wy_users` `u` LEFT JOIN `wy_online` `o` ON `u`.`user_id`=`o`.`user_id` WHERE  (  u.user_sex != '1' and u.is_pass!='0' ) ORDER BY u.is_service desc, o.active_time desc LIMIT 0,16 [ RunTime:0.010102s ]
---------------------------------------------------------------
[ 2019-11-23T13:00:09+08:00 ] 174.108.75.172 GET /index/chat/index.html
[ sql ] [ DB ] CONNECT:[ UseTime:0.000609s ] mysql:host=127.0.0.1;port=3306;dbname=henimeet;charset=utf8
[ sql ] [ SQL ] SHOW COLUMNS FROM `wy_users` [ RunTime:0.001004s ]
[ sql ] [ SQL ] SELECT * FROM `wy_users` WHERE  `user_id` = 13422 LIMIT 1 [ RunTime:0.000449s ]
[ sql ] [ SQL ] SHOW COLUMNS FROM `chat_log` [ RunTime:0.000552s ]
[ sql ] [ SQL ] SELECT COUNT(*) AS tp_count FROM `chat_log` WHERE  `toid` = 13422  AND `is_read` = 0 LIMIT 1 [ RunTime:0.000194s ]
[ sql ] [ SQL ] SELECT * FROM `wy_users` WHERE  `user_id` = 13422 LIMIT 1 [ RunTime:0.000268s ]
[ sql ] [ SQL ] SHOW COLUMNS FROM `wy_online` [ RunTime:0.000509s ]
[ sql ] [ SQL ] SELECT * FROM `wy_online` WHERE  `user_id` = 13422 LIMIT 1 [ RunTime:0.000264s ]
[ sql ] [ SQL ] UPDATE `wy_online`  SET `user_id`=13422,`user_name`='Developer',`user_sex`=1,`user_ico`='http://www.pauzzz.com/uploadfiles/avatar/20190527/1558917064475_162.jpg',`active_time`=1574485209,`hidden`=0  WHERE  `user_id` = 13422 [ RunTime:0.000304s ]
---------------------------------------------------------------
[ 2019-11-23T13:00:10+08:00 ] 174.108.75.172 GET /index/chat/getdata.html
[ sql ] [ DB ] CONNECT:[ UseTime:0.000586s ] mysql:host=127.0.0.1;port=3306;dbname=henimeet;charset=utf8
[ sql ] [ SQL ] SHOW COLUMNS FROM `wy_users` [ RunTime:0.000995s ]
[ sql ] [ SQL ] SELECT * FROM `wy_users` WHERE  `user_id` = 13422 LIMIT 1 [ RunTime:0.000425s ]
[ sql ] [ SQL ] SHOW COLUMNS FROM `chat_log` [ RunTime:0.000548s ]
[ sql ] [ SQL ] SELECT COUNT(*) AS tp_count FROM `chat_log` WHERE  `toid` = 13422  AND `is_read` = 0 LIMIT 1 [ RunTime:0.000199s ]
[ sql ] [ SQL ] SELECT * FROM `wy_users` WHERE  `user_id` = 13422 LIMIT 1 [ RunTime:0.000266s ]
[ sql ] [ SQL ] SHOW COLUMNS FROM `wy_online` [ RunTime:0.000535s ]
[ sql ] [ SQL ] SELECT * FROM `wy_online` WHERE  `user_id` = 13422 LIMIT 1 [ RunTime:0.000278s ]
[ sql ] [ SQL ] UPDATE `wy_online`  SET `user_id`=13422,`user_name`='Developer',`user_sex`=1,`user_ico`='http://www.pauzzz.com/uploadfiles/avatar/20190527/1558917064475_162.jpg',`active_time`=1574485210,`hidden`=0  WHERE  `user_id` = 13422 [ RunTime:0.000285s ]
[ sql ] [ SQL ] SELECT * FROM `chat_log` WHERE  (  fromid='13422' or toid='13422' ) ORDER BY timeline desc [ RunTime:0.001753s ]
[ sql ] [ SQL ] SELECT `user_id`,`user_name`,`user_ico`,`user_sex` FROM `wy_users` WHERE  `user_id` IN (7936,697,998,2953,13118,11770,3970,11092,10638,10921,12325,1025,12575,834,5613,10659,8494) [ RunTime:0.000616s ]
[ sql ] [ SQL ] SELECT COUNT(*) AS tp_count FROM `chat_log` WHERE  `fromid` = 697  AND `toid` = 13422  AND `is_read` = 0 LIMIT 1 [ RunTime:0.000869s ]
[ sql ] [ SQL ] SELECT COUNT(*) AS tp_count FROM `chat_log` WHERE  `fromid` = 834  AND `toid` = 13422  AND `is_read` = 0 LIMIT 1 [ RunTime:0.005077s ]
[ sql ] [ SQL ] SELECT COUNT(*) AS tp_count FROM `chat_log` WHERE  `fromid` = 998  AND `toid` = 13422  AND `is_read` = 0 LIMIT 1 [ RunTime:0.002477s ]
[ sql ] [ SQL ] SELECT COUNT(*) AS tp_count FROM `chat_log` WHERE  `fromid` = 1025  AND `toid` = 13422  AND `is_read` = 0 LIMIT 1 [ RunTime:0.000525s ]
[ sql ] [ SQL ] SELECT COUNT(*) AS tp_count FROM `chat_log` WHERE  `fromid` = 2953  AND `toid` = 13422  AND `is_read` = 0 LIMIT 1 [ RunTime:0.000940s ]
[ sql ] [ SQL ] SELECT COUNT(*) AS tp_count FROM `chat_log` WHERE  `fromid` = 3970  AND `toid` = 13422  AND `is_read` = 0 LIMIT 1 [ RunTime:0.001122s ]
[ sql ] [ SQL ] SELECT COUNT(*) AS tp_count FROM `chat_log` WHERE  `fromid` = 5613  AND `toid` = 13422  AND `is_read` = 0 LIMIT 1 [ RunTime:0.004499s ]
[ sql ] [ SQL ] SELECT COUNT(*) AS tp_count FROM `chat_log` WHERE  `fromid` = 7936  AND `toid` = 13422  AND `is_read` = 0 LIMIT 1 [ RunTime:0.001220s ]
[ sql ] [ SQL ] SELECT COUNT(*) AS tp_count FROM `chat_log` WHERE  `fromid` = 8494  AND `toid` = 13422  AND `is_read` = 0 LIMIT 1 [ RunTime:0.000597s ]
[ sql ] [ SQL ] SELECT COUNT(*) AS tp_count FROM `chat_log` WHERE  `fromid` = 10638  AND `toid` = 13422  AND `is_read` = 0 LIMIT 1 [ RunTime:0.002069s ]
[ sql ] [ SQL ] SELECT COUNT(*) AS tp_count FROM `chat_log` WHERE  `fromid` = 10659  AND `toid` = 13422  AND `is_read` = 0 LIMIT 1 [ RunTime:0.001667s ]
[ sql ] [ SQL ] SELECT COUNT(*) AS tp_count FROM `chat_log` WHERE  `fromid` = 10921  AND `toid` = 13422  AND `is_read` = 0 LIMIT 1 [ RunTime:0.000811s ]
[ sql ] [ SQL ] SELECT COUNT(*) AS tp_count FROM `chat_log` WHERE  `fromid` = 11092  AND `toid` = 13422  AND `is_read` = 0 LIMIT 1 [ RunTime:0.002264s ]
[ sql ] [ SQL ] SELECT COUNT(*) AS tp_count FROM `chat_log` WHERE  `fromid` = 11770  AND `toid` = 13422  AND `is_read` = 0 LIMIT 1 [ RunTime:0.001120s ]
[ sql ] [ SQL ] SELECT COUNT(*) AS tp_count FROM `chat_log` WHERE  `fromid` = 12325  AND `toid` = 13422  AND `is_read` = 0 LIMIT 1 [ RunTime:0.000943s ]
[ sql ] [ SQL ] SELECT COUNT(*) AS tp_count FROM `chat_log` WHERE  `fromid` = 12575  AND `toid` = 13422  AND `is_read` = 0 LIMIT 1 [ RunTime:0.000728s ]
[ sql ] [ SQL ] SELECT COUNT(*) AS tp_count FROM `chat_log` WHERE  `fromid` = 13118  AND `toid` = 13422  AND `is_read` = 0 LIMIT 1 [ RunTime:0.001267s ]
---------------------------------------------------------------
[ 2019-11-23T13:00:12+08:00 ] 174.108.75.172 GET /index/chat/chat/pals_id/7936
[ sql ] [ DB ] CONNECT:[ UseTime:0.000619s ] mysql:host=127.0.0.1;port=3306;dbname=henimeet;charset=utf8
[ sql ] [ SQL ] SHOW COLUMNS FROM `wy_users` [ RunTime:0.001004s ]
[ sql ] [ SQL ] SELECT * FROM `wy_users` WHERE  `user_id` = 13422 LIMIT 1 [ RunTime:0.000440s ]
[ sql ] [ SQL ] SHOW COLUMNS FROM `chat_log` [ RunTime:0.000527s ]
[ sql ] [ SQL ] SELECT COUNT(*) AS tp_count FROM `chat_log` WHERE  `toid` = 13422  AND `is_read` = 0 LIMIT 1 [ RunTime:0.000204s ]
[ sql ] [ SQL ] SELECT * FROM `wy_users` WHERE  `user_id` = 13422 LIMIT 1 [ RunTime:0.000267s ]
[ sql ] [ SQL ] SHOW COLUMNS FROM `wy_online` [ RunTime:0.000511s ]
[ sql ] [ SQL ] SELECT * FROM `wy_online` WHERE  `user_id` = 13422 LIMIT 1 [ RunTime:0.000272s ]
[ sql ] [ SQL ] UPDATE `wy_online`  SET `user_id`=13422,`user_name`='Developer',`user_sex`=1,`user_ico`='http://www.pauzzz.com/uploadfiles/avatar/20190527/1558917064475_162.jpg',`active_time`=1574485212,`hidden`=0  WHERE  `user_id` = 13422 [ RunTime:0.000278s ]
[ sql ] [ SQL ] SELECT `user_id`,`user_name`,`user_ico` FROM `wy_users` WHERE  `user_id` = 7936 LIMIT 1 [ RunTime:0.000265s ]
---------------------------------------------------------------
[ 2019-11-23T13:30:58+08:00 ] 106.34.193.49 GET /index/main/index.html
[ sql ] [ DB ] CONNECT:[ UseTime:0.000613s ] mysql:host=127.0.0.1;port=3306;dbname=henimeet;charset=utf8
[ sql ] [ SQL ] SHOW COLUMNS FROM `wy_users` [ RunTime:0.001049s ]
[ sql ] [ SQL ] SELECT * FROM `wy_users` WHERE  `user_id` = 704 LIMIT 1 [ RunTime:0.000457s ]
[ sql ] [ SQL ] SHOW COLUMNS FROM `chat_log` [ RunTime:0.000567s ]
[ sql ] [ SQL ] SELECT COUNT(*) AS tp_count FROM `chat_log` WHERE  `toid` = 704  AND `is_read` = 0 LIMIT 1 [ RunTime:0.003516s ]
[ sql ] [ SQL ] SELECT * FROM `wy_users` WHERE  `user_id` = 704 LIMIT 1 [ RunTime:0.000285s ]
[ sql ] [ SQL ] SHOW COLUMNS FROM `wy_online` [ RunTime:0.000542s ]
[ sql ] [ SQL ] SELECT * FROM `wy_online` WHERE  `user_id` = 704 LIMIT 1 [ RunTime:0.000260s ]
[ sql ] [ SQL ] UPDATE `wy_online`  SET `user_id`=704,`user_name`='PAUZZZ',`user_sex`=0,`user_ico`='http://www.pauzzz.com/uploadfiles/avatar/20190910/1568096892927_162.jpg',`active_time`=1574487058,`hidden`=0  WHERE  `user_id` = 704 [ RunTime:0.000283s ]
---------------------------------------------------------------
[ 2019-11-23T13:31:06+08:00 ] 106.34.193.49 GET /index/main/query/page/1.html
[ sql ] [ DB ] CONNECT:[ UseTime:0.000614s ] mysql:host=127.0.0.1;port=3306;dbname=henimeet;charset=utf8
[ sql ] [ SQL ] SHOW COLUMNS FROM `wy_users` [ RunTime:0.001022s ]
[ sql ] [ SQL ] SELECT * FROM `wy_users` WHERE  `user_id` = 704 LIMIT 1 [ RunTime:0.000437s ]
[ sql ] [ SQL ] SHOW COLUMNS FROM `chat_log` [ RunTime:0.000534s ]
[ sql ] [ SQL ] SELECT COUNT(*) AS tp_count FROM `chat_log` WHERE  `toid` = 704  AND `is_read` = 0 LIMIT 1 [ RunTime:0.000204s ]
[ sql ] [ SQL ] SELECT * FROM `wy_users` WHERE  `user_id` = 704 LIMIT 1 [ RunTime:0.000264s ]
[ sql ] [ SQL ] SHOW COLUMNS FROM `wy_online` [ RunTime:0.000513s ]
[ sql ] [ SQL ] SELECT * FROM `wy_online` WHERE  `user_id` = 704 LIMIT 1 [ RunTime:0.000270s ]
[ sql ] [ SQL ] UPDATE `wy_online`  SET `user_id`=704,`user_name`='PAUZZZ',`user_sex`=0,`user_ico`='http://www.pauzzz.com/uploadfiles/avatar/20190910/1568096892927_162.jpg',`active_time`=1574487066,`hidden`=0  WHERE  `user_id` = 704 [ RunTime:0.000280s ]
[ sql ] [ SQL ] SELECT COUNT(*) AS tp_count FROM `wy_users` WHERE  `user_sex` <> 0  AND `is_pass` <> 0 LIMIT 1 [ RunTime:0.000201s ]
[ sql ] [ SQL ] SELECT `u`.`user_name`,`u`.`user_ico`,`u`.`user_sex`,`u`.`user_group`,`u`.`user_id`,`o`.`online_id` FROM `wy_users` `u` LEFT JOIN `wy_online` `o` ON `u`.`user_id`=`o`.`user_id` WHERE  (  u.user_sex != '0' and u.is_pass!='0' ) ORDER BY u.is_service desc, o.active_time desc LIMIT 0,16 [ RunTime:0.019524s ]
---------------------------------------------------------------
[ 2019-11-23T13:32:38+08:00 ] 106.34.193.49 GET /index/mood/index.html
[ sql ] [ DB ] CONNECT:[ UseTime:0.000680s ] mysql:host=127.0.0.1;port=3306;dbname=henimeet;charset=utf8
[ sql ] [ SQL ] SHOW COLUMNS FROM `wy_users` [ RunTime:0.001397s ]
[ sql ] [ SQL ] SELECT * FROM `wy_users` WHERE  `user_id` = 704 LIMIT 1 [ RunTime:0.000561s ]
[ sql ] [ SQL ] SHOW COLUMNS FROM `chat_log` [ RunTime:0.000930s ]
[ sql ] [ SQL ] SELECT COUNT(*) AS tp_count FROM `chat_log` WHERE  `toid` = 704  AND `is_read` = 0 LIMIT 1 [ RunTime:0.000242s ]
[ sql ] [ SQL ] SELECT * FROM `wy_users` WHERE  `user_id` = 704 LIMIT 1 [ RunTime:0.000332s ]
[ sql ] [ SQL ] SHOW COLUMNS FROM `wy_online` [ RunTime:0.000633s ]
[ sql ] [ SQL ] SELECT * FROM `wy_online` WHERE  `user_id` = 704 LIMIT 1 [ RunTime:0.000328s ]
[ sql ] [ SQL ] UPDATE `wy_online`  SET `user_id`=704,`user_name`='PAUZZZ',`user_sex`=0,`user_ico`='http://www.pauzzz.com/uploadfiles/avatar/20190910/1568096892927_162.jpg',`active_time`=1574487158,`hidden`=0  WHERE  `user_id` = 704 [ RunTime:0.000605s ]
---------------------------------------------------------------
[ 2019-11-23T13:32:38+08:00 ] 106.34.193.49 GET /index/user/index.html
[ sql ] [ DB ] CONNECT:[ UseTime:0.000593s ] mysql:host=127.0.0.1;port=3306;dbname=henimeet;charset=utf8
[ sql ] [ SQL ] SHOW COLUMNS FROM `wy_users` [ RunTime:0.001156s ]
[ sql ] [ SQL ] SELECT * FROM `wy_users` WHERE  `user_id` = 704 LIMIT 1 [ RunTime:0.000483s ]
[ sql ] [ SQL ] SHOW COLUMNS FROM `chat_log` [ RunTime:0.000661s ]
[ sql ] [ SQL ] SELECT COUNT(*) AS tp_count FROM `chat_log` WHERE  `toid` = 704  AND `is_read` = 0 LIMIT 1 [ RunTime:0.000194s ]
[ sql ] [ SQL ] SELECT * FROM `wy_users` WHERE  `user_id` = 704 LIMIT 1 [ RunTime:0.000305s ]
[ sql ] [ SQL ] SHOW COLUMNS FROM `wy_online` [ RunTime:0.000695s ]
[ sql ] [ SQL ] SELECT * FROM `wy_online` WHERE  `user_id` = 704 LIMIT 1 [ RunTime:0.000611s ]
[ sql ] [ SQL ] UPDATE `wy_online`  SET `user_id`=704,`user_name`='PAUZZZ',`user_sex`=0,`user_ico`='http://www.pauzzz.com/uploadfiles/avatar/20190910/1568096892927_162.jpg',`active_time`=1574487158,`hidden`=0  WHERE  `user_id` = 704 [ RunTime:0.000624s ]
[ sql ] [ SQL ] SELECT * FROM `wy_users` WHERE  `user_id` = 704 LIMIT 1 [ RunTime:0.000508s ]
---------------------------------------------------------------
[ 2019-11-23T14:38:40+08:00 ] 106.34.193.49 GET /index/main/index.html
[ sql ] [ DB ] CONNECT:[ UseTime:0.000620s ] mysql:host=127.0.0.1;port=3306;dbname=henimeet;charset=utf8
[ sql ] [ SQL ] SHOW COLUMNS FROM `wy_users` [ RunTime:0.001015s ]
[ sql ] [ SQL ] SELECT * FROM `wy_users` WHERE  `user_id` = 704 LIMIT 1 [ RunTime:0.000552s ]
[ sql ] [ SQL ] SHOW COLUMNS FROM `chat_log` [ RunTime:0.000527s ]
[ sql ] [ SQL ] SELECT COUNT(*) AS tp_count FROM `chat_log` WHERE  `toid` = 704  AND `is_read` = 0 LIMIT 1 [ RunTime:0.000230s ]
[ sql ] [ SQL ] SELECT * FROM `wy_users` WHERE  `user_id` = 704 LIMIT 1 [ RunTime:0.000271s ]
[ sql ] [ SQL ] SHOW COLUMNS FROM `wy_online` [ RunTime:0.000518s ]
[ sql ] [ SQL ] SELECT * FROM `wy_online` WHERE  `user_id` = 704 LIMIT 1 [ RunTime:0.000252s ]
[ sql ] [ SQL ] UPDATE `wy_online`  SET `user_id`=704,`user_name`='PAUZZZ',`user_sex`=0,`user_ico`='http://www.pauzzz.com/uploadfiles/avatar/20190910/1568096892927_162.jpg',`active_time`=1574491120,`hidden`=0  WHERE  `user_id` = 704 [ RunTime:0.000427s ]
---------------------------------------------------------------
[ 2019-11-23T14:38:40+08:00 ] 106.34.193.49 GET /index/main/query/page/1.html
[ sql ] [ DB ] CONNECT:[ UseTime:0.000632s ] mysql:host=127.0.0.1;port=3306;dbname=henimeet;charset=utf8
[ sql ] [ SQL ] SHOW COLUMNS FROM `wy_users` [ RunTime:0.001006s ]
[ sql ] [ SQL ] SELECT * FROM `wy_users` WHERE  `user_id` = 704 LIMIT 1 [ RunTime:0.000439s ]
[ sql ] [ SQL ] SHOW COLUMNS FROM `chat_log` [ RunTime:0.000535s ]
[ sql ] [ SQL ] SELECT COUNT(*) AS tp_count FROM `chat_log` WHERE  `toid` = 704  AND `is_read` = 0 LIMIT 1 [ RunTime:0.000203s ]
[ sql ] [ SQL ] SELECT * FROM `wy_users` WHERE  `user_id` = 704 LIMIT 1 [ RunTime:0.000278s ]
[ sql ] [ SQL ] SHOW COLUMNS FROM `wy_online` [ RunTime:0.000525s ]
[ sql ] [ SQL ] SELECT * FROM `wy_online` WHERE  `user_id` = 704 LIMIT 1 [ RunTime:0.000273s ]
[ sql ] [ SQL ] UPDATE `wy_online`  SET `user_id`=704,`user_name`='PAUZZZ',`user_sex`=0,`user_ico`='http://www.pauzzz.com/uploadfiles/avatar/20190910/1568096892927_162.jpg',`active_time`=1574491120,`hidden`=0  WHERE  `user_id` = 704 [ RunTime:0.000273s ]
[ sql ] [ SQL ] SELECT COUNT(*) AS tp_count FROM `wy_users` WHERE  `user_sex` <> 0  AND `is_pass` <> 0 LIMIT 1 [ RunTime:0.010236s ]
[ sql ] [ SQL ] SELECT `u`.`user_name`,`u`.`user_ico`,`u`.`user_sex`,`u`.`user_group`,`u`.`user_id`,`o`.`online_id` FROM `wy_users` `u` LEFT JOIN `wy_online` `o` ON `u`.`user_id`=`o`.`user_id` WHERE  (  u.user_sex != '0' and u.is_pass!='0' ) ORDER BY u.is_service desc, o.active_time desc LIMIT 0,16 [ RunTime:0.019228s ]
---------------------------------------------------------------
[ 2019-11-23T16:58:54+08:00 ] 106.34.193.49 GET /index/main/index.html
[ sql ] [ DB ] CONNECT:[ UseTime:0.000639s ] mysql:host=127.0.0.1;port=3306;dbname=henimeet;charset=utf8
[ sql ] [ SQL ] SHOW COLUMNS FROM `wy_users` [ RunTime:0.001035s ]
[ sql ] [ SQL ] SELECT * FROM `wy_users` WHERE  `user_id` = 704 LIMIT 1 [ RunTime:0.000563s ]
[ sql ] [ SQL ] SHOW COLUMNS FROM `chat_log` [ RunTime:0.000543s ]
[ sql ] [ SQL ] SELECT COUNT(*) AS tp_count FROM `chat_log` WHERE  `toid` = 704  AND `is_read` = 0 LIMIT 1 [ RunTime:0.003574s ]
[ sql ] [ SQL ] SELECT * FROM `wy_users` WHERE  `user_id` = 704 LIMIT 1 [ RunTime:0.000322s ]
[ sql ] [ SQL ] SHOW COLUMNS FROM `wy_online` [ RunTime:0.000592s ]
[ sql ] [ SQL ] SELECT * FROM `wy_online` WHERE  `user_id` = 704 LIMIT 1 [ RunTime:0.000268s ]
[ sql ] [ SQL ] UPDATE `wy_online`  SET `user_id`=704,`user_name`='PAUZZZ',`user_sex`=0,`user_ico`='http://www.pauzzz.com/uploadfiles/avatar/20190910/1568096892927_162.jpg',`active_time`=1574499534,`hidden`=0  WHERE  `user_id` = 704 [ RunTime:0.000440s ]
---------------------------------------------------------------
[ 2019-11-23T16:58:54+08:00 ] 106.34.193.49 GET /index/main/query/page/1.html
[ sql ] [ DB ] CONNECT:[ UseTime:0.000639s ] mysql:host=127.0.0.1;port=3306;dbname=henimeet;charset=utf8
[ sql ] [ SQL ] SHOW COLUMNS FROM `wy_users` [ RunTime:0.001041s ]
[ sql ] [ SQL ] SELECT * FROM `wy_users` WHERE  `user_id` = 704 LIMIT 1 [ RunTime:0.000435s ]
[ sql ] [ SQL ] SHOW COLUMNS FROM `chat_log` [ RunTime:0.000535s ]
[ sql ] [ SQL ] SELECT COUNT(*) AS tp_count FROM `chat_log` WHERE  `toid` = 704  AND `is_read` = 0 LIMIT 1 [ RunTime:0.000210s ]
[ sql ] [ SQL ] SELECT * FROM `wy_users` WHERE  `user_id` = 704 LIMIT 1 [ RunTime:0.000283s ]
[ sql ] [ SQL ] SHOW COLUMNS FROM `wy_online` [ RunTime:0.000520s ]
[ sql ] [ SQL ] SELECT * FROM `wy_online` WHERE  `user_id` = 704 LIMIT 1 [ RunTime:0.000289s ]
[ sql ] [ SQL ] UPDATE `wy_online`  SET `user_id`=704,`user_name`='PAUZZZ',`user_sex`=0,`user_ico`='http://www.pauzzz.com/uploadfiles/avatar/20190910/1568096892927_162.jpg',`active_time`=1574499534,`hidden`=0  WHERE  `user_id` = 704 [ RunTime:0.000263s ]
[ sql ] [ SQL ] SELECT COUNT(*) AS tp_count FROM `wy_users` WHERE  `user_sex` <> 0  AND `is_pass` <> 0 LIMIT 1 [ RunTime:0.010529s ]
[ sql ] [ SQL ] SELECT `u`.`user_name`,`u`.`user_ico`,`u`.`user_sex`,`u`.`user_group`,`u`.`user_id`,`o`.`online_id` FROM `wy_users` `u` LEFT JOIN `wy_online` `o` ON `u`.`user_id`=`o`.`user_id` WHERE  (  u.user_sex != '0' and u.is_pass!='0' ) ORDER BY u.is_service desc, o.active_time desc LIMIT 0,16 [ RunTime:0.028138s ]
---------------------------------------------------------------
[ 2019-11-23T19:15:27+08:00 ] 124.184.160.79 GET /index/main/index.html
[ sql ] [ DB ] CONNECT:[ UseTime:0.000599s ] mysql:host=127.0.0.1;port=3306;dbname=henimeet;charset=utf8
[ sql ] [ SQL ] SHOW COLUMNS FROM `wy_users` [ RunTime:0.001019s ]
[ sql ] [ SQL ] SELECT * FROM `wy_users` WHERE  `user_id` = 4180 LIMIT 1 [ RunTime:0.000627s ]
[ sql ] [ SQL ] SHOW COLUMNS FROM `chat_log` [ RunTime:0.000553s ]
[ sql ] [ SQL ] SELECT COUNT(*) AS tp_count FROM `chat_log` WHERE  `toid` = 4180  AND `is_read` = 0 LIMIT 1 [ RunTime:0.000864s ]
[ sql ] [ SQL ] SELECT * FROM `wy_users` WHERE  `user_id` = 4180 LIMIT 1 [ RunTime:0.000287s ]
[ sql ] [ SQL ] SHOW COLUMNS FROM `wy_online` [ RunTime:0.000514s ]
[ sql ] [ SQL ] SELECT * FROM `wy_online` WHERE  `user_id` = 4180 LIMIT 1 [ RunTime:0.000228s ]
[ sql ] [ SQL ] INSERT INTO `wy_online` (`user_id` , `user_name` , `user_sex` , `user_ico` , `active_time` , `hidden`) VALUES (4180 , 'eric_shift' , 1 , 'http://www.pauzzz.com/uploadfiles/avatar/20190301/1551410249766_162.jpg' , 1574507727 , 0) [ RunTime:0.000412s ]
---------------------------------------------------------------
[ 2019-11-23T19:15:29+08:00 ] 124.184.160.79 GET /index/main/query/page/1.html
[ sql ] [ DB ] CONNECT:[ UseTime:0.000682s ] mysql:host=127.0.0.1;port=3306;dbname=henimeet;charset=utf8
[ sql ] [ SQL ] SHOW COLUMNS FROM `wy_users` [ RunTime:0.001006s ]
[ sql ] [ SQL ] SELECT * FROM `wy_users` WHERE  `user_id` = 4180 LIMIT 1 [ RunTime:0.000448s ]
[ sql ] [ SQL ] SHOW COLUMNS FROM `chat_log` [ RunTime:0.000540s ]
[ sql ] [ SQL ] SELECT COUNT(*) AS tp_count FROM `chat_log` WHERE  `toid` = 4180  AND `is_read` = 0 LIMIT 1 [ RunTime:0.000205s ]
[ sql ] [ SQL ] SELECT * FROM `wy_users` WHERE  `user_id` = 4180 LIMIT 1 [ RunTime:0.000283s ]
[ sql ] [ SQL ] SHOW COLUMNS FROM `wy_online` [ RunTime:0.000515s ]
[ sql ] [ SQL ] SELECT * FROM `wy_online` WHERE  `user_id` = 4180 LIMIT 1 [ RunTime:0.000276s ]
[ sql ] [ SQL ] UPDATE `wy_online`  SET `user_id`=4180,`user_name`='eric_shift',`user_sex`=1,`user_ico`='http://www.pauzzz.com/uploadfiles/avatar/20190301/1551410249766_162.jpg',`active_time`=1574507729,`hidden`=0  WHERE  `user_id` = 4180 [ RunTime:0.000387s ]
[ sql ] [ SQL ] SELECT COUNT(*) AS tp_count FROM `wy_users` WHERE  `user_sex` <> 1  AND `is_pass` <> 0 LIMIT 1 [ RunTime:0.009797s ]
[ sql ] [ SQL ] SELECT `u`.`user_name`,`u`.`user_ico`,`u`.`user_sex`,`u`.`user_group`,`u`.`user_id`,`o`.`online_id` FROM `wy_users` `u` LEFT JOIN `wy_online` `o` ON `u`.`user_id`=`o`.`user_id` WHERE  (  u.user_sex != '1' and u.is_pass!='0' ) ORDER BY u.is_service desc, o.active_time desc LIMIT 0,16 [ RunTime:0.010117s ]
---------------------------------------------------------------
[ 2019-11-23T22:14:46+08:00 ] 106.34.193.49 GET /index/main/index.html
[ sql ] [ DB ] CONNECT:[ UseTime:0.000635s ] mysql:host=127.0.0.1;port=3306;dbname=henimeet;charset=utf8
[ sql ] [ SQL ] SHOW COLUMNS FROM `wy_users` [ RunTime:0.001018s ]
[ sql ] [ SQL ] SELECT * FROM `wy_users` WHERE  `user_id` = 704 LIMIT 1 [ RunTime:0.000569s ]
[ sql ] [ SQL ] SHOW COLUMNS FROM `chat_log` [ RunTime:0.000528s ]
[ sql ] [ SQL ] SELECT COUNT(*) AS tp_count FROM `chat_log` WHERE  `toid` = 704  AND `is_read` = 0 LIMIT 1 [ RunTime:0.000218s ]
[ sql ] [ SQL ] SELECT * FROM `wy_users` WHERE  `user_id` = 704 LIMIT 1 [ RunTime:0.000271s ]
[ sql ] [ SQL ] SHOW COLUMNS FROM `wy_online` [ RunTime:0.000527s ]
[ sql ] [ SQL ] SELECT * FROM `wy_online` WHERE  `user_id` = 704 LIMIT 1 [ RunTime:0.000263s ]
[ sql ] [ SQL ] UPDATE `wy_online`  SET `user_id`=704,`user_name`='PAUZZZ',`user_sex`=0,`user_ico`='http://www.pauzzz.com/uploadfiles/avatar/20190910/1568096892927_162.jpg',`active_time`=1574518486,`hidden`=0  WHERE  `user_id` = 704 [ RunTime:0.000391s ]
---------------------------------------------------------------
[ 2019-11-23T22:14:47+08:00 ] 106.34.193.49 GET /index/main/query/page/1.html
[ sql ] [ DB ] CONNECT:[ UseTime:0.000638s ] mysql:host=127.0.0.1;port=3306;dbname=henimeet;charset=utf8
[ sql ] [ SQL ] SHOW COLUMNS FROM `wy_users` [ RunTime:0.001004s ]
[ sql ] [ SQL ] SELECT * FROM `wy_users` WHERE  `user_id` = 704 LIMIT 1 [ RunTime:0.000445s ]
[ sql ] [ SQL ] SHOW COLUMNS FROM `chat_log` [ RunTime:0.000534s ]
[ sql ] [ SQL ] SELECT COUNT(*) AS tp_count FROM `chat_log` WHERE  `toid` = 704  AND `is_read` = 0 LIMIT 1 [ RunTime:0.000212s ]
[ sql ] [ SQL ] SELECT * FROM `wy_users` WHERE  `user_id` = 704 LIMIT 1 [ RunTime:0.000278s ]
[ sql ] [ SQL ] SHOW COLUMNS FROM `wy_online` [ RunTime:0.000520s ]
[ sql ] [ SQL ] SELECT * FROM `wy_online` WHERE  `user_id` = 704 LIMIT 1 [ RunTime:0.000276s ]
[ sql ] [ SQL ] UPDATE `wy_online`  SET `user_id`=704,`user_name`='PAUZZZ',`user_sex`=0,`user_ico`='http://www.pauzzz.com/uploadfiles/avatar/20190910/1568096892927_162.jpg',`active_time`=1574518487,`hidden`=0  WHERE  `user_id` = 704 [ RunTime:0.000389s ]
[ sql ] [ SQL ] SELECT COUNT(*) AS tp_count FROM `wy_users` WHERE  `user_sex` <> 0  AND `is_pass` <> 0 LIMIT 1 [ RunTime:0.010154s ]
[ sql ] [ SQL ] SELECT `u`.`user_name`,`u`.`user_ico`,`u`.`user_sex`,`u`.`user_group`,`u`.`user_id`,`o`.`online_id` FROM `wy_users` `u` LEFT JOIN `wy_online` `o` ON `u`.`user_id`=`o`.`user_id` WHERE  (  u.user_sex != '0' and u.is_pass!='0' ) ORDER BY u.is_service desc, o.active_time desc LIMIT 0,16 [ RunTime:0.019420s ]
