---------------------------------------------------------------
[ 2019-09-22T07:48:34+08:00 ] 120.20.49.218 GET /index/main/index.html
[ sql ] [ DB ] CONNECT:[ UseTime:0.000594s ] mysql:host=127.0.0.1;port=3306;dbname=henimeet;charset=utf8
[ sql ] [ SQL ] SHOW COLUMNS FROM `wy_users` [ RunTime:0.001005s ]
[ sql ] [ SQL ] SELECT * FROM `wy_users` WHERE  `user_id` = 4180 LIMIT 1 [ RunTime:0.000560s ]
[ sql ] [ SQL ] SHOW COLUMNS FROM `chat_log` [ RunTime:0.000531s ]
[ sql ] [ SQL ] SELECT COUNT(*) AS tp_count FROM `chat_log` WHERE  `toid` = 4180  AND `is_read` = 0 LIMIT 1 [ RunTime:0.000839s ]
[ sql ] [ SQL ] SELECT * FROM `wy_users` WHERE  `user_id` = 4180 LIMIT 1 [ RunTime:0.000283s ]
[ sql ] [ SQL ] SHOW COLUMNS FROM `wy_online` [ RunTime:0.000510s ]
[ sql ] [ SQL ] SELECT * FROM `wy_online` WHERE  `user_id` = 4180 LIMIT 1 [ RunTime:0.000255s ]
[ sql ] [ SQL ] UPDATE `wy_online`  SET `user_id`=4180,`user_name`='eric_shift',`user_sex`=1,`user_ico`='http://www.pauzzz.com/uploadfiles/avatar/20190301/1551410249766_162.jpg',`active_time`=1569109714,`hidden`=0  WHERE  `user_id` = 4180 [ RunTime:0.000316s ]
---------------------------------------------------------------
[ 2019-09-22T07:48:36+08:00 ] 120.20.49.218 GET /index/main/query/page/1.html
[ sql ] [ DB ] CONNECT:[ UseTime:0.000582s ] mysql:host=127.0.0.1;port=3306;dbname=henimeet;charset=utf8
[ sql ] [ SQL ] SHOW COLUMNS FROM `wy_users` [ RunTime:0.000973s ]
[ sql ] [ SQL ] SELECT * FROM `wy_users` WHERE  `user_id` = 4180 LIMIT 1 [ RunTime:0.000429s ]
[ sql ] [ SQL ] SHOW COLUMNS FROM `chat_log` [ RunTime:0.000530s ]
[ sql ] [ SQL ] SELECT COUNT(*) AS tp_count FROM `chat_log` WHERE  `toid` = 4180  AND `is_read` = 0 LIMIT 1 [ RunTime:0.000204s ]
[ sql ] [ SQL ] SELECT * FROM `wy_users` WHERE  `user_id` = 4180 LIMIT 1 [ RunTime:0.000286s ]
[ sql ] [ SQL ] SHOW COLUMNS FROM `wy_online` [ RunTime:0.000513s ]
[ sql ] [ SQL ] SELECT * FROM `wy_online` WHERE  `user_id` = 4180 LIMIT 1 [ RunTime:0.000259s ]
[ sql ] [ SQL ] UPDATE `wy_online`  SET `user_id`=4180,`user_name`='eric_shift',`user_sex`=1,`user_ico`='http://www.pauzzz.com/uploadfiles/avatar/20190301/1551410249766_162.jpg',`active_time`=1569109716,`hidden`=0  WHERE  `user_id` = 4180 [ RunTime:0.000314s ]
[ sql ] [ SQL ] SELECT COUNT(*) AS tp_count FROM `wy_users` WHERE  `user_sex` <> 1  AND `is_pass` <> 0 LIMIT 1 [ RunTime:0.009675s ]
[ sql ] [ SQL ] SELECT `u`.`user_name`,`u`.`user_ico`,`u`.`user_sex`,`u`.`user_group`,`u`.`user_id`,`o`.`online_id` FROM `wy_users` `u` LEFT JOIN `wy_online` `o` ON `u`.`user_id`=`o`.`user_id` WHERE  (  u.user_sex != '1' and u.is_pass!='0' ) ORDER BY u.is_service desc, o.active_time desc LIMIT 0,16 [ RunTime:0.010028s ]
---------------------------------------------------------------
[ 2019-09-22T07:48:39+08:00 ] 120.20.49.218 GET /index/chat/index.html
[ sql ] [ DB ] CONNECT:[ UseTime:0.000665s ] mysql:host=127.0.0.1;port=3306;dbname=henimeet;charset=utf8
[ sql ] [ SQL ] SHOW COLUMNS FROM `wy_users` [ RunTime:0.000999s ]
[ sql ] [ SQL ] SELECT * FROM `wy_users` WHERE  `user_id` = 4180 LIMIT 1 [ RunTime:0.000430s ]
[ sql ] [ SQL ] SHOW COLUMNS FROM `chat_log` [ RunTime:0.000531s ]
[ sql ] [ SQL ] SELECT COUNT(*) AS tp_count FROM `chat_log` WHERE  `toid` = 4180  AND `is_read` = 0 LIMIT 1 [ RunTime:0.000202s ]
[ sql ] [ SQL ] SELECT * FROM `wy_users` WHERE  `user_id` = 4180 LIMIT 1 [ RunTime:0.000285s ]
[ sql ] [ SQL ] SHOW COLUMNS FROM `wy_online` [ RunTime:0.000514s ]
[ sql ] [ SQL ] SELECT * FROM `wy_online` WHERE  `user_id` = 4180 LIMIT 1 [ RunTime:0.000252s ]
[ sql ] [ SQL ] UPDATE `wy_online`  SET `user_id`=4180,`user_name`='eric_shift',`user_sex`=1,`user_ico`='http://www.pauzzz.com/uploadfiles/avatar/20190301/1551410249766_162.jpg',`active_time`=1569109719,`hidden`=0  WHERE  `user_id` = 4180 [ RunTime:0.000287s ]
---------------------------------------------------------------
[ 2019-09-22T07:48:40+08:00 ] 120.20.49.218 GET /index/chat/getdata.html
[ sql ] [ DB ] CONNECT:[ UseTime:0.000664s ] mysql:host=127.0.0.1;port=3306;dbname=henimeet;charset=utf8
[ sql ] [ SQL ] SHOW COLUMNS FROM `wy_users` [ RunTime:0.001383s ]
[ sql ] [ SQL ] SELECT * FROM `wy_users` WHERE  `user_id` = 4180 LIMIT 1 [ RunTime:0.000564s ]
[ sql ] [ SQL ] SHOW COLUMNS FROM `chat_log` [ RunTime:0.000721s ]
[ sql ] [ SQL ] SELECT COUNT(*) AS tp_count FROM `chat_log` WHERE  `toid` = 4180  AND `is_read` = 0 LIMIT 1 [ RunTime:0.000224s ]
[ sql ] [ SQL ] SELECT * FROM `wy_users` WHERE  `user_id` = 4180 LIMIT 1 [ RunTime:0.000374s ]
[ sql ] [ SQL ] SHOW COLUMNS FROM `wy_online` [ RunTime:0.000686s ]
[ sql ] [ SQL ] SELECT * FROM `wy_online` WHERE  `user_id` = 4180 LIMIT 1 [ RunTime:0.000342s ]
[ sql ] [ SQL ] UPDATE `wy_online`  SET `user_id`=4180,`user_name`='eric_shift',`user_sex`=1,`user_ico`='http://www.pauzzz.com/uploadfiles/avatar/20190301/1551410249766_162.jpg',`active_time`=1569109720,`hidden`=0  WHERE  `user_id` = 4180 [ RunTime:0.000346s ]
[ sql ] [ SQL ] SELECT * FROM `chat_log` WHERE  (  fromid='4180' or toid='4180' ) ORDER BY timeline desc [ RunTime:0.006646s ]
[ sql ] [ SQL ] SELECT `user_id`,`user_name`,`user_ico`,`user_sex` FROM `wy_users` WHERE  `user_id` IN (704,6630,998,6934,13132,6702,3970,7936,6560,834,10921,5613,5392,11007,5465,5788,3752,3710,803,7602,7115,3870,2642,2228) [ RunTime:0.001183s ]
[ sql ] [ SQL ] SELECT COUNT(*) AS tp_count FROM `chat_log` WHERE  `fromid` = 704  AND `toid` = 4180  AND `is_read` = 0 LIMIT 1 [ RunTime:0.002329s ]
[ sql ] [ SQL ] SELECT COUNT(*) AS tp_count FROM `chat_log` WHERE  `fromid` = 803  AND `toid` = 4180  AND `is_read` = 0 LIMIT 1 [ RunTime:0.000287s ]
[ sql ] [ SQL ] SELECT COUNT(*) AS tp_count FROM `chat_log` WHERE  `fromid` = 834  AND `toid` = 4180  AND `is_read` = 0 LIMIT 1 [ RunTime:0.004572s ]
[ sql ] [ SQL ] SELECT COUNT(*) AS tp_count FROM `chat_log` WHERE  `fromid` = 998  AND `toid` = 4180  AND `is_read` = 0 LIMIT 1 [ RunTime:0.002137s ]
[ sql ] [ SQL ] SELECT COUNT(*) AS tp_count FROM `chat_log` WHERE  `fromid` = 2228  AND `toid` = 4180  AND `is_read` = 0 LIMIT 1 [ RunTime:0.000250s ]
[ sql ] [ SQL ] SELECT COUNT(*) AS tp_count FROM `chat_log` WHERE  `fromid` = 2642  AND `toid` = 4180  AND `is_read` = 0 LIMIT 1 [ RunTime:0.000258s ]
[ sql ] [ SQL ] SELECT COUNT(*) AS tp_count FROM `chat_log` WHERE  `fromid` = 3710  AND `toid` = 4180  AND `is_read` = 0 LIMIT 1 [ RunTime:0.000773s ]
[ sql ] [ SQL ] SELECT COUNT(*) AS tp_count FROM `chat_log` WHERE  `fromid` = 3752  AND `toid` = 4180  AND `is_read` = 0 LIMIT 1 [ RunTime:0.004110s ]
[ sql ] [ SQL ] SELECT COUNT(*) AS tp_count FROM `chat_log` WHERE  `fromid` = 3870  AND `toid` = 4180  AND `is_read` = 0 LIMIT 1 [ RunTime:0.000769s ]
[ sql ] [ SQL ] SELECT COUNT(*) AS tp_count FROM `chat_log` WHERE  `fromid` = 3970  AND `toid` = 4180  AND `is_read` = 0 LIMIT 1 [ RunTime:0.001100s ]
[ sql ] [ SQL ] SELECT COUNT(*) AS tp_count FROM `chat_log` WHERE  `fromid` = 5392  AND `toid` = 4180  AND `is_read` = 0 LIMIT 1 [ RunTime:0.000675s ]
[ sql ] [ SQL ] SELECT COUNT(*) AS tp_count FROM `chat_log` WHERE  `fromid` = 5465  AND `toid` = 4180  AND `is_read` = 0 LIMIT 1 [ RunTime:0.000589s ]
[ sql ] [ SQL ] SELECT COUNT(*) AS tp_count FROM `chat_log` WHERE  `fromid` = 5613  AND `toid` = 4180  AND `is_read` = 0 LIMIT 1 [ RunTime:0.003888s ]
[ sql ] [ SQL ] SELECT COUNT(*) AS tp_count FROM `chat_log` WHERE  `fromid` = 5788  AND `toid` = 4180  AND `is_read` = 0 LIMIT 1 [ RunTime:0.002522s ]
[ sql ] [ SQL ] SELECT COUNT(*) AS tp_count FROM `chat_log` WHERE  `fromid` = 6560  AND `toid` = 4180  AND `is_read` = 0 LIMIT 1 [ RunTime:0.001091s ]
[ sql ] [ SQL ] SELECT COUNT(*) AS tp_count FROM `chat_log` WHERE  `fromid` = 6630  AND `toid` = 4180  AND `is_read` = 0 LIMIT 1 [ RunTime:0.001463s ]
[ sql ] [ SQL ] SELECT COUNT(*) AS tp_count FROM `chat_log` WHERE  `fromid` = 6702  AND `toid` = 4180  AND `is_read` = 0 LIMIT 1 [ RunTime:0.000688s ]
[ sql ] [ SQL ] SELECT COUNT(*) AS tp_count FROM `chat_log` WHERE  `fromid` = 6934  AND `toid` = 4180  AND `is_read` = 0 LIMIT 1 [ RunTime:0.001377s ]
[ sql ] [ SQL ] SELECT COUNT(*) AS tp_count FROM `chat_log` WHERE  `fromid` = 7115  AND `toid` = 4180  AND `is_read` = 0 LIMIT 1 [ RunTime:0.000258s ]
[ sql ] [ SQL ] SELECT COUNT(*) AS tp_count FROM `chat_log` WHERE  `fromid` = 7602  AND `toid` = 4180  AND `is_read` = 0 LIMIT 1 [ RunTime:0.000237s ]
[ sql ] [ SQL ] SELECT COUNT(*) AS tp_count FROM `chat_log` WHERE  `fromid` = 7936  AND `toid` = 4180  AND `is_read` = 0 LIMIT 1 [ RunTime:0.005966s ]
[ sql ] [ SQL ] SELECT COUNT(*) AS tp_count FROM `chat_log` WHERE  `fromid` = 10921  AND `toid` = 4180  AND `is_read` = 0 LIMIT 1 [ RunTime:0.000731s ]
[ sql ] [ SQL ] SELECT COUNT(*) AS tp_count FROM `chat_log` WHERE  `fromid` = 11007  AND `toid` = 4180  AND `is_read` = 0 LIMIT 1 [ RunTime:0.000956s ]
[ sql ] [ SQL ] SELECT COUNT(*) AS tp_count FROM `chat_log` WHERE  `fromid` = 13132  AND `toid` = 4180  AND `is_read` = 0 LIMIT 1 [ RunTime:0.001490s ]
---------------------------------------------------------------
[ 2019-09-22T07:48:41+08:00 ] 120.20.49.218 GET /index/chat/chat/pals_id/704
[ sql ] [ DB ] CONNECT:[ UseTime:0.000595s ] mysql:host=127.0.0.1;port=3306;dbname=henimeet;charset=utf8
[ sql ] [ SQL ] SHOW COLUMNS FROM `wy_users` [ RunTime:0.001000s ]
[ sql ] [ SQL ] SELECT * FROM `wy_users` WHERE  `user_id` = 4180 LIMIT 1 [ RunTime:0.000447s ]
[ sql ] [ SQL ] SHOW COLUMNS FROM `chat_log` [ RunTime:0.000513s ]
[ sql ] [ SQL ] SELECT COUNT(*) AS tp_count FROM `chat_log` WHERE  `toid` = 4180  AND `is_read` = 0 LIMIT 1 [ RunTime:0.000197s ]
[ sql ] [ SQL ] SELECT * FROM `wy_users` WHERE  `user_id` = 4180 LIMIT 1 [ RunTime:0.000295s ]
[ sql ] [ SQL ] SHOW COLUMNS FROM `wy_online` [ RunTime:0.000486s ]
[ sql ] [ SQL ] SELECT * FROM `wy_online` WHERE  `user_id` = 4180 LIMIT 1 [ RunTime:0.000275s ]
[ sql ] [ SQL ] UPDATE `wy_online`  SET `user_id`=4180,`user_name`='eric_shift',`user_sex`=1,`user_ico`='http://www.pauzzz.com/uploadfiles/avatar/20190301/1551410249766_162.jpg',`active_time`=1569109721,`hidden`=0  WHERE  `user_id` = 4180 [ RunTime:0.000272s ]
[ sql ] [ SQL ] SELECT `user_id`,`user_name`,`user_ico` FROM `wy_users` WHERE  `user_id` = 704 LIMIT 1 [ RunTime:0.000230s ]
---------------------------------------------------------------
[ 2019-09-22T11:08:55+08:00 ] 45.114.166.56 GET /index/main/index.html
[ sql ] [ DB ] CONNECT:[ UseTime:0.000592s ] mysql:host=127.0.0.1;port=3306;dbname=henimeet;charset=utf8
[ sql ] [ SQL ] SHOW COLUMNS FROM `wy_users` [ RunTime:0.001013s ]
[ sql ] [ SQL ] SELECT * FROM `wy_users` WHERE  `user_id` = 704 LIMIT 1 [ RunTime:0.000552s ]
[ sql ] [ SQL ] SHOW COLUMNS FROM `chat_log` [ RunTime:0.000535s ]
[ sql ] [ SQL ] SELECT COUNT(*) AS tp_count FROM `chat_log` WHERE  `toid` = 704  AND `is_read` = 0 LIMIT 1 [ RunTime:0.003420s ]
[ sql ] [ SQL ] SELECT * FROM `wy_users` WHERE  `user_id` = 704 LIMIT 1 [ RunTime:0.000279s ]
[ sql ] [ SQL ] SHOW COLUMNS FROM `wy_online` [ RunTime:0.000505s ]
[ sql ] [ SQL ] SELECT * FROM `wy_online` WHERE  `user_id` = 704 LIMIT 1 [ RunTime:0.000239s ]
[ sql ] [ SQL ] INSERT INTO `wy_online` (`user_id` , `user_name` , `user_sex` , `user_ico` , `active_time` , `hidden`) VALUES (704 , 'PAUZZZ' , 0 , 'http://www.pauzzz.com/uploadfiles/avatar/20190910/1568096892927_162.jpg' , 1569121735 , 0) [ RunTime:0.000291s ]
---------------------------------------------------------------
[ 2019-09-22T11:08:56+08:00 ] 45.114.166.56 GET /index/main/query/page/1.html
[ sql ] [ DB ] CONNECT:[ UseTime:0.000592s ] mysql:host=127.0.0.1;port=3306;dbname=henimeet;charset=utf8
[ sql ] [ SQL ] SHOW COLUMNS FROM `wy_users` [ RunTime:0.000997s ]
[ sql ] [ SQL ] SELECT * FROM `wy_users` WHERE  `user_id` = 704 LIMIT 1 [ RunTime:0.000436s ]
[ sql ] [ SQL ] SHOW COLUMNS FROM `chat_log` [ RunTime:0.000558s ]
[ sql ] [ SQL ] SELECT COUNT(*) AS tp_count FROM `chat_log` WHERE  `toid` = 704  AND `is_read` = 0 LIMIT 1 [ RunTime:0.000219s ]
[ sql ] [ SQL ] SELECT * FROM `wy_users` WHERE  `user_id` = 704 LIMIT 1 [ RunTime:0.000277s ]
[ sql ] [ SQL ] SHOW COLUMNS FROM `wy_online` [ RunTime:0.000500s ]
[ sql ] [ SQL ] SELECT * FROM `wy_online` WHERE  `user_id` = 704 LIMIT 1 [ RunTime:0.000273s ]
[ sql ] [ SQL ] UPDATE `wy_online`  SET `user_id`=704,`user_name`='PAUZZZ',`user_sex`=0,`user_ico`='http://www.pauzzz.com/uploadfiles/avatar/20190910/1568096892927_162.jpg',`active_time`=1569121736,`hidden`=0  WHERE  `user_id` = 704 [ RunTime:0.000321s ]
[ sql ] [ SQL ] SELECT COUNT(*) AS tp_count FROM `wy_users` WHERE  `user_sex` <> 0  AND `is_pass` <> 0 LIMIT 1 [ RunTime:0.010111s ]
[ sql ] [ SQL ] SELECT `u`.`user_name`,`u`.`user_ico`,`u`.`user_sex`,`u`.`user_group`,`u`.`user_id`,`o`.`online_id` FROM `wy_users` `u` LEFT JOIN `wy_online` `o` ON `u`.`user_id`=`o`.`user_id` WHERE  (  u.user_sex != '0' and u.is_pass!='0' ) ORDER BY u.is_service desc, o.active_time desc LIMIT 0,16 [ RunTime:0.022396s ]
---------------------------------------------------------------
[ 2019-09-22T11:08:57+08:00 ] 45.114.166.56 GET /index/chat/index.html
[ sql ] [ DB ] CONNECT:[ UseTime:0.000622s ] mysql:host=127.0.0.1;port=3306;dbname=henimeet;charset=utf8
[ sql ] [ SQL ] SHOW COLUMNS FROM `wy_users` [ RunTime:0.000999s ]
[ sql ] [ SQL ] SELECT * FROM `wy_users` WHERE  `user_id` = 704 LIMIT 1 [ RunTime:0.000433s ]
[ sql ] [ SQL ] SHOW COLUMNS FROM `chat_log` [ RunTime:0.000553s ]
[ sql ] [ SQL ] SELECT COUNT(*) AS tp_count FROM `chat_log` WHERE  `toid` = 704  AND `is_read` = 0 LIMIT 1 [ RunTime:0.000197s ]
[ sql ] [ SQL ] SELECT * FROM `wy_users` WHERE  `user_id` = 704 LIMIT 1 [ RunTime:0.000274s ]
[ sql ] [ SQL ] SHOW COLUMNS FROM `wy_online` [ RunTime:0.000520s ]
[ sql ] [ SQL ] SELECT * FROM `wy_online` WHERE  `user_id` = 704 LIMIT 1 [ RunTime:0.000267s ]
[ sql ] [ SQL ] UPDATE `wy_online`  SET `user_id`=704,`user_name`='PAUZZZ',`user_sex`=0,`user_ico`='http://www.pauzzz.com/uploadfiles/avatar/20190910/1568096892927_162.jpg',`active_time`=1569121737,`hidden`=0  WHERE  `user_id` = 704 [ RunTime:0.000339s ]
---------------------------------------------------------------
[ 2019-09-22T11:08:58+08:00 ] 45.114.166.56 GET /index/chat/getdata.html
[ sql ] [ DB ] CONNECT:[ UseTime:0.000597s ] mysql:host=127.0.0.1;port=3306;dbname=henimeet;charset=utf8
[ sql ] [ SQL ] SHOW COLUMNS FROM `wy_users` [ RunTime:0.000980s ]
[ sql ] [ SQL ] SELECT * FROM `wy_users` WHERE  `user_id` = 704 LIMIT 1 [ RunTime:0.000520s ]
[ sql ] [ SQL ] SHOW COLUMNS FROM `chat_log` [ RunTime:0.000552s ]
[ sql ] [ SQL ] SELECT COUNT(*) AS tp_count FROM `chat_log` WHERE  `toid` = 704  AND `is_read` = 0 LIMIT 1 [ RunTime:0.000190s ]
[ sql ] [ SQL ] SELECT * FROM `wy_users` WHERE  `user_id` = 704 LIMIT 1 [ RunTime:0.000278s ]
[ sql ] [ SQL ] SHOW COLUMNS FROM `wy_online` [ RunTime:0.000484s ]
[ sql ] [ SQL ] SELECT * FROM `wy_online` WHERE  `user_id` = 704 LIMIT 1 [ RunTime:0.000259s ]
[ sql ] [ SQL ] UPDATE `wy_online`  SET `user_id`=704,`user_name`='PAUZZZ',`user_sex`=0,`user_ico`='http://www.pauzzz.com/uploadfiles/avatar/20190910/1568096892927_162.jpg',`active_time`=1569121737,`hidden`=0  WHERE  `user_id` = 704 [ RunTime:0.000257s ]
[ sql ] [ SQL ] SELECT * FROM `chat_log` WHERE  (  fromid='704' or toid='704' ) ORDER BY timeline desc [ RunTime:0.017399s ]
[ sql ] [ SQL ] SELECT `user_id`,`user_name`,`user_ico`,`user_sex` FROM `wy_users` WHERE  `user_id` IN (4180,14257,8130,9136,10756,9392,14409,13894,7959,834,10512,8494,11559,10012,9246,12437,1708,11884,13029,12053,13996,13269,13176,6921,13292,13219,10953,13261,13597,8928,11348,13410,13213,12472,1459,11509,812,13183,13206,12433,13009,11370,12856,11934,13037,10625,10701,8941,12087,12625,12315,10835,12646,5662,11259,12596,12323,1655,9895,1814,12364,11240,12280,12284,5613,11810,2302,12037,11951,12016,11691,10656,11613,11708,11813,11359,9159,3710,11587,11180,11460,11352,11459,9533,11238,11220,3644,11346,6783,5938,11116,11049,10743,11186,11108,10264,10878,11040,11109,10042,11033,10978,8215,13711,9214,703,12560) [ RunTime:0.004584s ]
[ sql ] [ SQL ] SELECT COUNT(*) AS tp_count FROM `chat_log` WHERE  `fromid` = 703  AND `toid` = 704  AND `is_read` = 0 LIMIT 1 [ RunTime:0.000525s ]
[ sql ] [ SQL ] SELECT COUNT(*) AS tp_count FROM `chat_log` WHERE  `fromid` = 812  AND `toid` = 704  AND `is_read` = 0 LIMIT 1 [ RunTime:0.000398s ]
[ sql ] [ SQL ] SELECT COUNT(*) AS tp_count FROM `chat_log` WHERE  `fromid` = 834  AND `toid` = 704  AND `is_read` = 0 LIMIT 1 [ RunTime:0.004918s ]
[ sql ] [ SQL ] SELECT COUNT(*) AS tp_count FROM `chat_log` WHERE  `fromid` = 1459  AND `toid` = 704  AND `is_read` = 0 LIMIT 1 [ RunTime:0.000305s ]
[ sql ] [ SQL ] SELECT COUNT(*) AS tp_count FROM `chat_log` WHERE  `fromid` = 1655  AND `toid` = 704  AND `is_read` = 0 LIMIT 1 [ RunTime:0.001169s ]
[ sql ] [ SQL ] SELECT COUNT(*) AS tp_count FROM `chat_log` WHERE  `fromid` = 1708  AND `toid` = 704  AND `is_read` = 0 LIMIT 1 [ RunTime:0.007924s ]
[ sql ] [ SQL ] SELECT COUNT(*) AS tp_count FROM `chat_log` WHERE  `fromid` = 1814  AND `toid` = 704  AND `is_read` = 0 LIMIT 1 [ RunTime:0.003066s ]
[ sql ] [ SQL ] SELECT COUNT(*) AS tp_count FROM `chat_log` WHERE  `fromid` = 2302  AND `toid` = 704  AND `is_read` = 0 LIMIT 1 [ RunTime:0.002088s ]
[ sql ] [ SQL ] SELECT COUNT(*) AS tp_count FROM `chat_log` WHERE  `fromid` = 3644  AND `toid` = 704  AND `is_read` = 0 LIMIT 1 [ RunTime:0.000958s ]
[ sql ] [ SQL ] SELECT COUNT(*) AS tp_count FROM `chat_log` WHERE  `fromid` = 3710  AND `toid` = 704  AND `is_read` = 0 LIMIT 1 [ RunTime:0.003082s ]
[ sql ] [ SQL ] SELECT COUNT(*) AS tp_count FROM `chat_log` WHERE  `fromid` = 4180  AND `toid` = 704  AND `is_read` = 0 LIMIT 1 [ RunTime:0.003969s ]
[ sql ] [ SQL ] SELECT COUNT(*) AS tp_count FROM `chat_log` WHERE  `fromid` = 5613  AND `toid` = 704  AND `is_read` = 0 LIMIT 1 [ RunTime:0.004224s ]
[ sql ] [ SQL ] SELECT COUNT(*) AS tp_count FROM `chat_log` WHERE  `fromid` = 5662  AND `toid` = 704  AND `is_read` = 0 LIMIT 1 [ RunTime:0.000292s ]
[ sql ] [ SQL ] SELECT COUNT(*) AS tp_count FROM `chat_log` WHERE  `fromid` = 5938  AND `toid` = 704  AND `is_read` = 0 LIMIT 1 [ RunTime:0.003161s ]
[ sql ] [ SQL ] SELECT COUNT(*) AS tp_count FROM `chat_log` WHERE  `fromid` = 6783  AND `toid` = 704  AND `is_read` = 0 LIMIT 1 [ RunTime:0.000302s ]
[ sql ] [ SQL ] SELECT COUNT(*) AS tp_count FROM `chat_log` WHERE  `fromid` = 6921  AND `toid` = 704  AND `is_read` = 0 LIMIT 1 [ RunTime:0.002554s ]
[ sql ] [ SQL ] SELECT COUNT(*) AS tp_count FROM `chat_log` WHERE  `fromid` = 7959  AND `toid` = 704  AND `is_read` = 0 LIMIT 1 [ RunTime:0.003234s ]
[ sql ] [ SQL ] SELECT COUNT(*) AS tp_count FROM `chat_log` WHERE  `fromid` = 8130  AND `toid` = 704  AND `is_read` = 0 LIMIT 1 [ RunTime:0.003027s ]
[ sql ] [ SQL ] SELECT COUNT(*) AS tp_count FROM `chat_log` WHERE  `fromid` = 8215  AND `toid` = 704  AND `is_read` = 0 LIMIT 1 [ RunTime:0.002321s ]
[ sql ] [ SQL ] SELECT COUNT(*) AS tp_count FROM `chat_log` WHERE  `fromid` = 8494  AND `toid` = 704  AND `is_read` = 0 LIMIT 1 [ RunTime:0.002856s ]
[ sql ] [ SQL ] SELECT COUNT(*) AS tp_count FROM `chat_log` WHERE  `fromid` = 8928  AND `toid` = 704  AND `is_read` = 0 LIMIT 1 [ RunTime:0.000274s ]
[ sql ] [ SQL ] SELECT COUNT(*) AS tp_count FROM `chat_log` WHERE  `fromid` = 8941  AND `toid` = 704  AND `is_read` = 0 LIMIT 1 [ RunTime:0.000263s ]
[ sql ] [ SQL ] SELECT COUNT(*) AS tp_count FROM `chat_log` WHERE  `fromid` = 9136  AND `toid` = 704  AND `is_read` = 0 LIMIT 1 [ RunTime:0.000357s ]
[ sql ] [ SQL ] SELECT COUNT(*) AS tp_count FROM `chat_log` WHERE  `fromid` = 9159  AND `toid` = 704  AND `is_read` = 0 LIMIT 1 [ RunTime:0.000327s ]
[ sql ] [ SQL ] SELECT COUNT(*) AS tp_count FROM `chat_log` WHERE  `fromid` = 9214  AND `toid` = 704  AND `is_read` = 0 LIMIT 1 [ RunTime:0.000244s ]
[ sql ] [ SQL ] SELECT COUNT(*) AS tp_count FROM `chat_log` WHERE  `fromid` = 9246  AND `toid` = 704  AND `is_read` = 0 LIMIT 1 [ RunTime:0.000327s ]
[ sql ] [ SQL ] SELECT COUNT(*) AS tp_count FROM `chat_log` WHERE  `fromid` = 9392  AND `toid` = 704  AND `is_read` = 0 LIMIT 1 [ RunTime:0.004191s ]
[ sql ] [ SQL ] SELECT COUNT(*) AS tp_count FROM `chat_log` WHERE  `fromid` = 9533  AND `toid` = 704  AND `is_read` = 0 LIMIT 1 [ RunTime:0.000398s ]
[ sql ] [ SQL ] SELECT COUNT(*) AS tp_count FROM `chat_log` WHERE  `fromid` = 9895  AND `toid` = 704  AND `is_read` = 0 LIMIT 1 [ RunTime:0.000265s ]
[ sql ] [ SQL ] SELECT COUNT(*) AS tp_count FROM `chat_log` WHERE  `fromid` = 10012  AND `toid` = 704  AND `is_read` = 0 LIMIT 1 [ RunTime:0.000321s ]
[ sql ] [ SQL ] SELECT COUNT(*) AS tp_count FROM `chat_log` WHERE  `fromid` = 10042  AND `toid` = 704  AND `is_read` = 0 LIMIT 1 [ RunTime:0.000278s ]
[ sql ] [ SQL ] SELECT COUNT(*) AS tp_count FROM `chat_log` WHERE  `fromid` = 10264  AND `toid` = 704  AND `is_read` = 0 LIMIT 1 [ RunTime:0.000254s ]
[ sql ] [ SQL ] SELECT COUNT(*) AS tp_count FROM `chat_log` WHERE  `fromid` = 10512  AND `toid` = 704  AND `is_read` = 0 LIMIT 1 [ RunTime:0.000375s ]
[ sql ] [ SQL ] SELECT COUNT(*) AS tp_count FROM `chat_log` WHERE  `fromid` = 10625  AND `toid` = 704  AND `is_read` = 0 LIMIT 1 [ RunTime:0.002620s ]
[ sql ] [ SQL ] SELECT COUNT(*) AS tp_count FROM `chat_log` WHERE  `fromid` = 10656  AND `toid` = 704  AND `is_read` = 0 LIMIT 1 [ RunTime:0.002773s ]
[ sql ] [ SQL ] SELECT COUNT(*) AS tp_count FROM `chat_log` WHERE  `fromid` = 10701  AND `toid` = 704  AND `is_read` = 0 LIMIT 1 [ RunTime:0.000292s ]
[ sql ] [ SQL ] SELECT COUNT(*) AS tp_count FROM `chat_log` WHERE  `fromid` = 10743  AND `toid` = 704  AND `is_read` = 0 LIMIT 1 [ RunTime:0.002712s ]
[ sql ] [ SQL ] SELECT COUNT(*) AS tp_count FROM `chat_log` WHERE  `fromid` = 10756  AND `toid` = 704  AND `is_read` = 0 LIMIT 1 [ RunTime:0.002996s ]
[ sql ] [ SQL ] SELECT COUNT(*) AS tp_count FROM `chat_log` WHERE  `fromid` = 10835  AND `toid` = 704  AND `is_read` = 0 LIMIT 1 [ RunTime:0.002848s ]
[ sql ] [ SQL ] SELECT COUNT(*) AS tp_count FROM `chat_log` WHERE  `fromid` = 10878  AND `toid` = 704  AND `is_read` = 0 LIMIT 1 [ RunTime:0.000641s ]
[ sql ] [ SQL ] SELECT COUNT(*) AS tp_count FROM `chat_log` WHERE  `fromid` = 10953  AND `toid` = 704  AND `is_read` = 0 LIMIT 1 [ RunTime:0.002798s ]
[ sql ] [ SQL ] SELECT COUNT(*) AS tp_count FROM `chat_log` WHERE  `fromid` = 10978  AND `toid` = 704  AND `is_read` = 0 LIMIT 1 [ RunTime:0.000356s ]
[ sql ] [ SQL ] SELECT COUNT(*) AS tp_count FROM `chat_log` WHERE  `fromid` = 11033  AND `toid` = 704  AND `is_read` = 0 LIMIT 1 [ RunTime:0.000276s ]
[ sql ] [ SQL ] SELECT COUNT(*) AS tp_count FROM `chat_log` WHERE  `fromid` = 11040  AND `toid` = 704  AND `is_read` = 0 LIMIT 1 [ RunTime:0.002575s ]
[ sql ] [ SQL ] SELECT COUNT(*) AS tp_count FROM `chat_log` WHERE  `fromid` = 11049  AND `toid` = 704  AND `is_read` = 0 LIMIT 1 [ RunTime:0.001136s ]
[ sql ] [ SQL ] SELECT COUNT(*) AS tp_count FROM `chat_log` WHERE  `fromid` = 11108  AND `toid` = 704  AND `is_read` = 0 LIMIT 1 [ RunTime:0.000305s ]
[ sql ] [ SQL ] SELECT COUNT(*) AS tp_count FROM `chat_log` WHERE  `fromid` = 11109  AND `toid` = 704  AND `is_read` = 0 LIMIT 1 [ RunTime:0.000289s ]
[ sql ] [ SQL ] SELECT COUNT(*) AS tp_count FROM `chat_log` WHERE  `fromid` = 11116  AND `toid` = 704  AND `is_read` = 0 LIMIT 1 [ RunTime:0.000344s ]
[ sql ] [ SQL ] SELECT COUNT(*) AS tp_count FROM `chat_log` WHERE  `fromid` = 11180  AND `toid` = 704  AND `is_read` = 0 LIMIT 1 [ RunTime:0.002241s ]
[ sql ] [ SQL ] SELECT COUNT(*) AS tp_count FROM `chat_log` WHERE  `fromid` = 11186  AND `toid` = 704  AND `is_read` = 0 LIMIT 1 [ RunTime:0.000259s ]
[ sql ] [ SQL ] SELECT COUNT(*) AS tp_count FROM `chat_log` WHERE  `fromid` = 11220  AND `toid` = 704  AND `is_read` = 0 LIMIT 1 [ RunTime:0.002982s ]
[ sql ] [ SQL ] SELECT COUNT(*) AS tp_count FROM `chat_log` WHERE  `fromid` = 11238  AND `toid` = 704  AND `is_read` = 0 LIMIT 1 [ RunTime:0.000270s ]
[ sql ] [ SQL ] SELECT COUNT(*) AS tp_count FROM `chat_log` WHERE  `fromid` = 11240  AND `toid` = 704  AND `is_read` = 0 LIMIT 1 [ RunTime:0.002033s ]
[ sql ] [ SQL ] SELECT COUNT(*) AS tp_count FROM `chat_log` WHERE  `fromid` = 11259  AND `toid` = 704  AND `is_read` = 0 LIMIT 1 [ RunTime:0.000314s ]
[ sql ] [ SQL ] SELECT COUNT(*) AS tp_count FROM `chat_log` WHERE  `fromid` = 11346  AND `toid` = 704  AND `is_read` = 0 LIMIT 1 [ RunTime:0.000364s ]
[ sql ] [ SQL ] SELECT COUNT(*) AS tp_count FROM `chat_log` WHERE  `fromid` = 11348  AND `toid` = 704  AND `is_read` = 0 LIMIT 1 [ RunTime:0.002964s ]
[ sql ] [ SQL ] SELECT COUNT(*) AS tp_count FROM `chat_log` WHERE  `fromid` = 11352  AND `toid` = 704  AND `is_read` = 0 LIMIT 1 [ RunTime:0.002930s ]
[ sql ] [ SQL ] SELECT COUNT(*) AS tp_count FROM `chat_log` WHERE  `fromid` = 11359  AND `toid` = 704  AND `is_read` = 0 LIMIT 1 [ RunTime:0.002433s ]
[ sql ] [ SQL ] SELECT COUNT(*) AS tp_count FROM `chat_log` WHERE  `fromid` = 11370  AND `toid` = 704  AND `is_read` = 0 LIMIT 1 [ RunTime:0.002535s ]
[ sql ] [ SQL ] SELECT COUNT(*) AS tp_count FROM `chat_log` WHERE  `fromid` = 11459  AND `toid` = 704  AND `is_read` = 0 LIMIT 1 [ RunTime:0.000286s ]
[ sql ] [ SQL ] SELECT COUNT(*) AS tp_count FROM `chat_log` WHERE  `fromid` = 11460  AND `toid` = 704  AND `is_read` = 0 LIMIT 1 [ RunTime:0.001404s ]
[ sql ] [ SQL ] SELECT COUNT(*) AS tp_count FROM `chat_log` WHERE  `fromid` = 11509  AND `toid` = 704  AND `is_read` = 0 LIMIT 1 [ RunTime:0.002368s ]
[ sql ] [ SQL ] SELECT COUNT(*) AS tp_count FROM `chat_log` WHERE  `fromid` = 11559  AND `toid` = 704  AND `is_read` = 0 LIMIT 1 [ RunTime:0.003062s ]
[ sql ] [ SQL ] SELECT COUNT(*) AS tp_count FROM `chat_log` WHERE  `fromid` = 11587  AND `toid` = 704  AND `is_read` = 0 LIMIT 1 [ RunTime:0.001682s ]
[ sql ] [ SQL ] SELECT COUNT(*) AS tp_count FROM `chat_log` WHERE  `fromid` = 11613  AND `toid` = 704  AND `is_read` = 0 LIMIT 1 [ RunTime:0.001820s ]
[ sql ] [ SQL ] SELECT COUNT(*) AS tp_count FROM `chat_log` WHERE  `fromid` = 11691  AND `toid` = 704  AND `is_read` = 0 LIMIT 1 [ RunTime:0.001587s ]
[ sql ] [ SQL ] SELECT COUNT(*) AS tp_count FROM `chat_log` WHERE  `fromid` = 11708  AND `toid` = 704  AND `is_read` = 0 LIMIT 1 [ RunTime:0.000364s ]
[ sql ] [ SQL ] SELECT COUNT(*) AS tp_count FROM `chat_log` WHERE  `fromid` = 11810  AND `toid` = 704  AND `is_read` = 0 LIMIT 1 [ RunTime:0.002134s ]
[ sql ] [ SQL ] SELECT COUNT(*) AS tp_count FROM `chat_log` WHERE  `fromid` = 11813  AND `toid` = 704  AND `is_read` = 0 LIMIT 1 [ RunTime:0.000276s ]
[ sql ] [ SQL ] SELECT COUNT(*) AS tp_count FROM `chat_log` WHERE  `fromid` = 11884  AND `toid` = 704  AND `is_read` = 0 LIMIT 1 [ RunTime:0.002929s ]
[ sql ] [ SQL ] SELECT COUNT(*) AS tp_count FROM `chat_log` WHERE  `fromid` = 11934  AND `toid` = 704  AND `is_read` = 0 LIMIT 1 [ RunTime:0.002506s ]
[ sql ] [ SQL ] SELECT COUNT(*) AS tp_count FROM `chat_log` WHERE  `fromid` = 11951  AND `toid` = 704  AND `is_read` = 0 LIMIT 1 [ RunTime:0.000331s ]
[ sql ] [ SQL ] SELECT COUNT(*) AS tp_count FROM `chat_log` WHERE  `fromid` = 12016  AND `toid` = 704  AND `is_read` = 0 LIMIT 1 [ RunTime:0.000301s ]
[ sql ] [ SQL ] SELECT COUNT(*) AS tp_count FROM `chat_log` WHERE  `fromid` = 12037  AND `toid` = 704  AND `is_read` = 0 LIMIT 1 [ RunTime:0.000260s ]
[ sql ] [ SQL ] SELECT COUNT(*) AS tp_count FROM `chat_log` WHERE  `fromid` = 12053  AND `toid` = 704  AND `is_read` = 0 LIMIT 1 [ RunTime:0.000321s ]
[ sql ] [ SQL ] SELECT COUNT(*) AS tp_count FROM `chat_log` WHERE  `fromid` = 12087  AND `toid` = 704  AND `is_read` = 0 LIMIT 1 [ RunTime:0.002409s ]
[ sql ] [ SQL ] SELECT COUNT(*) AS tp_count FROM `chat_log` WHERE  `fromid` = 12280  AND `toid` = 704  AND `is_read` = 0 LIMIT 1 [ RunTime:0.002234s ]
[ sql ] [ SQL ] SELECT COUNT(*) AS tp_count FROM `chat_log` WHERE  `fromid` = 12284  AND `toid` = 704  AND `is_read` = 0 LIMIT 1 [ RunTime:0.000294s ]
[ sql ] [ SQL ] SELECT COUNT(*) AS tp_count FROM `chat_log` WHERE  `fromid` = 12315  AND `toid` = 704  AND `is_read` = 0 LIMIT 1 [ RunTime:0.002523s ]
[ sql ] [ SQL ] SELECT COUNT(*) AS tp_count FROM `chat_log` WHERE  `fromid` = 12323  AND `toid` = 704  AND `is_read` = 0 LIMIT 1 [ RunTime:0.000320s ]
[ sql ] [ SQL ] SELECT COUNT(*) AS tp_count FROM `chat_log` WHERE  `fromid` = 12364  AND `toid` = 704  AND `is_read` = 0 LIMIT 1 [ RunTime:0.002034s ]
[ sql ] [ SQL ] SELECT COUNT(*) AS tp_count FROM `chat_log` WHERE  `fromid` = 12433  AND `toid` = 704  AND `is_read` = 0 LIMIT 1 [ RunTime:0.002314s ]
[ sql ] [ SQL ] SELECT COUNT(*) AS tp_count FROM `chat_log` WHERE  `fromid` = 12437  AND `toid` = 704  AND `is_read` = 0 LIMIT 1 [ RunTime:0.000323s ]
[ sql ] [ SQL ] SELECT COUNT(*) AS tp_count FROM `chat_log` WHERE  `fromid` = 12472  AND `toid` = 704  AND `is_read` = 0 LIMIT 1 [ RunTime:0.002629s ]
[ sql ] [ SQL ] SELECT COUNT(*) AS tp_count FROM `chat_log` WHERE  `fromid` = 12560  AND `toid` = 704  AND `is_read` = 0 LIMIT 1 [ RunTime:0.000265s ]
[ sql ] [ SQL ] SELECT COUNT(*) AS tp_count FROM `chat_log` WHERE  `fromid` = 12596  AND `toid` = 704  AND `is_read` = 0 LIMIT 1 [ RunTime:0.002632s ]
[ sql ] [ SQL ] SELECT COUNT(*) AS tp_count FROM `chat_log` WHERE  `fromid` = 12625  AND `toid` = 704  AND `is_read` = 0 LIMIT 1 [ RunTime:0.002725s ]
[ sql ] [ SQL ] SELECT COUNT(*) AS tp_count FROM `chat_log` WHERE  `fromid` = 12646  AND `toid` = 704  AND `is_read` = 0 LIMIT 1 [ RunTime:0.002276s ]
[ sql ] [ SQL ] SELECT COUNT(*) AS tp_count FROM `chat_log` WHERE  `fromid` = 12856  AND `toid` = 704  AND `is_read` = 0 LIMIT 1 [ RunTime:0.000349s ]
[ sql ] [ SQL ] SELECT COUNT(*) AS tp_count FROM `chat_log` WHERE  `fromid` = 13009  AND `toid` = 704  AND `is_read` = 0 LIMIT 1 [ RunTime:0.002369s ]
[ sql ] [ SQL ] SELECT COUNT(*) AS tp_count FROM `chat_log` WHERE  `fromid` = 13029  AND `toid` = 704  AND `is_read` = 0 LIMIT 1 [ RunTime:0.003038s ]
[ sql ] [ SQL ] SELECT COUNT(*) AS tp_count FROM `chat_log` WHERE  `fromid` = 13037  AND `toid` = 704  AND `is_read` = 0 LIMIT 1 [ RunTime:0.002289s ]
[ sql ] [ SQL ] SELECT COUNT(*) AS tp_count FROM `chat_log` WHERE  `fromid` = 13176  AND `toid` = 704  AND `is_read` = 0 LIMIT 1 [ RunTime:0.002764s ]
[ sql ] [ SQL ] SELECT COUNT(*) AS tp_count FROM `chat_log` WHERE  `fromid` = 13183  AND `toid` = 704  AND `is_read` = 0 LIMIT 1 [ RunTime:0.000295s ]
[ sql ] [ SQL ] SELECT COUNT(*) AS tp_count FROM `chat_log` WHERE  `fromid` = 13206  AND `toid` = 704  AND `is_read` = 0 LIMIT 1 [ RunTime:0.000287s ]
[ sql ] [ SQL ] SELECT COUNT(*) AS tp_count FROM `chat_log` WHERE  `fromid` = 13213  AND `toid` = 704  AND `is_read` = 0 LIMIT 1 [ RunTime:0.002552s ]
[ sql ] [ SQL ] SELECT COUNT(*) AS tp_count FROM `chat_log` WHERE  `fromid` = 13219  AND `toid` = 704  AND `is_read` = 0 LIMIT 1 [ RunTime:0.003021s ]
[ sql ] [ SQL ] SELECT COUNT(*) AS tp_count FROM `chat_log` WHERE  `fromid` = 13261  AND `toid` = 704  AND `is_read` = 0 LIMIT 1 [ RunTime:0.002495s ]
[ sql ] [ SQL ] SELECT COUNT(*) AS tp_count FROM `chat_log` WHERE  `fromid` = 13269  AND `toid` = 704  AND `is_read` = 0 LIMIT 1 [ RunTime:0.002782s ]
[ sql ] [ SQL ] SELECT COUNT(*) AS tp_count FROM `chat_log` WHERE  `fromid` = 13292  AND `toid` = 704  AND `is_read` = 0 LIMIT 1 [ RunTime:0.000308s ]
[ sql ] [ SQL ] SELECT COUNT(*) AS tp_count FROM `chat_log` WHERE  `fromid` = 13410  AND `toid` = 704  AND `is_read` = 0 LIMIT 1 [ RunTime:0.000269s ]
[ sql ] [ SQL ] SELECT COUNT(*) AS tp_count FROM `chat_log` WHERE  `fromid` = 13597  AND `toid` = 704  AND `is_read` = 0 LIMIT 1 [ RunTime:0.000350s ]
[ sql ] [ SQL ] SELECT COUNT(*) AS tp_count FROM `chat_log` WHERE  `fromid` = 13711  AND `toid` = 704  AND `is_read` = 0 LIMIT 1 [ RunTime:0.000273s ]
[ sql ] [ SQL ] SELECT COUNT(*) AS tp_count FROM `chat_log` WHERE  `fromid` = 13894  AND `toid` = 704  AND `is_read` = 0 LIMIT 1 [ RunTime:0.002967s ]
[ sql ] [ SQL ] SELECT COUNT(*) AS tp_count FROM `chat_log` WHERE  `fromid` = 13996  AND `toid` = 704  AND `is_read` = 0 LIMIT 1 [ RunTime:0.002617s ]
[ sql ] [ SQL ] SELECT COUNT(*) AS tp_count FROM `chat_log` WHERE  `fromid` = 14257  AND `toid` = 704  AND `is_read` = 0 LIMIT 1 [ RunTime:0.003291s ]
[ sql ] [ SQL ] SELECT COUNT(*) AS tp_count FROM `chat_log` WHERE  `fromid` = 14409  AND `toid` = 704  AND `is_read` = 0 LIMIT 1 [ RunTime:0.002937s ]
---------------------------------------------------------------
[ 2019-09-22T11:08:59+08:00 ] 45.114.166.56 GET /index/chat/chat/pals_id/4180
[ sql ] [ DB ] CONNECT:[ UseTime:0.000601s ] mysql:host=127.0.0.1;port=3306;dbname=henimeet;charset=utf8
[ sql ] [ SQL ] SHOW COLUMNS FROM `wy_users` [ RunTime:0.000968s ]
[ sql ] [ SQL ] SELECT * FROM `wy_users` WHERE  `user_id` = 704 LIMIT 1 [ RunTime:0.000441s ]
[ sql ] [ SQL ] SHOW COLUMNS FROM `chat_log` [ RunTime:0.000534s ]
[ sql ] [ SQL ] SELECT COUNT(*) AS tp_count FROM `chat_log` WHERE  `toid` = 704  AND `is_read` = 0 LIMIT 1 [ RunTime:0.000187s ]
[ sql ] [ SQL ] SELECT * FROM `wy_users` WHERE  `user_id` = 704 LIMIT 1 [ RunTime:0.000286s ]
[ sql ] [ SQL ] SHOW COLUMNS FROM `wy_online` [ RunTime:0.000501s ]
[ sql ] [ SQL ] SELECT * FROM `wy_online` WHERE  `user_id` = 704 LIMIT 1 [ RunTime:0.000205s ]
[ sql ] [ SQL ] UPDATE `wy_online`  SET `user_id`=704,`user_name`='PAUZZZ',`user_sex`=0,`user_ico`='http://www.pauzzz.com/uploadfiles/avatar/20190910/1568096892927_162.jpg',`active_time`=1569121739,`hidden`=0  WHERE  `user_id` = 704 [ RunTime:0.000321s ]
[ sql ] [ SQL ] SELECT `user_id`,`user_name`,`user_ico` FROM `wy_users` WHERE  `user_id` = 4180 LIMIT 1 [ RunTime:0.000236s ]
---------------------------------------------------------------
[ 2019-09-22T14:00:15+08:00 ] 120.20.135.220 GET /index/main/index.html
[ sql ] [ DB ] CONNECT:[ UseTime:0.000625s ] mysql:host=127.0.0.1;port=3306;dbname=henimeet;charset=utf8
[ sql ] [ SQL ] SHOW COLUMNS FROM `wy_users` [ RunTime:0.001030s ]
[ sql ] [ SQL ] SELECT * FROM `wy_users` WHERE  `user_id` = 4180 LIMIT 1 [ RunTime:0.000598s ]
[ sql ] [ SQL ] SHOW COLUMNS FROM `chat_log` [ RunTime:0.000565s ]
[ sql ] [ SQL ] SELECT COUNT(*) AS tp_count FROM `chat_log` WHERE  `toid` = 4180  AND `is_read` = 0 LIMIT 1 [ RunTime:0.000870s ]
[ sql ] [ SQL ] SELECT * FROM `wy_users` WHERE  `user_id` = 4180 LIMIT 1 [ RunTime:0.000298s ]
[ sql ] [ SQL ] SHOW COLUMNS FROM `wy_online` [ RunTime:0.000519s ]
[ sql ] [ SQL ] SELECT * FROM `wy_online` WHERE  `user_id` = 4180 LIMIT 1 [ RunTime:0.000268s ]
[ sql ] [ SQL ] UPDATE `wy_online`  SET `user_id`=4180,`user_name`='eric_shift',`user_sex`=1,`user_ico`='http://www.pauzzz.com/uploadfiles/avatar/20190301/1551410249766_162.jpg',`active_time`=1569132015,`hidden`=0  WHERE  `user_id` = 4180 [ RunTime:0.000342s ]
---------------------------------------------------------------
[ 2019-09-22T14:00:17+08:00 ] 120.20.135.220 GET /index/main/query/page/1.html
[ sql ] [ DB ] CONNECT:[ UseTime:0.000617s ] mysql:host=127.0.0.1;port=3306;dbname=henimeet;charset=utf8
[ sql ] [ SQL ] SHOW COLUMNS FROM `wy_users` [ RunTime:0.001001s ]
[ sql ] [ SQL ] SELECT * FROM `wy_users` WHERE  `user_id` = 4180 LIMIT 1 [ RunTime:0.000451s ]
[ sql ] [ SQL ] SHOW COLUMNS FROM `chat_log` [ RunTime:0.000535s ]
[ sql ] [ SQL ] SELECT COUNT(*) AS tp_count FROM `chat_log` WHERE  `toid` = 4180  AND `is_read` = 0 LIMIT 1 [ RunTime:0.000208s ]
[ sql ] [ SQL ] SELECT * FROM `wy_users` WHERE  `user_id` = 4180 LIMIT 1 [ RunTime:0.000285s ]
[ sql ] [ SQL ] SHOW COLUMNS FROM `wy_online` [ RunTime:0.000514s ]
[ sql ] [ SQL ] SELECT * FROM `wy_online` WHERE  `user_id` = 4180 LIMIT 1 [ RunTime:0.000262s ]
[ sql ] [ SQL ] UPDATE `wy_online`  SET `user_id`=4180,`user_name`='eric_shift',`user_sex`=1,`user_ico`='http://www.pauzzz.com/uploadfiles/avatar/20190301/1551410249766_162.jpg',`active_time`=1569132017,`hidden`=0  WHERE  `user_id` = 4180 [ RunTime:0.000324s ]
[ sql ] [ SQL ] SELECT COUNT(*) AS tp_count FROM `wy_users` WHERE  `user_sex` <> 1  AND `is_pass` <> 0 LIMIT 1 [ RunTime:0.009702s ]
[ sql ] [ SQL ] SELECT `u`.`user_name`,`u`.`user_ico`,`u`.`user_sex`,`u`.`user_group`,`u`.`user_id`,`o`.`online_id` FROM `wy_users` `u` LEFT JOIN `wy_online` `o` ON `u`.`user_id`=`o`.`user_id` WHERE  (  u.user_sex != '1' and u.is_pass!='0' ) ORDER BY u.is_service desc, o.active_time desc LIMIT 0,16 [ RunTime:0.010086s ]
---------------------------------------------------------------
[ 2019-09-22T14:00:26+08:00 ] 120.20.135.220 GET /index/user/index.html
[ sql ] [ DB ] CONNECT:[ UseTime:0.000648s ] mysql:host=127.0.0.1;port=3306;dbname=henimeet;charset=utf8
[ sql ] [ SQL ] SHOW COLUMNS FROM `wy_users` [ RunTime:0.001077s ]
[ sql ] [ SQL ] SELECT * FROM `wy_users` WHERE  `user_id` = 4180 LIMIT 1 [ RunTime:0.000453s ]
[ sql ] [ SQL ] SHOW COLUMNS FROM `chat_log` [ RunTime:0.000570s ]
[ sql ] [ SQL ] SELECT COUNT(*) AS tp_count FROM `chat_log` WHERE  `toid` = 4180  AND `is_read` = 0 LIMIT 1 [ RunTime:0.000206s ]
[ sql ] [ SQL ] SELECT * FROM `wy_users` WHERE  `user_id` = 4180 LIMIT 1 [ RunTime:0.000284s ]
[ sql ] [ SQL ] SHOW COLUMNS FROM `wy_online` [ RunTime:0.000534s ]
[ sql ] [ SQL ] SELECT * FROM `wy_online` WHERE  `user_id` = 4180 LIMIT 1 [ RunTime:0.000276s ]
[ sql ] [ SQL ] UPDATE `wy_online`  SET `user_id`=4180,`user_name`='eric_shift',`user_sex`=1,`user_ico`='http://www.pauzzz.com/uploadfiles/avatar/20190301/1551410249766_162.jpg',`active_time`=1569132026,`hidden`=0  WHERE  `user_id` = 4180 [ RunTime:0.000307s ]
[ sql ] [ SQL ] SELECT * FROM `wy_users` WHERE  `user_id` = 4180 LIMIT 1 [ RunTime:0.000408s ]
---------------------------------------------------------------
[ 2019-09-22T14:00:29+08:00 ] 120.20.135.220 GET /index/chat/index.html
[ sql ] [ DB ] CONNECT:[ UseTime:0.000606s ] mysql:host=127.0.0.1;port=3306;dbname=henimeet;charset=utf8
[ sql ] [ SQL ] SHOW COLUMNS FROM `wy_users` [ RunTime:0.001017s ]
[ sql ] [ SQL ] SELECT * FROM `wy_users` WHERE  `user_id` = 4180 LIMIT 1 [ RunTime:0.000443s ]
[ sql ] [ SQL ] SHOW COLUMNS FROM `chat_log` [ RunTime:0.000584s ]
[ sql ] [ SQL ] SELECT COUNT(*) AS tp_count FROM `chat_log` WHERE  `toid` = 4180  AND `is_read` = 0 LIMIT 1 [ RunTime:0.000201s ]
[ sql ] [ SQL ] SELECT * FROM `wy_users` WHERE  `user_id` = 4180 LIMIT 1 [ RunTime:0.000295s ]
[ sql ] [ SQL ] SHOW COLUMNS FROM `wy_online` [ RunTime:0.000541s ]
[ sql ] [ SQL ] SELECT * FROM `wy_online` WHERE  `user_id` = 4180 LIMIT 1 [ RunTime:0.000269s ]
[ sql ] [ SQL ] UPDATE `wy_online`  SET `user_id`=4180,`user_name`='eric_shift',`user_sex`=1,`user_ico`='http://www.pauzzz.com/uploadfiles/avatar/20190301/1551410249766_162.jpg',`active_time`=1569132029,`hidden`=0  WHERE  `user_id` = 4180 [ RunTime:0.000277s ]
---------------------------------------------------------------
[ 2019-09-22T14:00:30+08:00 ] 120.20.135.220 GET /index/chat/getdata.html
[ sql ] [ DB ] CONNECT:[ UseTime:0.000671s ] mysql:host=127.0.0.1;port=3306;dbname=henimeet;charset=utf8
[ sql ] [ SQL ] SHOW COLUMNS FROM `wy_users` [ RunTime:0.001032s ]
[ sql ] [ SQL ] SELECT * FROM `wy_users` WHERE  `user_id` = 4180 LIMIT 1 [ RunTime:0.000475s ]
[ sql ] [ SQL ] SHOW COLUMNS FROM `chat_log` [ RunTime:0.000573s ]
[ sql ] [ SQL ] SELECT COUNT(*) AS tp_count FROM `chat_log` WHERE  `toid` = 4180  AND `is_read` = 0 LIMIT 1 [ RunTime:0.000203s ]
[ sql ] [ SQL ] SELECT * FROM `wy_users` WHERE  `user_id` = 4180 LIMIT 1 [ RunTime:0.000312s ]
[ sql ] [ SQL ] SHOW COLUMNS FROM `wy_online` [ RunTime:0.000505s ]
[ sql ] [ SQL ] SELECT * FROM `wy_online` WHERE  `user_id` = 4180 LIMIT 1 [ RunTime:0.000314s ]
[ sql ] [ SQL ] UPDATE `wy_online`  SET `user_id`=4180,`user_name`='eric_shift',`user_sex`=1,`user_ico`='http://www.pauzzz.com/uploadfiles/avatar/20190301/1551410249766_162.jpg',`active_time`=1569132030,`hidden`=0  WHERE  `user_id` = 4180 [ RunTime:0.000284s ]
[ sql ] [ SQL ] SELECT * FROM `chat_log` WHERE  (  fromid='4180' or toid='4180' ) ORDER BY timeline desc [ RunTime:0.005161s ]
[ sql ] [ SQL ] SELECT `user_id`,`user_name`,`user_ico`,`user_sex` FROM `wy_users` WHERE  `user_id` IN (704,6630,998,6934,13132,6702,3970,7936,6560,834,10921,5613,5392,11007,5465,5788,3752,3710,803,7602,7115,3870,2642,2228) [ RunTime:0.001616s ]
[ sql ] [ SQL ] SELECT COUNT(*) AS tp_count FROM `chat_log` WHERE  `fromid` = 704  AND `toid` = 4180  AND `is_read` = 0 LIMIT 1 [ RunTime:0.002519s ]
[ sql ] [ SQL ] SELECT COUNT(*) AS tp_count FROM `chat_log` WHERE  `fromid` = 803  AND `toid` = 4180  AND `is_read` = 0 LIMIT 1 [ RunTime:0.000324s ]
[ sql ] [ SQL ] SELECT COUNT(*) AS tp_count FROM `chat_log` WHERE  `fromid` = 834  AND `toid` = 4180  AND `is_read` = 0 LIMIT 1 [ RunTime:0.004668s ]
[ sql ] [ SQL ] SELECT COUNT(*) AS tp_count FROM `chat_log` WHERE  `fromid` = 998  AND `toid` = 4180  AND `is_read` = 0 LIMIT 1 [ RunTime:0.002247s ]
[ sql ] [ SQL ] SELECT COUNT(*) AS tp_count FROM `chat_log` WHERE  `fromid` = 2228  AND `toid` = 4180  AND `is_read` = 0 LIMIT 1 [ RunTime:0.000319s ]
[ sql ] [ SQL ] SELECT COUNT(*) AS tp_count FROM `chat_log` WHERE  `fromid` = 2642  AND `toid` = 4180  AND `is_read` = 0 LIMIT 1 [ RunTime:0.000270s ]
[ sql ] [ SQL ] SELECT COUNT(*) AS tp_count FROM `chat_log` WHERE  `fromid` = 3710  AND `toid` = 4180  AND `is_read` = 0 LIMIT 1 [ RunTime:0.000834s ]
[ sql ] [ SQL ] SELECT COUNT(*) AS tp_count FROM `chat_log` WHERE  `fromid` = 3752  AND `toid` = 4180  AND `is_read` = 0 LIMIT 1 [ RunTime:0.004128s ]
[ sql ] [ SQL ] SELECT COUNT(*) AS tp_count FROM `chat_log` WHERE  `fromid` = 3870  AND `toid` = 4180  AND `is_read` = 0 LIMIT 1 [ RunTime:0.000800s ]
[ sql ] [ SQL ] SELECT COUNT(*) AS tp_count FROM `chat_log` WHERE  `fromid` = 3970  AND `toid` = 4180  AND `is_read` = 0 LIMIT 1 [ RunTime:0.001117s ]
[ sql ] [ SQL ] SELECT COUNT(*) AS tp_count FROM `chat_log` WHERE  `fromid` = 5392  AND `toid` = 4180  AND `is_read` = 0 LIMIT 1 [ RunTime:0.000706s ]
[ sql ] [ SQL ] SELECT COUNT(*) AS tp_count FROM `chat_log` WHERE  `fromid` = 5465  AND `toid` = 4180  AND `is_read` = 0 LIMIT 1 [ RunTime:0.000603s ]
[ sql ] [ SQL ] SELECT COUNT(*) AS tp_count FROM `chat_log` WHERE  `fromid` = 5613  AND `toid` = 4180  AND `is_read` = 0 LIMIT 1 [ RunTime:0.003966s ]
[ sql ] [ SQL ] SELECT COUNT(*) AS tp_count FROM `chat_log` WHERE  `fromid` = 5788  AND `toid` = 4180  AND `is_read` = 0 LIMIT 1 [ RunTime:0.002546s ]
[ sql ] [ SQL ] SELECT COUNT(*) AS tp_count FROM `chat_log` WHERE  `fromid` = 6560  AND `toid` = 4180  AND `is_read` = 0 LIMIT 1 [ RunTime:0.001179s ]
[ sql ] [ SQL ] SELECT COUNT(*) AS tp_count FROM `chat_log` WHERE  `fromid` = 6630  AND `toid` = 4180  AND `is_read` = 0 LIMIT 1 [ RunTime:0.001477s ]
[ sql ] [ SQL ] SELECT COUNT(*) AS tp_count FROM `chat_log` WHERE  `fromid` = 6702  AND `toid` = 4180  AND `is_read` = 0 LIMIT 1 [ RunTime:0.000743s ]
[ sql ] [ SQL ] SELECT COUNT(*) AS tp_count FROM `chat_log` WHERE  `fromid` = 6934  AND `toid` = 4180  AND `is_read` = 0 LIMIT 1 [ RunTime:0.001373s ]
[ sql ] [ SQL ] SELECT COUNT(*) AS tp_count FROM `chat_log` WHERE  `fromid` = 7115  AND `toid` = 4180  AND `is_read` = 0 LIMIT 1 [ RunTime:0.000249s ]
[ sql ] [ SQL ] SELECT COUNT(*) AS tp_count FROM `chat_log` WHERE  `fromid` = 7602  AND `toid` = 4180  AND `is_read` = 0 LIMIT 1 [ RunTime:0.000244s ]
[ sql ] [ SQL ] SELECT COUNT(*) AS tp_count FROM `chat_log` WHERE  `fromid` = 7936  AND `toid` = 4180  AND `is_read` = 0 LIMIT 1 [ RunTime:0.005998s ]
[ sql ] [ SQL ] SELECT COUNT(*) AS tp_count FROM `chat_log` WHERE  `fromid` = 10921  AND `toid` = 4180  AND `is_read` = 0 LIMIT 1 [ RunTime:0.000815s ]
[ sql ] [ SQL ] SELECT COUNT(*) AS tp_count FROM `chat_log` WHERE  `fromid` = 11007  AND `toid` = 4180  AND `is_read` = 0 LIMIT 1 [ RunTime:0.001018s ]
[ sql ] [ SQL ] SELECT COUNT(*) AS tp_count FROM `chat_log` WHERE  `fromid` = 13132  AND `toid` = 4180  AND `is_read` = 0 LIMIT 1 [ RunTime:0.001517s ]
---------------------------------------------------------------
[ 2019-09-22T18:04:29+08:00 ] 1.158.148.201 GET /index/main/index.html
[ sql ] [ DB ] CONNECT:[ UseTime:0.000604s ] mysql:host=127.0.0.1;port=3306;dbname=henimeet;charset=utf8
[ sql ] [ SQL ] SHOW COLUMNS FROM `wy_users` [ RunTime:0.001021s ]
[ sql ] [ SQL ] SELECT * FROM `wy_users` WHERE  `user_id` = 4180 LIMIT 1 [ RunTime:0.000570s ]
[ sql ] [ SQL ] SHOW COLUMNS FROM `chat_log` [ RunTime:0.000534s ]
[ sql ] [ SQL ] SELECT COUNT(*) AS tp_count FROM `chat_log` WHERE  `toid` = 4180  AND `is_read` = 0 LIMIT 1 [ RunTime:0.000852s ]
[ sql ] [ SQL ] SELECT * FROM `wy_users` WHERE  `user_id` = 4180 LIMIT 1 [ RunTime:0.000295s ]
[ sql ] [ SQL ] SHOW COLUMNS FROM `wy_online` [ RunTime:0.000511s ]
[ sql ] [ SQL ] SELECT * FROM `wy_online` WHERE  `user_id` = 4180 LIMIT 1 [ RunTime:0.000249s ]
[ sql ] [ SQL ] UPDATE `wy_online`  SET `user_id`=4180,`user_name`='eric_shift',`user_sex`=1,`user_ico`='http://www.pauzzz.com/uploadfiles/avatar/20190301/1551410249766_162.jpg',`active_time`=1569146669,`hidden`=0  WHERE  `user_id` = 4180 [ RunTime:0.000314s ]
---------------------------------------------------------------
[ 2019-09-22T18:04:30+08:00 ] 1.158.148.201 GET /index/main/query/page/1.html
[ sql ] [ DB ] CONNECT:[ UseTime:0.000583s ] mysql:host=127.0.0.1;port=3306;dbname=henimeet;charset=utf8
[ sql ] [ SQL ] SHOW COLUMNS FROM `wy_users` [ RunTime:0.000955s ]
[ sql ] [ SQL ] SELECT * FROM `wy_users` WHERE  `user_id` = 4180 LIMIT 1 [ RunTime:0.000451s ]
[ sql ] [ SQL ] SHOW COLUMNS FROM `chat_log` [ RunTime:0.000547s ]
[ sql ] [ SQL ] SELECT COUNT(*) AS tp_count FROM `chat_log` WHERE  `toid` = 4180  AND `is_read` = 0 LIMIT 1 [ RunTime:0.000204s ]
[ sql ] [ SQL ] SELECT * FROM `wy_users` WHERE  `user_id` = 4180 LIMIT 1 [ RunTime:0.000300s ]
[ sql ] [ SQL ] SHOW COLUMNS FROM `wy_online` [ RunTime:0.000504s ]
[ sql ] [ SQL ] SELECT * FROM `wy_online` WHERE  `user_id` = 4180 LIMIT 1 [ RunTime:0.000265s ]
[ sql ] [ SQL ] UPDATE `wy_online`  SET `user_id`=4180,`user_name`='eric_shift',`user_sex`=1,`user_ico`='http://www.pauzzz.com/uploadfiles/avatar/20190301/1551410249766_162.jpg',`active_time`=1569146670,`hidden`=0  WHERE  `user_id` = 4180 [ RunTime:0.000312s ]
[ sql ] [ SQL ] SELECT COUNT(*) AS tp_count FROM `wy_users` WHERE  `user_sex` <> 1  AND `is_pass` <> 0 LIMIT 1 [ RunTime:0.009680s ]
[ sql ] [ SQL ] SELECT `u`.`user_name`,`u`.`user_ico`,`u`.`user_sex`,`u`.`user_group`,`u`.`user_id`,`o`.`online_id` FROM `wy_users` `u` LEFT JOIN `wy_online` `o` ON `u`.`user_id`=`o`.`user_id` WHERE  (  u.user_sex != '1' and u.is_pass!='0' ) ORDER BY u.is_service desc, o.active_time desc LIMIT 0,16 [ RunTime:0.010117s ]
---------------------------------------------------------------
[ 2019-09-22T18:04:40+08:00 ] 1.158.148.201 GET /index/chat/index.html
[ sql ] [ DB ] CONNECT:[ UseTime:0.000626s ] mysql:host=127.0.0.1;port=3306;dbname=henimeet;charset=utf8
[ sql ] [ SQL ] SHOW COLUMNS FROM `wy_users` [ RunTime:0.001038s ]
[ sql ] [ SQL ] SELECT * FROM `wy_users` WHERE  `user_id` = 4180 LIMIT 1 [ RunTime:0.000449s ]
[ sql ] [ SQL ] SHOW COLUMNS FROM `chat_log` [ RunTime:0.000588s ]
[ sql ] [ SQL ] SELECT COUNT(*) AS tp_count FROM `chat_log` WHERE  `toid` = 4180  AND `is_read` = 0 LIMIT 1 [ RunTime:0.000195s ]
[ sql ] [ SQL ] SELECT * FROM `wy_users` WHERE  `user_id` = 4180 LIMIT 1 [ RunTime:0.000290s ]
[ sql ] [ SQL ] SHOW COLUMNS FROM `wy_online` [ RunTime:0.000533s ]
[ sql ] [ SQL ] SELECT * FROM `wy_online` WHERE  `user_id` = 4180 LIMIT 1 [ RunTime:0.000258s ]
[ sql ] [ SQL ] UPDATE `wy_online`  SET `user_id`=4180,`user_name`='eric_shift',`user_sex`=1,`user_ico`='http://www.pauzzz.com/uploadfiles/avatar/20190301/1551410249766_162.jpg',`active_time`=1569146680,`hidden`=0  WHERE  `user_id` = 4180 [ RunTime:0.000327s ]
