---------------------------------------------------------------
[ 2020-03-06T04:53:05+08:00 ] 223.104.112.195 GET /index/main/index.html
[ sql ] [ DB ] CONNECT:[ UseTime:0.000553s ] mysql:host=127.0.0.1;port=3306;dbname=henimeet;charset=utf8
[ sql ] [ SQL ] SHOW COLUMNS FROM `wy_users` [ RunTime:0.001026s ]
[ sql ] [ SQL ] SELECT * FROM `wy_users` WHERE  `user_id` = 7936 LIMIT 1 [ RunTime:0.000555s ]
[ sql ] [ SQL ] SHOW COLUMNS FROM `chat_log` [ RunTime:0.000584s ]
[ sql ] [ SQL ] SELECT COUNT(*) AS tp_count FROM `chat_log` WHERE  `toid` = 7936  AND `is_read` = 0 LIMIT 1 [ RunTime:0.003531s ]
[ sql ] [ SQL ] SELECT * FROM `wy_users` WHERE  `user_id` = 7936 LIMIT 1 [ RunTime:0.000275s ]
[ sql ] [ SQL ] SHOW COLUMNS FROM `wy_online` [ RunTime:0.000522s ]
[ sql ] [ SQL ] SELECT * FROM `wy_online` WHERE  `user_id` = 7936 LIMIT 1 [ RunTime:0.000226s ]
[ sql ] [ SQL ] INSERT INTO `wy_online` (`user_id` , `user_name` , `user_sex` , `user_ico` , `active_time` , `hidden`) VALUES (7936 , 'youni' , 0 , 'http://www.pauzzz.com/uploadfiles/avatar/20181029/1540805076819_162.jpg' , 1583441585 , 0) [ RunTime:0.000280s ]
---------------------------------------------------------------
[ 2020-03-06T04:53:06+08:00 ] 223.104.112.195 GET /index/main/query/page/1.html
[ sql ] [ DB ] CONNECT:[ UseTime:0.000598s ] mysql:host=127.0.0.1;port=3306;dbname=henimeet;charset=utf8
[ sql ] [ SQL ] SHOW COLUMNS FROM `wy_users` [ RunTime:0.000985s ]
[ sql ] [ SQL ] SELECT * FROM `wy_users` WHERE  `user_id` = 7936 LIMIT 1 [ RunTime:0.000433s ]
[ sql ] [ SQL ] SHOW COLUMNS FROM `chat_log` [ RunTime:0.000515s ]
[ sql ] [ SQL ] SELECT COUNT(*) AS tp_count FROM `chat_log` WHERE  `toid` = 7936  AND `is_read` = 0 LIMIT 1 [ RunTime:0.000203s ]
[ sql ] [ SQL ] SELECT * FROM `wy_users` WHERE  `user_id` = 7936 LIMIT 1 [ RunTime:0.000280s ]
[ sql ] [ SQL ] SHOW COLUMNS FROM `wy_online` [ RunTime:0.000525s ]
[ sql ] [ SQL ] SELECT * FROM `wy_online` WHERE  `user_id` = 7936 LIMIT 1 [ RunTime:0.000262s ]
[ sql ] [ SQL ] UPDATE `wy_online`  SET `user_id`=7936,`user_name`='youni',`user_sex`=0,`user_ico`='http://www.pauzzz.com/uploadfiles/avatar/20181029/1540805076819_162.jpg',`active_time`=1583441586,`hidden`=0  WHERE  `user_id` = 7936 [ RunTime:0.000297s ]
[ sql ] [ SQL ] SELECT COUNT(*) AS tp_count FROM `wy_users` WHERE  `user_sex` <> 0  AND `is_pass` <> 0 LIMIT 1 [ RunTime:0.010385s ]
[ sql ] [ SQL ] SELECT `u`.`user_name`,`u`.`user_ico`,`u`.`user_sex`,`u`.`user_group`,`u`.`user_id`,`o`.`online_id` FROM `wy_users` `u` LEFT JOIN `wy_online` `o` ON `u`.`user_id`=`o`.`user_id` WHERE  (  u.user_sex != '0' and u.is_pass!='0' ) ORDER BY u.is_service desc, o.active_time desc LIMIT 0,16 [ RunTime:0.019211s ]
---------------------------------------------------------------
[ 2020-03-06T04:53:11+08:00 ] 223.104.112.195 GET /index/user/index.html
[ sql ] [ DB ] CONNECT:[ UseTime:0.000647s ] mysql:host=127.0.0.1;port=3306;dbname=henimeet;charset=utf8
[ sql ] [ SQL ] SHOW COLUMNS FROM `wy_users` [ RunTime:0.001031s ]
[ sql ] [ SQL ] SELECT * FROM `wy_users` WHERE  `user_id` = 7936 LIMIT 1 [ RunTime:0.000491s ]
[ sql ] [ SQL ] SHOW COLUMNS FROM `chat_log` [ RunTime:0.000583s ]
[ sql ] [ SQL ] SELECT COUNT(*) AS tp_count FROM `chat_log` WHERE  `toid` = 7936  AND `is_read` = 0 LIMIT 1 [ RunTime:0.000197s ]
[ sql ] [ SQL ] SELECT * FROM `wy_users` WHERE  `user_id` = 7936 LIMIT 1 [ RunTime:0.000321s ]
[ sql ] [ SQL ] SHOW COLUMNS FROM `wy_online` [ RunTime:0.000506s ]
[ sql ] [ SQL ] SELECT * FROM `wy_online` WHERE  `user_id` = 7936 LIMIT 1 [ RunTime:0.000255s ]
[ sql ] [ SQL ] UPDATE `wy_online`  SET `user_id`=7936,`user_name`='youni',`user_sex`=0,`user_ico`='http://www.pauzzz.com/uploadfiles/avatar/20181029/1540805076819_162.jpg',`active_time`=1583441591,`hidden`=0  WHERE  `user_id` = 7936 [ RunTime:0.000318s ]
[ sql ] [ SQL ] SELECT * FROM `wy_users` WHERE  `user_id` = 7936 LIMIT 1 [ RunTime:0.000396s ]
---------------------------------------------------------------
[ 2020-03-06T09:57:33+08:00 ] 223.104.112.195 GET /index/main/index.html
[ sql ] [ DB ] CONNECT:[ UseTime:0.000619s ] mysql:host=127.0.0.1;port=3306;dbname=henimeet;charset=utf8
[ sql ] [ SQL ] SHOW COLUMNS FROM `wy_users` [ RunTime:0.001035s ]
[ sql ] [ SQL ] SELECT * FROM `wy_users` WHERE  `user_id` = 7936 LIMIT 1 [ RunTime:0.000613s ]
[ sql ] [ SQL ] SHOW COLUMNS FROM `chat_log` [ RunTime:0.000578s ]
[ sql ] [ SQL ] SELECT COUNT(*) AS tp_count FROM `chat_log` WHERE  `toid` = 7936  AND `is_read` = 0 LIMIT 1 [ RunTime:0.003568s ]
[ sql ] [ SQL ] SELECT * FROM `wy_users` WHERE  `user_id` = 7936 LIMIT 1 [ RunTime:0.000295s ]
[ sql ] [ SQL ] SHOW COLUMNS FROM `wy_online` [ RunTime:0.000571s ]
[ sql ] [ SQL ] SELECT * FROM `wy_online` WHERE  `user_id` = 7936 LIMIT 1 [ RunTime:0.000244s ]
[ sql ] [ SQL ] UPDATE `wy_online`  SET `user_id`=7936,`user_name`='youni',`user_sex`=0,`user_ico`='http://www.pauzzz.com/uploadfiles/avatar/20181029/1540805076819_162.jpg',`active_time`=1583459853,`hidden`=0  WHERE  `user_id` = 7936 [ RunTime:0.001091s ]
---------------------------------------------------------------
[ 2020-03-06T09:57:34+08:00 ] 223.104.112.195 GET /index/main/query/page/1.html
[ sql ] [ DB ] CONNECT:[ UseTime:0.000570s ] mysql:host=127.0.0.1;port=3306;dbname=henimeet;charset=utf8
[ sql ] [ SQL ] SHOW COLUMNS FROM `wy_users` [ RunTime:0.001065s ]
[ sql ] [ SQL ] SELECT * FROM `wy_users` WHERE  `user_id` = 7936 LIMIT 1 [ RunTime:0.000431s ]
[ sql ] [ SQL ] SHOW COLUMNS FROM `chat_log` [ RunTime:0.000559s ]
[ sql ] [ SQL ] SELECT COUNT(*) AS tp_count FROM `chat_log` WHERE  `toid` = 7936  AND `is_read` = 0 LIMIT 1 [ RunTime:0.000193s ]
[ sql ] [ SQL ] SELECT * FROM `wy_users` WHERE  `user_id` = 7936 LIMIT 1 [ RunTime:0.000313s ]
[ sql ] [ SQL ] SHOW COLUMNS FROM `wy_online` [ RunTime:0.000494s ]
[ sql ] [ SQL ] SELECT * FROM `wy_online` WHERE  `user_id` = 7936 LIMIT 1 [ RunTime:0.000269s ]
[ sql ] [ SQL ] UPDATE `wy_online`  SET `user_id`=7936,`user_name`='youni',`user_sex`=0,`user_ico`='http://www.pauzzz.com/uploadfiles/avatar/20181029/1540805076819_162.jpg',`active_time`=1583459854,`hidden`=0  WHERE  `user_id` = 7936 [ RunTime:0.000348s ]
[ sql ] [ SQL ] SELECT COUNT(*) AS tp_count FROM `wy_users` WHERE  `user_sex` <> 0  AND `is_pass` <> 0 LIMIT 1 [ RunTime:0.010298s ]
[ sql ] [ SQL ] SELECT `u`.`user_name`,`u`.`user_ico`,`u`.`user_sex`,`u`.`user_group`,`u`.`user_id`,`o`.`online_id` FROM `wy_users` `u` LEFT JOIN `wy_online` `o` ON `u`.`user_id`=`o`.`user_id` WHERE  (  u.user_sex != '0' and u.is_pass!='0' ) ORDER BY u.is_service desc, o.active_time desc LIMIT 0,16 [ RunTime:0.019078s ]
---------------------------------------------------------------
[ 2020-03-06T09:57:35+08:00 ] 223.104.112.195 GET /index/user/index.html
[ sql ] [ DB ] CONNECT:[ UseTime:0.000586s ] mysql:host=127.0.0.1;port=3306;dbname=henimeet;charset=utf8
[ sql ] [ SQL ] SHOW COLUMNS FROM `wy_users` [ RunTime:0.001029s ]
[ sql ] [ SQL ] SELECT * FROM `wy_users` WHERE  `user_id` = 7936 LIMIT 1 [ RunTime:0.000436s ]
[ sql ] [ SQL ] SHOW COLUMNS FROM `chat_log` [ RunTime:0.000575s ]
[ sql ] [ SQL ] SELECT COUNT(*) AS tp_count FROM `chat_log` WHERE  `toid` = 7936  AND `is_read` = 0 LIMIT 1 [ RunTime:0.000196s ]
[ sql ] [ SQL ] SELECT * FROM `wy_users` WHERE  `user_id` = 7936 LIMIT 1 [ RunTime:0.000270s ]
[ sql ] [ SQL ] SHOW COLUMNS FROM `wy_online` [ RunTime:0.000543s ]
[ sql ] [ SQL ] SELECT * FROM `wy_online` WHERE  `user_id` = 7936 LIMIT 1 [ RunTime:0.000254s ]
[ sql ] [ SQL ] UPDATE `wy_online`  SET `user_id`=7936,`user_name`='youni',`user_sex`=0,`user_ico`='http://www.pauzzz.com/uploadfiles/avatar/20181029/1540805076819_162.jpg',`active_time`=1583459855,`hidden`=0  WHERE  `user_id` = 7936 [ RunTime:0.000358s ]
[ sql ] [ SQL ] SELECT * FROM `wy_users` WHERE  `user_id` = 7936 LIMIT 1 [ RunTime:0.000401s ]
---------------------------------------------------------------
[ 2020-03-06T09:57:37+08:00 ] 223.104.112.195 GET /index/mall/index.html
[ sql ] [ DB ] CONNECT:[ UseTime:0.000619s ] mysql:host=127.0.0.1;port=3306;dbname=henimeet;charset=utf8
[ sql ] [ SQL ] SHOW COLUMNS FROM `wy_users` [ RunTime:0.001013s ]
[ sql ] [ SQL ] SELECT * FROM `wy_users` WHERE  `user_id` = 7936 LIMIT 1 [ RunTime:0.000426s ]
[ sql ] [ SQL ] SHOW COLUMNS FROM `chat_log` [ RunTime:0.000561s ]
[ sql ] [ SQL ] SELECT COUNT(*) AS tp_count FROM `chat_log` WHERE  `toid` = 7936  AND `is_read` = 0 LIMIT 1 [ RunTime:0.000189s ]
[ sql ] [ SQL ] SELECT * FROM `wy_users` WHERE  `user_id` = 7936 LIMIT 1 [ RunTime:0.000286s ]
[ sql ] [ SQL ] SHOW COLUMNS FROM `wy_online` [ RunTime:0.000536s ]
[ sql ] [ SQL ] SELECT * FROM `wy_online` WHERE  `user_id` = 7936 LIMIT 1 [ RunTime:0.000257s ]
[ sql ] [ SQL ] UPDATE `wy_online`  SET `user_id`=7936,`user_name`='youni',`user_sex`=0,`user_ico`='http://www.pauzzz.com/uploadfiles/avatar/20181029/1540805076819_162.jpg',`active_time`=1583459857,`hidden`=0  WHERE  `user_id` = 7936 [ RunTime:0.000314s ]
[ sql ] [ SQL ] SHOW COLUMNS FROM `gift_shop` [ RunTime:0.000546s ]
[ sql ] [ SQL ] SELECT * FROM `gift_shop` WHERE  `typeid` = 2 [ RunTime:0.000188s ]
[ sql ] [ SQL ] SELECT * FROM `gift_shop` WHERE  `typeid` = 3 [ RunTime:0.000198s ]
[ sql ] [ SQL ] SELECT * FROM `gift_shop` WHERE  `typeid` = 4 [ RunTime:0.000303s ]
---------------------------------------------------------------
[ 2020-03-06T09:57:47+08:00 ] 223.104.112.195 GET /index/mall/index.html
[ sql ] [ DB ] CONNECT:[ UseTime:0.000569s ] mysql:host=127.0.0.1;port=3306;dbname=henimeet;charset=utf8
[ sql ] [ SQL ] SHOW COLUMNS FROM `wy_users` [ RunTime:0.001009s ]
[ sql ] [ SQL ] SELECT * FROM `wy_users` WHERE  `user_id` = 7936 LIMIT 1 [ RunTime:0.000440s ]
[ sql ] [ SQL ] SHOW COLUMNS FROM `chat_log` [ RunTime:0.000571s ]
[ sql ] [ SQL ] SELECT COUNT(*) AS tp_count FROM `chat_log` WHERE  `toid` = 7936  AND `is_read` = 0 LIMIT 1 [ RunTime:0.000190s ]
[ sql ] [ SQL ] SELECT * FROM `wy_users` WHERE  `user_id` = 7936 LIMIT 1 [ RunTime:0.000274s ]
[ sql ] [ SQL ] SHOW COLUMNS FROM `wy_online` [ RunTime:0.000516s ]
[ sql ] [ SQL ] SELECT * FROM `wy_online` WHERE  `user_id` = 7936 LIMIT 1 [ RunTime:0.000255s ]
[ sql ] [ SQL ] UPDATE `wy_online`  SET `user_id`=7936,`user_name`='youni',`user_sex`=0,`user_ico`='http://www.pauzzz.com/uploadfiles/avatar/20181029/1540805076819_162.jpg',`active_time`=1583459867,`hidden`=0  WHERE  `user_id` = 7936 [ RunTime:0.000293s ]
[ sql ] [ SQL ] SHOW COLUMNS FROM `gift_shop` [ RunTime:0.000506s ]
[ sql ] [ SQL ] SELECT * FROM `gift_shop` WHERE  `typeid` = 2 [ RunTime:0.000186s ]
[ sql ] [ SQL ] SELECT * FROM `gift_shop` WHERE  `typeid` = 3 [ RunTime:0.000176s ]
[ sql ] [ SQL ] SELECT * FROM `gift_shop` WHERE  `typeid` = 4 [ RunTime:0.000311s ]
---------------------------------------------------------------
[ 2020-03-06T09:58:00+08:00 ] 223.104.112.195 GET /index/mall/index.html
[ sql ] [ DB ] CONNECT:[ UseTime:0.000632s ] mysql:host=127.0.0.1;port=3306;dbname=henimeet;charset=utf8
[ sql ] [ SQL ] SHOW COLUMNS FROM `wy_users` [ RunTime:0.001013s ]
[ sql ] [ SQL ] SELECT * FROM `wy_users` WHERE  `user_id` = 7936 LIMIT 1 [ RunTime:0.000429s ]
[ sql ] [ SQL ] SHOW COLUMNS FROM `chat_log` [ RunTime:0.000528s ]
[ sql ] [ SQL ] SELECT COUNT(*) AS tp_count FROM `chat_log` WHERE  `toid` = 7936  AND `is_read` = 0 LIMIT 1 [ RunTime:0.000220s ]
[ sql ] [ SQL ] SELECT * FROM `wy_users` WHERE  `user_id` = 7936 LIMIT 1 [ RunTime:0.000274s ]
[ sql ] [ SQL ] SHOW COLUMNS FROM `wy_online` [ RunTime:0.000525s ]
[ sql ] [ SQL ] SELECT * FROM `wy_online` WHERE  `user_id` = 7936 LIMIT 1 [ RunTime:0.000255s ]
[ sql ] [ SQL ] UPDATE `wy_online`  SET `user_id`=7936,`user_name`='youni',`user_sex`=0,`user_ico`='http://www.pauzzz.com/uploadfiles/avatar/20181029/1540805076819_162.jpg',`active_time`=1583459880,`hidden`=0  WHERE  `user_id` = 7936 [ RunTime:0.000274s ]
[ sql ] [ SQL ] SHOW COLUMNS FROM `gift_shop` [ RunTime:0.000546s ]
[ sql ] [ SQL ] SELECT * FROM `gift_shop` WHERE  `typeid` = 2 [ RunTime:0.000187s ]
[ sql ] [ SQL ] SELECT * FROM `gift_shop` WHERE  `typeid` = 3 [ RunTime:0.000175s ]
[ sql ] [ SQL ] SELECT * FROM `gift_shop` WHERE  `typeid` = 4 [ RunTime:0.000296s ]
---------------------------------------------------------------
[ 2020-03-06T09:58:09+08:00 ] 223.104.112.195 GET /index/mall/index.html
[ sql ] [ DB ] CONNECT:[ UseTime:0.000544s ] mysql:host=127.0.0.1;port=3306;dbname=henimeet;charset=utf8
[ sql ] [ SQL ] SHOW COLUMNS FROM `wy_users` [ RunTime:0.000958s ]
[ sql ] [ SQL ] SELECT * FROM `wy_users` WHERE  `user_id` = 7936 LIMIT 1 [ RunTime:0.000401s ]
[ sql ] [ SQL ] SHOW COLUMNS FROM `chat_log` [ RunTime:0.000536s ]
[ sql ] [ SQL ] SELECT COUNT(*) AS tp_count FROM `chat_log` WHERE  `toid` = 7936  AND `is_read` = 0 LIMIT 1 [ RunTime:0.000183s ]
[ sql ] [ SQL ] SELECT * FROM `wy_users` WHERE  `user_id` = 7936 LIMIT 1 [ RunTime:0.000270s ]
[ sql ] [ SQL ] SHOW COLUMNS FROM `wy_online` [ RunTime:0.000527s ]
[ sql ] [ SQL ] SELECT * FROM `wy_online` WHERE  `user_id` = 7936 LIMIT 1 [ RunTime:0.000253s ]
[ sql ] [ SQL ] UPDATE `wy_online`  SET `user_id`=7936,`user_name`='youni',`user_sex`=0,`user_ico`='http://www.pauzzz.com/uploadfiles/avatar/20181029/1540805076819_162.jpg',`active_time`=1583459889,`hidden`=0  WHERE  `user_id` = 7936 [ RunTime:0.000289s ]
[ sql ] [ SQL ] SHOW COLUMNS FROM `gift_shop` [ RunTime:0.000541s ]
[ sql ] [ SQL ] SELECT * FROM `gift_shop` WHERE  `typeid` = 2 [ RunTime:0.000184s ]
[ sql ] [ SQL ] SELECT * FROM `gift_shop` WHERE  `typeid` = 3 [ RunTime:0.000196s ]
[ sql ] [ SQL ] SELECT * FROM `gift_shop` WHERE  `typeid` = 4 [ RunTime:0.000287s ]
---------------------------------------------------------------
[ 2020-03-06T09:58:18+08:00 ] 223.104.112.195 GET /index/mall/index.html
[ sql ] [ DB ] CONNECT:[ UseTime:0.000617s ] mysql:host=127.0.0.1;port=3306;dbname=henimeet;charset=utf8
[ sql ] [ SQL ] SHOW COLUMNS FROM `wy_users` [ RunTime:0.001016s ]
[ sql ] [ SQL ] SELECT * FROM `wy_users` WHERE  `user_id` = 7936 LIMIT 1 [ RunTime:0.000440s ]
[ sql ] [ SQL ] SHOW COLUMNS FROM `chat_log` [ RunTime:0.000534s ]
[ sql ] [ SQL ] SELECT COUNT(*) AS tp_count FROM `chat_log` WHERE  `toid` = 7936  AND `is_read` = 0 LIMIT 1 [ RunTime:0.000235s ]
[ sql ] [ SQL ] SELECT * FROM `wy_users` WHERE  `user_id` = 7936 LIMIT 1 [ RunTime:0.000265s ]
[ sql ] [ SQL ] SHOW COLUMNS FROM `wy_online` [ RunTime:0.000530s ]
[ sql ] [ SQL ] SELECT * FROM `wy_online` WHERE  `user_id` = 7936 LIMIT 1 [ RunTime:0.000270s ]
[ sql ] [ SQL ] UPDATE `wy_online`  SET `user_id`=7936,`user_name`='youni',`user_sex`=0,`user_ico`='http://www.pauzzz.com/uploadfiles/avatar/20181029/1540805076819_162.jpg',`active_time`=1583459898,`hidden`=0  WHERE  `user_id` = 7936 [ RunTime:0.000271s ]
[ sql ] [ SQL ] SHOW COLUMNS FROM `gift_shop` [ RunTime:0.000520s ]
[ sql ] [ SQL ] SELECT * FROM `gift_shop` WHERE  `typeid` = 2 [ RunTime:0.000185s ]
[ sql ] [ SQL ] SELECT * FROM `gift_shop` WHERE  `typeid` = 3 [ RunTime:0.000177s ]
[ sql ] [ SQL ] SELECT * FROM `gift_shop` WHERE  `typeid` = 4 [ RunTime:0.000282s ]
---------------------------------------------------------------
[ 2020-03-06T09:58:55+08:00 ] 223.104.112.195 GET /index/mall/index.html
[ sql ] [ DB ] CONNECT:[ UseTime:0.000606s ] mysql:host=127.0.0.1;port=3306;dbname=henimeet;charset=utf8
[ sql ] [ SQL ] SHOW COLUMNS FROM `wy_users` [ RunTime:0.001021s ]
[ sql ] [ SQL ] SELECT * FROM `wy_users` WHERE  `user_id` = 7936 LIMIT 1 [ RunTime:0.000454s ]
[ sql ] [ SQL ] SHOW COLUMNS FROM `chat_log` [ RunTime:0.000568s ]
[ sql ] [ SQL ] SELECT COUNT(*) AS tp_count FROM `chat_log` WHERE  `toid` = 7936  AND `is_read` = 0 LIMIT 1 [ RunTime:0.000193s ]
[ sql ] [ SQL ] SELECT * FROM `wy_users` WHERE  `user_id` = 7936 LIMIT 1 [ RunTime:0.000299s ]
[ sql ] [ SQL ] SHOW COLUMNS FROM `wy_online` [ RunTime:0.000490s ]
[ sql ] [ SQL ] SELECT * FROM `wy_online` WHERE  `user_id` = 7936 LIMIT 1 [ RunTime:0.000266s ]
[ sql ] [ SQL ] UPDATE `wy_online`  SET `user_id`=7936,`user_name`='youni',`user_sex`=0,`user_ico`='http://www.pauzzz.com/uploadfiles/avatar/20181029/1540805076819_162.jpg',`active_time`=1583459935,`hidden`=0  WHERE  `user_id` = 7936 [ RunTime:0.000267s ]
[ sql ] [ SQL ] SHOW COLUMNS FROM `gift_shop` [ RunTime:0.000500s ]
[ sql ] [ SQL ] SELECT * FROM `gift_shop` WHERE  `typeid` = 2 [ RunTime:0.000199s ]
[ sql ] [ SQL ] SELECT * FROM `gift_shop` WHERE  `typeid` = 3 [ RunTime:0.000176s ]
[ sql ] [ SQL ] SELECT * FROM `gift_shop` WHERE  `typeid` = 4 [ RunTime:0.000331s ]
---------------------------------------------------------------
[ 2020-03-06T09:59:04+08:00 ] 223.104.112.195 GET /index/mall/index.html
[ sql ] [ DB ] CONNECT:[ UseTime:0.000612s ] mysql:host=127.0.0.1;port=3306;dbname=henimeet;charset=utf8
[ sql ] [ SQL ] SHOW COLUMNS FROM `wy_users` [ RunTime:0.001044s ]
[ sql ] [ SQL ] SELECT * FROM `wy_users` WHERE  `user_id` = 7936 LIMIT 1 [ RunTime:0.000425s ]
[ sql ] [ SQL ] SHOW COLUMNS FROM `chat_log` [ RunTime:0.000557s ]
[ sql ] [ SQL ] SELECT COUNT(*) AS tp_count FROM `chat_log` WHERE  `toid` = 7936  AND `is_read` = 0 LIMIT 1 [ RunTime:0.000191s ]
[ sql ] [ SQL ] SELECT * FROM `wy_users` WHERE  `user_id` = 7936 LIMIT 1 [ RunTime:0.000262s ]
[ sql ] [ SQL ] SHOW COLUMNS FROM `wy_online` [ RunTime:0.000543s ]
[ sql ] [ SQL ] SELECT * FROM `wy_online` WHERE  `user_id` = 7936 LIMIT 1 [ RunTime:0.000251s ]
[ sql ] [ SQL ] UPDATE `wy_online`  SET `user_id`=7936,`user_name`='youni',`user_sex`=0,`user_ico`='http://www.pauzzz.com/uploadfiles/avatar/20181029/1540805076819_162.jpg',`active_time`=1583459944,`hidden`=0  WHERE  `user_id` = 7936 [ RunTime:0.000305s ]
[ sql ] [ SQL ] SHOW COLUMNS FROM `gift_shop` [ RunTime:0.000546s ]
[ sql ] [ SQL ] SELECT * FROM `gift_shop` WHERE  `typeid` = 2 [ RunTime:0.000184s ]
[ sql ] [ SQL ] SELECT * FROM `gift_shop` WHERE  `typeid` = 3 [ RunTime:0.000194s ]
[ sql ] [ SQL ] SELECT * FROM `gift_shop` WHERE  `typeid` = 4 [ RunTime:0.000288s ]
---------------------------------------------------------------
[ 2020-03-06T09:59:13+08:00 ] 223.104.112.195 GET /index/mall/index.html
[ sql ] [ DB ] CONNECT:[ UseTime:0.000567s ] mysql:host=127.0.0.1;port=3306;dbname=henimeet;charset=utf8
[ sql ] [ SQL ] SHOW COLUMNS FROM `wy_users` [ RunTime:0.001037s ]
[ sql ] [ SQL ] SELECT * FROM `wy_users` WHERE  `user_id` = 7936 LIMIT 1 [ RunTime:0.000452s ]
[ sql ] [ SQL ] SHOW COLUMNS FROM `chat_log` [ RunTime:0.000576s ]
[ sql ] [ SQL ] SELECT COUNT(*) AS tp_count FROM `chat_log` WHERE  `toid` = 7936  AND `is_read` = 0 LIMIT 1 [ RunTime:0.000197s ]
[ sql ] [ SQL ] SELECT * FROM `wy_users` WHERE  `user_id` = 7936 LIMIT 1 [ RunTime:0.000292s ]
[ sql ] [ SQL ] SHOW COLUMNS FROM `wy_online` [ RunTime:0.000521s ]
[ sql ] [ SQL ] SELECT * FROM `wy_online` WHERE  `user_id` = 7936 LIMIT 1 [ RunTime:0.000257s ]
[ sql ] [ SQL ] UPDATE `wy_online`  SET `user_id`=7936,`user_name`='youni',`user_sex`=0,`user_ico`='http://www.pauzzz.com/uploadfiles/avatar/20181029/1540805076819_162.jpg',`active_time`=1583459953,`hidden`=0  WHERE  `user_id` = 7936 [ RunTime:0.000308s ]
[ sql ] [ SQL ] SHOW COLUMNS FROM `gift_shop` [ RunTime:0.000530s ]
[ sql ] [ SQL ] SELECT * FROM `gift_shop` WHERE  `typeid` = 2 [ RunTime:0.000187s ]
[ sql ] [ SQL ] SELECT * FROM `gift_shop` WHERE  `typeid` = 3 [ RunTime:0.000176s ]
[ sql ] [ SQL ] SELECT * FROM `gift_shop` WHERE  `typeid` = 4 [ RunTime:0.000292s ]
---------------------------------------------------------------
[ 2020-03-06T09:59:22+08:00 ] 223.104.112.195 GET /index/mall/index.html
[ sql ] [ DB ] CONNECT:[ UseTime:0.000621s ] mysql:host=127.0.0.1;port=3306;dbname=henimeet;charset=utf8
[ sql ] [ SQL ] SHOW COLUMNS FROM `wy_users` [ RunTime:0.001026s ]
[ sql ] [ SQL ] SELECT * FROM `wy_users` WHERE  `user_id` = 7936 LIMIT 1 [ RunTime:0.000464s ]
[ sql ] [ SQL ] SHOW COLUMNS FROM `chat_log` [ RunTime:0.000539s ]
[ sql ] [ SQL ] SELECT COUNT(*) AS tp_count FROM `chat_log` WHERE  `toid` = 7936  AND `is_read` = 0 LIMIT 1 [ RunTime:0.000196s ]
[ sql ] [ SQL ] SELECT * FROM `wy_users` WHERE  `user_id` = 7936 LIMIT 1 [ RunTime:0.000279s ]
[ sql ] [ SQL ] SHOW COLUMNS FROM `wy_online` [ RunTime:0.000498s ]
[ sql ] [ SQL ] SELECT * FROM `wy_online` WHERE  `user_id` = 7936 LIMIT 1 [ RunTime:0.000293s ]
[ sql ] [ SQL ] UPDATE `wy_online`  SET `user_id`=7936,`user_name`='youni',`user_sex`=0,`user_ico`='http://www.pauzzz.com/uploadfiles/avatar/20181029/1540805076819_162.jpg',`active_time`=1583459962,`hidden`=0  WHERE  `user_id` = 7936 [ RunTime:0.000273s ]
[ sql ] [ SQL ] SHOW COLUMNS FROM `gift_shop` [ RunTime:0.000490s ]
[ sql ] [ SQL ] SELECT * FROM `gift_shop` WHERE  `typeid` = 2 [ RunTime:0.000200s ]
[ sql ] [ SQL ] SELECT * FROM `gift_shop` WHERE  `typeid` = 3 [ RunTime:0.000178s ]
[ sql ] [ SQL ] SELECT * FROM `gift_shop` WHERE  `typeid` = 4 [ RunTime:0.000290s ]
---------------------------------------------------------------
[ 2020-03-06T09:59:28+08:00 ] 223.104.112.195 GET /index/mall/detail/id/539.html
[ sql ] [ DB ] CONNECT:[ UseTime:0.000597s ] mysql:host=127.0.0.1;port=3306;dbname=henimeet;charset=utf8
[ sql ] [ SQL ] SHOW COLUMNS FROM `wy_users` [ RunTime:0.001026s ]
[ sql ] [ SQL ] SELECT * FROM `wy_users` WHERE  `user_id` = 7936 LIMIT 1 [ RunTime:0.000439s ]
[ sql ] [ SQL ] SHOW COLUMNS FROM `chat_log` [ RunTime:0.000531s ]
[ sql ] [ SQL ] SELECT COUNT(*) AS tp_count FROM `chat_log` WHERE  `toid` = 7936  AND `is_read` = 0 LIMIT 1 [ RunTime:0.000212s ]
[ sql ] [ SQL ] SELECT * FROM `wy_users` WHERE  `user_id` = 7936 LIMIT 1 [ RunTime:0.000266s ]
[ sql ] [ SQL ] SHOW COLUMNS FROM `wy_online` [ RunTime:0.000510s ]
[ sql ] [ SQL ] SELECT * FROM `wy_online` WHERE  `user_id` = 7936 LIMIT 1 [ RunTime:0.000282s ]
[ sql ] [ SQL ] UPDATE `wy_online`  SET `user_id`=7936,`user_name`='youni',`user_sex`=0,`user_ico`='http://www.pauzzz.com/uploadfiles/avatar/20181029/1540805076819_162.jpg',`active_time`=1583459968,`hidden`=0  WHERE  `user_id` = 7936 [ RunTime:0.000270s ]
[ sql ] [ SQL ] SHOW COLUMNS FROM `gift_shop` [ RunTime:0.000509s ]
[ sql ] [ SQL ] SELECT * FROM `gift_shop` WHERE  `id` = 539 LIMIT 1 [ RunTime:0.000256s ]
---------------------------------------------------------------
[ 2020-03-06T10:00:17+08:00 ] 223.104.112.195 GET /index/mall/detail/id/615.html
[ sql ] [ DB ] CONNECT:[ UseTime:0.000609s ] mysql:host=127.0.0.1;port=3306;dbname=henimeet;charset=utf8
[ sql ] [ SQL ] SHOW COLUMNS FROM `wy_users` [ RunTime:0.001010s ]
[ sql ] [ SQL ] SELECT * FROM `wy_users` WHERE  `user_id` = 7936 LIMIT 1 [ RunTime:0.000427s ]
[ sql ] [ SQL ] SHOW COLUMNS FROM `chat_log` [ RunTime:0.000531s ]
[ sql ] [ SQL ] SELECT COUNT(*) AS tp_count FROM `chat_log` WHERE  `toid` = 7936  AND `is_read` = 0 LIMIT 1 [ RunTime:0.000233s ]
[ sql ] [ SQL ] SELECT * FROM `wy_users` WHERE  `user_id` = 7936 LIMIT 1 [ RunTime:0.000279s ]
[ sql ] [ SQL ] SHOW COLUMNS FROM `wy_online` [ RunTime:0.000536s ]
[ sql ] [ SQL ] SELECT * FROM `wy_online` WHERE  `user_id` = 7936 LIMIT 1 [ RunTime:0.000260s ]
[ sql ] [ SQL ] UPDATE `wy_online`  SET `user_id`=7936,`user_name`='youni',`user_sex`=0,`user_ico`='http://www.pauzzz.com/uploadfiles/avatar/20181029/1540805076819_162.jpg',`active_time`=1583460017,`hidden`=0  WHERE  `user_id` = 7936 [ RunTime:0.000275s ]
[ sql ] [ SQL ] SHOW COLUMNS FROM `gift_shop` [ RunTime:0.000591s ]
[ sql ] [ SQL ] SELECT * FROM `gift_shop` WHERE  `id` = 615 LIMIT 1 [ RunTime:0.000243s ]
---------------------------------------------------------------
[ 2020-03-06T12:32:26+08:00 ] 106.33.16.118 GET /index/main/index.html
[ sql ] [ DB ] CONNECT:[ UseTime:0.000588s ] mysql:host=127.0.0.1;port=3306;dbname=henimeet;charset=utf8
[ sql ] [ SQL ] SHOW COLUMNS FROM `wy_users` [ RunTime:0.001016s ]
[ sql ] [ SQL ] SELECT * FROM `wy_users` WHERE  `user_id` = 704 LIMIT 1 [ RunTime:0.000576s ]
[ sql ] [ SQL ] SHOW COLUMNS FROM `chat_log` [ RunTime:0.000528s ]
[ sql ] [ SQL ] SELECT COUNT(*) AS tp_count FROM `chat_log` WHERE  `toid` = 704  AND `is_read` = 0 LIMIT 1 [ RunTime:0.003529s ]
[ sql ] [ SQL ] SELECT * FROM `wy_users` WHERE  `user_id` = 704 LIMIT 1 [ RunTime:0.000303s ]
[ sql ] [ SQL ] SHOW COLUMNS FROM `wy_online` [ RunTime:0.000501s ]
[ sql ] [ SQL ] SELECT * FROM `wy_online` WHERE  `user_id` = 704 LIMIT 1 [ RunTime:0.000232s ]
[ sql ] [ SQL ] INSERT INTO `wy_online` (`user_id` , `user_name` , `user_sex` , `user_ico` , `active_time` , `hidden`) VALUES (704 , 'PAUZZZ' , 0 , 'http://www.pauzzz.com/uploadfiles/avatar/20190910/1568096892927_162.jpg' , 1583469146 , 0) [ RunTime:0.000272s ]
---------------------------------------------------------------
[ 2020-03-06T12:32:27+08:00 ] 106.33.16.118 GET /index/main/query/page/1.html
[ sql ] [ DB ] CONNECT:[ UseTime:0.000569s ] mysql:host=127.0.0.1;port=3306;dbname=henimeet;charset=utf8
[ sql ] [ SQL ] SHOW COLUMNS FROM `wy_users` [ RunTime:0.000983s ]
[ sql ] [ SQL ] SELECT * FROM `wy_users` WHERE  `user_id` = 704 LIMIT 1 [ RunTime:0.000479s ]
[ sql ] [ SQL ] SHOW COLUMNS FROM `chat_log` [ RunTime:0.000577s ]
[ sql ] [ SQL ] SELECT COUNT(*) AS tp_count FROM `chat_log` WHERE  `toid` = 704  AND `is_read` = 0 LIMIT 1 [ RunTime:0.000198s ]
[ sql ] [ SQL ] SELECT * FROM `wy_users` WHERE  `user_id` = 704 LIMIT 1 [ RunTime:0.000291s ]
[ sql ] [ SQL ] SHOW COLUMNS FROM `wy_online` [ RunTime:0.000597s ]
[ sql ] [ SQL ] SELECT * FROM `wy_online` WHERE  `user_id` = 704 LIMIT 1 [ RunTime:0.000259s ]
[ sql ] [ SQL ] UPDATE `wy_online`  SET `user_id`=704,`user_name`='PAUZZZ',`user_sex`=0,`user_ico`='http://www.pauzzz.com/uploadfiles/avatar/20190910/1568096892927_162.jpg',`active_time`=1583469147,`hidden`=0  WHERE  `user_id` = 704 [ RunTime:0.000336s ]
[ sql ] [ SQL ] SELECT COUNT(*) AS tp_count FROM `wy_users` WHERE  `user_sex` <> 0  AND `is_pass` <> 0 LIMIT 1 [ RunTime:0.013112s ]
[ sql ] [ SQL ] SELECT `u`.`user_name`,`u`.`user_ico`,`u`.`user_sex`,`u`.`user_group`,`u`.`user_id`,`o`.`online_id` FROM `wy_users` `u` LEFT JOIN `wy_online` `o` ON `u`.`user_id`=`o`.`user_id` WHERE  (  u.user_sex != '0' and u.is_pass!='0' ) ORDER BY u.is_service desc, o.active_time desc LIMIT 0,16 [ RunTime:0.019374s ]
---------------------------------------------------------------
[ 2020-03-06T12:32:33+08:00 ] 106.33.16.118 GET /index/user/index.html
[ sql ] [ DB ] CONNECT:[ UseTime:0.000639s ] mysql:host=127.0.0.1;port=3306;dbname=henimeet;charset=utf8
[ sql ] [ SQL ] SHOW COLUMNS FROM `wy_users` [ RunTime:0.001089s ]
[ sql ] [ SQL ] SELECT * FROM `wy_users` WHERE  `user_id` = 704 LIMIT 1 [ RunTime:0.000453s ]
[ sql ] [ SQL ] SHOW COLUMNS FROM `chat_log` [ RunTime:0.000538s ]
[ sql ] [ SQL ] SELECT COUNT(*) AS tp_count FROM `chat_log` WHERE  `toid` = 704  AND `is_read` = 0 LIMIT 1 [ RunTime:0.000214s ]
[ sql ] [ SQL ] SELECT * FROM `wy_users` WHERE  `user_id` = 704 LIMIT 1 [ RunTime:0.000286s ]
[ sql ] [ SQL ] SHOW COLUMNS FROM `wy_online` [ RunTime:0.000516s ]
[ sql ] [ SQL ] SELECT * FROM `wy_online` WHERE  `user_id` = 704 LIMIT 1 [ RunTime:0.000291s ]
[ sql ] [ SQL ] UPDATE `wy_online`  SET `user_id`=704,`user_name`='PAUZZZ',`user_sex`=0,`user_ico`='http://www.pauzzz.com/uploadfiles/avatar/20190910/1568096892927_162.jpg',`active_time`=1583469153,`hidden`=0  WHERE  `user_id` = 704 [ RunTime:0.000272s ]
[ sql ] [ SQL ] SELECT * FROM `wy_users` WHERE  `user_id` = 704 LIMIT 1 [ RunTime:0.000395s ]
---------------------------------------------------------------
[ 2020-03-06T13:30:38+08:00 ] 223.104.112.195 GET /index/main/index.html
[ sql ] [ DB ] CONNECT:[ UseTime:0.000622s ] mysql:host=127.0.0.1;port=3306;dbname=henimeet;charset=utf8
[ sql ] [ SQL ] SHOW COLUMNS FROM `wy_users` [ RunTime:0.001066s ]
[ sql ] [ SQL ] SELECT * FROM `wy_users` WHERE  `user_id` = 7936 LIMIT 1 [ RunTime:0.000585s ]
[ sql ] [ SQL ] SHOW COLUMNS FROM `chat_log` [ RunTime:0.000544s ]
[ sql ] [ SQL ] SELECT COUNT(*) AS tp_count FROM `chat_log` WHERE  `toid` = 7936  AND `is_read` = 0 LIMIT 1 [ RunTime:0.003561s ]
[ sql ] [ SQL ] SELECT * FROM `wy_users` WHERE  `user_id` = 7936 LIMIT 1 [ RunTime:0.000304s ]
[ sql ] [ SQL ] SHOW COLUMNS FROM `wy_online` [ RunTime:0.000513s ]
[ sql ] [ SQL ] SELECT * FROM `wy_online` WHERE  `user_id` = 7936 LIMIT 1 [ RunTime:0.000252s ]
[ sql ] [ SQL ] UPDATE `wy_online`  SET `user_id`=7936,`user_name`='youni',`user_sex`=0,`user_ico`='http://www.pauzzz.com/uploadfiles/avatar/20181029/1540805076819_162.jpg',`active_time`=1583472638,`hidden`=0  WHERE  `user_id` = 7936 [ RunTime:0.000316s ]
---------------------------------------------------------------
[ 2020-03-06T13:30:39+08:00 ] 223.104.112.195 GET /index/main/query/page/1.html
[ sql ] [ DB ] CONNECT:[ UseTime:0.000632s ] mysql:host=127.0.0.1;port=3306;dbname=henimeet;charset=utf8
[ sql ] [ SQL ] SHOW COLUMNS FROM `wy_users` [ RunTime:0.001018s ]
[ sql ] [ SQL ] SELECT * FROM `wy_users` WHERE  `user_id` = 7936 LIMIT 1 [ RunTime:0.000453s ]
[ sql ] [ SQL ] SHOW COLUMNS FROM `chat_log` [ RunTime:0.000528s ]
[ sql ] [ SQL ] SELECT COUNT(*) AS tp_count FROM `chat_log` WHERE  `toid` = 7936  AND `is_read` = 0 LIMIT 1 [ RunTime:0.000204s ]
[ sql ] [ SQL ] SELECT * FROM `wy_users` WHERE  `user_id` = 7936 LIMIT 1 [ RunTime:0.000277s ]
[ sql ] [ SQL ] SHOW COLUMNS FROM `wy_online` [ RunTime:0.000517s ]
[ sql ] [ SQL ] SELECT * FROM `wy_online` WHERE  `user_id` = 7936 LIMIT 1 [ RunTime:0.000268s ]
[ sql ] [ SQL ] UPDATE `wy_online`  SET `user_id`=7936,`user_name`='youni',`user_sex`=0,`user_ico`='http://www.pauzzz.com/uploadfiles/avatar/20181029/1540805076819_162.jpg',`active_time`=1583472639,`hidden`=0  WHERE  `user_id` = 7936 [ RunTime:0.000298s ]
[ sql ] [ SQL ] SELECT COUNT(*) AS tp_count FROM `wy_users` WHERE  `user_sex` <> 0  AND `is_pass` <> 0 LIMIT 1 [ RunTime:0.010353s ]
[ sql ] [ SQL ] SELECT `u`.`user_name`,`u`.`user_ico`,`u`.`user_sex`,`u`.`user_group`,`u`.`user_id`,`o`.`online_id` FROM `wy_users` `u` LEFT JOIN `wy_online` `o` ON `u`.`user_id`=`o`.`user_id` WHERE  (  u.user_sex != '0' and u.is_pass!='0' ) ORDER BY u.is_service desc, o.active_time desc LIMIT 0,16 [ RunTime:0.019799s ]
---------------------------------------------------------------
[ 2020-03-06T13:30:41+08:00 ] 223.104.112.195 GET /index/user/index.html
[ sql ] [ DB ] CONNECT:[ UseTime:0.000625s ] mysql:host=127.0.0.1;port=3306;dbname=henimeet;charset=utf8
[ sql ] [ SQL ] SHOW COLUMNS FROM `wy_users` [ RunTime:0.001070s ]
[ sql ] [ SQL ] SELECT * FROM `wy_users` WHERE  `user_id` = 7936 LIMIT 1 [ RunTime:0.000440s ]
[ sql ] [ SQL ] SHOW COLUMNS FROM `chat_log` [ RunTime:0.000564s ]
[ sql ] [ SQL ] SELECT COUNT(*) AS tp_count FROM `chat_log` WHERE  `toid` = 7936  AND `is_read` = 0 LIMIT 1 [ RunTime:0.000226s ]
[ sql ] [ SQL ] SELECT * FROM `wy_users` WHERE  `user_id` = 7936 LIMIT 1 [ RunTime:0.000283s ]
[ sql ] [ SQL ] SHOW COLUMNS FROM `wy_online` [ RunTime:0.000546s ]
[ sql ] [ SQL ] SELECT * FROM `wy_online` WHERE  `user_id` = 7936 LIMIT 1 [ RunTime:0.000253s ]
[ sql ] [ SQL ] UPDATE `wy_online`  SET `user_id`=7936,`user_name`='youni',`user_sex`=0,`user_ico`='http://www.pauzzz.com/uploadfiles/avatar/20181029/1540805076819_162.jpg',`active_time`=1583472641,`hidden`=0  WHERE  `user_id` = 7936 [ RunTime:0.000286s ]
[ sql ] [ SQL ] SELECT * FROM `wy_users` WHERE  `user_id` = 7936 LIMIT 1 [ RunTime:0.000432s ]
---------------------------------------------------------------
[ 2020-03-06T13:30:45+08:00 ] 223.104.112.195 GET /index/set/index.html
[ sql ] [ DB ] CONNECT:[ UseTime:0.000603s ] mysql:host=127.0.0.1;port=3306;dbname=henimeet;charset=utf8
[ sql ] [ SQL ] SHOW COLUMNS FROM `wy_users` [ RunTime:0.001023s ]
[ sql ] [ SQL ] SELECT * FROM `wy_users` WHERE  `user_id` = 7936 LIMIT 1 [ RunTime:0.000425s ]
[ sql ] [ SQL ] SHOW COLUMNS FROM `chat_log` [ RunTime:0.000533s ]
[ sql ] [ SQL ] SELECT COUNT(*) AS tp_count FROM `chat_log` WHERE  `toid` = 7936  AND `is_read` = 0 LIMIT 1 [ RunTime:0.000208s ]
[ sql ] [ SQL ] SELECT * FROM `wy_users` WHERE  `user_id` = 7936 LIMIT 1 [ RunTime:0.000259s ]
[ sql ] [ SQL ] SHOW COLUMNS FROM `wy_online` [ RunTime:0.000506s ]
[ sql ] [ SQL ] SELECT * FROM `wy_online` WHERE  `user_id` = 7936 LIMIT 1 [ RunTime:0.000262s ]
[ sql ] [ SQL ] UPDATE `wy_online`  SET `user_id`=7936,`user_name`='youni',`user_sex`=0,`user_ico`='http://www.pauzzz.com/uploadfiles/avatar/20181029/1540805076819_162.jpg',`active_time`=1583472645,`hidden`=0  WHERE  `user_id` = 7936 [ RunTime:0.000262s ]
---------------------------------------------------------------
[ 2020-03-06T17:34:14+08:00 ] 171.10.145.183 GET /index/main/index.html
[ sql ] [ DB ] CONNECT:[ UseTime:0.000544s ] mysql:host=127.0.0.1;port=3306;dbname=henimeet;charset=utf8
[ sql ] [ SQL ] SHOW COLUMNS FROM `wy_users` [ RunTime:0.001017s ]
[ sql ] [ SQL ] SELECT * FROM `wy_users` WHERE  `user_id` = 704 LIMIT 1 [ RunTime:0.000561s ]
[ sql ] [ SQL ] SHOW COLUMNS FROM `chat_log` [ RunTime:0.000557s ]
[ sql ] [ SQL ] SELECT COUNT(*) AS tp_count FROM `chat_log` WHERE  `toid` = 704  AND `is_read` = 0 LIMIT 1 [ RunTime:0.003503s ]
[ sql ] [ SQL ] SELECT * FROM `wy_users` WHERE  `user_id` = 704 LIMIT 1 [ RunTime:0.000286s ]
[ sql ] [ SQL ] SHOW COLUMNS FROM `wy_online` [ RunTime:0.000513s ]
[ sql ] [ SQL ] SELECT * FROM `wy_online` WHERE  `user_id` = 704 LIMIT 1 [ RunTime:0.000228s ]
[ sql ] [ SQL ] INSERT INTO `wy_online` (`user_id` , `user_name` , `user_sex` , `user_ico` , `active_time` , `hidden`) VALUES (704 , 'PAUZZZ' , 0 , 'http://www.pauzzz.com/uploadfiles/avatar/20190910/1568096892927_162.jpg' , 1583487254 , 0) [ RunTime:0.003887s ]
---------------------------------------------------------------
[ 2020-03-06T17:34:14+08:00 ] 171.10.145.183 GET /index/main/query/page/1.html
[ sql ] [ DB ] CONNECT:[ UseTime:0.000597s ] mysql:host=127.0.0.1;port=3306;dbname=henimeet;charset=utf8
[ sql ] [ SQL ] SHOW COLUMNS FROM `wy_users` [ RunTime:0.001019s ]
[ sql ] [ SQL ] SELECT * FROM `wy_users` WHERE  `user_id` = 704 LIMIT 1 [ RunTime:0.000425s ]
[ sql ] [ SQL ] SHOW COLUMNS FROM `chat_log` [ RunTime:0.000545s ]
[ sql ] [ SQL ] SELECT COUNT(*) AS tp_count FROM `chat_log` WHERE  `toid` = 704  AND `is_read` = 0 LIMIT 1 [ RunTime:0.000202s ]
[ sql ] [ SQL ] SELECT * FROM `wy_users` WHERE  `user_id` = 704 LIMIT 1 [ RunTime:0.000269s ]
[ sql ] [ SQL ] SHOW COLUMNS FROM `wy_online` [ RunTime:0.000525s ]
[ sql ] [ SQL ] SELECT * FROM `wy_online` WHERE  `user_id` = 704 LIMIT 1 [ RunTime:0.000253s ]
[ sql ] [ SQL ] UPDATE `wy_online`  SET `user_id`=704,`user_name`='PAUZZZ',`user_sex`=0,`user_ico`='http://www.pauzzz.com/uploadfiles/avatar/20190910/1568096892927_162.jpg',`active_time`=1583487254,`hidden`=0  WHERE  `user_id` = 704 [ RunTime:0.000272s ]
[ sql ] [ SQL ] SELECT COUNT(*) AS tp_count FROM `wy_users` WHERE  `user_sex` <> 0  AND `is_pass` <> 0 LIMIT 1 [ RunTime:0.010249s ]
[ sql ] [ SQL ] SELECT `u`.`user_name`,`u`.`user_ico`,`u`.`user_sex`,`u`.`user_group`,`u`.`user_id`,`o`.`online_id` FROM `wy_users` `u` LEFT JOIN `wy_online` `o` ON `u`.`user_id`=`o`.`user_id` WHERE  (  u.user_sex != '0' and u.is_pass!='0' ) ORDER BY u.is_service desc, o.active_time desc LIMIT 0,16 [ RunTime:0.019078s ]
---------------------------------------------------------------
[ 2020-03-06T23:20:29+08:00 ] 223.91.139.1 GET /index/main/index.html
[ sql ] [ DB ] CONNECT:[ UseTime:0.000709s ] mysql:host=127.0.0.1;port=3306;dbname=henimeet;charset=utf8
[ sql ] [ SQL ] SHOW COLUMNS FROM `wy_users` [ RunTime:0.001095s ]
[ sql ] [ SQL ] SELECT * FROM `wy_users` WHERE  `user_id` = 14541 LIMIT 1 [ RunTime:0.000653s ]
[ sql ] [ SQL ] SHOW COLUMNS FROM `chat_log` [ RunTime:0.000563s ]
[ sql ] [ SQL ] SELECT COUNT(*) AS tp_count FROM `chat_log` WHERE  `toid` = 14541  AND `is_read` = 0 LIMIT 1 [ RunTime:0.000328s ]
[ sql ] [ SQL ] SELECT * FROM `wy_users` WHERE  `user_id` = 14541 LIMIT 1 [ RunTime:0.000286s ]
[ sql ] [ SQL ] SHOW COLUMNS FROM `wy_online` [ RunTime:0.000528s ]
[ sql ] [ SQL ] SELECT * FROM `wy_online` WHERE  `user_id` = 14541 LIMIT 1 [ RunTime:0.000245s ]
[ sql ] [ SQL ] INSERT INTO `wy_online` (`user_id` , `user_name` , `user_sex` , `user_ico` , `active_time` , `hidden`) VALUES (14541 , 'Bella' , 0 , 'http://www.pauzzz.com/uploadfiles/avatar/20200117/1579245089364_162.jpg' , 1583508029 , 0) [ RunTime:0.000272s ]
---------------------------------------------------------------
[ 2020-03-06T23:20:51+08:00 ] 223.91.139.1 GET /index/pals/index.html
[ sql ] [ DB ] CONNECT:[ UseTime:0.000573s ] mysql:host=127.0.0.1;port=3306;dbname=henimeet;charset=utf8
[ sql ] [ SQL ] SHOW COLUMNS FROM `wy_users` [ RunTime:0.001006s ]
[ sql ] [ SQL ] SELECT * FROM `wy_users` WHERE  `user_id` = 14541 LIMIT 1 [ RunTime:0.000462s ]
[ sql ] [ SQL ] SHOW COLUMNS FROM `chat_log` [ RunTime:0.000579s ]
[ sql ] [ SQL ] SELECT COUNT(*) AS tp_count FROM `chat_log` WHERE  `toid` = 14541  AND `is_read` = 0 LIMIT 1 [ RunTime:0.000195s ]
[ sql ] [ SQL ] SELECT * FROM `wy_users` WHERE  `user_id` = 14541 LIMIT 1 [ RunTime:0.000302s ]
[ sql ] [ SQL ] SHOW COLUMNS FROM `wy_online` [ RunTime:0.000484s ]
[ sql ] [ SQL ] SELECT * FROM `wy_online` WHERE  `user_id` = 14541 LIMIT 1 [ RunTime:0.000260s ]
[ sql ] [ SQL ] UPDATE `wy_online`  SET `user_id`=14541,`user_name`='Bella',`user_sex`=0,`user_ico`='http://www.pauzzz.com/uploadfiles/avatar/20200117/1579245089364_162.jpg',`active_time`=1583508051,`hidden`=0  WHERE  `user_id` = 14541 [ RunTime:0.000288s ]
---------------------------------------------------------------
[ 2020-03-06T23:20:56+08:00 ] 223.91.139.1 GET /index/main/index.html
[ sql ] [ DB ] CONNECT:[ UseTime:0.000629s ] mysql:host=127.0.0.1;port=3306;dbname=henimeet;charset=utf8
[ sql ] [ SQL ] SHOW COLUMNS FROM `wy_users` [ RunTime:0.002259s ]
[ sql ] [ SQL ] SELECT * FROM `wy_users` WHERE  `user_id` = 14541 LIMIT 1 [ RunTime:0.000463s ]
[ sql ] [ SQL ] SHOW COLUMNS FROM `chat_log` [ RunTime:0.000537s ]
[ sql ] [ SQL ] SELECT COUNT(*) AS tp_count FROM `chat_log` WHERE  `toid` = 14541  AND `is_read` = 0 LIMIT 1 [ RunTime:0.000205s ]
[ sql ] [ SQL ] SELECT * FROM `wy_users` WHERE  `user_id` = 14541 LIMIT 1 [ RunTime:0.000290s ]
[ sql ] [ SQL ] SHOW COLUMNS FROM `wy_online` [ RunTime:0.000508s ]
[ sql ] [ SQL ] SELECT * FROM `wy_online` WHERE  `user_id` = 14541 LIMIT 1 [ RunTime:0.000280s ]
[ sql ] [ SQL ] UPDATE `wy_online`  SET `user_id`=14541,`user_name`='Bella',`user_sex`=0,`user_ico`='http://www.pauzzz.com/uploadfiles/avatar/20200117/1579245089364_162.jpg',`active_time`=1583508056,`hidden`=0  WHERE  `user_id` = 14541 [ RunTime:0.000294s ]
---------------------------------------------------------------
[ 2020-03-06T23:20:56+08:00 ] 223.91.139.1 GET /index/main/index.html
[ sql ] [ DB ] CONNECT:[ UseTime:0.000657s ] mysql:host=127.0.0.1;port=3306;dbname=henimeet;charset=utf8
[ sql ] [ SQL ] SHOW COLUMNS FROM `wy_users` [ RunTime:0.001052s ]
[ sql ] [ SQL ] SELECT * FROM `wy_users` WHERE  `user_id` = 14541 LIMIT 1 [ RunTime:0.000446s ]
[ sql ] [ SQL ] SHOW COLUMNS FROM `chat_log` [ RunTime:0.000544s ]
[ sql ] [ SQL ] SELECT COUNT(*) AS tp_count FROM `chat_log` WHERE  `toid` = 14541  AND `is_read` = 0 LIMIT 1 [ RunTime:0.000234s ]
[ sql ] [ SQL ] SELECT * FROM `wy_users` WHERE  `user_id` = 14541 LIMIT 1 [ RunTime:0.000281s ]
[ sql ] [ SQL ] SHOW COLUMNS FROM `wy_online` [ RunTime:0.000533s ]
[ sql ] [ SQL ] SELECT * FROM `wy_online` WHERE  `user_id` = 14541 LIMIT 1 [ RunTime:0.000254s ]
[ sql ] [ SQL ] UPDATE `wy_online`  SET `user_id`=14541,`user_name`='Bella',`user_sex`=0,`user_ico`='http://www.pauzzz.com/uploadfiles/avatar/20200117/1579245089364_162.jpg',`active_time`=1583508056,`hidden`=0  WHERE  `user_id` = 14541 [ RunTime:0.000253s ]
---------------------------------------------------------------
[ 2020-03-06T23:20:57+08:00 ] 223.91.139.1 GET /index/main/index.html
[ sql ] [ DB ] CONNECT:[ UseTime:0.000638s ] mysql:host=127.0.0.1;port=3306;dbname=henimeet;charset=utf8
[ sql ] [ SQL ] SHOW COLUMNS FROM `wy_users` [ RunTime:0.001085s ]
[ sql ] [ SQL ] SELECT * FROM `wy_users` WHERE  `user_id` = 14541 LIMIT 1 [ RunTime:0.000488s ]
[ sql ] [ SQL ] SHOW COLUMNS FROM `chat_log` [ RunTime:0.000602s ]
[ sql ] [ SQL ] SELECT COUNT(*) AS tp_count FROM `chat_log` WHERE  `toid` = 14541  AND `is_read` = 0 LIMIT 1 [ RunTime:0.000194s ]
[ sql ] [ SQL ] SELECT * FROM `wy_users` WHERE  `user_id` = 14541 LIMIT 1 [ RunTime:0.000322s ]
[ sql ] [ SQL ] SHOW COLUMNS FROM `wy_online` [ RunTime:0.000526s ]
[ sql ] [ SQL ] SELECT * FROM `wy_online` WHERE  `user_id` = 14541 LIMIT 1 [ RunTime:0.000207s ]
[ sql ] [ SQL ] UPDATE `wy_online`  SET `user_id`=14541,`user_name`='Bella',`user_sex`=0,`user_ico`='http://www.pauzzz.com/uploadfiles/avatar/20200117/1579245089364_162.jpg',`active_time`=1583508057,`hidden`=0  WHERE  `user_id` = 14541 [ RunTime:0.000313s ]
---------------------------------------------------------------
[ 2020-03-06T23:20:58+08:00 ] 223.91.139.1 GET /index/main/query/page/1.html
[ sql ] [ DB ] CONNECT:[ UseTime:0.000601s ] mysql:host=127.0.0.1;port=3306;dbname=henimeet;charset=utf8
[ sql ] [ SQL ] SHOW COLUMNS FROM `wy_users` [ RunTime:0.001012s ]
[ sql ] [ SQL ] SELECT * FROM `wy_users` WHERE  `user_id` = 14541 LIMIT 1 [ RunTime:0.000436s ]
[ sql ] [ SQL ] SHOW COLUMNS FROM `chat_log` [ RunTime:0.000542s ]
[ sql ] [ SQL ] SELECT COUNT(*) AS tp_count FROM `chat_log` WHERE  `toid` = 14541  AND `is_read` = 0 LIMIT 1 [ RunTime:0.000219s ]
[ sql ] [ SQL ] SELECT * FROM `wy_users` WHERE  `user_id` = 14541 LIMIT 1 [ RunTime:0.000281s ]
[ sql ] [ SQL ] SHOW COLUMNS FROM `wy_online` [ RunTime:0.000581s ]
[ sql ] [ SQL ] SELECT * FROM `wy_online` WHERE  `user_id` = 14541 LIMIT 1 [ RunTime:0.000257s ]
[ sql ] [ SQL ] UPDATE `wy_online`  SET `user_id`=14541,`user_name`='Bella',`user_sex`=0,`user_ico`='http://www.pauzzz.com/uploadfiles/avatar/20200117/1579245089364_162.jpg',`active_time`=1583508058,`hidden`=0  WHERE  `user_id` = 14541 [ RunTime:0.000303s ]
[ sql ] [ SQL ] SELECT COUNT(*) AS tp_count FROM `wy_users` WHERE  `user_sex` <> 0  AND `is_pass` <> 0 LIMIT 1 [ RunTime:0.010236s ]
[ sql ] [ SQL ] SELECT `u`.`user_name`,`u`.`user_ico`,`u`.`user_sex`,`u`.`user_group`,`u`.`user_id`,`o`.`online_id` FROM `wy_users` `u` LEFT JOIN `wy_online` `o` ON `u`.`user_id`=`o`.`user_id` WHERE  (  u.user_sex != '0' and u.is_pass!='0' ) ORDER BY u.is_service desc, o.active_time desc LIMIT 0,16 [ RunTime:0.019401s ]
---------------------------------------------------------------
[ 2020-03-06T23:20:58+08:00 ] 223.91.139.1 GET /index/main/query/page/1.html
[ sql ] [ DB ] CONNECT:[ UseTime:0.000664s ] mysql:host=127.0.0.1;port=3306;dbname=henimeet;charset=utf8
[ sql ] [ SQL ] SHOW COLUMNS FROM `wy_users` [ RunTime:0.001406s ]
[ sql ] [ SQL ] SELECT * FROM `wy_users` WHERE  `user_id` = 14541 LIMIT 1 [ RunTime:0.000428s ]
[ sql ] [ SQL ] SHOW COLUMNS FROM `chat_log` [ RunTime:0.000517s ]
[ sql ] [ SQL ] SELECT COUNT(*) AS tp_count FROM `chat_log` WHERE  `toid` = 14541  AND `is_read` = 0 LIMIT 1 [ RunTime:0.000241s ]
[ sql ] [ SQL ] SELECT * FROM `wy_users` WHERE  `user_id` = 14541 LIMIT 1 [ RunTime:0.000273s ]
[ sql ] [ SQL ] SHOW COLUMNS FROM `wy_online` [ RunTime:0.000525s ]
[ sql ] [ SQL ] SELECT * FROM `wy_online` WHERE  `user_id` = 14541 LIMIT 1 [ RunTime:0.000252s ]
[ sql ] [ SQL ] UPDATE `wy_online`  SET `user_id`=14541,`user_name`='Bella',`user_sex`=0,`user_ico`='http://www.pauzzz.com/uploadfiles/avatar/20200117/1579245089364_162.jpg',`active_time`=1583508058,`hidden`=0  WHERE  `user_id` = 14541 [ RunTime:0.000257s ]
[ sql ] [ SQL ] SELECT COUNT(*) AS tp_count FROM `wy_users` WHERE  `user_sex` <> 0  AND `is_pass` <> 0 LIMIT 1 [ RunTime:0.000221s ]
[ sql ] [ SQL ] SELECT `u`.`user_name`,`u`.`user_ico`,`u`.`user_sex`,`u`.`user_group`,`u`.`user_id`,`o`.`online_id` FROM `wy_users` `u` LEFT JOIN `wy_online` `o` ON `u`.`user_id`=`o`.`user_id` WHERE  (  u.user_sex != '0' and u.is_pass!='0' ) ORDER BY u.is_service desc, o.active_time desc LIMIT 0,16 [ RunTime:0.000201s ]
---------------------------------------------------------------
[ 2020-03-06T23:21:07+08:00 ] 223.91.139.1 GET /index/main/index.html
[ sql ] [ DB ] CONNECT:[ UseTime:0.000576s ] mysql:host=127.0.0.1;port=3306;dbname=henimeet;charset=utf8
[ sql ] [ SQL ] SHOW COLUMNS FROM `wy_users` [ RunTime:0.001015s ]
[ sql ] [ SQL ] SELECT * FROM `wy_users` WHERE  `user_id` = 14541 LIMIT 1 [ RunTime:0.000460s ]
[ sql ] [ SQL ] SHOW COLUMNS FROM `chat_log` [ RunTime:0.000526s ]
[ sql ] [ SQL ] SELECT COUNT(*) AS tp_count FROM `chat_log` WHERE  `toid` = 14541  AND `is_read` = 0 LIMIT 1 [ RunTime:0.000190s ]
[ sql ] [ SQL ] SELECT * FROM `wy_users` WHERE  `user_id` = 14541 LIMIT 1 [ RunTime:0.000270s ]
[ sql ] [ SQL ] SHOW COLUMNS FROM `wy_online` [ RunTime:0.000482s ]
[ sql ] [ SQL ] SELECT * FROM `wy_online` WHERE  `user_id` = 14541 LIMIT 1 [ RunTime:0.000208s ]
[ sql ] [ SQL ] UPDATE `wy_online`  SET `user_id`=14541,`user_name`='Bella',`user_sex`=0,`user_ico`='http://www.pauzzz.com/uploadfiles/avatar/20200117/1579245089364_162.jpg',`active_time`=1583508067,`hidden`=0  WHERE  `user_id` = 14541 [ RunTime:0.000317s ]
---------------------------------------------------------------
[ 2020-03-06T23:21:08+08:00 ] 223.91.139.1 GET /index/main/query/page/1.html
[ sql ] [ DB ] CONNECT:[ UseTime:0.000598s ] mysql:host=127.0.0.1;port=3306;dbname=henimeet;charset=utf8
[ sql ] [ SQL ] SHOW COLUMNS FROM `wy_users` [ RunTime:0.001006s ]
[ sql ] [ SQL ] SELECT * FROM `wy_users` WHERE  `user_id` = 14541 LIMIT 1 [ RunTime:0.000472s ]
[ sql ] [ SQL ] SHOW COLUMNS FROM `chat_log` [ RunTime:0.000534s ]
[ sql ] [ SQL ] SELECT COUNT(*) AS tp_count FROM `chat_log` WHERE  `toid` = 14541  AND `is_read` = 0 LIMIT 1 [ RunTime:0.000194s ]
[ sql ] [ SQL ] SELECT * FROM `wy_users` WHERE  `user_id` = 14541 LIMIT 1 [ RunTime:0.000278s ]
[ sql ] [ SQL ] SHOW COLUMNS FROM `wy_online` [ RunTime:0.000501s ]
[ sql ] [ SQL ] SELECT * FROM `wy_online` WHERE  `user_id` = 14541 LIMIT 1 [ RunTime:0.000281s ]
[ sql ] [ SQL ] UPDATE `wy_online`  SET `user_id`=14541,`user_name`='Bella',`user_sex`=0,`user_ico`='http://www.pauzzz.com/uploadfiles/avatar/20200117/1579245089364_162.jpg',`active_time`=1583508068,`hidden`=0  WHERE  `user_id` = 14541 [ RunTime:0.000290s ]
[ sql ] [ SQL ] SELECT COUNT(*) AS tp_count FROM `wy_users` WHERE  `user_sex` <> 0  AND `is_pass` <> 0 LIMIT 1 [ RunTime:0.000183s ]
[ sql ] [ SQL ] SELECT `u`.`user_name`,`u`.`user_ico`,`u`.`user_sex`,`u`.`user_group`,`u`.`user_id`,`o`.`online_id` FROM `wy_users` `u` LEFT JOIN `wy_online` `o` ON `u`.`user_id`=`o`.`user_id` WHERE  (  u.user_sex != '0' and u.is_pass!='0' ) ORDER BY u.is_service desc, o.active_time desc LIMIT 0,16 [ RunTime:0.019509s ]
