---------------------------------------------------------------
[ 2020-03-30T21:52:31+08:00 ] 123.163.249.240 GET /index/main/index.html
[ sql ] [ DB ] CONNECT:[ UseTime:0.000618s ] mysql:host=127.0.0.1;port=3306;dbname=henimeet;charset=utf8
[ sql ] [ SQL ] SHOW COLUMNS FROM `wy_users` [ RunTime:0.001027s ]
[ sql ] [ SQL ] SELECT * FROM `wy_users` WHERE  `user_id` = 834 LIMIT 1 [ RunTime:0.000561s ]
[ sql ] [ SQL ] SHOW COLUMNS FROM `chat_log` [ RunTime:0.000533s ]
[ sql ] [ SQL ] SELECT COUNT(*) AS tp_count FROM `chat_log` WHERE  `toid` = 834  AND `is_read` = 0 LIMIT 1 [ RunTime:0.004478s ]
[ sql ] [ SQL ] SELECT * FROM `wy_users` WHERE  `user_id` = 834 LIMIT 1 [ RunTime:0.000309s ]
[ sql ] [ SQL ] SHOW COLUMNS FROM `wy_online` [ RunTime:0.000528s ]
[ sql ] [ SQL ] SELECT * FROM `wy_online` WHERE  `user_id` = 834 LIMIT 1 [ RunTime:0.000240s ]
[ sql ] [ SQL ] UPDATE `wy_online`  SET `user_id`=834,`user_name`='xiaoning',`user_sex`=0,`user_ico`='http://www.pauzzz.com/uploadfiles/avatar/20171012/1507776563389_162.jpg',`active_time`=1585576351,`hidden`=0  WHERE  `user_id` = 834 [ RunTime:0.000382s ]
---------------------------------------------------------------
[ 2020-03-30T21:52:32+08:00 ] 123.163.249.240 GET /index/main/query/page/1.html
[ sql ] [ DB ] CONNECT:[ UseTime:0.000564s ] mysql:host=127.0.0.1;port=3306;dbname=henimeet;charset=utf8
[ sql ] [ SQL ] SHOW COLUMNS FROM `wy_users` [ RunTime:0.001047s ]
[ sql ] [ SQL ] SELECT * FROM `wy_users` WHERE  `user_id` = 834 LIMIT 1 [ RunTime:0.000426s ]
[ sql ] [ SQL ] SHOW COLUMNS FROM `chat_log` [ RunTime:0.000576s ]
[ sql ] [ SQL ] SELECT COUNT(*) AS tp_count FROM `chat_log` WHERE  `toid` = 834  AND `is_read` = 0 LIMIT 1 [ RunTime:0.000191s ]
[ sql ] [ SQL ] SELECT * FROM `wy_users` WHERE  `user_id` = 834 LIMIT 1 [ RunTime:0.000269s ]
[ sql ] [ SQL ] SHOW COLUMNS FROM `wy_online` [ RunTime:0.000545s ]
[ sql ] [ SQL ] SELECT * FROM `wy_online` WHERE  `user_id` = 834 LIMIT 1 [ RunTime:0.000277s ]
[ sql ] [ SQL ] UPDATE `wy_online`  SET `user_id`=834,`user_name`='xiaoning',`user_sex`=0,`user_ico`='http://www.pauzzz.com/uploadfiles/avatar/20171012/1507776563389_162.jpg',`active_time`=1585576351,`hidden`=0  WHERE  `user_id` = 834 [ RunTime:0.000275s ]
[ sql ] [ SQL ] SELECT COUNT(*) AS tp_count FROM `wy_users` WHERE  `user_sex` <> 0  AND `is_pass` <> 0 LIMIT 1 [ RunTime:0.010248s ]
[ sql ] [ SQL ] SELECT `u`.`user_name`,`u`.`user_ico`,`u`.`user_sex`,`u`.`user_group`,`u`.`user_id`,`o`.`online_id` FROM `wy_users` `u` LEFT JOIN `wy_online` `o` ON `u`.`user_id`=`o`.`user_id` WHERE  (  u.user_sex != '0' and u.is_pass!='0' ) ORDER BY u.is_service desc, o.active_time desc LIMIT 0,16 [ RunTime:0.019966s ]
---------------------------------------------------------------
[ 2020-03-30T21:52:35+08:00 ] 123.163.249.240 GET /index/chat/index.html
[ sql ] [ DB ] CONNECT:[ UseTime:0.000620s ] mysql:host=127.0.0.1;port=3306;dbname=henimeet;charset=utf8
[ sql ] [ SQL ] SHOW COLUMNS FROM `wy_users` [ RunTime:0.001005s ]
[ sql ] [ SQL ] SELECT * FROM `wy_users` WHERE  `user_id` = 834 LIMIT 1 [ RunTime:0.000447s ]
[ sql ] [ SQL ] SHOW COLUMNS FROM `chat_log` [ RunTime:0.000560s ]
[ sql ] [ SQL ] SELECT COUNT(*) AS tp_count FROM `chat_log` WHERE  `toid` = 834  AND `is_read` = 0 LIMIT 1 [ RunTime:0.000194s ]
[ sql ] [ SQL ] SELECT * FROM `wy_users` WHERE  `user_id` = 834 LIMIT 1 [ RunTime:0.000293s ]
[ sql ] [ SQL ] SHOW COLUMNS FROM `wy_online` [ RunTime:0.000513s ]
[ sql ] [ SQL ] SELECT * FROM `wy_online` WHERE  `user_id` = 834 LIMIT 1 [ RunTime:0.000186s ]
[ sql ] [ SQL ] UPDATE `wy_online`  SET `user_id`=834,`user_name`='xiaoning',`user_sex`=0,`user_ico`='http://www.pauzzz.com/uploadfiles/avatar/20171012/1507776563389_162.jpg',`active_time`=1585576355,`hidden`=0  WHERE  `user_id` = 834 [ RunTime:0.000432s ]
---------------------------------------------------------------
[ 2020-03-30T21:52:36+08:00 ] 123.163.249.240 GET /index/chat/getdata.html
[ sql ] [ DB ] CONNECT:[ UseTime:0.000620s ] mysql:host=127.0.0.1;port=3306;dbname=henimeet;charset=utf8
[ sql ] [ SQL ] SHOW COLUMNS FROM `wy_users` [ RunTime:0.001042s ]
[ sql ] [ SQL ] SELECT * FROM `wy_users` WHERE  `user_id` = 834 LIMIT 1 [ RunTime:0.000468s ]
[ sql ] [ SQL ] SHOW COLUMNS FROM `chat_log` [ RunTime:0.000552s ]
[ sql ] [ SQL ] SELECT COUNT(*) AS tp_count FROM `chat_log` WHERE  `toid` = 834  AND `is_read` = 0 LIMIT 1 [ RunTime:0.000195s ]
[ sql ] [ SQL ] SELECT * FROM `wy_users` WHERE  `user_id` = 834 LIMIT 1 [ RunTime:0.000320s ]
[ sql ] [ SQL ] SHOW COLUMNS FROM `wy_online` [ RunTime:0.000517s ]
[ sql ] [ SQL ] SELECT * FROM `wy_online` WHERE  `user_id` = 834 LIMIT 1 [ RunTime:0.000281s ]
[ sql ] [ SQL ] UPDATE `wy_online`  SET `user_id`=834,`user_name`='xiaoning',`user_sex`=0,`user_ico`='http://www.pauzzz.com/uploadfiles/avatar/20171012/1507776563389_162.jpg',`active_time`=1585576355,`hidden`=0  WHERE  `user_id` = 834 [ RunTime:0.000261s ]
[ sql ] [ SQL ] SELECT * FROM `chat_log` WHERE  (  fromid='834' or toid='834' ) ORDER BY timeline desc [ RunTime:0.037038s ]
[ sql ] [ SQL ] SELECT `user_id`,`user_name`,`user_ico`,`user_sex` FROM `wy_users` WHERE  `user_id` IN (10656,14618,14576,14641,14632,14602,14615,3445,1708,7959,14257,14594,4180,11348,14547,9933,14528,14532,6783,5938,751,1655,881,14286,13894,704,11559,10835,13029,10953,13996,12896,10649,10905,13286,9392,13422,12720,8779,12873,13261,13176,6921,12087,13037,12880,12836,11892,12508,12433,2592,12779,1814,12646,12620,12596,6073,12364,9895,1855,12280,12286,11951,11240,5452,11587,8334,11735,11460,11262,11180,11691,11144,2302,9159,11370,2520,11317,3644,11116,10645,14648,14644,14642,14635,14634,5662,10463,5049,10701,14497,14561,14544,14542,14530,14521,14495,14472,14471,10756,14432,14365,14244,12904,13954,13732,13316,12895,12859,12676,12738,12610,11755,11973,3753,12244,11838,11813,11418,11506,9168,11266,11210,11117,11018,10444,10957) [ RunTime:0.008068s ]
[ sql ] [ SQL ] SELECT COUNT(*) AS tp_count FROM `chat_log` WHERE  `fromid` = 704  AND `toid` = 834  AND `is_read` = 0 LIMIT 1 [ RunTime:0.005016s ]
[ sql ] [ SQL ] SELECT COUNT(*) AS tp_count FROM `chat_log` WHERE  `fromid` = 751  AND `toid` = 834  AND `is_read` = 0 LIMIT 1 [ RunTime:0.004253s ]
[ sql ] [ SQL ] SELECT COUNT(*) AS tp_count FROM `chat_log` WHERE  `fromid` = 881  AND `toid` = 834  AND `is_read` = 0 LIMIT 1 [ RunTime:0.003833s ]
[ sql ] [ SQL ] SELECT COUNT(*) AS tp_count FROM `chat_log` WHERE  `fromid` = 1655  AND `toid` = 834  AND `is_read` = 0 LIMIT 1 [ RunTime:0.000406s ]
[ sql ] [ SQL ] SELECT COUNT(*) AS tp_count FROM `chat_log` WHERE  `fromid` = 1708  AND `toid` = 834  AND `is_read` = 0 LIMIT 1 [ RunTime:0.010544s ]
[ sql ] [ SQL ] SELECT COUNT(*) AS tp_count FROM `chat_log` WHERE  `fromid` = 1814  AND `toid` = 834  AND `is_read` = 0 LIMIT 1 [ RunTime:0.003188s ]
[ sql ] [ SQL ] SELECT COUNT(*) AS tp_count FROM `chat_log` WHERE  `fromid` = 1855  AND `toid` = 834  AND `is_read` = 0 LIMIT 1 [ RunTime:0.000388s ]
[ sql ] [ SQL ] SELECT COUNT(*) AS tp_count FROM `chat_log` WHERE  `fromid` = 2302  AND `toid` = 834  AND `is_read` = 0 LIMIT 1 [ RunTime:0.001300s ]
[ sql ] [ SQL ] SELECT COUNT(*) AS tp_count FROM `chat_log` WHERE  `fromid` = 2520  AND `toid` = 834  AND `is_read` = 0 LIMIT 1 [ RunTime:0.000279s ]
[ sql ] [ SQL ] SELECT COUNT(*) AS tp_count FROM `chat_log` WHERE  `fromid` = 2592  AND `toid` = 834  AND `is_read` = 0 LIMIT 1 [ RunTime:0.000368s ]
[ sql ] [ SQL ] SELECT COUNT(*) AS tp_count FROM `chat_log` WHERE  `fromid` = 3445  AND `toid` = 834  AND `is_read` = 0 LIMIT 1 [ RunTime:0.004064s ]
[ sql ] [ SQL ] SELECT COUNT(*) AS tp_count FROM `chat_log` WHERE  `fromid` = 3644  AND `toid` = 834  AND `is_read` = 0 LIMIT 1 [ RunTime:0.000701s ]
[ sql ] [ SQL ] SELECT COUNT(*) AS tp_count FROM `chat_log` WHERE  `fromid` = 3753  AND `toid` = 834  AND `is_read` = 0 LIMIT 1 [ RunTime:0.000250s ]
[ sql ] [ SQL ] SELECT COUNT(*) AS tp_count FROM `chat_log` WHERE  `fromid` = 4180  AND `toid` = 834  AND `is_read` = 0 LIMIT 1 [ RunTime:0.003824s ]
[ sql ] [ SQL ] SELECT COUNT(*) AS tp_count FROM `chat_log` WHERE  `fromid` = 5049  AND `toid` = 834  AND `is_read` = 0 LIMIT 1 [ RunTime:0.000338s ]
[ sql ] [ SQL ] SELECT COUNT(*) AS tp_count FROM `chat_log` WHERE  `fromid` = 5452  AND `toid` = 834  AND `is_read` = 0 LIMIT 1 [ RunTime:0.001226s ]
[ sql ] [ SQL ] SELECT COUNT(*) AS tp_count FROM `chat_log` WHERE  `fromid` = 5662  AND `toid` = 834  AND `is_read` = 0 LIMIT 1 [ RunTime:0.000324s ]
[ sql ] [ SQL ] SELECT COUNT(*) AS tp_count FROM `chat_log` WHERE  `fromid` = 5938  AND `toid` = 834  AND `is_read` = 0 LIMIT 1 [ RunTime:0.004065s ]
[ sql ] [ SQL ] SELECT COUNT(*) AS tp_count FROM `chat_log` WHERE  `fromid` = 6073  AND `toid` = 834  AND `is_read` = 0 LIMIT 1 [ RunTime:0.000394s ]
[ sql ] [ SQL ] SELECT COUNT(*) AS tp_count FROM `chat_log` WHERE  `fromid` = 6783  AND `toid` = 834  AND `is_read` = 0 LIMIT 1 [ RunTime:0.000316s ]
[ sql ] [ SQL ] SELECT COUNT(*) AS tp_count FROM `chat_log` WHERE  `fromid` = 6921  AND `toid` = 834  AND `is_read` = 0 LIMIT 1 [ RunTime:0.002149s ]
[ sql ] [ SQL ] SELECT COUNT(*) AS tp_count FROM `chat_log` WHERE  `fromid` = 7959  AND `toid` = 834  AND `is_read` = 0 LIMIT 1 [ RunTime:0.004551s ]
[ sql ] [ SQL ] SELECT COUNT(*) AS tp_count FROM `chat_log` WHERE  `fromid` = 8334  AND `toid` = 834  AND `is_read` = 0 LIMIT 1 [ RunTime:0.000289s ]
[ sql ] [ SQL ] SELECT COUNT(*) AS tp_count FROM `chat_log` WHERE  `fromid` = 8779  AND `toid` = 834  AND `is_read` = 0 LIMIT 1 [ RunTime:0.000331s ]
[ sql ] [ SQL ] SELECT COUNT(*) AS tp_count FROM `chat_log` WHERE  `fromid` = 9159  AND `toid` = 834  AND `is_read` = 0 LIMIT 1 [ RunTime:0.000308s ]
[ sql ] [ SQL ] SELECT COUNT(*) AS tp_count FROM `chat_log` WHERE  `fromid` = 9168  AND `toid` = 834  AND `is_read` = 0 LIMIT 1 [ RunTime:0.000256s ]
[ sql ] [ SQL ] SELECT COUNT(*) AS tp_count FROM `chat_log` WHERE  `fromid` = 9392  AND `toid` = 834  AND `is_read` = 0 LIMIT 1 [ RunTime:0.003793s ]
[ sql ] [ SQL ] SELECT COUNT(*) AS tp_count FROM `chat_log` WHERE  `fromid` = 9895  AND `toid` = 834  AND `is_read` = 0 LIMIT 1 [ RunTime:0.000260s ]
[ sql ] [ SQL ] SELECT COUNT(*) AS tp_count FROM `chat_log` WHERE  `fromid` = 9933  AND `toid` = 834  AND `is_read` = 0 LIMIT 1 [ RunTime:0.003753s ]
[ sql ] [ SQL ] SELECT COUNT(*) AS tp_count FROM `chat_log` WHERE  `fromid` = 10444  AND `toid` = 834  AND `is_read` = 0 LIMIT 1 [ RunTime:0.000242s ]
[ sql ] [ SQL ] SELECT COUNT(*) AS tp_count FROM `chat_log` WHERE  `fromid` = 10463  AND `toid` = 834  AND `is_read` = 0 LIMIT 1 [ RunTime:0.000233s ]
[ sql ] [ SQL ] SELECT COUNT(*) AS tp_count FROM `chat_log` WHERE  `fromid` = 10645  AND `toid` = 834  AND `is_read` = 0 LIMIT 1 [ RunTime:0.000284s ]
[ sql ] [ SQL ] SELECT COUNT(*) AS tp_count FROM `chat_log` WHERE  `fromid` = 10649  AND `toid` = 834  AND `is_read` = 0 LIMIT 1 [ RunTime:0.002134s ]
[ sql ] [ SQL ] SELECT COUNT(*) AS tp_count FROM `chat_log` WHERE  `fromid` = 10656  AND `toid` = 834  AND `is_read` = 0 LIMIT 1 [ RunTime:0.004147s ]
[ sql ] [ SQL ] SELECT COUNT(*) AS tp_count FROM `chat_log` WHERE  `fromid` = 10701  AND `toid` = 834  AND `is_read` = 0 LIMIT 1 [ RunTime:0.000354s ]
[ sql ] [ SQL ] SELECT COUNT(*) AS tp_count FROM `chat_log` WHERE  `fromid` = 10756  AND `toid` = 834  AND `is_read` = 0 LIMIT 1 [ RunTime:0.003130s ]
[ sql ] [ SQL ] SELECT COUNT(*) AS tp_count FROM `chat_log` WHERE  `fromid` = 10835  AND `toid` = 834  AND `is_read` = 0 LIMIT 1 [ RunTime:0.002984s ]
[ sql ] [ SQL ] SELECT COUNT(*) AS tp_count FROM `chat_log` WHERE  `fromid` = 10905  AND `toid` = 834  AND `is_read` = 0 LIMIT 1 [ RunTime:0.000355s ]
[ sql ] [ SQL ] SELECT COUNT(*) AS tp_count FROM `chat_log` WHERE  `fromid` = 10953  AND `toid` = 834  AND `is_read` = 0 LIMIT 1 [ RunTime:0.002805s ]
[ sql ] [ SQL ] SELECT COUNT(*) AS tp_count FROM `chat_log` WHERE  `fromid` = 10957  AND `toid` = 834  AND `is_read` = 0 LIMIT 1 [ RunTime:0.000244s ]
[ sql ] [ SQL ] SELECT COUNT(*) AS tp_count FROM `chat_log` WHERE  `fromid` = 11018  AND `toid` = 834  AND `is_read` = 0 LIMIT 1 [ RunTime:0.000234s ]
[ sql ] [ SQL ] SELECT COUNT(*) AS tp_count FROM `chat_log` WHERE  `fromid` = 11116  AND `toid` = 834  AND `is_read` = 0 LIMIT 1 [ RunTime:0.000334s ]
[ sql ] [ SQL ] SELECT COUNT(*) AS tp_count FROM `chat_log` WHERE  `fromid` = 11117  AND `toid` = 834  AND `is_read` = 0 LIMIT 1 [ RunTime:0.000490s ]
[ sql ] [ SQL ] SELECT COUNT(*) AS tp_count FROM `chat_log` WHERE  `fromid` = 11144  AND `toid` = 834  AND `is_read` = 0 LIMIT 1 [ RunTime:0.000769s ]
[ sql ] [ SQL ] SELECT COUNT(*) AS tp_count FROM `chat_log` WHERE  `fromid` = 11180  AND `toid` = 834  AND `is_read` = 0 LIMIT 1 [ RunTime:0.001772s ]
[ sql ] [ SQL ] SELECT COUNT(*) AS tp_count FROM `chat_log` WHERE  `fromid` = 11210  AND `toid` = 834  AND `is_read` = 0 LIMIT 1 [ RunTime:0.000262s ]
[ sql ] [ SQL ] SELECT COUNT(*) AS tp_count FROM `chat_log` WHERE  `fromid` = 11240  AND `toid` = 834  AND `is_read` = 0 LIMIT 1 [ RunTime:0.001359s ]
[ sql ] [ SQL ] SELECT COUNT(*) AS tp_count FROM `chat_log` WHERE  `fromid` = 11262  AND `toid` = 834  AND `is_read` = 0 LIMIT 1 [ RunTime:0.003572s ]
[ sql ] [ SQL ] SELECT COUNT(*) AS tp_count FROM `chat_log` WHERE  `fromid` = 11266  AND `toid` = 834  AND `is_read` = 0 LIMIT 1 [ RunTime:0.000253s ]
[ sql ] [ SQL ] SELECT COUNT(*) AS tp_count FROM `chat_log` WHERE  `fromid` = 11317  AND `toid` = 834  AND `is_read` = 0 LIMIT 1 [ RunTime:0.001061s ]
[ sql ] [ SQL ] SELECT COUNT(*) AS tp_count FROM `chat_log` WHERE  `fromid` = 11348  AND `toid` = 834  AND `is_read` = 0 LIMIT 1 [ RunTime:0.003860s ]
[ sql ] [ SQL ] SELECT COUNT(*) AS tp_count FROM `chat_log` WHERE  `fromid` = 11370  AND `toid` = 834  AND `is_read` = 0 LIMIT 1 [ RunTime:0.001818s ]
[ sql ] [ SQL ] SELECT COUNT(*) AS tp_count FROM `chat_log` WHERE  `fromid` = 11418  AND `toid` = 834  AND `is_read` = 0 LIMIT 1 [ RunTime:0.000246s ]
[ sql ] [ SQL ] SELECT COUNT(*) AS tp_count FROM `chat_log` WHERE  `fromid` = 11460  AND `toid` = 834  AND `is_read` = 0 LIMIT 1 [ RunTime:0.000904s ]
[ sql ] [ SQL ] SELECT COUNT(*) AS tp_count FROM `chat_log` WHERE  `fromid` = 11506  AND `toid` = 834  AND `is_read` = 0 LIMIT 1 [ RunTime:0.000245s ]
[ sql ] [ SQL ] SELECT COUNT(*) AS tp_count FROM `chat_log` WHERE  `fromid` = 11559  AND `toid` = 834  AND `is_read` = 0 LIMIT 1 [ RunTime:0.003122s ]
[ sql ] [ SQL ] SELECT COUNT(*) AS tp_count FROM `chat_log` WHERE  `fromid` = 11587  AND `toid` = 834  AND `is_read` = 0 LIMIT 1 [ RunTime:0.001122s ]
[ sql ] [ SQL ] SELECT COUNT(*) AS tp_count FROM `chat_log` WHERE  `fromid` = 11691  AND `toid` = 834  AND `is_read` = 0 LIMIT 1 [ RunTime:0.000998s ]
[ sql ] [ SQL ] SELECT COUNT(*) AS tp_count FROM `chat_log` WHERE  `fromid` = 11735  AND `toid` = 834  AND `is_read` = 0 LIMIT 1 [ RunTime:0.000396s ]
[ sql ] [ SQL ] SELECT COUNT(*) AS tp_count FROM `chat_log` WHERE  `fromid` = 11755  AND `toid` = 834  AND `is_read` = 0 LIMIT 1 [ RunTime:0.000247s ]
[ sql ] [ SQL ] SELECT COUNT(*) AS tp_count FROM `chat_log` WHERE  `fromid` = 11813  AND `toid` = 834  AND `is_read` = 0 LIMIT 1 [ RunTime:0.000277s ]
[ sql ] [ SQL ] SELECT COUNT(*) AS tp_count FROM `chat_log` WHERE  `fromid` = 11838  AND `toid` = 834  AND `is_read` = 0 LIMIT 1 [ RunTime:0.000242s ]
[ sql ] [ SQL ] SELECT COUNT(*) AS tp_count FROM `chat_log` WHERE  `fromid` = 11892  AND `toid` = 834  AND `is_read` = 0 LIMIT 1 [ RunTime:0.001909s ]
[ sql ] [ SQL ] SELECT COUNT(*) AS tp_count FROM `chat_log` WHERE  `fromid` = 11951  AND `toid` = 834  AND `is_read` = 0 LIMIT 1 [ RunTime:0.000337s ]
[ sql ] [ SQL ] SELECT COUNT(*) AS tp_count FROM `chat_log` WHERE  `fromid` = 11973  AND `toid` = 834  AND `is_read` = 0 LIMIT 1 [ RunTime:0.000334s ]
[ sql ] [ SQL ] SELECT COUNT(*) AS tp_count FROM `chat_log` WHERE  `fromid` = 12087  AND `toid` = 834  AND `is_read` = 0 LIMIT 1 [ RunTime:0.001834s ]
[ sql ] [ SQL ] SELECT COUNT(*) AS tp_count FROM `chat_log` WHERE  `fromid` = 12244  AND `toid` = 834  AND `is_read` = 0 LIMIT 1 [ RunTime:0.000252s ]
[ sql ] [ SQL ] SELECT COUNT(*) AS tp_count FROM `chat_log` WHERE  `fromid` = 12280  AND `toid` = 834  AND `is_read` = 0 LIMIT 1 [ RunTime:0.001689s ]
[ sql ] [ SQL ] SELECT COUNT(*) AS tp_count FROM `chat_log` WHERE  `fromid` = 12286  AND `toid` = 834  AND `is_read` = 0 LIMIT 1 [ RunTime:0.000336s ]
[ sql ] [ SQL ] SELECT COUNT(*) AS tp_count FROM `chat_log` WHERE  `fromid` = 12364  AND `toid` = 834  AND `is_read` = 0 LIMIT 1 [ RunTime:0.001384s ]
[ sql ] [ SQL ] SELECT COUNT(*) AS tp_count FROM `chat_log` WHERE  `fromid` = 12433  AND `toid` = 834  AND `is_read` = 0 LIMIT 1 [ RunTime:0.001899s ]
[ sql ] [ SQL ] SELECT COUNT(*) AS tp_count FROM `chat_log` WHERE  `fromid` = 12508  AND `toid` = 834  AND `is_read` = 0 LIMIT 1 [ RunTime:0.000378s ]
[ sql ] [ SQL ] SELECT COUNT(*) AS tp_count FROM `chat_log` WHERE  `fromid` = 12596  AND `toid` = 834  AND `is_read` = 0 LIMIT 1 [ RunTime:0.002349s ]
[ sql ] [ SQL ] SELECT COUNT(*) AS tp_count FROM `chat_log` WHERE  `fromid` = 12610  AND `toid` = 834  AND `is_read` = 0 LIMIT 1 [ RunTime:0.000275s ]
[ sql ] [ SQL ] SELECT COUNT(*) AS tp_count FROM `chat_log` WHERE  `fromid` = 12620  AND `toid` = 834  AND `is_read` = 0 LIMIT 1 [ RunTime:0.002341s ]
[ sql ] [ SQL ] SELECT COUNT(*) AS tp_count FROM `chat_log` WHERE  `fromid` = 12646  AND `toid` = 834  AND `is_read` = 0 LIMIT 1 [ RunTime:0.001645s ]
[ sql ] [ SQL ] SELECT COUNT(*) AS tp_count FROM `chat_log` WHERE  `fromid` = 12676  AND `toid` = 834  AND `is_read` = 0 LIMIT 1 [ RunTime:0.000265s ]
[ sql ] [ SQL ] SELECT COUNT(*) AS tp_count FROM `chat_log` WHERE  `fromid` = 12720  AND `toid` = 834  AND `is_read` = 0 LIMIT 1 [ RunTime:0.001941s ]
[ sql ] [ SQL ] SELECT COUNT(*) AS tp_count FROM `chat_log` WHERE  `fromid` = 12738  AND `toid` = 834  AND `is_read` = 0 LIMIT 1 [ RunTime:0.001675s ]
[ sql ] [ SQL ] SELECT COUNT(*) AS tp_count FROM `chat_log` WHERE  `fromid` = 12779  AND `toid` = 834  AND `is_read` = 0 LIMIT 1 [ RunTime:0.001800s ]
[ sql ] [ SQL ] SELECT COUNT(*) AS tp_count FROM `chat_log` WHERE  `fromid` = 12836  AND `toid` = 834  AND `is_read` = 0 LIMIT 1 [ RunTime:0.001794s ]
[ sql ] [ SQL ] SELECT COUNT(*) AS tp_count FROM `chat_log` WHERE  `fromid` = 12859  AND `toid` = 834  AND `is_read` = 0 LIMIT 1 [ RunTime:0.000244s ]
[ sql ] [ SQL ] SELECT COUNT(*) AS tp_count FROM `chat_log` WHERE  `fromid` = 12873  AND `toid` = 834  AND `is_read` = 0 LIMIT 1 [ RunTime:0.002264s ]
[ sql ] [ SQL ] SELECT COUNT(*) AS tp_count FROM `chat_log` WHERE  `fromid` = 12880  AND `toid` = 834  AND `is_read` = 0 LIMIT 1 [ RunTime:0.000345s ]
[ sql ] [ SQL ] SELECT COUNT(*) AS tp_count FROM `chat_log` WHERE  `fromid` = 12895  AND `toid` = 834  AND `is_read` = 0 LIMIT 1 [ RunTime:0.000259s ]
[ sql ] [ SQL ] SELECT COUNT(*) AS tp_count FROM `chat_log` WHERE  `fromid` = 12896  AND `toid` = 834  AND `is_read` = 0 LIMIT 1 [ RunTime:0.003260s ]
[ sql ] [ SQL ] SELECT COUNT(*) AS tp_count FROM `chat_log` WHERE  `fromid` = 12904  AND `toid` = 834  AND `is_read` = 0 LIMIT 1 [ RunTime:0.000310s ]
[ sql ] [ SQL ] SELECT COUNT(*) AS tp_count FROM `chat_log` WHERE  `fromid` = 13029  AND `toid` = 834  AND `is_read` = 0 LIMIT 1 [ RunTime:0.003238s ]
[ sql ] [ SQL ] SELECT COUNT(*) AS tp_count FROM `chat_log` WHERE  `fromid` = 13037  AND `toid` = 834  AND `is_read` = 0 LIMIT 1 [ RunTime:0.001817s ]
[ sql ] [ SQL ] SELECT COUNT(*) AS tp_count FROM `chat_log` WHERE  `fromid` = 13176  AND `toid` = 834  AND `is_read` = 0 LIMIT 1 [ RunTime:0.002574s ]
[ sql ] [ SQL ] SELECT COUNT(*) AS tp_count FROM `chat_log` WHERE  `fromid` = 13261  AND `toid` = 834  AND `is_read` = 0 LIMIT 1 [ RunTime:0.002119s ]
[ sql ] [ SQL ] SELECT COUNT(*) AS tp_count FROM `chat_log` WHERE  `fromid` = 13286  AND `toid` = 834  AND `is_read` = 0 LIMIT 1 [ RunTime:0.000338s ]
[ sql ] [ SQL ] SELECT COUNT(*) AS tp_count FROM `chat_log` WHERE  `fromid` = 13316  AND `toid` = 834  AND `is_read` = 0 LIMIT 1 [ RunTime:0.000287s ]
[ sql ] [ SQL ] SELECT COUNT(*) AS tp_count FROM `chat_log` WHERE  `fromid` = 13422  AND `toid` = 834  AND `is_read` = 0 LIMIT 1 [ RunTime:0.003532s ]
[ sql ] [ SQL ] SELECT COUNT(*) AS tp_count FROM `chat_log` WHERE  `fromid` = 13732  AND `toid` = 834  AND `is_read` = 0 LIMIT 1 [ RunTime:0.000237s ]
[ sql ] [ SQL ] SELECT COUNT(*) AS tp_count FROM `chat_log` WHERE  `fromid` = 13894  AND `toid` = 834  AND `is_read` = 0 LIMIT 1 [ RunTime:0.003152s ]
[ sql ] [ SQL ] SELECT COUNT(*) AS tp_count FROM `chat_log` WHERE  `fromid` = 13954  AND `toid` = 834  AND `is_read` = 0 LIMIT 1 [ RunTime:0.000269s ]
[ sql ] [ SQL ] SELECT COUNT(*) AS tp_count FROM `chat_log` WHERE  `fromid` = 13996  AND `toid` = 834  AND `is_read` = 0 LIMIT 1 [ RunTime:0.002549s ]
[ sql ] [ SQL ] SELECT COUNT(*) AS tp_count FROM `chat_log` WHERE  `fromid` = 14244  AND `toid` = 834  AND `is_read` = 0 LIMIT 1 [ RunTime:0.000245s ]
[ sql ] [ SQL ] SELECT COUNT(*) AS tp_count FROM `chat_log` WHERE  `fromid` = 14257  AND `toid` = 834  AND `is_read` = 0 LIMIT 1 [ RunTime:0.004141s ]
[ sql ] [ SQL ] SELECT COUNT(*) AS tp_count FROM `chat_log` WHERE  `fromid` = 14286  AND `toid` = 834  AND `is_read` = 0 LIMIT 1 [ RunTime:0.000316s ]
[ sql ] [ SQL ] SELECT COUNT(*) AS tp_count FROM `chat_log` WHERE  `fromid` = 14365  AND `toid` = 834  AND `is_read` = 0 LIMIT 1 [ RunTime:0.000237s ]
[ sql ] [ SQL ] SELECT COUNT(*) AS tp_count FROM `chat_log` WHERE  `fromid` = 14432  AND `toid` = 834  AND `is_read` = 0 LIMIT 1 [ RunTime:0.000247s ]
[ sql ] [ SQL ] SELECT COUNT(*) AS tp_count FROM `chat_log` WHERE  `fromid` = 14471  AND `toid` = 834  AND `is_read` = 0 LIMIT 1 [ RunTime:0.000238s ]
[ sql ] [ SQL ] SELECT COUNT(*) AS tp_count FROM `chat_log` WHERE  `fromid` = 14472  AND `toid` = 834  AND `is_read` = 0 LIMIT 1 [ RunTime:0.000245s ]
[ sql ] [ SQL ] SELECT COUNT(*) AS tp_count FROM `chat_log` WHERE  `fromid` = 14495  AND `toid` = 834  AND `is_read` = 0 LIMIT 1 [ RunTime:0.000244s ]
[ sql ] [ SQL ] SELECT COUNT(*) AS tp_count FROM `chat_log` WHERE  `fromid` = 14497  AND `toid` = 834  AND `is_read` = 0 LIMIT 1 [ RunTime:0.000266s ]
[ sql ] [ SQL ] SELECT COUNT(*) AS tp_count FROM `chat_log` WHERE  `fromid` = 14521  AND `toid` = 834  AND `is_read` = 0 LIMIT 1 [ RunTime:0.000246s ]
[ sql ] [ SQL ] SELECT COUNT(*) AS tp_count FROM `chat_log` WHERE  `fromid` = 14528  AND `toid` = 834  AND `is_read` = 0 LIMIT 1 [ RunTime:0.000316s ]
[ sql ] [ SQL ] SELECT COUNT(*) AS tp_count FROM `chat_log` WHERE  `fromid` = 14530  AND `toid` = 834  AND `is_read` = 0 LIMIT 1 [ RunTime:0.000243s ]
[ sql ] [ SQL ] SELECT COUNT(*) AS tp_count FROM `chat_log` WHERE  `fromid` = 14532  AND `toid` = 834  AND `is_read` = 0 LIMIT 1 [ RunTime:0.000290s ]
[ sql ] [ SQL ] SELECT COUNT(*) AS tp_count FROM `chat_log` WHERE  `fromid` = 14542  AND `toid` = 834  AND `is_read` = 0 LIMIT 1 [ RunTime:0.000241s ]
[ sql ] [ SQL ] SELECT COUNT(*) AS tp_count FROM `chat_log` WHERE  `fromid` = 14544  AND `toid` = 834  AND `is_read` = 0 LIMIT 1 [ RunTime:0.000255s ]
[ sql ] [ SQL ] SELECT COUNT(*) AS tp_count FROM `chat_log` WHERE  `fromid` = 14547  AND `toid` = 834  AND `is_read` = 0 LIMIT 1 [ RunTime:0.000280s ]
[ sql ] [ SQL ] SELECT COUNT(*) AS tp_count FROM `chat_log` WHERE  `fromid` = 14561  AND `toid` = 834  AND `is_read` = 0 LIMIT 1 [ RunTime:0.000242s ]
[ sql ] [ SQL ] SELECT COUNT(*) AS tp_count FROM `chat_log` WHERE  `fromid` = 14576  AND `toid` = 834  AND `is_read` = 0 LIMIT 1 [ RunTime:0.004321s ]
[ sql ] [ SQL ] SELECT COUNT(*) AS tp_count FROM `chat_log` WHERE  `fromid` = 14594  AND `toid` = 834  AND `is_read` = 0 LIMIT 1 [ RunTime:0.000356s ]
[ sql ] [ SQL ] SELECT COUNT(*) AS tp_count FROM `chat_log` WHERE  `fromid` = 14602  AND `toid` = 834  AND `is_read` = 0 LIMIT 1 [ RunTime:0.000298s ]
[ sql ] [ SQL ] SELECT COUNT(*) AS tp_count FROM `chat_log` WHERE  `fromid` = 14615  AND `toid` = 834  AND `is_read` = 0 LIMIT 1 [ RunTime:0.004163s ]
[ sql ] [ SQL ] SELECT COUNT(*) AS tp_count FROM `chat_log` WHERE  `fromid` = 14618  AND `toid` = 834  AND `is_read` = 0 LIMIT 1 [ RunTime:0.004215s ]
[ sql ] [ SQL ] SELECT COUNT(*) AS tp_count FROM `chat_log` WHERE  `fromid` = 14632  AND `toid` = 834  AND `is_read` = 0 LIMIT 1 [ RunTime:0.000271s ]
[ sql ] [ SQL ] SELECT COUNT(*) AS tp_count FROM `chat_log` WHERE  `fromid` = 14634  AND `toid` = 834  AND `is_read` = 0 LIMIT 1 [ RunTime:0.000236s ]
[ sql ] [ SQL ] SELECT COUNT(*) AS tp_count FROM `chat_log` WHERE  `fromid` = 14635  AND `toid` = 834  AND `is_read` = 0 LIMIT 1 [ RunTime:0.000233s ]
[ sql ] [ SQL ] SELECT COUNT(*) AS tp_count FROM `chat_log` WHERE  `fromid` = 14641  AND `toid` = 834  AND `is_read` = 0 LIMIT 1 [ RunTime:0.000288s ]
[ sql ] [ SQL ] SELECT COUNT(*) AS tp_count FROM `chat_log` WHERE  `fromid` = 14642  AND `toid` = 834  AND `is_read` = 0 LIMIT 1 [ RunTime:0.000234s ]
[ sql ] [ SQL ] SELECT COUNT(*) AS tp_count FROM `chat_log` WHERE  `fromid` = 14644  AND `toid` = 834  AND `is_read` = 0 LIMIT 1 [ RunTime:0.000234s ]
[ sql ] [ SQL ] SELECT COUNT(*) AS tp_count FROM `chat_log` WHERE  `fromid` = 14648  AND `toid` = 834  AND `is_read` = 0 LIMIT 1 [ RunTime:0.000233s ]
---------------------------------------------------------------
[ 2020-03-30T21:52:37+08:00 ] 123.163.249.240 GET /index/chat/chat/pals_id/10656
[ sql ] [ DB ] CONNECT:[ UseTime:0.000620s ] mysql:host=127.0.0.1;port=3306;dbname=henimeet;charset=utf8
[ sql ] [ SQL ] SHOW COLUMNS FROM `wy_users` [ RunTime:0.001030s ]
[ sql ] [ SQL ] SELECT * FROM `wy_users` WHERE  `user_id` = 834 LIMIT 1 [ RunTime:0.000438s ]
[ sql ] [ SQL ] SHOW COLUMNS FROM `chat_log` [ RunTime:0.000562s ]
[ sql ] [ SQL ] SELECT COUNT(*) AS tp_count FROM `chat_log` WHERE  `toid` = 834  AND `is_read` = 0 LIMIT 1 [ RunTime:0.000195s ]
[ sql ] [ SQL ] SELECT * FROM `wy_users` WHERE  `user_id` = 834 LIMIT 1 [ RunTime:0.000281s ]
[ sql ] [ SQL ] SHOW COLUMNS FROM `wy_online` [ RunTime:0.000542s ]
[ sql ] [ SQL ] SELECT * FROM `wy_online` WHERE  `user_id` = 834 LIMIT 1 [ RunTime:0.000196s ]
[ sql ] [ SQL ] UPDATE `wy_online`  SET `user_id`=834,`user_name`='xiaoning',`user_sex`=0,`user_ico`='http://www.pauzzz.com/uploadfiles/avatar/20171012/1507776563389_162.jpg',`active_time`=1585576357,`hidden`=0  WHERE  `user_id` = 834 [ RunTime:0.000404s ]
[ sql ] [ SQL ] SELECT `user_id`,`user_name`,`user_ico` FROM `wy_users` WHERE  `user_id` = 10656 LIMIT 1 [ RunTime:0.000266s ]
---------------------------------------------------------------
[ 2020-03-30T21:52:41+08:00 ] 123.163.249.240 GET /index/home/index/uid/10656
[ sql ] [ DB ] CONNECT:[ UseTime:0.000616s ] mysql:host=127.0.0.1;port=3306;dbname=henimeet;charset=utf8
[ sql ] [ SQL ] SHOW COLUMNS FROM `wy_users` [ RunTime:0.001021s ]
[ sql ] [ SQL ] SELECT * FROM `wy_users` WHERE  `user_id` = 834 LIMIT 1 [ RunTime:0.000474s ]
[ sql ] [ SQL ] SHOW COLUMNS FROM `chat_log` [ RunTime:0.000548s ]
[ sql ] [ SQL ] SELECT COUNT(*) AS tp_count FROM `chat_log` WHERE  `toid` = 834  AND `is_read` = 0 LIMIT 1 [ RunTime:0.004456s ]
[ sql ] [ SQL ] SELECT * FROM `wy_users` WHERE  `user_id` = 834 LIMIT 1 [ RunTime:0.000333s ]
[ sql ] [ SQL ] SHOW COLUMNS FROM `wy_online` [ RunTime:0.000521s ]
[ sql ] [ SQL ] SELECT * FROM `wy_online` WHERE  `user_id` = 834 LIMIT 1 [ RunTime:0.000251s ]
[ sql ] [ SQL ] UPDATE `wy_online`  SET `user_id`=834,`user_name`='xiaoning',`user_sex`=0,`user_ico`='http://www.pauzzz.com/uploadfiles/avatar/20171012/1507776563389_162.jpg',`active_time`=1585576361,`hidden`=0  WHERE  `user_id` = 834 [ RunTime:0.000391s ]
[ sql ] [ SQL ] SELECT `user_id`,`user_name`,`user_sex`,`user_ico`,`birth_year`,`birth_month`,`birth_day`,`country`,`waimao`,`sexual`,`height`,`weight`,`income`,`gerenjieshao` FROM `wy_users` WHERE  `user_id` = 10656 LIMIT 1 [ RunTime:0.000277s ]
[ sql ] [ SQL ] SHOW COLUMNS FROM `wy_album` [ RunTime:0.000507s ]
[ sql ] [ SQL ] SELECT * FROM `wy_album` WHERE  `user_id` = 10656 ORDER BY `add_time` [ RunTime:0.000273s ]
---------------------------------------------------------------
[ 2020-03-30T21:52:42+08:00 ] 123.163.249.240 GET /index/home/mood/uid/10656/page/1
[ sql ] [ DB ] CONNECT:[ UseTime:0.000630s ] mysql:host=127.0.0.1;port=3306;dbname=henimeet;charset=utf8
[ sql ] [ SQL ] SHOW COLUMNS FROM `wy_users` [ RunTime:0.001018s ]
[ sql ] [ SQL ] SELECT * FROM `wy_users` WHERE  `user_id` = 834 LIMIT 1 [ RunTime:0.000456s ]
[ sql ] [ SQL ] SHOW COLUMNS FROM `chat_log` [ RunTime:0.000537s ]
[ sql ] [ SQL ] SELECT COUNT(*) AS tp_count FROM `chat_log` WHERE  `toid` = 834  AND `is_read` = 0 LIMIT 1 [ RunTime:0.000217s ]
[ sql ] [ SQL ] SELECT * FROM `wy_users` WHERE  `user_id` = 834 LIMIT 1 [ RunTime:0.000297s ]
[ sql ] [ SQL ] SHOW COLUMNS FROM `wy_online` [ RunTime:0.000534s ]
[ sql ] [ SQL ] SELECT * FROM `wy_online` WHERE  `user_id` = 834 LIMIT 1 [ RunTime:0.000268s ]
[ sql ] [ SQL ] UPDATE `wy_online`  SET `user_id`=834,`user_name`='xiaoning',`user_sex`=0,`user_ico`='http://www.pauzzz.com/uploadfiles/avatar/20171012/1507776563389_162.jpg',`active_time`=1585576362,`hidden`=0  WHERE  `user_id` = 834 [ RunTime:0.000281s ]
[ sql ] [ SQL ] SHOW COLUMNS FROM `wy_recent_affair` [ RunTime:0.000506s ]
[ sql ] [ SQL ] SELECT COUNT(*) AS tp_count FROM `wy_recent_affair` WHERE  `user_id` = 10656 LIMIT 1 [ RunTime:0.000224s ]
[ sql ] [ SQL ] SELECT * FROM `wy_recent_affair` WHERE  `user_id` = 10656 ORDER BY id desc LIMIT 0,5 [ RunTime:0.000250s ]
---------------------------------------------------------------
[ 2020-03-30T21:52:43+08:00 ] 123.163.249.240 GET /index/chat/chat/pals_id/10656.html
[ sql ] [ DB ] CONNECT:[ UseTime:0.000596s ] mysql:host=127.0.0.1;port=3306;dbname=henimeet;charset=utf8
[ sql ] [ SQL ] SHOW COLUMNS FROM `wy_users` [ RunTime:0.001036s ]
[ sql ] [ SQL ] SELECT * FROM `wy_users` WHERE  `user_id` = 834 LIMIT 1 [ RunTime:0.000447s ]
[ sql ] [ SQL ] SHOW COLUMNS FROM `chat_log` [ RunTime:0.000568s ]
[ sql ] [ SQL ] SELECT COUNT(*) AS tp_count FROM `chat_log` WHERE  `toid` = 834  AND `is_read` = 0 LIMIT 1 [ RunTime:0.000193s ]
[ sql ] [ SQL ] SELECT * FROM `wy_users` WHERE  `user_id` = 834 LIMIT 1 [ RunTime:0.000282s ]
[ sql ] [ SQL ] SHOW COLUMNS FROM `wy_online` [ RunTime:0.000533s ]
[ sql ] [ SQL ] SELECT * FROM `wy_online` WHERE  `user_id` = 834 LIMIT 1 [ RunTime:0.000267s ]
[ sql ] [ SQL ] UPDATE `wy_online`  SET `user_id`=834,`user_name`='xiaoning',`user_sex`=0,`user_ico`='http://www.pauzzz.com/uploadfiles/avatar/20171012/1507776563389_162.jpg',`active_time`=1585576363,`hidden`=0  WHERE  `user_id` = 834 [ RunTime:0.000297s ]
[ sql ] [ SQL ] SELECT `user_id`,`user_name`,`user_ico` FROM `wy_users` WHERE  `user_id` = 10656 LIMIT 1 [ RunTime:0.000177s ]
---------------------------------------------------------------
[ 2020-03-30T23:18:35+08:00 ] 223.91.139.49 GET /index/main/index.html
[ sql ] [ DB ] CONNECT:[ UseTime:0.000617s ] mysql:host=127.0.0.1;port=3306;dbname=henimeet;charset=utf8
[ sql ] [ SQL ] SHOW COLUMNS FROM `wy_users` [ RunTime:0.001048s ]
[ sql ] [ SQL ] SELECT * FROM `wy_users` WHERE  `user_id` = 8204 LIMIT 1 [ RunTime:0.000569s ]
[ sql ] [ SQL ] SHOW COLUMNS FROM `chat_log` [ RunTime:0.000551s ]
[ sql ] [ SQL ] SELECT COUNT(*) AS tp_count FROM `chat_log` WHERE  `toid` = 8204  AND `is_read` = 0 LIMIT 1 [ RunTime:0.000744s ]
[ sql ] [ SQL ] SELECT * FROM `wy_users` WHERE  `user_id` = 8204 LIMIT 1 [ RunTime:0.000304s ]
[ sql ] [ SQL ] SHOW COLUMNS FROM `wy_online` [ RunTime:0.000512s ]
[ sql ] [ SQL ] SELECT * FROM `wy_online` WHERE  `user_id` = 8204 LIMIT 1 [ RunTime:0.000255s ]
[ sql ] [ SQL ] UPDATE `wy_online`  SET `user_id`=8204,`user_name`='jinjin',`user_sex`=0,`user_ico`='http://www.pauzzz.com/uploadfiles/avatar/20191010/1570689622586_162.jpg',`active_time`=1585581515,`hidden`=0  WHERE  `user_id` = 8204 [ RunTime:0.000653s ]
---------------------------------------------------------------
[ 2020-03-30T23:18:43+08:00 ] 223.91.139.49 GET /index/main/query/page/1.html
[ sql ] [ DB ] CONNECT:[ UseTime:0.000612s ] mysql:host=127.0.0.1;port=3306;dbname=henimeet;charset=utf8
[ sql ] [ SQL ] SHOW COLUMNS FROM `wy_users` [ RunTime:0.001015s ]
[ sql ] [ SQL ] SELECT * FROM `wy_users` WHERE  `user_id` = 8204 LIMIT 1 [ RunTime:0.000468s ]
[ sql ] [ SQL ] SHOW COLUMNS FROM `chat_log` [ RunTime:0.000572s ]
[ sql ] [ SQL ] SELECT COUNT(*) AS tp_count FROM `chat_log` WHERE  `toid` = 8204  AND `is_read` = 0 LIMIT 1 [ RunTime:0.000195s ]
[ sql ] [ SQL ] SELECT * FROM `wy_users` WHERE  `user_id` = 8204 LIMIT 1 [ RunTime:0.000296s ]
[ sql ] [ SQL ] SHOW COLUMNS FROM `wy_online` [ RunTime:0.000515s ]
[ sql ] [ SQL ] SELECT * FROM `wy_online` WHERE  `user_id` = 8204 LIMIT 1 [ RunTime:0.000269s ]
[ sql ] [ SQL ] UPDATE `wy_online`  SET `user_id`=8204,`user_name`='jinjin',`user_sex`=0,`user_ico`='http://www.pauzzz.com/uploadfiles/avatar/20191010/1570689622586_162.jpg',`active_time`=1585581523,`hidden`=0  WHERE  `user_id` = 8204 [ RunTime:0.000394s ]
[ sql ] [ SQL ] SELECT COUNT(*) AS tp_count FROM `wy_users` WHERE  `user_sex` <> 0  AND `is_pass` <> 0 LIMIT 1 [ RunTime:0.010266s ]
[ sql ] [ SQL ] SELECT `u`.`user_name`,`u`.`user_ico`,`u`.`user_sex`,`u`.`user_group`,`u`.`user_id`,`o`.`online_id` FROM `wy_users` `u` LEFT JOIN `wy_online` `o` ON `u`.`user_id`=`o`.`user_id` WHERE  (  u.user_sex != '0' and u.is_pass!='0' ) ORDER BY u.is_service desc, o.active_time desc LIMIT 0,16 [ RunTime:0.019608s ]
---------------------------------------------------------------
[ 2020-03-30T23:18:46+08:00 ] 223.91.139.49 GET /index/chat/index.html
[ sql ] [ DB ] CONNECT:[ UseTime:0.000599s ] mysql:host=127.0.0.1;port=3306;dbname=henimeet;charset=utf8
[ sql ] [ SQL ] SHOW COLUMNS FROM `wy_users` [ RunTime:0.001053s ]
[ sql ] [ SQL ] SELECT * FROM `wy_users` WHERE  `user_id` = 8204 LIMIT 1 [ RunTime:0.000478s ]
[ sql ] [ SQL ] SHOW COLUMNS FROM `chat_log` [ RunTime:0.000601s ]
[ sql ] [ SQL ] SELECT COUNT(*) AS tp_count FROM `chat_log` WHERE  `toid` = 8204  AND `is_read` = 0 LIMIT 1 [ RunTime:0.000194s ]
[ sql ] [ SQL ] SELECT * FROM `wy_users` WHERE  `user_id` = 8204 LIMIT 1 [ RunTime:0.000275s ]
[ sql ] [ SQL ] SHOW COLUMNS FROM `wy_online` [ RunTime:0.000544s ]
[ sql ] [ SQL ] SELECT * FROM `wy_online` WHERE  `user_id` = 8204 LIMIT 1 [ RunTime:0.000263s ]
[ sql ] [ SQL ] UPDATE `wy_online`  SET `user_id`=8204,`user_name`='jinjin',`user_sex`=0,`user_ico`='http://www.pauzzz.com/uploadfiles/avatar/20191010/1570689622586_162.jpg',`active_time`=1585581526,`hidden`=0  WHERE  `user_id` = 8204 [ RunTime:0.000406s ]
---------------------------------------------------------------
[ 2020-03-30T23:18:47+08:00 ] 223.91.139.49 GET /index/chat/getdata.html
[ sql ] [ DB ] CONNECT:[ UseTime:0.000540s ] mysql:host=127.0.0.1;port=3306;dbname=henimeet;charset=utf8
[ sql ] [ SQL ] SHOW COLUMNS FROM `wy_users` [ RunTime:0.000911s ]
[ sql ] [ SQL ] SELECT * FROM `wy_users` WHERE  `user_id` = 8204 LIMIT 1 [ RunTime:0.000433s ]
[ sql ] [ SQL ] SHOW COLUMNS FROM `chat_log` [ RunTime:0.000551s ]
[ sql ] [ SQL ] SELECT COUNT(*) AS tp_count FROM `chat_log` WHERE  `toid` = 8204  AND `is_read` = 0 LIMIT 1 [ RunTime:0.000182s ]
[ sql ] [ SQL ] SELECT * FROM `wy_users` WHERE  `user_id` = 8204 LIMIT 1 [ RunTime:0.000302s ]
[ sql ] [ SQL ] SHOW COLUMNS FROM `wy_online` [ RunTime:0.000507s ]
[ sql ] [ SQL ] SELECT * FROM `wy_online` WHERE  `user_id` = 8204 LIMIT 1 [ RunTime:0.000253s ]
[ sql ] [ SQL ] UPDATE `wy_online`  SET `user_id`=8204,`user_name`='jinjin',`user_sex`=0,`user_ico`='http://www.pauzzz.com/uploadfiles/avatar/20191010/1570689622586_162.jpg',`active_time`=1585581526,`hidden`=0  WHERE  `user_id` = 8204 [ RunTime:0.000318s ]
[ sql ] [ SQL ] SELECT * FROM `chat_log` WHERE  (  fromid='8204' or toid='8204' ) ORDER BY timeline desc [ RunTime:0.007648s ]
[ sql ] [ SQL ] SELECT `user_id`,`user_name`,`user_ico`,`user_sex` FROM `wy_users` WHERE  `user_id` IN (14576,704,14602,3445,14615,881,14547,14559,14528,14532,1708,812,11348,14486,14479,5938,13894,14409,14257,11559,10649,9930,12596,12702,12646,12315,12620,10656,11240,11262,11180,11509,11370,3644,11144,11220,1655,10645,10978,14654,14640,14618,14608,10701,14601,14597,14586,14497,14580,14566,14561,14553,14552,14531,14523,14524,14483,14484,14482,10463,14480,14478,14476,14473,14471,11973,14456,14418,14417,14413,14408,5049,12779,12342,11040) [ RunTime:0.001398s ]
[ sql ] [ SQL ] SELECT COUNT(*) AS tp_count FROM `chat_log` WHERE  `fromid` = 704  AND `toid` = 8204  AND `is_read` = 0 LIMIT 1 [ RunTime:0.002153s ]
[ sql ] [ SQL ] SELECT COUNT(*) AS tp_count FROM `chat_log` WHERE  `fromid` = 812  AND `toid` = 8204  AND `is_read` = 0 LIMIT 1 [ RunTime:0.000715s ]
[ sql ] [ SQL ] SELECT COUNT(*) AS tp_count FROM `chat_log` WHERE  `fromid` = 881  AND `toid` = 8204  AND `is_read` = 0 LIMIT 1 [ RunTime:0.000768s ]
[ sql ] [ SQL ] SELECT COUNT(*) AS tp_count FROM `chat_log` WHERE  `fromid` = 1655  AND `toid` = 8204  AND `is_read` = 0 LIMIT 1 [ RunTime:0.000489s ]
[ sql ] [ SQL ] SELECT COUNT(*) AS tp_count FROM `chat_log` WHERE  `fromid` = 1708  AND `toid` = 8204  AND `is_read` = 0 LIMIT 1 [ RunTime:0.000606s ]
[ sql ] [ SQL ] SELECT COUNT(*) AS tp_count FROM `chat_log` WHERE  `fromid` = 3445  AND `toid` = 8204  AND `is_read` = 0 LIMIT 1 [ RunTime:0.000670s ]
[ sql ] [ SQL ] SELECT COUNT(*) AS tp_count FROM `chat_log` WHERE  `fromid` = 3644  AND `toid` = 8204  AND `is_read` = 0 LIMIT 1 [ RunTime:0.000391s ]
[ sql ] [ SQL ] SELECT COUNT(*) AS tp_count FROM `chat_log` WHERE  `fromid` = 5049  AND `toid` = 8204  AND `is_read` = 0 LIMIT 1 [ RunTime:0.000344s ]
[ sql ] [ SQL ] SELECT COUNT(*) AS tp_count FROM `chat_log` WHERE  `fromid` = 5938  AND `toid` = 8204  AND `is_read` = 0 LIMIT 1 [ RunTime:0.000645s ]
[ sql ] [ SQL ] SELECT COUNT(*) AS tp_count FROM `chat_log` WHERE  `fromid` = 9930  AND `toid` = 8204  AND `is_read` = 0 LIMIT 1 [ RunTime:0.000802s ]
[ sql ] [ SQL ] SELECT COUNT(*) AS tp_count FROM `chat_log` WHERE  `fromid` = 10463  AND `toid` = 8204  AND `is_read` = 0 LIMIT 1 [ RunTime:0.000238s ]
[ sql ] [ SQL ] SELECT COUNT(*) AS tp_count FROM `chat_log` WHERE  `fromid` = 10645  AND `toid` = 8204  AND `is_read` = 0 LIMIT 1 [ RunTime:0.000390s ]
[ sql ] [ SQL ] SELECT COUNT(*) AS tp_count FROM `chat_log` WHERE  `fromid` = 10649  AND `toid` = 8204  AND `is_read` = 0 LIMIT 1 [ RunTime:0.000398s ]
[ sql ] [ SQL ] SELECT COUNT(*) AS tp_count FROM `chat_log` WHERE  `fromid` = 10656  AND `toid` = 8204  AND `is_read` = 0 LIMIT 1 [ RunTime:0.000683s ]
[ sql ] [ SQL ] SELECT COUNT(*) AS tp_count FROM `chat_log` WHERE  `fromid` = 10701  AND `toid` = 8204  AND `is_read` = 0 LIMIT 1 [ RunTime:0.000646s ]
[ sql ] [ SQL ] SELECT COUNT(*) AS tp_count FROM `chat_log` WHERE  `fromid` = 10978  AND `toid` = 8204  AND `is_read` = 0 LIMIT 1 [ RunTime:0.000360s ]
[ sql ] [ SQL ] SELECT COUNT(*) AS tp_count FROM `chat_log` WHERE  `fromid` = 11040  AND `toid` = 8204  AND `is_read` = 0 LIMIT 1 [ RunTime:0.000451s ]
[ sql ] [ SQL ] SELECT COUNT(*) AS tp_count FROM `chat_log` WHERE  `fromid` = 11144  AND `toid` = 8204  AND `is_read` = 0 LIMIT 1 [ RunTime:0.000687s ]
[ sql ] [ SQL ] SELECT COUNT(*) AS tp_count FROM `chat_log` WHERE  `fromid` = 11180  AND `toid` = 8204  AND `is_read` = 0 LIMIT 1 [ RunTime:0.000434s ]
[ sql ] [ SQL ] SELECT COUNT(*) AS tp_count FROM `chat_log` WHERE  `fromid` = 11220  AND `toid` = 8204  AND `is_read` = 0 LIMIT 1 [ RunTime:0.000471s ]
[ sql ] [ SQL ] SELECT COUNT(*) AS tp_count FROM `chat_log` WHERE  `fromid` = 11240  AND `toid` = 8204  AND `is_read` = 0 LIMIT 1 [ RunTime:0.000750s ]
[ sql ] [ SQL ] SELECT COUNT(*) AS tp_count FROM `chat_log` WHERE  `fromid` = 11262  AND `toid` = 8204  AND `is_read` = 0 LIMIT 1 [ RunTime:0.001483s ]
[ sql ] [ SQL ] SELECT COUNT(*) AS tp_count FROM `chat_log` WHERE  `fromid` = 11348  AND `toid` = 8204  AND `is_read` = 0 LIMIT 1 [ RunTime:0.000869s ]
[ sql ] [ SQL ] SELECT COUNT(*) AS tp_count FROM `chat_log` WHERE  `fromid` = 11370  AND `toid` = 8204  AND `is_read` = 0 LIMIT 1 [ RunTime:0.000464s ]
[ sql ] [ SQL ] SELECT COUNT(*) AS tp_count FROM `chat_log` WHERE  `fromid` = 11509  AND `toid` = 8204  AND `is_read` = 0 LIMIT 1 [ RunTime:0.000394s ]
[ sql ] [ SQL ] SELECT COUNT(*) AS tp_count FROM `chat_log` WHERE  `fromid` = 11559  AND `toid` = 8204  AND `is_read` = 0 LIMIT 1 [ RunTime:0.000462s ]
[ sql ] [ SQL ] SELECT COUNT(*) AS tp_count FROM `chat_log` WHERE  `fromid` = 11973  AND `toid` = 8204  AND `is_read` = 0 LIMIT 1 [ RunTime:0.000583s ]
[ sql ] [ SQL ] SELECT COUNT(*) AS tp_count FROM `chat_log` WHERE  `fromid` = 12315  AND `toid` = 8204  AND `is_read` = 0 LIMIT 1 [ RunTime:0.000916s ]
[ sql ] [ SQL ] SELECT COUNT(*) AS tp_count FROM `chat_log` WHERE  `fromid` = 12342  AND `toid` = 8204  AND `is_read` = 0 LIMIT 1 [ RunTime:0.000240s ]
[ sql ] [ SQL ] SELECT COUNT(*) AS tp_count FROM `chat_log` WHERE  `fromid` = 12596  AND `toid` = 8204  AND `is_read` = 0 LIMIT 1 [ RunTime:0.000433s ]
[ sql ] [ SQL ] SELECT COUNT(*) AS tp_count FROM `chat_log` WHERE  `fromid` = 12620  AND `toid` = 8204  AND `is_read` = 0 LIMIT 1 [ RunTime:0.000428s ]
[ sql ] [ SQL ] SELECT COUNT(*) AS tp_count FROM `chat_log` WHERE  `fromid` = 12646  AND `toid` = 8204  AND `is_read` = 0 LIMIT 1 [ RunTime:0.000694s ]
[ sql ] [ SQL ] SELECT COUNT(*) AS tp_count FROM `chat_log` WHERE  `fromid` = 12702  AND `toid` = 8204  AND `is_read` = 0 LIMIT 1 [ RunTime:0.001175s ]
[ sql ] [ SQL ] SELECT COUNT(*) AS tp_count FROM `chat_log` WHERE  `fromid` = 12779  AND `toid` = 8204  AND `is_read` = 0 LIMIT 1 [ RunTime:0.000417s ]
[ sql ] [ SQL ] SELECT COUNT(*) AS tp_count FROM `chat_log` WHERE  `fromid` = 13894  AND `toid` = 8204  AND `is_read` = 0 LIMIT 1 [ RunTime:0.000475s ]
[ sql ] [ SQL ] SELECT COUNT(*) AS tp_count FROM `chat_log` WHERE  `fromid` = 14257  AND `toid` = 8204  AND `is_read` = 0 LIMIT 1 [ RunTime:0.001163s ]
[ sql ] [ SQL ] SELECT COUNT(*) AS tp_count FROM `chat_log` WHERE  `fromid` = 14408  AND `toid` = 8204  AND `is_read` = 0 LIMIT 1 [ RunTime:0.000251s ]
[ sql ] [ SQL ] SELECT COUNT(*) AS tp_count FROM `chat_log` WHERE  `fromid` = 14409  AND `toid` = 8204  AND `is_read` = 0 LIMIT 1 [ RunTime:0.000470s ]
[ sql ] [ SQL ] SELECT COUNT(*) AS tp_count FROM `chat_log` WHERE  `fromid` = 14413  AND `toid` = 8204  AND `is_read` = 0 LIMIT 1 [ RunTime:0.000245s ]
[ sql ] [ SQL ] SELECT COUNT(*) AS tp_count FROM `chat_log` WHERE  `fromid` = 14417  AND `toid` = 8204  AND `is_read` = 0 LIMIT 1 [ RunTime:0.000239s ]
[ sql ] [ SQL ] SELECT COUNT(*) AS tp_count FROM `chat_log` WHERE  `fromid` = 14418  AND `toid` = 8204  AND `is_read` = 0 LIMIT 1 [ RunTime:0.000236s ]
[ sql ] [ SQL ] SELECT COUNT(*) AS tp_count FROM `chat_log` WHERE  `fromid` = 14456  AND `toid` = 8204  AND `is_read` = 0 LIMIT 1 [ RunTime:0.000231s ]
[ sql ] [ SQL ] SELECT COUNT(*) AS tp_count FROM `chat_log` WHERE  `fromid` = 14471  AND `toid` = 8204  AND `is_read` = 0 LIMIT 1 [ RunTime:0.000249s ]
[ sql ] [ SQL ] SELECT COUNT(*) AS tp_count FROM `chat_log` WHERE  `fromid` = 14473  AND `toid` = 8204  AND `is_read` = 0 LIMIT 1 [ RunTime:0.000252s ]
[ sql ] [ SQL ] SELECT COUNT(*) AS tp_count FROM `chat_log` WHERE  `fromid` = 14476  AND `toid` = 8204  AND `is_read` = 0 LIMIT 1 [ RunTime:0.000240s ]
[ sql ] [ SQL ] SELECT COUNT(*) AS tp_count FROM `chat_log` WHERE  `fromid` = 14478  AND `toid` = 8204  AND `is_read` = 0 LIMIT 1 [ RunTime:0.000261s ]
[ sql ] [ SQL ] SELECT COUNT(*) AS tp_count FROM `chat_log` WHERE  `fromid` = 14479  AND `toid` = 8204  AND `is_read` = 0 LIMIT 1 [ RunTime:0.000537s ]
[ sql ] [ SQL ] SELECT COUNT(*) AS tp_count FROM `chat_log` WHERE  `fromid` = 14480  AND `toid` = 8204  AND `is_read` = 0 LIMIT 1 [ RunTime:0.000239s ]
[ sql ] [ SQL ] SELECT COUNT(*) AS tp_count FROM `chat_log` WHERE  `fromid` = 14482  AND `toid` = 8204  AND `is_read` = 0 LIMIT 1 [ RunTime:0.000235s ]
[ sql ] [ SQL ] SELECT COUNT(*) AS tp_count FROM `chat_log` WHERE  `fromid` = 14483  AND `toid` = 8204  AND `is_read` = 0 LIMIT 1 [ RunTime:0.000228s ]
[ sql ] [ SQL ] SELECT COUNT(*) AS tp_count FROM `chat_log` WHERE  `fromid` = 14484  AND `toid` = 8204  AND `is_read` = 0 LIMIT 1 [ RunTime:0.000243s ]
[ sql ] [ SQL ] SELECT COUNT(*) AS tp_count FROM `chat_log` WHERE  `fromid` = 14486  AND `toid` = 8204  AND `is_read` = 0 LIMIT 1 [ RunTime:0.000262s ]
[ sql ] [ SQL ] SELECT COUNT(*) AS tp_count FROM `chat_log` WHERE  `fromid` = 14497  AND `toid` = 8204  AND `is_read` = 0 LIMIT 1 [ RunTime:0.000252s ]
[ sql ] [ SQL ] SELECT COUNT(*) AS tp_count FROM `chat_log` WHERE  `fromid` = 14523  AND `toid` = 8204  AND `is_read` = 0 LIMIT 1 [ RunTime:0.000258s ]
[ sql ] [ SQL ] SELECT COUNT(*) AS tp_count FROM `chat_log` WHERE  `fromid` = 14524  AND `toid` = 8204  AND `is_read` = 0 LIMIT 1 [ RunTime:0.000235s ]
[ sql ] [ SQL ] SELECT COUNT(*) AS tp_count FROM `chat_log` WHERE  `fromid` = 14528  AND `toid` = 8204  AND `is_read` = 0 LIMIT 1 [ RunTime:0.000609s ]
[ sql ] [ SQL ] SELECT COUNT(*) AS tp_count FROM `chat_log` WHERE  `fromid` = 14531  AND `toid` = 8204  AND `is_read` = 0 LIMIT 1 [ RunTime:0.000238s ]
[ sql ] [ SQL ] SELECT COUNT(*) AS tp_count FROM `chat_log` WHERE  `fromid` = 14532  AND `toid` = 8204  AND `is_read` = 0 LIMIT 1 [ RunTime:0.000263s ]
[ sql ] [ SQL ] SELECT COUNT(*) AS tp_count FROM `chat_log` WHERE  `fromid` = 14547  AND `toid` = 8204  AND `is_read` = 0 LIMIT 1 [ RunTime:0.000577s ]
[ sql ] [ SQL ] SELECT COUNT(*) AS tp_count FROM `chat_log` WHERE  `fromid` = 14552  AND `toid` = 8204  AND `is_read` = 0 LIMIT 1 [ RunTime:0.000247s ]
[ sql ] [ SQL ] SELECT COUNT(*) AS tp_count FROM `chat_log` WHERE  `fromid` = 14553  AND `toid` = 8204  AND `is_read` = 0 LIMIT 1 [ RunTime:0.000257s ]
[ sql ] [ SQL ] SELECT COUNT(*) AS tp_count FROM `chat_log` WHERE  `fromid` = 14559  AND `toid` = 8204  AND `is_read` = 0 LIMIT 1 [ RunTime:0.000572s ]
[ sql ] [ SQL ] SELECT COUNT(*) AS tp_count FROM `chat_log` WHERE  `fromid` = 14561  AND `toid` = 8204  AND `is_read` = 0 LIMIT 1 [ RunTime:0.000237s ]
[ sql ] [ SQL ] SELECT COUNT(*) AS tp_count FROM `chat_log` WHERE  `fromid` = 14566  AND `toid` = 8204  AND `is_read` = 0 LIMIT 1 [ RunTime:0.000237s ]
[ sql ] [ SQL ] SELECT COUNT(*) AS tp_count FROM `chat_log` WHERE  `fromid` = 14576  AND `toid` = 8204  AND `is_read` = 0 LIMIT 1 [ RunTime:0.002467s ]
[ sql ] [ SQL ] SELECT COUNT(*) AS tp_count FROM `chat_log` WHERE  `fromid` = 14580  AND `toid` = 8204  AND `is_read` = 0 LIMIT 1 [ RunTime:0.000239s ]
[ sql ] [ SQL ] SELECT COUNT(*) AS tp_count FROM `chat_log` WHERE  `fromid` = 14586  AND `toid` = 8204  AND `is_read` = 0 LIMIT 1 [ RunTime:0.000232s ]
[ sql ] [ SQL ] SELECT COUNT(*) AS tp_count FROM `chat_log` WHERE  `fromid` = 14597  AND `toid` = 8204  AND `is_read` = 0 LIMIT 1 [ RunTime:0.000235s ]
[ sql ] [ SQL ] SELECT COUNT(*) AS tp_count FROM `chat_log` WHERE  `fromid` = 14601  AND `toid` = 8204  AND `is_read` = 0 LIMIT 1 [ RunTime:0.000230s ]
[ sql ] [ SQL ] SELECT COUNT(*) AS tp_count FROM `chat_log` WHERE  `fromid` = 14602  AND `toid` = 8204  AND `is_read` = 0 LIMIT 1 [ RunTime:0.000659s ]
[ sql ] [ SQL ] SELECT COUNT(*) AS tp_count FROM `chat_log` WHERE  `fromid` = 14608  AND `toid` = 8204  AND `is_read` = 0 LIMIT 1 [ RunTime:0.000246s ]
[ sql ] [ SQL ] SELECT COUNT(*) AS tp_count FROM `chat_log` WHERE  `fromid` = 14615  AND `toid` = 8204  AND `is_read` = 0 LIMIT 1 [ RunTime:0.000762s ]
[ sql ] [ SQL ] SELECT COUNT(*) AS tp_count FROM `chat_log` WHERE  `fromid` = 14618  AND `toid` = 8204  AND `is_read` = 0 LIMIT 1 [ RunTime:0.001327s ]
[ sql ] [ SQL ] SELECT COUNT(*) AS tp_count FROM `chat_log` WHERE  `fromid` = 14640  AND `toid` = 8204  AND `is_read` = 0 LIMIT 1 [ RunTime:0.000253s ]
[ sql ] [ SQL ] SELECT COUNT(*) AS tp_count FROM `chat_log` WHERE  `fromid` = 14654  AND `toid` = 8204  AND `is_read` = 0 LIMIT 1 [ RunTime:0.000256s ]
---------------------------------------------------------------
[ 2020-03-30T23:21:14+08:00 ] 223.91.139.49 GET /index/main/index.html
[ sql ] [ DB ] CONNECT:[ UseTime:0.000642s ] mysql:host=127.0.0.1;port=3306;dbname=henimeet;charset=utf8
[ sql ] [ SQL ] SHOW COLUMNS FROM `wy_users` [ RunTime:0.001034s ]
[ sql ] [ SQL ] SELECT * FROM `wy_users` WHERE  `user_id` = 8204 LIMIT 1 [ RunTime:0.000460s ]
[ sql ] [ SQL ] SHOW COLUMNS FROM `chat_log` [ RunTime:0.000536s ]
[ sql ] [ SQL ] SELECT COUNT(*) AS tp_count FROM `chat_log` WHERE  `toid` = 8204  AND `is_read` = 0 LIMIT 1 [ RunTime:0.000213s ]
[ sql ] [ SQL ] SELECT * FROM `wy_users` WHERE  `user_id` = 8204 LIMIT 1 [ RunTime:0.000285s ]
[ sql ] [ SQL ] SHOW COLUMNS FROM `wy_online` [ RunTime:0.000589s ]
[ sql ] [ SQL ] SELECT * FROM `wy_online` WHERE  `user_id` = 8204 LIMIT 1 [ RunTime:0.000188s ]
[ sql ] [ SQL ] UPDATE `wy_online`  SET `user_id`=8204,`user_name`='jinjin',`user_sex`=0,`user_ico`='http://www.pauzzz.com/uploadfiles/avatar/20191010/1570689622586_162.jpg',`active_time`=1585581674,`hidden`=0  WHERE  `user_id` = 8204 [ RunTime:0.000392s ]
---------------------------------------------------------------
[ 2020-03-30T23:21:15+08:00 ] 223.91.139.49 GET /index/main/query/page/1.html
[ sql ] [ DB ] CONNECT:[ UseTime:0.000601s ] mysql:host=127.0.0.1;port=3306;dbname=henimeet;charset=utf8
[ sql ] [ SQL ] SHOW COLUMNS FROM `wy_users` [ RunTime:0.001022s ]
[ sql ] [ SQL ] SELECT * FROM `wy_users` WHERE  `user_id` = 8204 LIMIT 1 [ RunTime:0.000455s ]
[ sql ] [ SQL ] SHOW COLUMNS FROM `chat_log` [ RunTime:0.000573s ]
[ sql ] [ SQL ] SELECT COUNT(*) AS tp_count FROM `chat_log` WHERE  `toid` = 8204  AND `is_read` = 0 LIMIT 1 [ RunTime:0.000197s ]
[ sql ] [ SQL ] SELECT * FROM `wy_users` WHERE  `user_id` = 8204 LIMIT 1 [ RunTime:0.000299s ]
[ sql ] [ SQL ] SHOW COLUMNS FROM `wy_online` [ RunTime:0.000513s ]
[ sql ] [ SQL ] SELECT * FROM `wy_online` WHERE  `user_id` = 8204 LIMIT 1 [ RunTime:0.000288s ]
[ sql ] [ SQL ] UPDATE `wy_online`  SET `user_id`=8204,`user_name`='jinjin',`user_sex`=0,`user_ico`='http://www.pauzzz.com/uploadfiles/avatar/20191010/1570689622586_162.jpg',`active_time`=1585581675,`hidden`=0  WHERE  `user_id` = 8204 [ RunTime:0.000379s ]
[ sql ] [ SQL ] SELECT COUNT(*) AS tp_count FROM `wy_users` WHERE  `user_sex` <> 0  AND `is_pass` <> 0 LIMIT 1 [ RunTime:0.000185s ]
[ sql ] [ SQL ] SELECT `u`.`user_name`,`u`.`user_ico`,`u`.`user_sex`,`u`.`user_group`,`u`.`user_id`,`o`.`online_id` FROM `wy_users` `u` LEFT JOIN `wy_online` `o` ON `u`.`user_id`=`o`.`user_id` WHERE  (  u.user_sex != '0' and u.is_pass!='0' ) ORDER BY u.is_service desc, o.active_time desc LIMIT 0,16 [ RunTime:0.020107s ]
