---------------------------------------------------------------
[ 2019-12-27T15:23:48+08:00 ] 117.136.104.123 GET /index/main/index.html
[ sql ] [ DB ] CONNECT:[ UseTime:0.000660s ] mysql:host=127.0.0.1;port=3306;dbname=henimeet;charset=utf8
[ sql ] [ SQL ] SHOW COLUMNS FROM `wy_users` [ RunTime:0.001094s ]
[ sql ] [ SQL ] SELECT * FROM `wy_users` WHERE  `user_id` = 5615 LIMIT 1 [ RunTime:0.000571s ]
[ sql ] [ SQL ] SHOW COLUMNS FROM `chat_log` [ RunTime:0.000561s ]
[ sql ] [ SQL ] SELECT COUNT(*) AS tp_count FROM `chat_log` WHERE  `toid` = 5615  AND `is_read` = 0 LIMIT 1 [ RunTime:0.000234s ]
[ sql ] [ SQL ] SELECT * FROM `wy_users` WHERE  `user_id` = 5615 LIMIT 1 [ RunTime:0.000285s ]
[ sql ] [ SQL ] SHOW COLUMNS FROM `wy_online` [ RunTime:0.000515s ]
[ sql ] [ SQL ] SELECT * FROM `wy_online` WHERE  `user_id` = 5615 LIMIT 1 [ RunTime:0.000268s ]
[ sql ] [ SQL ] INSERT INTO `wy_online` (`user_id` , `user_name` , `user_sex` , `user_ico` , `active_time` , `hidden`) VALUES (5615 , '半夏少女心' , 0 , 'http://www.pauzzz.com/uploadfiles/avatar/20190219/1550554212564_162.jpg' , 1577431428 , 0) [ RunTime:0.000359s ]
---------------------------------------------------------------
[ 2019-12-27T15:23:49+08:00 ] 117.136.104.123 GET /index/main/query/page/1.html
[ sql ] [ DB ] CONNECT:[ UseTime:0.000607s ] mysql:host=127.0.0.1;port=3306;dbname=henimeet;charset=utf8
[ sql ] [ SQL ] SHOW COLUMNS FROM `wy_users` [ RunTime:0.001038s ]
[ sql ] [ SQL ] SELECT * FROM `wy_users` WHERE  `user_id` = 5615 LIMIT 1 [ RunTime:0.000448s ]
[ sql ] [ SQL ] SHOW COLUMNS FROM `chat_log` [ RunTime:0.000602s ]
[ sql ] [ SQL ] SELECT COUNT(*) AS tp_count FROM `chat_log` WHERE  `toid` = 5615  AND `is_read` = 0 LIMIT 1 [ RunTime:0.000194s ]
[ sql ] [ SQL ] SELECT * FROM `wy_users` WHERE  `user_id` = 5615 LIMIT 1 [ RunTime:0.000512s ]
[ sql ] [ SQL ] SHOW COLUMNS FROM `wy_online` [ RunTime:0.000513s ]
[ sql ] [ SQL ] SELECT * FROM `wy_online` WHERE  `user_id` = 5615 LIMIT 1 [ RunTime:0.000266s ]
[ sql ] [ SQL ] UPDATE `wy_online`  SET `user_id`=5615,`user_name`='半夏少女心',`user_sex`=0,`user_ico`='http://www.pauzzz.com/uploadfiles/avatar/20190219/1550554212564_162.jpg',`active_time`=1577431429,`hidden`=0  WHERE  `user_id` = 5615 [ RunTime:0.000398s ]
[ sql ] [ SQL ] SELECT COUNT(*) AS tp_count FROM `wy_users` WHERE  `user_sex` <> 0  AND `is_pass` <> 0 LIMIT 1 [ RunTime:0.010293s ]
[ sql ] [ SQL ] SELECT `u`.`user_name`,`u`.`user_ico`,`u`.`user_sex`,`u`.`user_group`,`u`.`user_id`,`o`.`online_id` FROM `wy_users` `u` LEFT JOIN `wy_online` `o` ON `u`.`user_id`=`o`.`user_id` WHERE  (  u.user_sex != '0' and u.is_pass!='0' ) ORDER BY u.is_service desc, o.active_time desc LIMIT 0,16 [ RunTime:0.020293s ]
