---------------------------------------------------------------
[ 2020-01-25T00:03:51+08:00 ] 223.104.111.128 GET /index/main/index.html
[ sql ] [ DB ] CONNECT:[ UseTime:0.000608s ] mysql:host=127.0.0.1;port=3306;dbname=henimeet;charset=utf8
[ sql ] [ SQL ] SHOW COLUMNS FROM `wy_users` [ RunTime:0.001025s ]
[ sql ] [ SQL ] SELECT * FROM `wy_users` WHERE  `user_id` = 10659 LIMIT 1 [ RunTime:0.000460s ]
[ sql ] [ SQL ] SHOW COLUMNS FROM `chat_log` [ RunTime:0.000589s ]
[ sql ] [ SQL ] SELECT COUNT(*) AS tp_count FROM `chat_log` WHERE  `toid` = 10659  AND `is_read` = 0 LIMIT 1 [ RunTime:0.001435s ]
[ sql ] [ SQL ] SELECT * FROM `wy_users` WHERE  `user_id` = 10659 LIMIT 1 [ RunTime:0.000285s ]
[ sql ] [ SQL ] SHOW COLUMNS FROM `wy_online` [ RunTime:0.000513s ]
[ sql ] [ SQL ] SELECT * FROM `wy_online` WHERE  `user_id` = 10659 LIMIT 1 [ RunTime:0.000249s ]
[ sql ] [ SQL ] UPDATE `wy_online`  SET `user_id`=10659,`user_name`='xixi',`user_sex`=0,`user_ico`='http://www.pauzzz.com/uploadfiles/avatar/20190217/1550369037831_162.jpg',`active_time`=1579881831,`hidden`=0  WHERE  `user_id` = 10659 [ RunTime:0.000935s ]
---------------------------------------------------------------
[ 2020-01-25T00:03:52+08:00 ] 223.104.111.128 GET /index/main/query/page/1.html
[ sql ] [ DB ] CONNECT:[ UseTime:0.000564s ] mysql:host=127.0.0.1;port=3306;dbname=henimeet;charset=utf8
[ sql ] [ SQL ] SHOW COLUMNS FROM `wy_users` [ RunTime:0.000988s ]
[ sql ] [ SQL ] SELECT * FROM `wy_users` WHERE  `user_id` = 10659 LIMIT 1 [ RunTime:0.000438s ]
[ sql ] [ SQL ] SHOW COLUMNS FROM `chat_log` [ RunTime:0.000560s ]
[ sql ] [ SQL ] SELECT COUNT(*) AS tp_count FROM `chat_log` WHERE  `toid` = 10659  AND `is_read` = 0 LIMIT 1 [ RunTime:0.000195s ]
[ sql ] [ SQL ] SELECT * FROM `wy_users` WHERE  `user_id` = 10659 LIMIT 1 [ RunTime:0.000282s ]
[ sql ] [ SQL ] SHOW COLUMNS FROM `wy_online` [ RunTime:0.000505s ]
[ sql ] [ SQL ] SELECT * FROM `wy_online` WHERE  `user_id` = 10659 LIMIT 1 [ RunTime:0.000268s ]
[ sql ] [ SQL ] UPDATE `wy_online`  SET `user_id`=10659,`user_name`='xixi',`user_sex`=0,`user_ico`='http://www.pauzzz.com/uploadfiles/avatar/20190217/1550369037831_162.jpg',`active_time`=1579881832,`hidden`=0  WHERE  `user_id` = 10659 [ RunTime:0.000409s ]
[ sql ] [ SQL ] SELECT COUNT(*) AS tp_count FROM `wy_users` WHERE  `user_sex` <> 0  AND `is_pass` <> 0 LIMIT 1 [ RunTime:0.000193s ]
[ sql ] [ SQL ] SELECT `u`.`user_name`,`u`.`user_ico`,`u`.`user_sex`,`u`.`user_group`,`u`.`user_id`,`o`.`online_id` FROM `wy_users` `u` LEFT JOIN `wy_online` `o` ON `u`.`user_id`=`o`.`user_id` WHERE  (  u.user_sex != '0' and u.is_pass!='0' ) ORDER BY u.is_service desc, o.active_time desc LIMIT 0,16 [ RunTime:0.020506s ]
---------------------------------------------------------------
[ 2020-01-25T00:52:49+08:00 ] 182.113.172.250 GET /index/main/index.html
[ sql ] [ DB ] CONNECT:[ UseTime:0.000590s ] mysql:host=127.0.0.1;port=3306;dbname=henimeet;charset=utf8
[ sql ] [ SQL ] SHOW COLUMNS FROM `wy_users` [ RunTime:0.001031s ]
[ sql ] [ SQL ] SELECT * FROM `wy_users` WHERE  `user_id` = 10659 LIMIT 1 [ RunTime:0.000582s ]
[ sql ] [ SQL ] SHOW COLUMNS FROM `chat_log` [ RunTime:0.000565s ]
[ sql ] [ SQL ] SELECT COUNT(*) AS tp_count FROM `chat_log` WHERE  `toid` = 10659  AND `is_read` = 0 LIMIT 1 [ RunTime:0.001492s ]
[ sql ] [ SQL ] SELECT * FROM `wy_users` WHERE  `user_id` = 10659 LIMIT 1 [ RunTime:0.000283s ]
[ sql ] [ SQL ] SHOW COLUMNS FROM `wy_online` [ RunTime:0.000545s ]
[ sql ] [ SQL ] SELECT * FROM `wy_online` WHERE  `user_id` = 10659 LIMIT 1 [ RunTime:0.000246s ]
[ sql ] [ SQL ] UPDATE `wy_online`  SET `user_id`=10659,`user_name`='xixi',`user_sex`=0,`user_ico`='http://www.pauzzz.com/uploadfiles/avatar/20190217/1550369037831_162.jpg',`active_time`=1579884769,`hidden`=0  WHERE  `user_id` = 10659 [ RunTime:0.000528s ]
---------------------------------------------------------------
[ 2020-01-25T00:52:50+08:00 ] 182.113.172.250 GET /index/main/query/page/1.html
[ sql ] [ DB ] CONNECT:[ UseTime:0.000645s ] mysql:host=127.0.0.1;port=3306;dbname=henimeet;charset=utf8
[ sql ] [ SQL ] SHOW COLUMNS FROM `wy_users` [ RunTime:0.001020s ]
[ sql ] [ SQL ] SELECT * FROM `wy_users` WHERE  `user_id` = 10659 LIMIT 1 [ RunTime:0.000451s ]
[ sql ] [ SQL ] SHOW COLUMNS FROM `chat_log` [ RunTime:0.000540s ]
[ sql ] [ SQL ] SELECT COUNT(*) AS tp_count FROM `chat_log` WHERE  `toid` = 10659  AND `is_read` = 0 LIMIT 1 [ RunTime:0.000193s ]
[ sql ] [ SQL ] SELECT * FROM `wy_users` WHERE  `user_id` = 10659 LIMIT 1 [ RunTime:0.000269s ]
[ sql ] [ SQL ] SHOW COLUMNS FROM `wy_online` [ RunTime:0.000506s ]
[ sql ] [ SQL ] SELECT * FROM `wy_online` WHERE  `user_id` = 10659 LIMIT 1 [ RunTime:0.000287s ]
[ sql ] [ SQL ] UPDATE `wy_online`  SET `user_id`=10659,`user_name`='xixi',`user_sex`=0,`user_ico`='http://www.pauzzz.com/uploadfiles/avatar/20190217/1550369037831_162.jpg',`active_time`=1579884770,`hidden`=0  WHERE  `user_id` = 10659 [ RunTime:0.000295s ]
[ sql ] [ SQL ] SELECT COUNT(*) AS tp_count FROM `wy_users` WHERE  `user_sex` <> 0  AND `is_pass` <> 0 LIMIT 1 [ RunTime:0.010251s ]
[ sql ] [ SQL ] SELECT `u`.`user_name`,`u`.`user_ico`,`u`.`user_sex`,`u`.`user_group`,`u`.`user_id`,`o`.`online_id` FROM `wy_users` `u` LEFT JOIN `wy_online` `o` ON `u`.`user_id`=`o`.`user_id` WHERE  (  u.user_sex != '0' and u.is_pass!='0' ) ORDER BY u.is_service desc, o.active_time desc LIMIT 0,16 [ RunTime:0.020000s ]
---------------------------------------------------------------
[ 2020-01-25T10:54:46+08:00 ] 106.34.221.179 GET /index/main/index.html
[ sql ] [ DB ] CONNECT:[ UseTime:0.000613s ] mysql:host=127.0.0.1;port=3306;dbname=henimeet;charset=utf8
[ sql ] [ SQL ] SHOW COLUMNS FROM `wy_users` [ RunTime:0.001040s ]
[ sql ] [ SQL ] SELECT * FROM `wy_users` WHERE  `user_id` = 6560 LIMIT 1 [ RunTime:0.000585s ]
[ sql ] [ SQL ] SHOW COLUMNS FROM `chat_log` [ RunTime:0.000547s ]
[ sql ] [ SQL ] SELECT COUNT(*) AS tp_count FROM `chat_log` WHERE  `toid` = 6560  AND `is_read` = 0 LIMIT 1 [ RunTime:0.001240s ]
[ sql ] [ SQL ] SELECT * FROM `wy_users` WHERE  `user_id` = 6560 LIMIT 1 [ RunTime:0.000300s ]
[ sql ] [ SQL ] SHOW COLUMNS FROM `wy_online` [ RunTime:0.000511s ]
[ sql ] [ SQL ] SELECT * FROM `wy_online` WHERE  `user_id` = 6560 LIMIT 1 [ RunTime:0.000256s ]
[ sql ] [ SQL ] UPDATE `wy_online`  SET `user_id`=6560,`user_name`='yyia',`user_sex`=0,`user_ico`='http://www.pauzzz.com/uploadfiles/avatar/20200111/1578712209297_162.jpg',`active_time`=1579920886,`hidden`=0  WHERE  `user_id` = 6560 [ RunTime:0.000995s ]
---------------------------------------------------------------
[ 2020-01-25T10:54:47+08:00 ] 106.34.221.179 GET /index/main/query/page/1.html
[ sql ] [ DB ] CONNECT:[ UseTime:0.000642s ] mysql:host=127.0.0.1;port=3306;dbname=henimeet;charset=utf8
[ sql ] [ SQL ] SHOW COLUMNS FROM `wy_users` [ RunTime:0.001029s ]
[ sql ] [ SQL ] SELECT * FROM `wy_users` WHERE  `user_id` = 6560 LIMIT 1 [ RunTime:0.000436s ]
[ sql ] [ SQL ] SHOW COLUMNS FROM `chat_log` [ RunTime:0.000562s ]
[ sql ] [ SQL ] SELECT COUNT(*) AS tp_count FROM `chat_log` WHERE  `toid` = 6560  AND `is_read` = 0 LIMIT 1 [ RunTime:0.000192s ]
[ sql ] [ SQL ] SELECT * FROM `wy_users` WHERE  `user_id` = 6560 LIMIT 1 [ RunTime:0.000287s ]
[ sql ] [ SQL ] SHOW COLUMNS FROM `wy_online` [ RunTime:0.000522s ]
[ sql ] [ SQL ] SELECT * FROM `wy_online` WHERE  `user_id` = 6560 LIMIT 1 [ RunTime:0.000262s ]
[ sql ] [ SQL ] UPDATE `wy_online`  SET `user_id`=6560,`user_name`='yyia',`user_sex`=0,`user_ico`='http://www.pauzzz.com/uploadfiles/avatar/20200111/1578712209297_162.jpg',`active_time`=1579920887,`hidden`=0  WHERE  `user_id` = 6560 [ RunTime:0.000429s ]
[ sql ] [ SQL ] SELECT COUNT(*) AS tp_count FROM `wy_users` WHERE  `user_sex` <> 0  AND `is_pass` <> 0 LIMIT 1 [ RunTime:0.010268s ]
[ sql ] [ SQL ] SELECT `u`.`user_name`,`u`.`user_ico`,`u`.`user_sex`,`u`.`user_group`,`u`.`user_id`,`o`.`online_id` FROM `wy_users` `u` LEFT JOIN `wy_online` `o` ON `u`.`user_id`=`o`.`user_id` WHERE  (  u.user_sex != '0' and u.is_pass!='0' ) ORDER BY u.is_service desc, o.active_time desc LIMIT 0,16 [ RunTime:0.020433s ]
---------------------------------------------------------------
[ 2020-01-25T10:54:49+08:00 ] 106.34.221.179 GET /index/chat/index.html
[ sql ] [ DB ] CONNECT:[ UseTime:0.000632s ] mysql:host=127.0.0.1;port=3306;dbname=henimeet;charset=utf8
[ sql ] [ SQL ] SHOW COLUMNS FROM `wy_users` [ RunTime:0.001059s ]
[ sql ] [ SQL ] SELECT * FROM `wy_users` WHERE  `user_id` = 6560 LIMIT 1 [ RunTime:0.000531s ]
[ sql ] [ SQL ] SHOW COLUMNS FROM `chat_log` [ RunTime:0.000537s ]
[ sql ] [ SQL ] SELECT COUNT(*) AS tp_count FROM `chat_log` WHERE  `toid` = 6560  AND `is_read` = 0 LIMIT 1 [ RunTime:0.000213s ]
[ sql ] [ SQL ] SELECT * FROM `wy_users` WHERE  `user_id` = 6560 LIMIT 1 [ RunTime:0.000292s ]
[ sql ] [ SQL ] SHOW COLUMNS FROM `wy_online` [ RunTime:0.000530s ]
[ sql ] [ SQL ] SELECT * FROM `wy_online` WHERE  `user_id` = 6560 LIMIT 1 [ RunTime:0.000263s ]
[ sql ] [ SQL ] UPDATE `wy_online`  SET `user_id`=6560,`user_name`='yyia',`user_sex`=0,`user_ico`='http://www.pauzzz.com/uploadfiles/avatar/20200111/1578712209297_162.jpg',`active_time`=1579920889,`hidden`=0  WHERE  `user_id` = 6560 [ RunTime:0.000459s ]
---------------------------------------------------------------
[ 2020-01-25T10:54:49+08:00 ] 106.34.221.179 GET /index/chat/getdata.html
[ sql ] [ DB ] CONNECT:[ UseTime:0.000613s ] mysql:host=127.0.0.1;port=3306;dbname=henimeet;charset=utf8
[ sql ] [ SQL ] SHOW COLUMNS FROM `wy_users` [ RunTime:0.001043s ]
[ sql ] [ SQL ] SELECT * FROM `wy_users` WHERE  `user_id` = 6560 LIMIT 1 [ RunTime:0.000443s ]
[ sql ] [ SQL ] SHOW COLUMNS FROM `chat_log` [ RunTime:0.000551s ]
[ sql ] [ SQL ] SELECT COUNT(*) AS tp_count FROM `chat_log` WHERE  `toid` = 6560  AND `is_read` = 0 LIMIT 1 [ RunTime:0.000209s ]
[ sql ] [ SQL ] SELECT * FROM `wy_users` WHERE  `user_id` = 6560 LIMIT 1 [ RunTime:0.000301s ]
[ sql ] [ SQL ] SHOW COLUMNS FROM `wy_online` [ RunTime:0.000532s ]
[ sql ] [ SQL ] SELECT * FROM `wy_online` WHERE  `user_id` = 6560 LIMIT 1 [ RunTime:0.000265s ]
[ sql ] [ SQL ] UPDATE `wy_online`  SET `user_id`=6560,`user_name`='yyia',`user_sex`=0,`user_ico`='http://www.pauzzz.com/uploadfiles/avatar/20200111/1578712209297_162.jpg',`active_time`=1579920889,`hidden`=0  WHERE  `user_id` = 6560 [ RunTime:0.000264s ]
[ sql ] [ SQL ] SELECT * FROM `chat_log` WHERE  (  fromid='6560' or toid='6560' ) ORDER BY timeline desc [ RunTime:0.007861s ]
[ sql ] [ SQL ] SELECT `user_id`,`user_name`,`user_ico`,`user_sex` FROM `wy_users` WHERE  `user_id` IN (14576,14257,812,881,9933,14547,1708,9392,11559,13894,13176,10835,11892,5938,12620,12702,12646,10012,12315,12520,12433,10649,12280,12087,1855,10232,10953,11587,11317,11884,5452,6921,4180,10813,11691,11460,11108,11144,9251,11370,8736,11240,10504,9930,1664,10645,14584,6783,1814,14497,14571,14568,14560,14557,14561,14558,14554,14546,14536,14540,14539,14535,14525,14526,12678,12613,12596,12552,10656,12404,12364,12324,12327,12319,11973,12244,12233,12152,12153,12092,12027,11838,11880,11873,11847,11801,11795,11794,11722,11720,11714,11707,11699,11557,11533,11529,11463,11462,11451,11395,11399,11397,11341,11340,11310,11196,11178,11169,11164,11163,11088,9659,11004,10463,10911) [ RunTime:0.002507s ]
[ sql ] [ SQL ] SELECT COUNT(*) AS tp_count FROM `chat_log` WHERE  `fromid` = 812  AND `toid` = 6560  AND `is_read` = 0 LIMIT 1 [ RunTime:0.001207s ]
[ sql ] [ SQL ] SELECT COUNT(*) AS tp_count FROM `chat_log` WHERE  `fromid` = 881  AND `toid` = 6560  AND `is_read` = 0 LIMIT 1 [ RunTime:0.001097s ]
[ sql ] [ SQL ] SELECT COUNT(*) AS tp_count FROM `chat_log` WHERE  `fromid` = 1664  AND `toid` = 6560  AND `is_read` = 0 LIMIT 1 [ RunTime:0.000882s ]
[ sql ] [ SQL ] SELECT COUNT(*) AS tp_count FROM `chat_log` WHERE  `fromid` = 1708  AND `toid` = 6560  AND `is_read` = 0 LIMIT 1 [ RunTime:0.008976s ]
[ sql ] [ SQL ] SELECT COUNT(*) AS tp_count FROM `chat_log` WHERE  `fromid` = 1814  AND `toid` = 6560  AND `is_read` = 0 LIMIT 1 [ RunTime:0.000995s ]
[ sql ] [ SQL ] SELECT COUNT(*) AS tp_count FROM `chat_log` WHERE  `fromid` = 1855  AND `toid` = 6560  AND `is_read` = 0 LIMIT 1 [ RunTime:0.000826s ]
[ sql ] [ SQL ] SELECT COUNT(*) AS tp_count FROM `chat_log` WHERE  `fromid` = 4180  AND `toid` = 6560  AND `is_read` = 0 LIMIT 1 [ RunTime:0.001443s ]
[ sql ] [ SQL ] SELECT COUNT(*) AS tp_count FROM `chat_log` WHERE  `fromid` = 5452  AND `toid` = 6560  AND `is_read` = 0 LIMIT 1 [ RunTime:0.000845s ]
[ sql ] [ SQL ] SELECT COUNT(*) AS tp_count FROM `chat_log` WHERE  `fromid` = 5938  AND `toid` = 6560  AND `is_read` = 0 LIMIT 1 [ RunTime:0.001148s ]
[ sql ] [ SQL ] SELECT COUNT(*) AS tp_count FROM `chat_log` WHERE  `fromid` = 6783  AND `toid` = 6560  AND `is_read` = 0 LIMIT 1 [ RunTime:0.000820s ]
[ sql ] [ SQL ] SELECT COUNT(*) AS tp_count FROM `chat_log` WHERE  `fromid` = 6921  AND `toid` = 6560  AND `is_read` = 0 LIMIT 1 [ RunTime:0.000833s ]
[ sql ] [ SQL ] SELECT COUNT(*) AS tp_count FROM `chat_log` WHERE  `fromid` = 8736  AND `toid` = 6560  AND `is_read` = 0 LIMIT 1 [ RunTime:0.000810s ]
[ sql ] [ SQL ] SELECT COUNT(*) AS tp_count FROM `chat_log` WHERE  `fromid` = 9251  AND `toid` = 6560  AND `is_read` = 0 LIMIT 1 [ RunTime:0.000888s ]
[ sql ] [ SQL ] SELECT COUNT(*) AS tp_count FROM `chat_log` WHERE  `fromid` = 9392  AND `toid` = 6560  AND `is_read` = 0 LIMIT 1 [ RunTime:0.000940s ]
[ sql ] [ SQL ] SELECT COUNT(*) AS tp_count FROM `chat_log` WHERE  `fromid` = 9659  AND `toid` = 6560  AND `is_read` = 0 LIMIT 1 [ RunTime:0.000257s ]
[ sql ] [ SQL ] SELECT COUNT(*) AS tp_count FROM `chat_log` WHERE  `fromid` = 9930  AND `toid` = 6560  AND `is_read` = 0 LIMIT 1 [ RunTime:0.000840s ]
[ sql ] [ SQL ] SELECT COUNT(*) AS tp_count FROM `chat_log` WHERE  `fromid` = 9933  AND `toid` = 6560  AND `is_read` = 0 LIMIT 1 [ RunTime:0.000958s ]
[ sql ] [ SQL ] SELECT COUNT(*) AS tp_count FROM `chat_log` WHERE  `fromid` = 10012  AND `toid` = 6560  AND `is_read` = 0 LIMIT 1 [ RunTime:0.000811s ]
[ sql ] [ SQL ] SELECT COUNT(*) AS tp_count FROM `chat_log` WHERE  `fromid` = 10232  AND `toid` = 6560  AND `is_read` = 0 LIMIT 1 [ RunTime:0.000902s ]
[ sql ] [ SQL ] SELECT COUNT(*) AS tp_count FROM `chat_log` WHERE  `fromid` = 10463  AND `toid` = 6560  AND `is_read` = 0 LIMIT 1 [ RunTime:0.000263s ]
[ sql ] [ SQL ] SELECT COUNT(*) AS tp_count FROM `chat_log` WHERE  `fromid` = 10504  AND `toid` = 6560  AND `is_read` = 0 LIMIT 1 [ RunTime:0.000300s ]
[ sql ] [ SQL ] SELECT COUNT(*) AS tp_count FROM `chat_log` WHERE  `fromid` = 10645  AND `toid` = 6560  AND `is_read` = 0 LIMIT 1 [ RunTime:0.001044s ]
[ sql ] [ SQL ] SELECT COUNT(*) AS tp_count FROM `chat_log` WHERE  `fromid` = 10649  AND `toid` = 6560  AND `is_read` = 0 LIMIT 1 [ RunTime:0.000960s ]
[ sql ] [ SQL ] SELECT COUNT(*) AS tp_count FROM `chat_log` WHERE  `fromid` = 10656  AND `toid` = 6560  AND `is_read` = 0 LIMIT 1 [ RunTime:0.000881s ]
[ sql ] [ SQL ] SELECT COUNT(*) AS tp_count FROM `chat_log` WHERE  `fromid` = 10813  AND `toid` = 6560  AND `is_read` = 0 LIMIT 1 [ RunTime:0.000775s ]
[ sql ] [ SQL ] SELECT COUNT(*) AS tp_count FROM `chat_log` WHERE  `fromid` = 10835  AND `toid` = 6560  AND `is_read` = 0 LIMIT 1 [ RunTime:0.000939s ]
[ sql ] [ SQL ] SELECT COUNT(*) AS tp_count FROM `chat_log` WHERE  `fromid` = 10911  AND `toid` = 6560  AND `is_read` = 0 LIMIT 1 [ RunTime:0.000266s ]
[ sql ] [ SQL ] SELECT COUNT(*) AS tp_count FROM `chat_log` WHERE  `fromid` = 10953  AND `toid` = 6560  AND `is_read` = 0 LIMIT 1 [ RunTime:0.002168s ]
[ sql ] [ SQL ] SELECT COUNT(*) AS tp_count FROM `chat_log` WHERE  `fromid` = 11004  AND `toid` = 6560  AND `is_read` = 0 LIMIT 1 [ RunTime:0.000320s ]
[ sql ] [ SQL ] SELECT COUNT(*) AS tp_count FROM `chat_log` WHERE  `fromid` = 11088  AND `toid` = 6560  AND `is_read` = 0 LIMIT 1 [ RunTime:0.000300s ]
[ sql ] [ SQL ] SELECT COUNT(*) AS tp_count FROM `chat_log` WHERE  `fromid` = 11108  AND `toid` = 6560  AND `is_read` = 0 LIMIT 1 [ RunTime:0.000968s ]
[ sql ] [ SQL ] SELECT COUNT(*) AS tp_count FROM `chat_log` WHERE  `fromid` = 11144  AND `toid` = 6560  AND `is_read` = 0 LIMIT 1 [ RunTime:0.001036s ]
[ sql ] [ SQL ] SELECT COUNT(*) AS tp_count FROM `chat_log` WHERE  `fromid` = 11163  AND `toid` = 6560  AND `is_read` = 0 LIMIT 1 [ RunTime:0.000307s ]
[ sql ] [ SQL ] SELECT COUNT(*) AS tp_count FROM `chat_log` WHERE  `fromid` = 11164  AND `toid` = 6560  AND `is_read` = 0 LIMIT 1 [ RunTime:0.000307s ]
[ sql ] [ SQL ] SELECT COUNT(*) AS tp_count FROM `chat_log` WHERE  `fromid` = 11169  AND `toid` = 6560  AND `is_read` = 0 LIMIT 1 [ RunTime:0.000350s ]
[ sql ] [ SQL ] SELECT COUNT(*) AS tp_count FROM `chat_log` WHERE  `fromid` = 11178  AND `toid` = 6560  AND `is_read` = 0 LIMIT 1 [ RunTime:0.000301s ]
[ sql ] [ SQL ] SELECT COUNT(*) AS tp_count FROM `chat_log` WHERE  `fromid` = 11196  AND `toid` = 6560  AND `is_read` = 0 LIMIT 1 [ RunTime:0.000312s ]
[ sql ] [ SQL ] SELECT COUNT(*) AS tp_count FROM `chat_log` WHERE  `fromid` = 11240  AND `toid` = 6560  AND `is_read` = 0 LIMIT 1 [ RunTime:0.001198s ]
[ sql ] [ SQL ] SELECT COUNT(*) AS tp_count FROM `chat_log` WHERE  `fromid` = 11310  AND `toid` = 6560  AND `is_read` = 0 LIMIT 1 [ RunTime:0.000303s ]
[ sql ] [ SQL ] SELECT COUNT(*) AS tp_count FROM `chat_log` WHERE  `fromid` = 11317  AND `toid` = 6560  AND `is_read` = 0 LIMIT 1 [ RunTime:0.001127s ]
[ sql ] [ SQL ] SELECT COUNT(*) AS tp_count FROM `chat_log` WHERE  `fromid` = 11340  AND `toid` = 6560  AND `is_read` = 0 LIMIT 1 [ RunTime:0.000291s ]
[ sql ] [ SQL ] SELECT COUNT(*) AS tp_count FROM `chat_log` WHERE  `fromid` = 11341  AND `toid` = 6560  AND `is_read` = 0 LIMIT 1 [ RunTime:0.000320s ]
[ sql ] [ SQL ] SELECT COUNT(*) AS tp_count FROM `chat_log` WHERE  `fromid` = 11370  AND `toid` = 6560  AND `is_read` = 0 LIMIT 1 [ RunTime:0.001245s ]
[ sql ] [ SQL ] SELECT COUNT(*) AS tp_count FROM `chat_log` WHERE  `fromid` = 11395  AND `toid` = 6560  AND `is_read` = 0 LIMIT 1 [ RunTime:0.000319s ]
[ sql ] [ SQL ] SELECT COUNT(*) AS tp_count FROM `chat_log` WHERE  `fromid` = 11397  AND `toid` = 6560  AND `is_read` = 0 LIMIT 1 [ RunTime:0.000292s ]
[ sql ] [ SQL ] SELECT COUNT(*) AS tp_count FROM `chat_log` WHERE  `fromid` = 11399  AND `toid` = 6560  AND `is_read` = 0 LIMIT 1 [ RunTime:0.000309s ]
[ sql ] [ SQL ] SELECT COUNT(*) AS tp_count FROM `chat_log` WHERE  `fromid` = 11451  AND `toid` = 6560  AND `is_read` = 0 LIMIT 1 [ RunTime:0.000312s ]
[ sql ] [ SQL ] SELECT COUNT(*) AS tp_count FROM `chat_log` WHERE  `fromid` = 11460  AND `toid` = 6560  AND `is_read` = 0 LIMIT 1 [ RunTime:0.000939s ]
[ sql ] [ SQL ] SELECT COUNT(*) AS tp_count FROM `chat_log` WHERE  `fromid` = 11462  AND `toid` = 6560  AND `is_read` = 0 LIMIT 1 [ RunTime:0.000263s ]
[ sql ] [ SQL ] SELECT COUNT(*) AS tp_count FROM `chat_log` WHERE  `fromid` = 11463  AND `toid` = 6560  AND `is_read` = 0 LIMIT 1 [ RunTime:0.000241s ]
[ sql ] [ SQL ] SELECT COUNT(*) AS tp_count FROM `chat_log` WHERE  `fromid` = 11529  AND `toid` = 6560  AND `is_read` = 0 LIMIT 1 [ RunTime:0.000244s ]
[ sql ] [ SQL ] SELECT COUNT(*) AS tp_count FROM `chat_log` WHERE  `fromid` = 11533  AND `toid` = 6560  AND `is_read` = 0 LIMIT 1 [ RunTime:0.000233s ]
[ sql ] [ SQL ] SELECT COUNT(*) AS tp_count FROM `chat_log` WHERE  `fromid` = 11557  AND `toid` = 6560  AND `is_read` = 0 LIMIT 1 [ RunTime:0.000241s ]
[ sql ] [ SQL ] SELECT COUNT(*) AS tp_count FROM `chat_log` WHERE  `fromid` = 11559  AND `toid` = 6560  AND `is_read` = 0 LIMIT 1 [ RunTime:0.000834s ]
[ sql ] [ SQL ] SELECT COUNT(*) AS tp_count FROM `chat_log` WHERE  `fromid` = 11587  AND `toid` = 6560  AND `is_read` = 0 LIMIT 1 [ RunTime:0.000770s ]
[ sql ] [ SQL ] SELECT COUNT(*) AS tp_count FROM `chat_log` WHERE  `fromid` = 11691  AND `toid` = 6560  AND `is_read` = 0 LIMIT 1 [ RunTime:0.000722s ]
[ sql ] [ SQL ] SELECT COUNT(*) AS tp_count FROM `chat_log` WHERE  `fromid` = 11699  AND `toid` = 6560  AND `is_read` = 0 LIMIT 1 [ RunTime:0.000247s ]
[ sql ] [ SQL ] SELECT COUNT(*) AS tp_count FROM `chat_log` WHERE  `fromid` = 11707  AND `toid` = 6560  AND `is_read` = 0 LIMIT 1 [ RunTime:0.000237s ]
[ sql ] [ SQL ] SELECT COUNT(*) AS tp_count FROM `chat_log` WHERE  `fromid` = 11714  AND `toid` = 6560  AND `is_read` = 0 LIMIT 1 [ RunTime:0.000240s ]
[ sql ] [ SQL ] SELECT COUNT(*) AS tp_count FROM `chat_log` WHERE  `fromid` = 11720  AND `toid` = 6560  AND `is_read` = 0 LIMIT 1 [ RunTime:0.000242s ]
[ sql ] [ SQL ] SELECT COUNT(*) AS tp_count FROM `chat_log` WHERE  `fromid` = 11722  AND `toid` = 6560  AND `is_read` = 0 LIMIT 1 [ RunTime:0.000246s ]
[ sql ] [ SQL ] SELECT COUNT(*) AS tp_count FROM `chat_log` WHERE  `fromid` = 11794  AND `toid` = 6560  AND `is_read` = 0 LIMIT 1 [ RunTime:0.000259s ]
[ sql ] [ SQL ] SELECT COUNT(*) AS tp_count FROM `chat_log` WHERE  `fromid` = 11795  AND `toid` = 6560  AND `is_read` = 0 LIMIT 1 [ RunTime:0.000258s ]
[ sql ] [ SQL ] SELECT COUNT(*) AS tp_count FROM `chat_log` WHERE  `fromid` = 11801  AND `toid` = 6560  AND `is_read` = 0 LIMIT 1 [ RunTime:0.000265s ]
[ sql ] [ SQL ] SELECT COUNT(*) AS tp_count FROM `chat_log` WHERE  `fromid` = 11838  AND `toid` = 6560  AND `is_read` = 0 LIMIT 1 [ RunTime:0.000256s ]
[ sql ] [ SQL ] SELECT COUNT(*) AS tp_count FROM `chat_log` WHERE  `fromid` = 11847  AND `toid` = 6560  AND `is_read` = 0 LIMIT 1 [ RunTime:0.000252s ]
[ sql ] [ SQL ] SELECT COUNT(*) AS tp_count FROM `chat_log` WHERE  `fromid` = 11873  AND `toid` = 6560  AND `is_read` = 0 LIMIT 1 [ RunTime:0.000246s ]
[ sql ] [ SQL ] SELECT COUNT(*) AS tp_count FROM `chat_log` WHERE  `fromid` = 11880  AND `toid` = 6560  AND `is_read` = 0 LIMIT 1 [ RunTime:0.000233s ]
[ sql ] [ SQL ] SELECT COUNT(*) AS tp_count FROM `chat_log` WHERE  `fromid` = 11884  AND `toid` = 6560  AND `is_read` = 0 LIMIT 1 [ RunTime:0.000846s ]
[ sql ] [ SQL ] SELECT COUNT(*) AS tp_count FROM `chat_log` WHERE  `fromid` = 11892  AND `toid` = 6560  AND `is_read` = 0 LIMIT 1 [ RunTime:0.000859s ]
[ sql ] [ SQL ] SELECT COUNT(*) AS tp_count FROM `chat_log` WHERE  `fromid` = 11973  AND `toid` = 6560  AND `is_read` = 0 LIMIT 1 [ RunTime:0.000824s ]
[ sql ] [ SQL ] SELECT COUNT(*) AS tp_count FROM `chat_log` WHERE  `fromid` = 12027  AND `toid` = 6560  AND `is_read` = 0 LIMIT 1 [ RunTime:0.000254s ]
[ sql ] [ SQL ] SELECT COUNT(*) AS tp_count FROM `chat_log` WHERE  `fromid` = 12087  AND `toid` = 6560  AND `is_read` = 0 LIMIT 1 [ RunTime:0.001204s ]
[ sql ] [ SQL ] SELECT COUNT(*) AS tp_count FROM `chat_log` WHERE  `fromid` = 12092  AND `toid` = 6560  AND `is_read` = 0 LIMIT 1 [ RunTime:0.000251s ]
[ sql ] [ SQL ] SELECT COUNT(*) AS tp_count FROM `chat_log` WHERE  `fromid` = 12152  AND `toid` = 6560  AND `is_read` = 0 LIMIT 1 [ RunTime:0.000242s ]
[ sql ] [ SQL ] SELECT COUNT(*) AS tp_count FROM `chat_log` WHERE  `fromid` = 12153  AND `toid` = 6560  AND `is_read` = 0 LIMIT 1 [ RunTime:0.000241s ]
[ sql ] [ SQL ] SELECT COUNT(*) AS tp_count FROM `chat_log` WHERE  `fromid` = 12233  AND `toid` = 6560  AND `is_read` = 0 LIMIT 1 [ RunTime:0.000269s ]
[ sql ] [ SQL ] SELECT COUNT(*) AS tp_count FROM `chat_log` WHERE  `fromid` = 12244  AND `toid` = 6560  AND `is_read` = 0 LIMIT 1 [ RunTime:0.000243s ]
[ sql ] [ SQL ] SELECT COUNT(*) AS tp_count FROM `chat_log` WHERE  `fromid` = 12280  AND `toid` = 6560  AND `is_read` = 0 LIMIT 1 [ RunTime:0.000804s ]
[ sql ] [ SQL ] SELECT COUNT(*) AS tp_count FROM `chat_log` WHERE  `fromid` = 12315  AND `toid` = 6560  AND `is_read` = 0 LIMIT 1 [ RunTime:0.001002s ]
[ sql ] [ SQL ] SELECT COUNT(*) AS tp_count FROM `chat_log` WHERE  `fromid` = 12319  AND `toid` = 6560  AND `is_read` = 0 LIMIT 1 [ RunTime:0.000265s ]
[ sql ] [ SQL ] SELECT COUNT(*) AS tp_count FROM `chat_log` WHERE  `fromid` = 12324  AND `toid` = 6560  AND `is_read` = 0 LIMIT 1 [ RunTime:0.000260s ]
[ sql ] [ SQL ] SELECT COUNT(*) AS tp_count FROM `chat_log` WHERE  `fromid` = 12327  AND `toid` = 6560  AND `is_read` = 0 LIMIT 1 [ RunTime:0.000256s ]
[ sql ] [ SQL ] SELECT COUNT(*) AS tp_count FROM `chat_log` WHERE  `fromid` = 12364  AND `toid` = 6560  AND `is_read` = 0 LIMIT 1 [ RunTime:0.000780s ]
[ sql ] [ SQL ] SELECT COUNT(*) AS tp_count FROM `chat_log` WHERE  `fromid` = 12404  AND `toid` = 6560  AND `is_read` = 0 LIMIT 1 [ RunTime:0.000269s ]
[ sql ] [ SQL ] SELECT COUNT(*) AS tp_count FROM `chat_log` WHERE  `fromid` = 12433  AND `toid` = 6560  AND `is_read` = 0 LIMIT 1 [ RunTime:0.000853s ]
[ sql ] [ SQL ] SELECT COUNT(*) AS tp_count FROM `chat_log` WHERE  `fromid` = 12520  AND `toid` = 6560  AND `is_read` = 0 LIMIT 1 [ RunTime:0.000780s ]
[ sql ] [ SQL ] SELECT COUNT(*) AS tp_count FROM `chat_log` WHERE  `fromid` = 12552  AND `toid` = 6560  AND `is_read` = 0 LIMIT 1 [ RunTime:0.000274s ]
[ sql ] [ SQL ] SELECT COUNT(*) AS tp_count FROM `chat_log` WHERE  `fromid` = 12596  AND `toid` = 6560  AND `is_read` = 0 LIMIT 1 [ RunTime:0.000823s ]
[ sql ] [ SQL ] SELECT COUNT(*) AS tp_count FROM `chat_log` WHERE  `fromid` = 12613  AND `toid` = 6560  AND `is_read` = 0 LIMIT 1 [ RunTime:0.000254s ]
[ sql ] [ SQL ] SELECT COUNT(*) AS tp_count FROM `chat_log` WHERE  `fromid` = 12620  AND `toid` = 6560  AND `is_read` = 0 LIMIT 1 [ RunTime:0.000814s ]
[ sql ] [ SQL ] SELECT COUNT(*) AS tp_count FROM `chat_log` WHERE  `fromid` = 12646  AND `toid` = 6560  AND `is_read` = 0 LIMIT 1 [ RunTime:0.000819s ]
[ sql ] [ SQL ] SELECT COUNT(*) AS tp_count FROM `chat_log` WHERE  `fromid` = 12678  AND `toid` = 6560  AND `is_read` = 0 LIMIT 1 [ RunTime:0.000282s ]
[ sql ] [ SQL ] SELECT COUNT(*) AS tp_count FROM `chat_log` WHERE  `fromid` = 12702  AND `toid` = 6560  AND `is_read` = 0 LIMIT 1 [ RunTime:0.000803s ]
[ sql ] [ SQL ] SELECT COUNT(*) AS tp_count FROM `chat_log` WHERE  `fromid` = 13176  AND `toid` = 6560  AND `is_read` = 0 LIMIT 1 [ RunTime:0.001262s ]
[ sql ] [ SQL ] SELECT COUNT(*) AS tp_count FROM `chat_log` WHERE  `fromid` = 13894  AND `toid` = 6560  AND `is_read` = 0 LIMIT 1 [ RunTime:0.000838s ]
[ sql ] [ SQL ] SELECT COUNT(*) AS tp_count FROM `chat_log` WHERE  `fromid` = 14257  AND `toid` = 6560  AND `is_read` = 0 LIMIT 1 [ RunTime:0.001219s ]
[ sql ] [ SQL ] SELECT COUNT(*) AS tp_count FROM `chat_log` WHERE  `fromid` = 14497  AND `toid` = 6560  AND `is_read` = 0 LIMIT 1 [ RunTime:0.000256s ]
[ sql ] [ SQL ] SELECT COUNT(*) AS tp_count FROM `chat_log` WHERE  `fromid` = 14525  AND `toid` = 6560  AND `is_read` = 0 LIMIT 1 [ RunTime:0.000263s ]
[ sql ] [ SQL ] SELECT COUNT(*) AS tp_count FROM `chat_log` WHERE  `fromid` = 14526  AND `toid` = 6560  AND `is_read` = 0 LIMIT 1 [ RunTime:0.000246s ]
[ sql ] [ SQL ] SELECT COUNT(*) AS tp_count FROM `chat_log` WHERE  `fromid` = 14535  AND `toid` = 6560  AND `is_read` = 0 LIMIT 1 [ RunTime:0.000282s ]
[ sql ] [ SQL ] SELECT COUNT(*) AS tp_count FROM `chat_log` WHERE  `fromid` = 14536  AND `toid` = 6560  AND `is_read` = 0 LIMIT 1 [ RunTime:0.000246s ]
[ sql ] [ SQL ] SELECT COUNT(*) AS tp_count FROM `chat_log` WHERE  `fromid` = 14539  AND `toid` = 6560  AND `is_read` = 0 LIMIT 1 [ RunTime:0.000256s ]
[ sql ] [ SQL ] SELECT COUNT(*) AS tp_count FROM `chat_log` WHERE  `fromid` = 14540  AND `toid` = 6560  AND `is_read` = 0 LIMIT 1 [ RunTime:0.000245s ]
[ sql ] [ SQL ] SELECT COUNT(*) AS tp_count FROM `chat_log` WHERE  `fromid` = 14546  AND `toid` = 6560  AND `is_read` = 0 LIMIT 1 [ RunTime:0.000230s ]
[ sql ] [ SQL ] SELECT COUNT(*) AS tp_count FROM `chat_log` WHERE  `fromid` = 14547  AND `toid` = 6560  AND `is_read` = 0 LIMIT 1 [ RunTime:0.000298s ]
[ sql ] [ SQL ] SELECT COUNT(*) AS tp_count FROM `chat_log` WHERE  `fromid` = 14554  AND `toid` = 6560  AND `is_read` = 0 LIMIT 1 [ RunTime:0.000234s ]
[ sql ] [ SQL ] SELECT COUNT(*) AS tp_count FROM `chat_log` WHERE  `fromid` = 14557  AND `toid` = 6560  AND `is_read` = 0 LIMIT 1 [ RunTime:0.000233s ]
[ sql ] [ SQL ] SELECT COUNT(*) AS tp_count FROM `chat_log` WHERE  `fromid` = 14558  AND `toid` = 6560  AND `is_read` = 0 LIMIT 1 [ RunTime:0.000254s ]
[ sql ] [ SQL ] SELECT COUNT(*) AS tp_count FROM `chat_log` WHERE  `fromid` = 14560  AND `toid` = 6560  AND `is_read` = 0 LIMIT 1 [ RunTime:0.000244s ]
[ sql ] [ SQL ] SELECT COUNT(*) AS tp_count FROM `chat_log` WHERE  `fromid` = 14561  AND `toid` = 6560  AND `is_read` = 0 LIMIT 1 [ RunTime:0.000232s ]
[ sql ] [ SQL ] SELECT COUNT(*) AS tp_count FROM `chat_log` WHERE  `fromid` = 14568  AND `toid` = 6560  AND `is_read` = 0 LIMIT 1 [ RunTime:0.000235s ]
[ sql ] [ SQL ] SELECT COUNT(*) AS tp_count FROM `chat_log` WHERE  `fromid` = 14571  AND `toid` = 6560  AND `is_read` = 0 LIMIT 1 [ RunTime:0.000235s ]
[ sql ] [ SQL ] SELECT COUNT(*) AS tp_count FROM `chat_log` WHERE  `fromid` = 14576  AND `toid` = 6560  AND `is_read` = 0 LIMIT 1 [ RunTime:0.001364s ]
[ sql ] [ SQL ] SELECT COUNT(*) AS tp_count FROM `chat_log` WHERE  `fromid` = 14584  AND `toid` = 6560  AND `is_read` = 0 LIMIT 1 [ RunTime:0.000242s ]
---------------------------------------------------------------
[ 2020-01-25T10:54:52+08:00 ] 106.34.221.179 GET /index/chat/chat/pals_id/14576
[ sql ] [ DB ] CONNECT:[ UseTime:0.000612s ] mysql:host=127.0.0.1;port=3306;dbname=henimeet;charset=utf8
[ sql ] [ SQL ] SHOW COLUMNS FROM `wy_users` [ RunTime:0.001034s ]
[ sql ] [ SQL ] SELECT * FROM `wy_users` WHERE  `user_id` = 6560 LIMIT 1 [ RunTime:0.000439s ]
[ sql ] [ SQL ] SHOW COLUMNS FROM `chat_log` [ RunTime:0.000575s ]
[ sql ] [ SQL ] SELECT COUNT(*) AS tp_count FROM `chat_log` WHERE  `toid` = 6560  AND `is_read` = 0 LIMIT 1 [ RunTime:0.000193s ]
[ sql ] [ SQL ] SELECT * FROM `wy_users` WHERE  `user_id` = 6560 LIMIT 1 [ RunTime:0.000280s ]
[ sql ] [ SQL ] SHOW COLUMNS FROM `wy_online` [ RunTime:0.000521s ]
[ sql ] [ SQL ] SELECT * FROM `wy_online` WHERE  `user_id` = 6560 LIMIT 1 [ RunTime:0.000185s ]
[ sql ] [ SQL ] UPDATE `wy_online`  SET `user_id`=6560,`user_name`='yyia',`user_sex`=0,`user_ico`='http://www.pauzzz.com/uploadfiles/avatar/20200111/1578712209297_162.jpg',`active_time`=1579920892,`hidden`=0  WHERE  `user_id` = 6560 [ RunTime:0.000449s ]
[ sql ] [ SQL ] SELECT `user_id`,`user_name`,`user_ico` FROM `wy_users` WHERE  `user_id` = 14576 LIMIT 1 [ RunTime:0.000274s ]
---------------------------------------------------------------
[ 2020-01-25T14:05:05+08:00 ] 171.10.170.176 GET /index/main/index.html
[ sql ] [ DB ] CONNECT:[ UseTime:0.000638s ] mysql:host=127.0.0.1;port=3306;dbname=henimeet;charset=utf8
[ sql ] [ SQL ] SHOW COLUMNS FROM `wy_users` [ RunTime:0.001052s ]
[ sql ] [ SQL ] SELECT * FROM `wy_users` WHERE  `user_id` = 704 LIMIT 1 [ RunTime:0.000567s ]
[ sql ] [ SQL ] SHOW COLUMNS FROM `chat_log` [ RunTime:0.000531s ]
[ sql ] [ SQL ] SELECT COUNT(*) AS tp_count FROM `chat_log` WHERE  `toid` = 704  AND `is_read` = 0 LIMIT 1 [ RunTime:0.003633s ]
[ sql ] [ SQL ] SELECT * FROM `wy_users` WHERE  `user_id` = 704 LIMIT 1 [ RunTime:0.000301s ]
[ sql ] [ SQL ] SHOW COLUMNS FROM `wy_online` [ RunTime:0.000496s ]
[ sql ] [ SQL ] SELECT * FROM `wy_online` WHERE  `user_id` = 704 LIMIT 1 [ RunTime:0.000239s ]
[ sql ] [ SQL ] INSERT INTO `wy_online` (`user_id` , `user_name` , `user_sex` , `user_ico` , `active_time` , `hidden`) VALUES (704 , 'PAUZZZ' , 0 , 'http://www.pauzzz.com/uploadfiles/avatar/20190910/1568096892927_162.jpg' , 1579932305 , 0) [ RunTime:0.000334s ]
---------------------------------------------------------------
[ 2020-01-25T14:05:06+08:00 ] 171.10.170.176 GET /index/main/query/page/1.html
[ sql ] [ DB ] CONNECT:[ UseTime:0.000652s ] mysql:host=127.0.0.1;port=3306;dbname=henimeet;charset=utf8
[ sql ] [ SQL ] SHOW COLUMNS FROM `wy_users` [ RunTime:0.001015s ]
[ sql ] [ SQL ] SELECT * FROM `wy_users` WHERE  `user_id` = 704 LIMIT 1 [ RunTime:0.000432s ]
[ sql ] [ SQL ] SHOW COLUMNS FROM `chat_log` [ RunTime:0.000553s ]
[ sql ] [ SQL ] SELECT COUNT(*) AS tp_count FROM `chat_log` WHERE  `toid` = 704  AND `is_read` = 0 LIMIT 1 [ RunTime:0.000195s ]
[ sql ] [ SQL ] SELECT * FROM `wy_users` WHERE  `user_id` = 704 LIMIT 1 [ RunTime:0.000280s ]
[ sql ] [ SQL ] SHOW COLUMNS FROM `wy_online` [ RunTime:0.000510s ]
[ sql ] [ SQL ] SELECT * FROM `wy_online` WHERE  `user_id` = 704 LIMIT 1 [ RunTime:0.000259s ]
[ sql ] [ SQL ] UPDATE `wy_online`  SET `user_id`=704,`user_name`='PAUZZZ',`user_sex`=0,`user_ico`='http://www.pauzzz.com/uploadfiles/avatar/20190910/1568096892927_162.jpg',`active_time`=1579932306,`hidden`=0  WHERE  `user_id` = 704 [ RunTime:0.000431s ]
[ sql ] [ SQL ] SELECT COUNT(*) AS tp_count FROM `wy_users` WHERE  `user_sex` <> 0  AND `is_pass` <> 0 LIMIT 1 [ RunTime:0.010309s ]
[ sql ] [ SQL ] SELECT `u`.`user_name`,`u`.`user_ico`,`u`.`user_sex`,`u`.`user_group`,`u`.`user_id`,`o`.`online_id` FROM `wy_users` `u` LEFT JOIN `wy_online` `o` ON `u`.`user_id`=`o`.`user_id` WHERE  (  u.user_sex != '0' and u.is_pass!='0' ) ORDER BY u.is_service desc, o.active_time desc LIMIT 0,16 [ RunTime:0.019957s ]
---------------------------------------------------------------
[ 2020-01-25T17:22:48+08:00 ] 171.10.170.176 GET /index/main/index.html
[ sql ] [ DB ] CONNECT:[ UseTime:0.000630s ] mysql:host=127.0.0.1;port=3306;dbname=henimeet;charset=utf8
[ sql ] [ SQL ] SHOW COLUMNS FROM `wy_users` [ RunTime:0.001086s ]
[ sql ] [ SQL ] SELECT * FROM `wy_users` WHERE  `user_id` = 704 LIMIT 1 [ RunTime:0.000678s ]
[ sql ] [ SQL ] SHOW COLUMNS FROM `chat_log` [ RunTime:0.000536s ]
[ sql ] [ SQL ] SELECT COUNT(*) AS tp_count FROM `chat_log` WHERE  `toid` = 704  AND `is_read` = 0 LIMIT 1 [ RunTime:0.000202s ]
[ sql ] [ SQL ] SELECT * FROM `wy_users` WHERE  `user_id` = 704 LIMIT 1 [ RunTime:0.000299s ]
[ sql ] [ SQL ] SHOW COLUMNS FROM `wy_online` [ RunTime:0.000495s ]
[ sql ] [ SQL ] SELECT * FROM `wy_online` WHERE  `user_id` = 704 LIMIT 1 [ RunTime:0.000276s ]
[ sql ] [ SQL ] UPDATE `wy_online`  SET `user_id`=704,`user_name`='PAUZZZ',`user_sex`=0,`user_ico`='http://www.pauzzz.com/uploadfiles/avatar/20190910/1568096892927_162.jpg',`active_time`=1579944168,`hidden`=0  WHERE  `user_id` = 704 [ RunTime:0.000361s ]
---------------------------------------------------------------
[ 2020-01-25T17:22:48+08:00 ] 171.10.170.176 GET /index/main/query/page/1.html
[ sql ] [ DB ] CONNECT:[ UseTime:0.000609s ] mysql:host=127.0.0.1;port=3306;dbname=henimeet;charset=utf8
[ sql ] [ SQL ] SHOW COLUMNS FROM `wy_users` [ RunTime:0.001046s ]
[ sql ] [ SQL ] SELECT * FROM `wy_users` WHERE  `user_id` = 704 LIMIT 1 [ RunTime:0.000436s ]
[ sql ] [ SQL ] SHOW COLUMNS FROM `chat_log` [ RunTime:0.000545s ]
[ sql ] [ SQL ] SELECT COUNT(*) AS tp_count FROM `chat_log` WHERE  `toid` = 704  AND `is_read` = 0 LIMIT 1 [ RunTime:0.000218s ]
[ sql ] [ SQL ] SELECT * FROM `wy_users` WHERE  `user_id` = 704 LIMIT 1 [ RunTime:0.000270s ]
[ sql ] [ SQL ] SHOW COLUMNS FROM `wy_online` [ RunTime:0.000540s ]
[ sql ] [ SQL ] SELECT * FROM `wy_online` WHERE  `user_id` = 704 LIMIT 1 [ RunTime:0.000262s ]
[ sql ] [ SQL ] UPDATE `wy_online`  SET `user_id`=704,`user_name`='PAUZZZ',`user_sex`=0,`user_ico`='http://www.pauzzz.com/uploadfiles/avatar/20190910/1568096892927_162.jpg',`active_time`=1579944168,`hidden`=0  WHERE  `user_id` = 704 [ RunTime:0.000275s ]
[ sql ] [ SQL ] SELECT COUNT(*) AS tp_count FROM `wy_users` WHERE  `user_sex` <> 0  AND `is_pass` <> 0 LIMIT 1 [ RunTime:0.010374s ]
[ sql ] [ SQL ] SELECT `u`.`user_name`,`u`.`user_ico`,`u`.`user_sex`,`u`.`user_group`,`u`.`user_id`,`o`.`online_id` FROM `wy_users` `u` LEFT JOIN `wy_online` `o` ON `u`.`user_id`=`o`.`user_id` WHERE  (  u.user_sex != '0' and u.is_pass!='0' ) ORDER BY u.is_service desc, o.active_time desc LIMIT 0,16 [ RunTime:0.020142s ]
---------------------------------------------------------------
[ 2020-01-25T22:00:32+08:00 ] 171.9.171.212 GET /index/main/index.html
[ sql ] [ DB ] CONNECT:[ UseTime:0.000617s ] mysql:host=127.0.0.1;port=3306;dbname=henimeet;charset=utf8
[ sql ] [ SQL ] SHOW COLUMNS FROM `wy_users` [ RunTime:0.001059s ]
[ sql ] [ SQL ] SELECT * FROM `wy_users` WHERE  `user_id` = 6560 LIMIT 1 [ RunTime:0.000603s ]
[ sql ] [ SQL ] SHOW COLUMNS FROM `chat_log` [ RunTime:0.000538s ]
[ sql ] [ SQL ] SELECT COUNT(*) AS tp_count FROM `chat_log` WHERE  `toid` = 6560  AND `is_read` = 0 LIMIT 1 [ RunTime:0.001214s ]
[ sql ] [ SQL ] SELECT * FROM `wy_users` WHERE  `user_id` = 6560 LIMIT 1 [ RunTime:0.000281s ]
[ sql ] [ SQL ] SHOW COLUMNS FROM `wy_online` [ RunTime:0.000515s ]
[ sql ] [ SQL ] SELECT * FROM `wy_online` WHERE  `user_id` = 6560 LIMIT 1 [ RunTime:0.000266s ]
[ sql ] [ SQL ] UPDATE `wy_online`  SET `user_id`=6560,`user_name`='yyia',`user_sex`=0,`user_ico`='http://www.pauzzz.com/uploadfiles/avatar/20200111/1578712209297_162.jpg',`active_time`=1579960832,`hidden`=0  WHERE  `user_id` = 6560 [ RunTime:0.000351s ]
---------------------------------------------------------------
[ 2020-01-25T22:00:34+08:00 ] 171.9.171.212 GET /index/main/query/page/1.html
[ sql ] [ DB ] CONNECT:[ UseTime:0.000605s ] mysql:host=127.0.0.1;port=3306;dbname=henimeet;charset=utf8
[ sql ] [ SQL ] SHOW COLUMNS FROM `wy_users` [ RunTime:0.001007s ]
[ sql ] [ SQL ] SELECT * FROM `wy_users` WHERE  `user_id` = 6560 LIMIT 1 [ RunTime:0.000439s ]
[ sql ] [ SQL ] SHOW COLUMNS FROM `chat_log` [ RunTime:0.000547s ]
[ sql ] [ SQL ] SELECT COUNT(*) AS tp_count FROM `chat_log` WHERE  `toid` = 6560  AND `is_read` = 0 LIMIT 1 [ RunTime:0.000192s ]
[ sql ] [ SQL ] SELECT * FROM `wy_users` WHERE  `user_id` = 6560 LIMIT 1 [ RunTime:0.000270s ]
[ sql ] [ SQL ] SHOW COLUMNS FROM `wy_online` [ RunTime:0.000497s ]
[ sql ] [ SQL ] SELECT * FROM `wy_online` WHERE  `user_id` = 6560 LIMIT 1 [ RunTime:0.000285s ]
[ sql ] [ SQL ] UPDATE `wy_online`  SET `user_id`=6560,`user_name`='yyia',`user_sex`=0,`user_ico`='http://www.pauzzz.com/uploadfiles/avatar/20200111/1578712209297_162.jpg',`active_time`=1579960834,`hidden`=0  WHERE  `user_id` = 6560 [ RunTime:0.000409s ]
[ sql ] [ SQL ] SELECT COUNT(*) AS tp_count FROM `wy_users` WHERE  `user_sex` <> 0  AND `is_pass` <> 0 LIMIT 1 [ RunTime:0.010261s ]
[ sql ] [ SQL ] SELECT `u`.`user_name`,`u`.`user_ico`,`u`.`user_sex`,`u`.`user_group`,`u`.`user_id`,`o`.`online_id` FROM `wy_users` `u` LEFT JOIN `wy_online` `o` ON `u`.`user_id`=`o`.`user_id` WHERE  (  u.user_sex != '0' and u.is_pass!='0' ) ORDER BY u.is_service desc, o.active_time desc LIMIT 0,16 [ RunTime:0.019688s ]
---------------------------------------------------------------
[ 2020-01-25T22:00:36+08:00 ] 171.9.171.212 GET /index/chat/index.html
[ sql ] [ DB ] CONNECT:[ UseTime:0.000645s ] mysql:host=127.0.0.1;port=3306;dbname=henimeet;charset=utf8
[ sql ] [ SQL ] SHOW COLUMNS FROM `wy_users` [ RunTime:0.000998s ]
[ sql ] [ SQL ] SELECT * FROM `wy_users` WHERE  `user_id` = 6560 LIMIT 1 [ RunTime:0.000430s ]
[ sql ] [ SQL ] SHOW COLUMNS FROM `chat_log` [ RunTime:0.000530s ]
[ sql ] [ SQL ] SELECT COUNT(*) AS tp_count FROM `chat_log` WHERE  `toid` = 6560  AND `is_read` = 0 LIMIT 1 [ RunTime:0.000202s ]
[ sql ] [ SQL ] SELECT * FROM `wy_users` WHERE  `user_id` = 6560 LIMIT 1 [ RunTime:0.000282s ]
[ sql ] [ SQL ] SHOW COLUMNS FROM `wy_online` [ RunTime:0.000517s ]
[ sql ] [ SQL ] SELECT * FROM `wy_online` WHERE  `user_id` = 6560 LIMIT 1 [ RunTime:0.000255s ]
[ sql ] [ SQL ] UPDATE `wy_online`  SET `user_id`=6560,`user_name`='yyia',`user_sex`=0,`user_ico`='http://www.pauzzz.com/uploadfiles/avatar/20200111/1578712209297_162.jpg',`active_time`=1579960836,`hidden`=0  WHERE  `user_id` = 6560 [ RunTime:0.000321s ]
---------------------------------------------------------------
[ 2020-01-25T22:00:36+08:00 ] 171.9.171.212 GET /index/chat/getdata.html
[ sql ] [ DB ] CONNECT:[ UseTime:0.000628s ] mysql:host=127.0.0.1;port=3306;dbname=henimeet;charset=utf8
[ sql ] [ SQL ] SHOW COLUMNS FROM `wy_users` [ RunTime:0.001013s ]
[ sql ] [ SQL ] SELECT * FROM `wy_users` WHERE  `user_id` = 6560 LIMIT 1 [ RunTime:0.000474s ]
[ sql ] [ SQL ] SHOW COLUMNS FROM `chat_log` [ RunTime:0.000535s ]
[ sql ] [ SQL ] SELECT COUNT(*) AS tp_count FROM `chat_log` WHERE  `toid` = 6560  AND `is_read` = 0 LIMIT 1 [ RunTime:0.000191s ]
[ sql ] [ SQL ] SELECT * FROM `wy_users` WHERE  `user_id` = 6560 LIMIT 1 [ RunTime:0.000277s ]
[ sql ] [ SQL ] SHOW COLUMNS FROM `wy_online` [ RunTime:0.000503s ]
[ sql ] [ SQL ] SELECT * FROM `wy_online` WHERE  `user_id` = 6560 LIMIT 1 [ RunTime:0.000294s ]
[ sql ] [ SQL ] UPDATE `wy_online`  SET `user_id`=6560,`user_name`='yyia',`user_sex`=0,`user_ico`='http://www.pauzzz.com/uploadfiles/avatar/20200111/1578712209297_162.jpg',`active_time`=1579960836,`hidden`=0  WHERE  `user_id` = 6560 [ RunTime:0.000267s ]
[ sql ] [ SQL ] SELECT * FROM `chat_log` WHERE  (  fromid='6560' or toid='6560' ) ORDER BY timeline desc [ RunTime:0.007884s ]
[ sql ] [ SQL ] SELECT `user_id`,`user_name`,`user_ico`,`user_sex` FROM `wy_users` WHERE  `user_id` IN (14576,14257,812,881,9933,14547,1708,9392,11559,13894,13176,10835,11892,5938,12620,12702,12646,10012,12315,12520,12433,10649,12280,12087,1855,10232,10953,11587,11317,11884,5452,6921,4180,10813,11691,11460,11108,11144,9251,11370,8736,11240,10504,9930,1664,10645,14584,6783,1814,14497,14571,14568,14560,14557,14561,14558,14554,14546,14536,14540,14539,14535,14525,14526,12678,12613,12596,12552,10656,12404,12364,12324,12327,12319,11973,12244,12233,12152,12153,12092,12027,11838,11880,11873,11847,11801,11795,11794,11722,11720,11714,11707,11699,11557,11533,11529,11463,11462,11451,11395,11399,11397,11341,11340,11310,11196,11178,11169,11164,11163,11088,9659,11004,10463,10911) [ RunTime:0.002315s ]
[ sql ] [ SQL ] SELECT COUNT(*) AS tp_count FROM `chat_log` WHERE  `fromid` = 812  AND `toid` = 6560  AND `is_read` = 0 LIMIT 1 [ RunTime:0.001158s ]
[ sql ] [ SQL ] SELECT COUNT(*) AS tp_count FROM `chat_log` WHERE  `fromid` = 881  AND `toid` = 6560  AND `is_read` = 0 LIMIT 1 [ RunTime:0.001078s ]
[ sql ] [ SQL ] SELECT COUNT(*) AS tp_count FROM `chat_log` WHERE  `fromid` = 1664  AND `toid` = 6560  AND `is_read` = 0 LIMIT 1 [ RunTime:0.000950s ]
[ sql ] [ SQL ] SELECT COUNT(*) AS tp_count FROM `chat_log` WHERE  `fromid` = 1708  AND `toid` = 6560  AND `is_read` = 0 LIMIT 1 [ RunTime:0.009080s ]
[ sql ] [ SQL ] SELECT COUNT(*) AS tp_count FROM `chat_log` WHERE  `fromid` = 1814  AND `toid` = 6560  AND `is_read` = 0 LIMIT 1 [ RunTime:0.000926s ]
[ sql ] [ SQL ] SELECT COUNT(*) AS tp_count FROM `chat_log` WHERE  `fromid` = 1855  AND `toid` = 6560  AND `is_read` = 0 LIMIT 1 [ RunTime:0.000840s ]
[ sql ] [ SQL ] SELECT COUNT(*) AS tp_count FROM `chat_log` WHERE  `fromid` = 4180  AND `toid` = 6560  AND `is_read` = 0 LIMIT 1 [ RunTime:0.001391s ]
[ sql ] [ SQL ] SELECT COUNT(*) AS tp_count FROM `chat_log` WHERE  `fromid` = 5452  AND `toid` = 6560  AND `is_read` = 0 LIMIT 1 [ RunTime:0.000809s ]
[ sql ] [ SQL ] SELECT COUNT(*) AS tp_count FROM `chat_log` WHERE  `fromid` = 5938  AND `toid` = 6560  AND `is_read` = 0 LIMIT 1 [ RunTime:0.001137s ]
[ sql ] [ SQL ] SELECT COUNT(*) AS tp_count FROM `chat_log` WHERE  `fromid` = 6783  AND `toid` = 6560  AND `is_read` = 0 LIMIT 1 [ RunTime:0.000789s ]
[ sql ] [ SQL ] SELECT COUNT(*) AS tp_count FROM `chat_log` WHERE  `fromid` = 6921  AND `toid` = 6560  AND `is_read` = 0 LIMIT 1 [ RunTime:0.000800s ]
[ sql ] [ SQL ] SELECT COUNT(*) AS tp_count FROM `chat_log` WHERE  `fromid` = 8736  AND `toid` = 6560  AND `is_read` = 0 LIMIT 1 [ RunTime:0.000786s ]
[ sql ] [ SQL ] SELECT COUNT(*) AS tp_count FROM `chat_log` WHERE  `fromid` = 9251  AND `toid` = 6560  AND `is_read` = 0 LIMIT 1 [ RunTime:0.000885s ]
[ sql ] [ SQL ] SELECT COUNT(*) AS tp_count FROM `chat_log` WHERE  `fromid` = 9392  AND `toid` = 6560  AND `is_read` = 0 LIMIT 1 [ RunTime:0.000963s ]
[ sql ] [ SQL ] SELECT COUNT(*) AS tp_count FROM `chat_log` WHERE  `fromid` = 9659  AND `toid` = 6560  AND `is_read` = 0 LIMIT 1 [ RunTime:0.000244s ]
[ sql ] [ SQL ] SELECT COUNT(*) AS tp_count FROM `chat_log` WHERE  `fromid` = 9930  AND `toid` = 6560  AND `is_read` = 0 LIMIT 1 [ RunTime:0.000867s ]
[ sql ] [ SQL ] SELECT COUNT(*) AS tp_count FROM `chat_log` WHERE  `fromid` = 9933  AND `toid` = 6560  AND `is_read` = 0 LIMIT 1 [ RunTime:0.000927s ]
[ sql ] [ SQL ] SELECT COUNT(*) AS tp_count FROM `chat_log` WHERE  `fromid` = 10012  AND `toid` = 6560  AND `is_read` = 0 LIMIT 1 [ RunTime:0.000783s ]
[ sql ] [ SQL ] SELECT COUNT(*) AS tp_count FROM `chat_log` WHERE  `fromid` = 10232  AND `toid` = 6560  AND `is_read` = 0 LIMIT 1 [ RunTime:0.000932s ]
[ sql ] [ SQL ] SELECT COUNT(*) AS tp_count FROM `chat_log` WHERE  `fromid` = 10463  AND `toid` = 6560  AND `is_read` = 0 LIMIT 1 [ RunTime:0.000277s ]
[ sql ] [ SQL ] SELECT COUNT(*) AS tp_count FROM `chat_log` WHERE  `fromid` = 10504  AND `toid` = 6560  AND `is_read` = 0 LIMIT 1 [ RunTime:0.000280s ]
[ sql ] [ SQL ] SELECT COUNT(*) AS tp_count FROM `chat_log` WHERE  `fromid` = 10645  AND `toid` = 6560  AND `is_read` = 0 LIMIT 1 [ RunTime:0.000791s ]
[ sql ] [ SQL ] SELECT COUNT(*) AS tp_count FROM `chat_log` WHERE  `fromid` = 10649  AND `toid` = 6560  AND `is_read` = 0 LIMIT 1 [ RunTime:0.000858s ]
[ sql ] [ SQL ] SELECT COUNT(*) AS tp_count FROM `chat_log` WHERE  `fromid` = 10656  AND `toid` = 6560  AND `is_read` = 0 LIMIT 1 [ RunTime:0.000843s ]
[ sql ] [ SQL ] SELECT COUNT(*) AS tp_count FROM `chat_log` WHERE  `fromid` = 10813  AND `toid` = 6560  AND `is_read` = 0 LIMIT 1 [ RunTime:0.000745s ]
[ sql ] [ SQL ] SELECT COUNT(*) AS tp_count FROM `chat_log` WHERE  `fromid` = 10835  AND `toid` = 6560  AND `is_read` = 0 LIMIT 1 [ RunTime:0.000949s ]
[ sql ] [ SQL ] SELECT COUNT(*) AS tp_count FROM `chat_log` WHERE  `fromid` = 10911  AND `toid` = 6560  AND `is_read` = 0 LIMIT 1 [ RunTime:0.000283s ]
[ sql ] [ SQL ] SELECT COUNT(*) AS tp_count FROM `chat_log` WHERE  `fromid` = 10953  AND `toid` = 6560  AND `is_read` = 0 LIMIT 1 [ RunTime:0.001478s ]
[ sql ] [ SQL ] SELECT COUNT(*) AS tp_count FROM `chat_log` WHERE  `fromid` = 11004  AND `toid` = 6560  AND `is_read` = 0 LIMIT 1 [ RunTime:0.000272s ]
[ sql ] [ SQL ] SELECT COUNT(*) AS tp_count FROM `chat_log` WHERE  `fromid` = 11088  AND `toid` = 6560  AND `is_read` = 0 LIMIT 1 [ RunTime:0.000236s ]
[ sql ] [ SQL ] SELECT COUNT(*) AS tp_count FROM `chat_log` WHERE  `fromid` = 11108  AND `toid` = 6560  AND `is_read` = 0 LIMIT 1 [ RunTime:0.000671s ]
[ sql ] [ SQL ] SELECT COUNT(*) AS tp_count FROM `chat_log` WHERE  `fromid` = 11144  AND `toid` = 6560  AND `is_read` = 0 LIMIT 1 [ RunTime:0.000730s ]
[ sql ] [ SQL ] SELECT COUNT(*) AS tp_count FROM `chat_log` WHERE  `fromid` = 11163  AND `toid` = 6560  AND `is_read` = 0 LIMIT 1 [ RunTime:0.000259s ]
[ sql ] [ SQL ] SELECT COUNT(*) AS tp_count FROM `chat_log` WHERE  `fromid` = 11164  AND `toid` = 6560  AND `is_read` = 0 LIMIT 1 [ RunTime:0.000256s ]
[ sql ] [ SQL ] SELECT COUNT(*) AS tp_count FROM `chat_log` WHERE  `fromid` = 11169  AND `toid` = 6560  AND `is_read` = 0 LIMIT 1 [ RunTime:0.000235s ]
[ sql ] [ SQL ] SELECT COUNT(*) AS tp_count FROM `chat_log` WHERE  `fromid` = 11178  AND `toid` = 6560  AND `is_read` = 0 LIMIT 1 [ RunTime:0.000241s ]
[ sql ] [ SQL ] SELECT COUNT(*) AS tp_count FROM `chat_log` WHERE  `fromid` = 11196  AND `toid` = 6560  AND `is_read` = 0 LIMIT 1 [ RunTime:0.000234s ]
[ sql ] [ SQL ] SELECT COUNT(*) AS tp_count FROM `chat_log` WHERE  `fromid` = 11240  AND `toid` = 6560  AND `is_read` = 0 LIMIT 1 [ RunTime:0.000793s ]
[ sql ] [ SQL ] SELECT COUNT(*) AS tp_count FROM `chat_log` WHERE  `fromid` = 11310  AND `toid` = 6560  AND `is_read` = 0 LIMIT 1 [ RunTime:0.000242s ]
[ sql ] [ SQL ] SELECT COUNT(*) AS tp_count FROM `chat_log` WHERE  `fromid` = 11317  AND `toid` = 6560  AND `is_read` = 0 LIMIT 1 [ RunTime:0.000800s ]
[ sql ] [ SQL ] SELECT COUNT(*) AS tp_count FROM `chat_log` WHERE  `fromid` = 11340  AND `toid` = 6560  AND `is_read` = 0 LIMIT 1 [ RunTime:0.000239s ]
[ sql ] [ SQL ] SELECT COUNT(*) AS tp_count FROM `chat_log` WHERE  `fromid` = 11341  AND `toid` = 6560  AND `is_read` = 0 LIMIT 1 [ RunTime:0.000240s ]
[ sql ] [ SQL ] SELECT COUNT(*) AS tp_count FROM `chat_log` WHERE  `fromid` = 11370  AND `toid` = 6560  AND `is_read` = 0 LIMIT 1 [ RunTime:0.000816s ]
[ sql ] [ SQL ] SELECT COUNT(*) AS tp_count FROM `chat_log` WHERE  `fromid` = 11395  AND `toid` = 6560  AND `is_read` = 0 LIMIT 1 [ RunTime:0.000245s ]
[ sql ] [ SQL ] SELECT COUNT(*) AS tp_count FROM `chat_log` WHERE  `fromid` = 11397  AND `toid` = 6560  AND `is_read` = 0 LIMIT 1 [ RunTime:0.000235s ]
[ sql ] [ SQL ] SELECT COUNT(*) AS tp_count FROM `chat_log` WHERE  `fromid` = 11399  AND `toid` = 6560  AND `is_read` = 0 LIMIT 1 [ RunTime:0.000232s ]
[ sql ] [ SQL ] SELECT COUNT(*) AS tp_count FROM `chat_log` WHERE  `fromid` = 11451  AND `toid` = 6560  AND `is_read` = 0 LIMIT 1 [ RunTime:0.000264s ]
[ sql ] [ SQL ] SELECT COUNT(*) AS tp_count FROM `chat_log` WHERE  `fromid` = 11460  AND `toid` = 6560  AND `is_read` = 0 LIMIT 1 [ RunTime:0.000685s ]
[ sql ] [ SQL ] SELECT COUNT(*) AS tp_count FROM `chat_log` WHERE  `fromid` = 11462  AND `toid` = 6560  AND `is_read` = 0 LIMIT 1 [ RunTime:0.000259s ]
[ sql ] [ SQL ] SELECT COUNT(*) AS tp_count FROM `chat_log` WHERE  `fromid` = 11463  AND `toid` = 6560  AND `is_read` = 0 LIMIT 1 [ RunTime:0.000263s ]
[ sql ] [ SQL ] SELECT COUNT(*) AS tp_count FROM `chat_log` WHERE  `fromid` = 11529  AND `toid` = 6560  AND `is_read` = 0 LIMIT 1 [ RunTime:0.000258s ]
[ sql ] [ SQL ] SELECT COUNT(*) AS tp_count FROM `chat_log` WHERE  `fromid` = 11533  AND `toid` = 6560  AND `is_read` = 0 LIMIT 1 [ RunTime:0.000264s ]
[ sql ] [ SQL ] SELECT COUNT(*) AS tp_count FROM `chat_log` WHERE  `fromid` = 11557  AND `toid` = 6560  AND `is_read` = 0 LIMIT 1 [ RunTime:0.000242s ]
[ sql ] [ SQL ] SELECT COUNT(*) AS tp_count FROM `chat_log` WHERE  `fromid` = 11559  AND `toid` = 6560  AND `is_read` = 0 LIMIT 1 [ RunTime:0.000850s ]
[ sql ] [ SQL ] SELECT COUNT(*) AS tp_count FROM `chat_log` WHERE  `fromid` = 11587  AND `toid` = 6560  AND `is_read` = 0 LIMIT 1 [ RunTime:0.000764s ]
[ sql ] [ SQL ] SELECT COUNT(*) AS tp_count FROM `chat_log` WHERE  `fromid` = 11691  AND `toid` = 6560  AND `is_read` = 0 LIMIT 1 [ RunTime:0.000757s ]
[ sql ] [ SQL ] SELECT COUNT(*) AS tp_count FROM `chat_log` WHERE  `fromid` = 11699  AND `toid` = 6560  AND `is_read` = 0 LIMIT 1 [ RunTime:0.000600s ]
[ sql ] [ SQL ] SELECT COUNT(*) AS tp_count FROM `chat_log` WHERE  `fromid` = 11707  AND `toid` = 6560  AND `is_read` = 0 LIMIT 1 [ RunTime:0.000259s ]
[ sql ] [ SQL ] SELECT COUNT(*) AS tp_count FROM `chat_log` WHERE  `fromid` = 11714  AND `toid` = 6560  AND `is_read` = 0 LIMIT 1 [ RunTime:0.000258s ]
[ sql ] [ SQL ] SELECT COUNT(*) AS tp_count FROM `chat_log` WHERE  `fromid` = 11720  AND `toid` = 6560  AND `is_read` = 0 LIMIT 1 [ RunTime:0.000292s ]
[ sql ] [ SQL ] SELECT COUNT(*) AS tp_count FROM `chat_log` WHERE  `fromid` = 11722  AND `toid` = 6560  AND `is_read` = 0 LIMIT 1 [ RunTime:0.000262s ]
[ sql ] [ SQL ] SELECT COUNT(*) AS tp_count FROM `chat_log` WHERE  `fromid` = 11794  AND `toid` = 6560  AND `is_read` = 0 LIMIT 1 [ RunTime:0.000235s ]
[ sql ] [ SQL ] SELECT COUNT(*) AS tp_count FROM `chat_log` WHERE  `fromid` = 11795  AND `toid` = 6560  AND `is_read` = 0 LIMIT 1 [ RunTime:0.000252s ]
[ sql ] [ SQL ] SELECT COUNT(*) AS tp_count FROM `chat_log` WHERE  `fromid` = 11801  AND `toid` = 6560  AND `is_read` = 0 LIMIT 1 [ RunTime:0.000232s ]
[ sql ] [ SQL ] SELECT COUNT(*) AS tp_count FROM `chat_log` WHERE  `fromid` = 11838  AND `toid` = 6560  AND `is_read` = 0 LIMIT 1 [ RunTime:0.000254s ]
[ sql ] [ SQL ] SELECT COUNT(*) AS tp_count FROM `chat_log` WHERE  `fromid` = 11847  AND `toid` = 6560  AND `is_read` = 0 LIMIT 1 [ RunTime:0.000237s ]
[ sql ] [ SQL ] SELECT COUNT(*) AS tp_count FROM `chat_log` WHERE  `fromid` = 11873  AND `toid` = 6560  AND `is_read` = 0 LIMIT 1 [ RunTime:0.000237s ]
[ sql ] [ SQL ] SELECT COUNT(*) AS tp_count FROM `chat_log` WHERE  `fromid` = 11880  AND `toid` = 6560  AND `is_read` = 0 LIMIT 1 [ RunTime:0.000234s ]
[ sql ] [ SQL ] SELECT COUNT(*) AS tp_count FROM `chat_log` WHERE  `fromid` = 11884  AND `toid` = 6560  AND `is_read` = 0 LIMIT 1 [ RunTime:0.000863s ]
[ sql ] [ SQL ] SELECT COUNT(*) AS tp_count FROM `chat_log` WHERE  `fromid` = 11892  AND `toid` = 6560  AND `is_read` = 0 LIMIT 1 [ RunTime:0.000824s ]
[ sql ] [ SQL ] SELECT COUNT(*) AS tp_count FROM `chat_log` WHERE  `fromid` = 11973  AND `toid` = 6560  AND `is_read` = 0 LIMIT 1 [ RunTime:0.000818s ]
[ sql ] [ SQL ] SELECT COUNT(*) AS tp_count FROM `chat_log` WHERE  `fromid` = 12027  AND `toid` = 6560  AND `is_read` = 0 LIMIT 1 [ RunTime:0.000251s ]
[ sql ] [ SQL ] SELECT COUNT(*) AS tp_count FROM `chat_log` WHERE  `fromid` = 12087  AND `toid` = 6560  AND `is_read` = 0 LIMIT 1 [ RunTime:0.001168s ]
[ sql ] [ SQL ] SELECT COUNT(*) AS tp_count FROM `chat_log` WHERE  `fromid` = 12092  AND `toid` = 6560  AND `is_read` = 0 LIMIT 1 [ RunTime:0.000243s ]
[ sql ] [ SQL ] SELECT COUNT(*) AS tp_count FROM `chat_log` WHERE  `fromid` = 12152  AND `toid` = 6560  AND `is_read` = 0 LIMIT 1 [ RunTime:0.000234s ]
[ sql ] [ SQL ] SELECT COUNT(*) AS tp_count FROM `chat_log` WHERE  `fromid` = 12153  AND `toid` = 6560  AND `is_read` = 0 LIMIT 1 [ RunTime:0.000235s ]
[ sql ] [ SQL ] SELECT COUNT(*) AS tp_count FROM `chat_log` WHERE  `fromid` = 12233  AND `toid` = 6560  AND `is_read` = 0 LIMIT 1 [ RunTime:0.000236s ]
[ sql ] [ SQL ] SELECT COUNT(*) AS tp_count FROM `chat_log` WHERE  `fromid` = 12244  AND `toid` = 6560  AND `is_read` = 0 LIMIT 1 [ RunTime:0.000236s ]
[ sql ] [ SQL ] SELECT COUNT(*) AS tp_count FROM `chat_log` WHERE  `fromid` = 12280  AND `toid` = 6560  AND `is_read` = 0 LIMIT 1 [ RunTime:0.000788s ]
[ sql ] [ SQL ] SELECT COUNT(*) AS tp_count FROM `chat_log` WHERE  `fromid` = 12315  AND `toid` = 6560  AND `is_read` = 0 LIMIT 1 [ RunTime:0.001007s ]
[ sql ] [ SQL ] SELECT COUNT(*) AS tp_count FROM `chat_log` WHERE  `fromid` = 12319  AND `toid` = 6560  AND `is_read` = 0 LIMIT 1 [ RunTime:0.000268s ]
[ sql ] [ SQL ] SELECT COUNT(*) AS tp_count FROM `chat_log` WHERE  `fromid` = 12324  AND `toid` = 6560  AND `is_read` = 0 LIMIT 1 [ RunTime:0.000250s ]
[ sql ] [ SQL ] SELECT COUNT(*) AS tp_count FROM `chat_log` WHERE  `fromid` = 12327  AND `toid` = 6560  AND `is_read` = 0 LIMIT 1 [ RunTime:0.000236s ]
[ sql ] [ SQL ] SELECT COUNT(*) AS tp_count FROM `chat_log` WHERE  `fromid` = 12364  AND `toid` = 6560  AND `is_read` = 0 LIMIT 1 [ RunTime:0.000753s ]
[ sql ] [ SQL ] SELECT COUNT(*) AS tp_count FROM `chat_log` WHERE  `fromid` = 12404  AND `toid` = 6560  AND `is_read` = 0 LIMIT 1 [ RunTime:0.000251s ]
[ sql ] [ SQL ] SELECT COUNT(*) AS tp_count FROM `chat_log` WHERE  `fromid` = 12433  AND `toid` = 6560  AND `is_read` = 0 LIMIT 1 [ RunTime:0.000853s ]
[ sql ] [ SQL ] SELECT COUNT(*) AS tp_count FROM `chat_log` WHERE  `fromid` = 12520  AND `toid` = 6560  AND `is_read` = 0 LIMIT 1 [ RunTime:0.000778s ]
[ sql ] [ SQL ] SELECT COUNT(*) AS tp_count FROM `chat_log` WHERE  `fromid` = 12552  AND `toid` = 6560  AND `is_read` = 0 LIMIT 1 [ RunTime:0.000240s ]
[ sql ] [ SQL ] SELECT COUNT(*) AS tp_count FROM `chat_log` WHERE  `fromid` = 12596  AND `toid` = 6560  AND `is_read` = 0 LIMIT 1 [ RunTime:0.000800s ]
[ sql ] [ SQL ] SELECT COUNT(*) AS tp_count FROM `chat_log` WHERE  `fromid` = 12613  AND `toid` = 6560  AND `is_read` = 0 LIMIT 1 [ RunTime:0.000256s ]
[ sql ] [ SQL ] SELECT COUNT(*) AS tp_count FROM `chat_log` WHERE  `fromid` = 12620  AND `toid` = 6560  AND `is_read` = 0 LIMIT 1 [ RunTime:0.000814s ]
[ sql ] [ SQL ] SELECT COUNT(*) AS tp_count FROM `chat_log` WHERE  `fromid` = 12646  AND `toid` = 6560  AND `is_read` = 0 LIMIT 1 [ RunTime:0.000819s ]
[ sql ] [ SQL ] SELECT COUNT(*) AS tp_count FROM `chat_log` WHERE  `fromid` = 12678  AND `toid` = 6560  AND `is_read` = 0 LIMIT 1 [ RunTime:0.000258s ]
[ sql ] [ SQL ] SELECT COUNT(*) AS tp_count FROM `chat_log` WHERE  `fromid` = 12702  AND `toid` = 6560  AND `is_read` = 0 LIMIT 1 [ RunTime:0.000784s ]
[ sql ] [ SQL ] SELECT COUNT(*) AS tp_count FROM `chat_log` WHERE  `fromid` = 13176  AND `toid` = 6560  AND `is_read` = 0 LIMIT 1 [ RunTime:0.001303s ]
[ sql ] [ SQL ] SELECT COUNT(*) AS tp_count FROM `chat_log` WHERE  `fromid` = 13894  AND `toid` = 6560  AND `is_read` = 0 LIMIT 1 [ RunTime:0.000838s ]
[ sql ] [ SQL ] SELECT COUNT(*) AS tp_count FROM `chat_log` WHERE  `fromid` = 14257  AND `toid` = 6560  AND `is_read` = 0 LIMIT 1 [ RunTime:0.001231s ]
[ sql ] [ SQL ] SELECT COUNT(*) AS tp_count FROM `chat_log` WHERE  `fromid` = 14497  AND `toid` = 6560  AND `is_read` = 0 LIMIT 1 [ RunTime:0.000271s ]
[ sql ] [ SQL ] SELECT COUNT(*) AS tp_count FROM `chat_log` WHERE  `fromid` = 14525  AND `toid` = 6560  AND `is_read` = 0 LIMIT 1 [ RunTime:0.000266s ]
[ sql ] [ SQL ] SELECT COUNT(*) AS tp_count FROM `chat_log` WHERE  `fromid` = 14526  AND `toid` = 6560  AND `is_read` = 0 LIMIT 1 [ RunTime:0.000249s ]
[ sql ] [ SQL ] SELECT COUNT(*) AS tp_count FROM `chat_log` WHERE  `fromid` = 14535  AND `toid` = 6560  AND `is_read` = 0 LIMIT 1 [ RunTime:0.000242s ]
[ sql ] [ SQL ] SELECT COUNT(*) AS tp_count FROM `chat_log` WHERE  `fromid` = 14536  AND `toid` = 6560  AND `is_read` = 0 LIMIT 1 [ RunTime:0.000249s ]
[ sql ] [ SQL ] SELECT COUNT(*) AS tp_count FROM `chat_log` WHERE  `fromid` = 14539  AND `toid` = 6560  AND `is_read` = 0 LIMIT 1 [ RunTime:0.000242s ]
[ sql ] [ SQL ] SELECT COUNT(*) AS tp_count FROM `chat_log` WHERE  `fromid` = 14540  AND `toid` = 6560  AND `is_read` = 0 LIMIT 1 [ RunTime:0.000254s ]
[ sql ] [ SQL ] SELECT COUNT(*) AS tp_count FROM `chat_log` WHERE  `fromid` = 14546  AND `toid` = 6560  AND `is_read` = 0 LIMIT 1 [ RunTime:0.000238s ]
[ sql ] [ SQL ] SELECT COUNT(*) AS tp_count FROM `chat_log` WHERE  `fromid` = 14547  AND `toid` = 6560  AND `is_read` = 0 LIMIT 1 [ RunTime:0.000297s ]
[ sql ] [ SQL ] SELECT COUNT(*) AS tp_count FROM `chat_log` WHERE  `fromid` = 14554  AND `toid` = 6560  AND `is_read` = 0 LIMIT 1 [ RunTime:0.000249s ]
[ sql ] [ SQL ] SELECT COUNT(*) AS tp_count FROM `chat_log` WHERE  `fromid` = 14557  AND `toid` = 6560  AND `is_read` = 0 LIMIT 1 [ RunTime:0.000236s ]
[ sql ] [ SQL ] SELECT COUNT(*) AS tp_count FROM `chat_log` WHERE  `fromid` = 14558  AND `toid` = 6560  AND `is_read` = 0 LIMIT 1 [ RunTime:0.000254s ]
[ sql ] [ SQL ] SELECT COUNT(*) AS tp_count FROM `chat_log` WHERE  `fromid` = 14560  AND `toid` = 6560  AND `is_read` = 0 LIMIT 1 [ RunTime:0.000242s ]
[ sql ] [ SQL ] SELECT COUNT(*) AS tp_count FROM `chat_log` WHERE  `fromid` = 14561  AND `toid` = 6560  AND `is_read` = 0 LIMIT 1 [ RunTime:0.000243s ]
[ sql ] [ SQL ] SELECT COUNT(*) AS tp_count FROM `chat_log` WHERE  `fromid` = 14568  AND `toid` = 6560  AND `is_read` = 0 LIMIT 1 [ RunTime:0.000258s ]
[ sql ] [ SQL ] SELECT COUNT(*) AS tp_count FROM `chat_log` WHERE  `fromid` = 14571  AND `toid` = 6560  AND `is_read` = 0 LIMIT 1 [ RunTime:0.000233s ]
[ sql ] [ SQL ] SELECT COUNT(*) AS tp_count FROM `chat_log` WHERE  `fromid` = 14576  AND `toid` = 6560  AND `is_read` = 0 LIMIT 1 [ RunTime:0.001352s ]
[ sql ] [ SQL ] SELECT COUNT(*) AS tp_count FROM `chat_log` WHERE  `fromid` = 14584  AND `toid` = 6560  AND `is_read` = 0 LIMIT 1 [ RunTime:0.000258s ]
---------------------------------------------------------------
[ 2020-01-25T22:00:48+08:00 ] 171.9.171.212 GET /index/chat/chat/pals_id/14576
[ sql ] [ DB ] CONNECT:[ UseTime:0.000636s ] mysql:host=127.0.0.1;port=3306;dbname=henimeet;charset=utf8
[ sql ] [ SQL ] SHOW COLUMNS FROM `wy_users` [ RunTime:0.001037s ]
[ sql ] [ SQL ] SELECT * FROM `wy_users` WHERE  `user_id` = 6560 LIMIT 1 [ RunTime:0.000475s ]
[ sql ] [ SQL ] SHOW COLUMNS FROM `chat_log` [ RunTime:0.000546s ]
[ sql ] [ SQL ] SELECT COUNT(*) AS tp_count FROM `chat_log` WHERE  `toid` = 6560  AND `is_read` = 0 LIMIT 1 [ RunTime:0.000207s ]
[ sql ] [ SQL ] SELECT * FROM `wy_users` WHERE  `user_id` = 6560 LIMIT 1 [ RunTime:0.000303s ]
[ sql ] [ SQL ] SHOW COLUMNS FROM `wy_online` [ RunTime:0.000495s ]
[ sql ] [ SQL ] SELECT * FROM `wy_online` WHERE  `user_id` = 6560 LIMIT 1 [ RunTime:0.000202s ]
[ sql ] [ SQL ] UPDATE `wy_online`  SET `user_id`=6560,`user_name`='yyia',`user_sex`=0,`user_ico`='http://www.pauzzz.com/uploadfiles/avatar/20200111/1578712209297_162.jpg',`active_time`=1579960848,`hidden`=0  WHERE  `user_id` = 6560 [ RunTime:0.000288s ]
[ sql ] [ SQL ] SELECT `user_id`,`user_name`,`user_ico` FROM `wy_users` WHERE  `user_id` = 14576 LIMIT 1 [ RunTime:0.000249s ]
---------------------------------------------------------------
[ 2020-01-25T22:07:01+08:00 ] 171.10.170.176 GET /index/main/index.html
[ sql ] [ DB ] CONNECT:[ UseTime:0.000624s ] mysql:host=127.0.0.1;port=3306;dbname=henimeet;charset=utf8
[ sql ] [ SQL ] SHOW COLUMNS FROM `wy_users` [ RunTime:0.001030s ]
[ sql ] [ SQL ] SELECT * FROM `wy_users` WHERE  `user_id` = 704 LIMIT 1 [ RunTime:0.000590s ]
[ sql ] [ SQL ] SHOW COLUMNS FROM `chat_log` [ RunTime:0.000544s ]
[ sql ] [ SQL ] SELECT COUNT(*) AS tp_count FROM `chat_log` WHERE  `toid` = 704  AND `is_read` = 0 LIMIT 1 [ RunTime:0.003610s ]
[ sql ] [ SQL ] SELECT * FROM `wy_users` WHERE  `user_id` = 704 LIMIT 1 [ RunTime:0.000288s ]
[ sql ] [ SQL ] SHOW COLUMNS FROM `wy_online` [ RunTime:0.000540s ]
[ sql ] [ SQL ] SELECT * FROM `wy_online` WHERE  `user_id` = 704 LIMIT 1 [ RunTime:0.000246s ]
[ sql ] [ SQL ] UPDATE `wy_online`  SET `user_id`=704,`user_name`='PAUZZZ',`user_sex`=0,`user_ico`='http://www.pauzzz.com/uploadfiles/avatar/20190910/1568096892927_162.jpg',`active_time`=1579961221,`hidden`=0  WHERE  `user_id` = 704 [ RunTime:0.000348s ]
---------------------------------------------------------------
[ 2020-01-25T22:07:01+08:00 ] 171.10.170.176 GET /index/main/query/page/1.html
[ sql ] [ DB ] CONNECT:[ UseTime:0.000580s ] mysql:host=127.0.0.1;port=3306;dbname=henimeet;charset=utf8
[ sql ] [ SQL ] SHOW COLUMNS FROM `wy_users` [ RunTime:0.001026s ]
[ sql ] [ SQL ] SELECT * FROM `wy_users` WHERE  `user_id` = 704 LIMIT 1 [ RunTime:0.000434s ]
[ sql ] [ SQL ] SHOW COLUMNS FROM `chat_log` [ RunTime:0.000568s ]
[ sql ] [ SQL ] SELECT COUNT(*) AS tp_count FROM `chat_log` WHERE  `toid` = 704  AND `is_read` = 0 LIMIT 1 [ RunTime:0.000207s ]
[ sql ] [ SQL ] SELECT * FROM `wy_users` WHERE  `user_id` = 704 LIMIT 1 [ RunTime:0.000271s ]
[ sql ] [ SQL ] SHOW COLUMNS FROM `wy_online` [ RunTime:0.000541s ]
[ sql ] [ SQL ] SELECT * FROM `wy_online` WHERE  `user_id` = 704 LIMIT 1 [ RunTime:0.000283s ]
[ sql ] [ SQL ] UPDATE `wy_online`  SET `user_id`=704,`user_name`='PAUZZZ',`user_sex`=0,`user_ico`='http://www.pauzzz.com/uploadfiles/avatar/20190910/1568096892927_162.jpg',`active_time`=1579961221,`hidden`=0  WHERE  `user_id` = 704 [ RunTime:0.000257s ]
[ sql ] [ SQL ] SELECT COUNT(*) AS tp_count FROM `wy_users` WHERE  `user_sex` <> 0  AND `is_pass` <> 0 LIMIT 1 [ RunTime:0.000194s ]
[ sql ] [ SQL ] SELECT `u`.`user_name`,`u`.`user_ico`,`u`.`user_sex`,`u`.`user_group`,`u`.`user_id`,`o`.`online_id` FROM `wy_users` `u` LEFT JOIN `wy_online` `o` ON `u`.`user_id`=`o`.`user_id` WHERE  (  u.user_sex != '0' and u.is_pass!='0' ) ORDER BY u.is_service desc, o.active_time desc LIMIT 0,16 [ RunTime:0.020713s ]
---------------------------------------------------------------
[ 2020-01-25T22:38:05+08:00 ] 171.10.170.176 GET /index/main/index.html
[ sql ] [ DB ] CONNECT:[ UseTime:0.000646s ] mysql:host=127.0.0.1;port=3306;dbname=henimeet;charset=utf8
[ sql ] [ SQL ] SHOW COLUMNS FROM `wy_users` [ RunTime:0.001036s ]
[ sql ] [ SQL ] SELECT * FROM `wy_users` WHERE  `user_id` = 704 LIMIT 1 [ RunTime:0.000466s ]
[ sql ] [ SQL ] SHOW COLUMNS FROM `chat_log` [ RunTime:0.000575s ]
[ sql ] [ SQL ] SELECT COUNT(*) AS tp_count FROM `chat_log` WHERE  `toid` = 704  AND `is_read` = 0 LIMIT 1 [ RunTime:0.000215s ]
[ sql ] [ SQL ] SELECT * FROM `wy_users` WHERE  `user_id` = 704 LIMIT 1 [ RunTime:0.000309s ]
[ sql ] [ SQL ] SHOW COLUMNS FROM `wy_online` [ RunTime:0.000517s ]
[ sql ] [ SQL ] SELECT * FROM `wy_online` WHERE  `user_id` = 704 LIMIT 1 [ RunTime:0.000190s ]
[ sql ] [ SQL ] UPDATE `wy_online`  SET `user_id`=704,`user_name`='PAUZZZ',`user_sex`=0,`user_ico`='http://www.pauzzz.com/uploadfiles/avatar/20190910/1568096892927_162.jpg',`active_time`=1579963085,`hidden`=0  WHERE  `user_id` = 704 [ RunTime:0.000458s ]
---------------------------------------------------------------
[ 2020-01-25T22:38:05+08:00 ] 171.10.170.176 GET /index/main/query/page/1.html
[ sql ] [ DB ] CONNECT:[ UseTime:0.000601s ] mysql:host=127.0.0.1;port=3306;dbname=henimeet;charset=utf8
[ sql ] [ SQL ] SHOW COLUMNS FROM `wy_users` [ RunTime:0.001005s ]
[ sql ] [ SQL ] SELECT * FROM `wy_users` WHERE  `user_id` = 704 LIMIT 1 [ RunTime:0.000431s ]
[ sql ] [ SQL ] SHOW COLUMNS FROM `chat_log` [ RunTime:0.000534s ]
[ sql ] [ SQL ] SELECT COUNT(*) AS tp_count FROM `chat_log` WHERE  `toid` = 704  AND `is_read` = 0 LIMIT 1 [ RunTime:0.000208s ]
[ sql ] [ SQL ] SELECT * FROM `wy_users` WHERE  `user_id` = 704 LIMIT 1 [ RunTime:0.000282s ]
[ sql ] [ SQL ] SHOW COLUMNS FROM `wy_online` [ RunTime:0.000521s ]
[ sql ] [ SQL ] SELECT * FROM `wy_online` WHERE  `user_id` = 704 LIMIT 1 [ RunTime:0.000408s ]
[ sql ] [ SQL ] UPDATE `wy_online`  SET `user_id`=704,`user_name`='PAUZZZ',`user_sex`=0,`user_ico`='http://www.pauzzz.com/uploadfiles/avatar/20190910/1568096892927_162.jpg',`active_time`=1579963085,`hidden`=0  WHERE  `user_id` = 704 [ RunTime:0.000263s ]
[ sql ] [ SQL ] SELECT COUNT(*) AS tp_count FROM `wy_users` WHERE  `user_sex` <> 0  AND `is_pass` <> 0 LIMIT 1 [ RunTime:0.000185s ]
[ sql ] [ SQL ] SELECT `u`.`user_name`,`u`.`user_ico`,`u`.`user_sex`,`u`.`user_group`,`u`.`user_id`,`o`.`online_id` FROM `wy_users` `u` LEFT JOIN `wy_online` `o` ON `u`.`user_id`=`o`.`user_id` WHERE  (  u.user_sex != '0' and u.is_pass!='0' ) ORDER BY u.is_service desc, o.active_time desc LIMIT 0,16 [ RunTime:0.020408s ]
---------------------------------------------------------------
[ 2020-01-25T22:38:10+08:00 ] 171.10.170.176 GET /index/user/index.html
[ sql ] [ DB ] CONNECT:[ UseTime:0.000618s ] mysql:host=127.0.0.1;port=3306;dbname=henimeet;charset=utf8
[ sql ] [ SQL ] SHOW COLUMNS FROM `wy_users` [ RunTime:0.001013s ]
[ sql ] [ SQL ] SELECT * FROM `wy_users` WHERE  `user_id` = 704 LIMIT 1 [ RunTime:0.000423s ]
[ sql ] [ SQL ] SHOW COLUMNS FROM `chat_log` [ RunTime:0.000551s ]
[ sql ] [ SQL ] SELECT COUNT(*) AS tp_count FROM `chat_log` WHERE  `toid` = 704  AND `is_read` = 0 LIMIT 1 [ RunTime:0.000193s ]
[ sql ] [ SQL ] SELECT * FROM `wy_users` WHERE  `user_id` = 704 LIMIT 1 [ RunTime:0.000268s ]
[ sql ] [ SQL ] SHOW COLUMNS FROM `wy_online` [ RunTime:0.000504s ]
[ sql ] [ SQL ] SELECT * FROM `wy_online` WHERE  `user_id` = 704 LIMIT 1 [ RunTime:0.000184s ]
[ sql ] [ SQL ] UPDATE `wy_online`  SET `user_id`=704,`user_name`='PAUZZZ',`user_sex`=0,`user_ico`='http://www.pauzzz.com/uploadfiles/avatar/20190910/1568096892927_162.jpg',`active_time`=1579963090,`hidden`=0  WHERE  `user_id` = 704 [ RunTime:0.000463s ]
[ sql ] [ SQL ] SELECT * FROM `wy_users` WHERE  `user_id` = 704 LIMIT 1 [ RunTime:0.000396s ]
---------------------------------------------------------------
[ 2020-01-25T22:38:11+08:00 ] 171.10.170.176 GET /index/set/index.html
[ sql ] [ DB ] CONNECT:[ UseTime:0.000602s ] mysql:host=127.0.0.1;port=3306;dbname=henimeet;charset=utf8
[ sql ] [ SQL ] SHOW COLUMNS FROM `wy_users` [ RunTime:0.001028s ]
[ sql ] [ SQL ] SELECT * FROM `wy_users` WHERE  `user_id` = 704 LIMIT 1 [ RunTime:0.000481s ]
[ sql ] [ SQL ] SHOW COLUMNS FROM `chat_log` [ RunTime:0.000597s ]
[ sql ] [ SQL ] SELECT COUNT(*) AS tp_count FROM `chat_log` WHERE  `toid` = 704  AND `is_read` = 0 LIMIT 1 [ RunTime:0.000212s ]
[ sql ] [ SQL ] SELECT * FROM `wy_users` WHERE  `user_id` = 704 LIMIT 1 [ RunTime:0.000288s ]
[ sql ] [ SQL ] SHOW COLUMNS FROM `wy_online` [ RunTime:0.000535s ]
[ sql ] [ SQL ] SELECT * FROM `wy_online` WHERE  `user_id` = 704 LIMIT 1 [ RunTime:0.000286s ]
[ sql ] [ SQL ] UPDATE `wy_online`  SET `user_id`=704,`user_name`='PAUZZZ',`user_sex`=0,`user_ico`='http://www.pauzzz.com/uploadfiles/avatar/20190910/1568096892927_162.jpg',`active_time`=1579963091,`hidden`=0  WHERE  `user_id` = 704 [ RunTime:0.000296s ]
---------------------------------------------------------------
[ 2020-01-25T22:38:14+08:00 ] 171.10.170.176 GET /index/index/logout.html
[ sql ] [ DB ] CONNECT:[ UseTime:0.000618s ] mysql:host=127.0.0.1;port=3306;dbname=henimeet;charset=utf8
[ sql ] [ SQL ] SHOW COLUMNS FROM `wy_online` [ RunTime:0.000748s ]
[ sql ] [ SQL ] DELETE FROM `wy_online`    WHERE  `user_id` = 704 [ RunTime:0.000304s ]
---------------------------------------------------------------
[ 2020-01-25T22:38:26+08:00 ] 171.10.170.176 POST /index/index/login.html
[ sql ] [ DB ] CONNECT:[ UseTime:0.000633s ] mysql:host=127.0.0.1;port=3306;dbname=henimeet;charset=utf8
[ sql ] [ SQL ] SHOW COLUMNS FROM `wy_users` [ RunTime:0.001864s ]
[ sql ] [ SQL ] SELECT `is_pass`,`user_id`,`user_email`,`user_name`,`user_pws`,`user_sex`,`user_ico` FROM `wy_users` WHERE  (  user_name='jingjing' or user_email='jingjing' ) LIMIT 1 [ RunTime:0.000698s ]
[ sql ] [ SQL ] SELECT * FROM `wy_users` WHERE  `user_id` = 697 LIMIT 1 [ RunTime:0.000482s ]
[ sql ] [ SQL ] SHOW COLUMNS FROM `wy_online` [ RunTime:0.000533s ]
[ sql ] [ SQL ] SELECT * FROM `wy_online` WHERE  `user_id` = 697 LIMIT 1 [ RunTime:0.000240s ]
[ sql ] [ SQL ] INSERT INTO `wy_online` (`user_id` , `user_name` , `user_sex` , `user_ico` , `active_time`) VALUES (697 , 'jingjing' , 0 , 'http://www.pauzzz.com/uploadfiles/avatar/20191025/1571968321766_162.jpg' , 1579963106) [ RunTime:0.000248s ]
[ sql ] [ SQL ] SHOW COLUMNS FROM `chat_users` [ RunTime:0.000484s ]
[ sql ] [ SQL ] UPDATE `chat_users`  SET `line_status`=1,`app_online`=1  WHERE  `uid` = 697 [ RunTime:0.000244s ]
[ sql ] [ SQL ] UPDATE `wy_users`  SET `lastlogin_datetime`='2020-01-25 22:38:26',`login_ip`='171.10.170.176'  WHERE  `user_id` = 697 [ RunTime:0.000872s ]
---------------------------------------------------------------
[ 2020-01-25T22:38:35+08:00 ] 171.10.170.176 GET /index/home/index/uid/14576
[ sql ] [ DB ] CONNECT:[ UseTime:0.000601s ] mysql:host=127.0.0.1;port=3306;dbname=henimeet;charset=utf8
[ sql ] [ SQL ] SHOW COLUMNS FROM `wy_users` [ RunTime:0.001013s ]
[ sql ] [ SQL ] SELECT * FROM `wy_users` WHERE  `user_id` = 697 LIMIT 1 [ RunTime:0.000582s ]
[ sql ] [ SQL ] SHOW COLUMNS FROM `chat_log` [ RunTime:0.000556s ]
[ sql ] [ SQL ] SELECT COUNT(*) AS tp_count FROM `chat_log` WHERE  `toid` = 697  AND `is_read` = 0 LIMIT 1 [ RunTime:0.001018s ]
[ sql ] [ SQL ] SELECT * FROM `wy_users` WHERE  `user_id` = 697 LIMIT 1 [ RunTime:0.000298s ]
[ sql ] [ SQL ] SHOW COLUMNS FROM `wy_online` [ RunTime:0.000508s ]
[ sql ] [ SQL ] SELECT * FROM `wy_online` WHERE  `user_id` = 697 LIMIT 1 [ RunTime:0.000255s ]
[ sql ] [ SQL ] UPDATE `wy_online`  SET `user_id`=697,`user_name`='jingjing',`user_sex`=0,`user_ico`='http://www.pauzzz.com/uploadfiles/avatar/20191025/1571968321766_162.jpg',`active_time`=1579963115,`hidden`=0  WHERE  `user_id` = 697 [ RunTime:0.000366s ]
[ sql ] [ SQL ] SELECT `user_id`,`user_name`,`user_sex`,`user_ico`,`birth_year`,`birth_month`,`birth_day`,`country`,`waimao`,`sexual`,`height`,`weight`,`income`,`gerenjieshao` FROM `wy_users` WHERE  `user_id` = 14576 LIMIT 1 [ RunTime:0.000266s ]
[ sql ] [ SQL ] SHOW COLUMNS FROM `wy_album` [ RunTime:0.000511s ]
[ sql ] [ SQL ] SELECT * FROM `wy_album` WHERE  `user_id` = 14576 ORDER BY `add_time` [ RunTime:0.000185s ]
---------------------------------------------------------------
[ 2020-01-25T22:38:35+08:00 ] 171.10.170.176 GET /index/home/mood/uid/14576/page/1
[ sql ] [ DB ] CONNECT:[ UseTime:0.000703s ] mysql:host=127.0.0.1;port=3306;dbname=henimeet;charset=utf8
[ sql ] [ SQL ] SHOW COLUMNS FROM `wy_users` [ RunTime:0.001391s ]
[ sql ] [ SQL ] SELECT * FROM `wy_users` WHERE  `user_id` = 697 LIMIT 1 [ RunTime:0.000444s ]
[ sql ] [ SQL ] SHOW COLUMNS FROM `chat_log` [ RunTime:0.000545s ]
[ sql ] [ SQL ] SELECT COUNT(*) AS tp_count FROM `chat_log` WHERE  `toid` = 697  AND `is_read` = 0 LIMIT 1 [ RunTime:0.000195s ]
[ sql ] [ SQL ] SELECT * FROM `wy_users` WHERE  `user_id` = 697 LIMIT 1 [ RunTime:0.000265s ]
[ sql ] [ SQL ] SHOW COLUMNS FROM `wy_online` [ RunTime:0.000502s ]
[ sql ] [ SQL ] SELECT * FROM `wy_online` WHERE  `user_id` = 697 LIMIT 1 [ RunTime:0.000285s ]
[ sql ] [ SQL ] UPDATE `wy_online`  SET `user_id`=697,`user_name`='jingjing',`user_sex`=0,`user_ico`='http://www.pauzzz.com/uploadfiles/avatar/20191025/1571968321766_162.jpg',`active_time`=1579963115,`hidden`=0  WHERE  `user_id` = 697 [ RunTime:0.000261s ]
[ sql ] [ SQL ] SHOW COLUMNS FROM `wy_recent_affair` [ RunTime:0.000497s ]
[ sql ] [ SQL ] SELECT COUNT(*) AS tp_count FROM `wy_recent_affair` WHERE  `user_id` = 14576 LIMIT 1 [ RunTime:0.000242s ]
[ sql ] [ SQL ] SELECT * FROM `wy_recent_affair` WHERE  `user_id` = 14576 ORDER BY id desc LIMIT 0,5 [ RunTime:0.000260s ]
---------------------------------------------------------------
[ 2020-01-25T22:38:37+08:00 ] 171.10.170.176 GET /index/main/addFriend?uid=14576
[ sql ] [ DB ] CONNECT:[ UseTime:0.000596s ] mysql:host=127.0.0.1;port=3306;dbname=henimeet;charset=utf8
[ sql ] [ SQL ] SHOW COLUMNS FROM `wy_users` [ RunTime:0.001003s ]
[ sql ] [ SQL ] SELECT * FROM `wy_users` WHERE  `user_id` = 697 LIMIT 1 [ RunTime:0.000426s ]
[ sql ] [ SQL ] SHOW COLUMNS FROM `chat_log` [ RunTime:0.000555s ]
[ sql ] [ SQL ] SELECT COUNT(*) AS tp_count FROM `chat_log` WHERE  `toid` = 697  AND `is_read` = 0 LIMIT 1 [ RunTime:0.000207s ]
[ sql ] [ SQL ] SELECT * FROM `wy_users` WHERE  `user_id` = 697 LIMIT 1 [ RunTime:0.000289s ]
[ sql ] [ SQL ] SHOW COLUMNS FROM `wy_online` [ RunTime:0.000508s ]
[ sql ] [ SQL ] SELECT * FROM `wy_online` WHERE  `user_id` = 697 LIMIT 1 [ RunTime:0.000185s ]
[ sql ] [ SQL ] UPDATE `wy_online`  SET `user_id`=697,`user_name`='jingjing',`user_sex`=0,`user_ico`='http://www.pauzzz.com/uploadfiles/avatar/20191025/1571968321766_162.jpg',`active_time`=1579963117,`hidden`=0  WHERE  `user_id` = 697 [ RunTime:0.000422s ]
[ sql ] [ SQL ] SHOW COLUMNS FROM `wy_pals_mine` [ RunTime:0.000509s ]
[ sql ] [ SQL ] SELECT * FROM `wy_pals_mine` WHERE  (  `user_id` = 697  AND `pals_id` = 14576 ) OR (  `pals_id` = 697  AND `user_id` = 14576 ) LIMIT 1 [ RunTime:0.000457s ]
[ sql ] [ SQL ] SELECT `user_id`,`user_name`,`user_sex`,`user_ico` FROM `wy_users` WHERE  `user_id` = 14576 LIMIT 1 [ RunTime:0.000248s ]
[ sql ] [ SQL ] INSERT INTO `wy_pals_mine` (`user_id` , `pals_id` , `pals_name` , `pals_sex` , `pals_ico` , `add_time` , `active_time`) VALUES (697 , 14576 , 'bren' , 1 , 'uploadfiles/avatar/20200116/1579166680408_162.jpg' , '2020-01-25 22:38:37' , '2020-01-25 22:38:37') [ RunTime:0.000546s ]
---------------------------------------------------------------
[ 2020-01-25T22:38:39+08:00 ] 171.10.170.176 GET /index/chat/chat/pals_id/14576.html
[ sql ] [ DB ] CONNECT:[ UseTime:0.000604s ] mysql:host=127.0.0.1;port=3306;dbname=henimeet;charset=utf8
[ sql ] [ SQL ] SHOW COLUMNS FROM `wy_users` [ RunTime:0.001033s ]
[ sql ] [ SQL ] SELECT * FROM `wy_users` WHERE  `user_id` = 697 LIMIT 1 [ RunTime:0.000441s ]
[ sql ] [ SQL ] SHOW COLUMNS FROM `chat_log` [ RunTime:0.000543s ]
[ sql ] [ SQL ] SELECT COUNT(*) AS tp_count FROM `chat_log` WHERE  `toid` = 697  AND `is_read` = 0 LIMIT 1 [ RunTime:0.000210s ]
[ sql ] [ SQL ] SELECT * FROM `wy_users` WHERE  `user_id` = 697 LIMIT 1 [ RunTime:0.000274s ]
[ sql ] [ SQL ] SHOW COLUMNS FROM `wy_online` [ RunTime:0.000512s ]
[ sql ] [ SQL ] SELECT * FROM `wy_online` WHERE  `user_id` = 697 LIMIT 1 [ RunTime:0.000274s ]
[ sql ] [ SQL ] UPDATE `wy_online`  SET `user_id`=697,`user_name`='jingjing',`user_sex`=0,`user_ico`='http://www.pauzzz.com/uploadfiles/avatar/20191025/1571968321766_162.jpg',`active_time`=1579963119,`hidden`=0  WHERE  `user_id` = 697 [ RunTime:0.000419s ]
[ sql ] [ SQL ] SELECT `user_id`,`user_name`,`user_ico` FROM `wy_users` WHERE  `user_id` = 14576 LIMIT 1 [ RunTime:0.000319s ]
---------------------------------------------------------------
[ 2020-01-25T22:38:42+08:00 ] 171.10.170.176 GET /index/chat/chat_log.html?pals_id=14576
[ sql ] [ DB ] CONNECT:[ UseTime:0.000689s ] mysql:host=127.0.0.1;port=3306;dbname=henimeet;charset=utf8
[ sql ] [ SQL ] SHOW COLUMNS FROM `wy_users` [ RunTime:0.001021s ]
[ sql ] [ SQL ] SELECT * FROM `wy_users` WHERE  `user_id` = 697 LIMIT 1 [ RunTime:0.000465s ]
[ sql ] [ SQL ] SHOW COLUMNS FROM `chat_log` [ RunTime:0.000549s ]
[ sql ] [ SQL ] SELECT COUNT(*) AS tp_count FROM `chat_log` WHERE  `toid` = 697  AND `is_read` = 0 LIMIT 1 [ RunTime:0.000201s ]
[ sql ] [ SQL ] SELECT * FROM `wy_users` WHERE  `user_id` = 697 LIMIT 1 [ RunTime:0.000300s ]
[ sql ] [ SQL ] SHOW COLUMNS FROM `wy_online` [ RunTime:0.000494s ]
[ sql ] [ SQL ] SELECT * FROM `wy_online` WHERE  `user_id` = 697 LIMIT 1 [ RunTime:0.000287s ]
[ sql ] [ SQL ] UPDATE `wy_online`  SET `user_id`=697,`user_name`='jingjing',`user_sex`=0,`user_ico`='http://www.pauzzz.com/uploadfiles/avatar/20191025/1571968321766_162.jpg',`active_time`=1579963122,`hidden`=0  WHERE  `user_id` = 697 [ RunTime:0.000399s ]
[ sql ] [ SQL ] SELECT * FROM `chat_log` WHERE  (   (fromid='697' and toid='14576') or (fromid='14576' and toid='697')  ) ORDER BY timeline desc [ RunTime:0.001333s ]
[ sql ] [ SQL ] SELECT * FROM `wy_users` WHERE  `user_id` = 697 LIMIT 1 [ RunTime:0.000407s ]
[ sql ] [ SQL ] SELECT * FROM `wy_users` WHERE  `user_id` = 697 LIMIT 1 [ RunTime:0.000270s ]
---------------------------------------------------------------
[ 2020-01-25T22:38:53+08:00 ] 171.10.170.176 GET /index/home/index/uid/14576
[ sql ] [ DB ] CONNECT:[ UseTime:0.000608s ] mysql:host=127.0.0.1;port=3306;dbname=henimeet;charset=utf8
[ sql ] [ SQL ] SHOW COLUMNS FROM `wy_users` [ RunTime:0.001056s ]
[ sql ] [ SQL ] SELECT * FROM `wy_users` WHERE  `user_id` = 697 LIMIT 1 [ RunTime:0.000436s ]
[ sql ] [ SQL ] SHOW COLUMNS FROM `chat_log` [ RunTime:0.000561s ]
[ sql ] [ SQL ] SELECT COUNT(*) AS tp_count FROM `chat_log` WHERE  `toid` = 697  AND `is_read` = 0 LIMIT 1 [ RunTime:0.000192s ]
[ sql ] [ SQL ] SELECT * FROM `wy_users` WHERE  `user_id` = 697 LIMIT 1 [ RunTime:0.000280s ]
[ sql ] [ SQL ] SHOW COLUMNS FROM `wy_online` [ RunTime:0.000536s ]
[ sql ] [ SQL ] SELECT * FROM `wy_online` WHERE  `user_id` = 697 LIMIT 1 [ RunTime:0.000280s ]
[ sql ] [ SQL ] UPDATE `wy_online`  SET `user_id`=697,`user_name`='jingjing',`user_sex`=0,`user_ico`='http://www.pauzzz.com/uploadfiles/avatar/20191025/1571968321766_162.jpg',`active_time`=1579963133,`hidden`=0  WHERE  `user_id` = 697 [ RunTime:0.000427s ]
[ sql ] [ SQL ] SELECT `user_id`,`user_name`,`user_sex`,`user_ico`,`birth_year`,`birth_month`,`birth_day`,`country`,`waimao`,`sexual`,`height`,`weight`,`income`,`gerenjieshao` FROM `wy_users` WHERE  `user_id` = 14576 LIMIT 1 [ RunTime:0.000205s ]
[ sql ] [ SQL ] SHOW COLUMNS FROM `wy_album` [ RunTime:0.000498s ]
[ sql ] [ SQL ] SELECT * FROM `wy_album` WHERE  `user_id` = 14576 ORDER BY `add_time` [ RunTime:0.000213s ]
---------------------------------------------------------------
[ 2020-01-25T22:38:53+08:00 ] 171.10.170.176 GET /index/home/mood/uid/14576/page/1
[ sql ] [ DB ] CONNECT:[ UseTime:0.000716s ] mysql:host=127.0.0.1;port=3306;dbname=henimeet;charset=utf8
[ sql ] [ SQL ] SHOW COLUMNS FROM `wy_users` [ RunTime:0.001413s ]
[ sql ] [ SQL ] SELECT * FROM `wy_users` WHERE  `user_id` = 697 LIMIT 1 [ RunTime:0.000595s ]
[ sql ] [ SQL ] SHOW COLUMNS FROM `chat_log` [ RunTime:0.000736s ]
[ sql ] [ SQL ] SELECT COUNT(*) AS tp_count FROM `chat_log` WHERE  `toid` = 697  AND `is_read` = 0 LIMIT 1 [ RunTime:0.000241s ]
[ sql ] [ SQL ] SELECT * FROM `wy_users` WHERE  `user_id` = 697 LIMIT 1 [ RunTime:0.000370s ]
[ sql ] [ SQL ] SHOW COLUMNS FROM `wy_online` [ RunTime:0.000688s ]
[ sql ] [ SQL ] SELECT * FROM `wy_online` WHERE  `user_id` = 697 LIMIT 1 [ RunTime:0.000334s ]
[ sql ] [ SQL ] UPDATE `wy_online`  SET `user_id`=697,`user_name`='jingjing',`user_sex`=0,`user_ico`='http://www.pauzzz.com/uploadfiles/avatar/20191025/1571968321766_162.jpg',`active_time`=1579963133,`hidden`=0  WHERE  `user_id` = 697 [ RunTime:0.000318s ]
[ sql ] [ SQL ] SHOW COLUMNS FROM `wy_recent_affair` [ RunTime:0.000530s ]
[ sql ] [ SQL ] SELECT COUNT(*) AS tp_count FROM `wy_recent_affair` WHERE  `user_id` = 14576 LIMIT 1 [ RunTime:0.000168s ]
[ sql ] [ SQL ] SELECT * FROM `wy_recent_affair` WHERE  `user_id` = 14576 ORDER BY id desc LIMIT 0,5 [ RunTime:0.000177s ]
---------------------------------------------------------------
[ 2020-01-25T22:38:54+08:00 ] 171.10.170.176 GET /index/chat/chat/pals_id/14576.html
[ sql ] [ DB ] CONNECT:[ UseTime:0.000615s ] mysql:host=127.0.0.1;port=3306;dbname=henimeet;charset=utf8
[ sql ] [ SQL ] SHOW COLUMNS FROM `wy_users` [ RunTime:0.000985s ]
[ sql ] [ SQL ] SELECT * FROM `wy_users` WHERE  `user_id` = 697 LIMIT 1 [ RunTime:0.000452s ]
[ sql ] [ SQL ] SHOW COLUMNS FROM `chat_log` [ RunTime:0.000556s ]
[ sql ] [ SQL ] SELECT COUNT(*) AS tp_count FROM `chat_log` WHERE  `toid` = 697  AND `is_read` = 0 LIMIT 1 [ RunTime:0.000201s ]
[ sql ] [ SQL ] SELECT * FROM `wy_users` WHERE  `user_id` = 697 LIMIT 1 [ RunTime:0.000286s ]
[ sql ] [ SQL ] SHOW COLUMNS FROM `wy_online` [ RunTime:0.000488s ]
[ sql ] [ SQL ] SELECT * FROM `wy_online` WHERE  `user_id` = 697 LIMIT 1 [ RunTime:0.000186s ]
[ sql ] [ SQL ] UPDATE `wy_online`  SET `user_id`=697,`user_name`='jingjing',`user_sex`=0,`user_ico`='http://www.pauzzz.com/uploadfiles/avatar/20191025/1571968321766_162.jpg',`active_time`=1579963134,`hidden`=0  WHERE  `user_id` = 697 [ RunTime:0.000415s ]
[ sql ] [ SQL ] SELECT `user_id`,`user_name`,`user_ico` FROM `wy_users` WHERE  `user_id` = 14576 LIMIT 1 [ RunTime:0.000186s ]
---------------------------------------------------------------
[ 2020-01-25T22:39:06+08:00 ] 171.10.170.176 GET /index/home/index/uid/7959
[ sql ] [ DB ] CONNECT:[ UseTime:0.000653s ] mysql:host=127.0.0.1;port=3306;dbname=henimeet;charset=utf8
[ sql ] [ SQL ] SHOW COLUMNS FROM `wy_users` [ RunTime:0.001038s ]
[ sql ] [ SQL ] SELECT * FROM `wy_users` WHERE  `user_id` = 697 LIMIT 1 [ RunTime:0.000465s ]
[ sql ] [ SQL ] SHOW COLUMNS FROM `chat_log` [ RunTime:0.000559s ]
[ sql ] [ SQL ] SELECT COUNT(*) AS tp_count FROM `chat_log` WHERE  `toid` = 697  AND `is_read` = 0 LIMIT 1 [ RunTime:0.001053s ]
[ sql ] [ SQL ] SELECT * FROM `wy_users` WHERE  `user_id` = 697 LIMIT 1 [ RunTime:0.000279s ]
[ sql ] [ SQL ] SHOW COLUMNS FROM `wy_online` [ RunTime:0.000523s ]
[ sql ] [ SQL ] SELECT * FROM `wy_online` WHERE  `user_id` = 697 LIMIT 1 [ RunTime:0.000276s ]
[ sql ] [ SQL ] UPDATE `wy_online`  SET `user_id`=697,`user_name`='jingjing',`user_sex`=0,`user_ico`='http://www.pauzzz.com/uploadfiles/avatar/20191025/1571968321766_162.jpg',`active_time`=1579963146,`hidden`=0  WHERE  `user_id` = 697 [ RunTime:0.000400s ]
[ sql ] [ SQL ] SELECT `user_id`,`user_name`,`user_sex`,`user_ico`,`birth_year`,`birth_month`,`birth_day`,`country`,`waimao`,`sexual`,`height`,`weight`,`income`,`gerenjieshao` FROM `wy_users` WHERE  `user_id` = 7959 LIMIT 1 [ RunTime:0.000282s ]
[ sql ] [ SQL ] SHOW COLUMNS FROM `wy_album` [ RunTime:0.000518s ]
[ sql ] [ SQL ] SELECT * FROM `wy_album` WHERE  `user_id` = 7959 ORDER BY `add_time` [ RunTime:0.000185s ]
---------------------------------------------------------------
[ 2020-01-25T22:39:06+08:00 ] 171.10.170.176 GET /index/home/mood/uid/7959/page/1
[ sql ] [ DB ] CONNECT:[ UseTime:0.000681s ] mysql:host=127.0.0.1;port=3306;dbname=henimeet;charset=utf8
[ sql ] [ SQL ] SHOW COLUMNS FROM `wy_users` [ RunTime:0.001032s ]
[ sql ] [ SQL ] SELECT * FROM `wy_users` WHERE  `user_id` = 697 LIMIT 1 [ RunTime:0.000444s ]
[ sql ] [ SQL ] SHOW COLUMNS FROM `chat_log` [ RunTime:0.000563s ]
[ sql ] [ SQL ] SELECT COUNT(*) AS tp_count FROM `chat_log` WHERE  `toid` = 697  AND `is_read` = 0 LIMIT 1 [ RunTime:0.000224s ]
[ sql ] [ SQL ] SELECT * FROM `wy_users` WHERE  `user_id` = 697 LIMIT 1 [ RunTime:0.000368s ]
[ sql ] [ SQL ] SHOW COLUMNS FROM `wy_online` [ RunTime:0.000697s ]
[ sql ] [ SQL ] SELECT * FROM `wy_online` WHERE  `user_id` = 697 LIMIT 1 [ RunTime:0.000359s ]
[ sql ] [ SQL ] UPDATE `wy_online`  SET `user_id`=697,`user_name`='jingjing',`user_sex`=0,`user_ico`='http://www.pauzzz.com/uploadfiles/avatar/20191025/1571968321766_162.jpg',`active_time`=1579963146,`hidden`=0  WHERE  `user_id` = 697 [ RunTime:0.000337s ]
[ sql ] [ SQL ] SHOW COLUMNS FROM `wy_recent_affair` [ RunTime:0.000681s ]
[ sql ] [ SQL ] SELECT COUNT(*) AS tp_count FROM `wy_recent_affair` WHERE  `user_id` = 7959 LIMIT 1 [ RunTime:0.000192s ]
[ sql ] [ SQL ] SELECT * FROM `wy_recent_affair` WHERE  `user_id` = 7959 ORDER BY id desc LIMIT 0,5 [ RunTime:0.000220s ]
---------------------------------------------------------------
[ 2020-01-25T22:39:09+08:00 ] 171.10.170.176 GET /index/chat/chat/pals_id/7959.html
[ sql ] [ DB ] CONNECT:[ UseTime:0.000644s ] mysql:host=127.0.0.1;port=3306;dbname=henimeet;charset=utf8
[ sql ] [ SQL ] SHOW COLUMNS FROM `wy_users` [ RunTime:0.001043s ]
[ sql ] [ SQL ] SELECT * FROM `wy_users` WHERE  `user_id` = 697 LIMIT 1 [ RunTime:0.000442s ]
[ sql ] [ SQL ] SHOW COLUMNS FROM `chat_log` [ RunTime:0.000559s ]
[ sql ] [ SQL ] SELECT COUNT(*) AS tp_count FROM `chat_log` WHERE  `toid` = 697  AND `is_read` = 0 LIMIT 1 [ RunTime:0.000193s ]
[ sql ] [ SQL ] SELECT * FROM `wy_users` WHERE  `user_id` = 697 LIMIT 1 [ RunTime:0.000299s ]
[ sql ] [ SQL ] SHOW COLUMNS FROM `wy_online` [ RunTime:0.000522s ]
[ sql ] [ SQL ] SELECT * FROM `wy_online` WHERE  `user_id` = 697 LIMIT 1 [ RunTime:0.000190s ]
[ sql ] [ SQL ] UPDATE `wy_online`  SET `user_id`=697,`user_name`='jingjing',`user_sex`=0,`user_ico`='http://www.pauzzz.com/uploadfiles/avatar/20191025/1571968321766_162.jpg',`active_time`=1579963149,`hidden`=0  WHERE  `user_id` = 697 [ RunTime:0.000434s ]
[ sql ] [ SQL ] SELECT `user_id`,`user_name`,`user_ico` FROM `wy_users` WHERE  `user_id` = 7959 LIMIT 1 [ RunTime:0.000270s ]
---------------------------------------------------------------
[ 2020-01-25T22:39:17+08:00 ] 171.10.170.176 GET /index/chat/chat_log.html?pals_id=7959
[ sql ] [ DB ] CONNECT:[ UseTime:0.000627s ] mysql:host=127.0.0.1;port=3306;dbname=henimeet;charset=utf8
[ sql ] [ SQL ] SHOW COLUMNS FROM `wy_users` [ RunTime:0.001033s ]
[ sql ] [ SQL ] SELECT * FROM `wy_users` WHERE  `user_id` = 697 LIMIT 1 [ RunTime:0.000426s ]
[ sql ] [ SQL ] SHOW COLUMNS FROM `chat_log` [ RunTime:0.000538s ]
[ sql ] [ SQL ] SELECT COUNT(*) AS tp_count FROM `chat_log` WHERE  `toid` = 697  AND `is_read` = 0 LIMIT 1 [ RunTime:0.001025s ]
[ sql ] [ SQL ] SELECT * FROM `wy_users` WHERE  `user_id` = 697 LIMIT 1 [ RunTime:0.000276s ]
[ sql ] [ SQL ] SHOW COLUMNS FROM `wy_online` [ RunTime:0.000518s ]
[ sql ] [ SQL ] SELECT * FROM `wy_online` WHERE  `user_id` = 697 LIMIT 1 [ RunTime:0.000254s ]
[ sql ] [ SQL ] UPDATE `wy_online`  SET `user_id`=697,`user_name`='jingjing',`user_sex`=0,`user_ico`='http://www.pauzzz.com/uploadfiles/avatar/20191025/1571968321766_162.jpg',`active_time`=1579963157,`hidden`=0  WHERE  `user_id` = 697 [ RunTime:0.000397s ]
[ sql ] [ SQL ] SELECT * FROM `chat_log` WHERE  (   (fromid='697' and toid='7959') or (fromid='7959' and toid='697')  ) ORDER BY timeline desc [ RunTime:0.002181s ]
[ sql ] [ SQL ] SELECT * FROM `wy_users` WHERE  `user_id` = 7959 LIMIT 1 [ RunTime:0.000397s ]
[ sql ] [ SQL ] SELECT * FROM `wy_users` WHERE  `user_id` = 7959 LIMIT 1 [ RunTime:0.000300s ]
[ sql ] [ SQL ] SELECT * FROM `wy_users` WHERE  `user_id` = 697 LIMIT 1 [ RunTime:0.000298s ]
[ sql ] [ SQL ] SELECT * FROM `wy_users` WHERE  `user_id` = 697 LIMIT 1 [ RunTime:0.000273s ]
[ sql ] [ SQL ] SELECT * FROM `wy_users` WHERE  `user_id` = 7959 LIMIT 1 [ RunTime:0.000287s ]
[ sql ] [ SQL ] SELECT * FROM `wy_users` WHERE  `user_id` = 697 LIMIT 1 [ RunTime:0.000284s ]
---------------------------------------------------------------
[ 2020-01-25T22:39:38+08:00 ] 171.10.170.176 GET /index/home/index/uid/7959
[ sql ] [ DB ] CONNECT:[ UseTime:0.000655s ] mysql:host=127.0.0.1;port=3306;dbname=henimeet;charset=utf8
[ sql ] [ SQL ] SHOW COLUMNS FROM `wy_users` [ RunTime:0.001039s ]
[ sql ] [ SQL ] SELECT * FROM `wy_users` WHERE  `user_id` = 697 LIMIT 1 [ RunTime:0.000442s ]
[ sql ] [ SQL ] SHOW COLUMNS FROM `chat_log` [ RunTime:0.000541s ]
[ sql ] [ SQL ] SELECT COUNT(*) AS tp_count FROM `chat_log` WHERE  `toid` = 697  AND `is_read` = 0 LIMIT 1 [ RunTime:0.000193s ]
[ sql ] [ SQL ] SELECT * FROM `wy_users` WHERE  `user_id` = 697 LIMIT 1 [ RunTime:0.000271s ]
[ sql ] [ SQL ] SHOW COLUMNS FROM `wy_online` [ RunTime:0.000511s ]
[ sql ] [ SQL ] SELECT * FROM `wy_online` WHERE  `user_id` = 697 LIMIT 1 [ RunTime:0.000278s ]
[ sql ] [ SQL ] UPDATE `wy_online`  SET `user_id`=697,`user_name`='jingjing',`user_sex`=0,`user_ico`='http://www.pauzzz.com/uploadfiles/avatar/20191025/1571968321766_162.jpg',`active_time`=1579963178,`hidden`=0  WHERE  `user_id` = 697 [ RunTime:0.000419s ]
[ sql ] [ SQL ] SELECT `user_id`,`user_name`,`user_sex`,`user_ico`,`birth_year`,`birth_month`,`birth_day`,`country`,`waimao`,`sexual`,`height`,`weight`,`income`,`gerenjieshao` FROM `wy_users` WHERE  `user_id` = 7959 LIMIT 1 [ RunTime:0.000210s ]
[ sql ] [ SQL ] SHOW COLUMNS FROM `wy_album` [ RunTime:0.000505s ]
[ sql ] [ SQL ] SELECT * FROM `wy_album` WHERE  `user_id` = 7959 ORDER BY `add_time` [ RunTime:0.000193s ]
---------------------------------------------------------------
[ 2020-01-25T22:39:38+08:00 ] 171.10.170.176 GET /index/home/mood/uid/7959/page/1
[ sql ] [ DB ] CONNECT:[ UseTime:0.000577s ] mysql:host=127.0.0.1;port=3306;dbname=henimeet;charset=utf8
[ sql ] [ SQL ] SHOW COLUMNS FROM `wy_users` [ RunTime:0.001012s ]
[ sql ] [ SQL ] SELECT * FROM `wy_users` WHERE  `user_id` = 697 LIMIT 1 [ RunTime:0.000431s ]
[ sql ] [ SQL ] SHOW COLUMNS FROM `chat_log` [ RunTime:0.000535s ]
[ sql ] [ SQL ] SELECT COUNT(*) AS tp_count FROM `chat_log` WHERE  `toid` = 697  AND `is_read` = 0 LIMIT 1 [ RunTime:0.000220s ]
[ sql ] [ SQL ] SELECT * FROM `wy_users` WHERE  `user_id` = 697 LIMIT 1 [ RunTime:0.000277s ]
[ sql ] [ SQL ] SHOW COLUMNS FROM `wy_online` [ RunTime:0.000510s ]
[ sql ] [ SQL ] SELECT * FROM `wy_online` WHERE  `user_id` = 697 LIMIT 1 [ RunTime:0.000255s ]
[ sql ] [ SQL ] UPDATE `wy_online`  SET `user_id`=697,`user_name`='jingjing',`user_sex`=0,`user_ico`='http://www.pauzzz.com/uploadfiles/avatar/20191025/1571968321766_162.jpg',`active_time`=1579963178,`hidden`=0  WHERE  `user_id` = 697 [ RunTime:0.000249s ]
[ sql ] [ SQL ] SHOW COLUMNS FROM `wy_recent_affair` [ RunTime:0.000512s ]
[ sql ] [ SQL ] SELECT COUNT(*) AS tp_count FROM `wy_recent_affair` WHERE  `user_id` = 7959 LIMIT 1 [ RunTime:0.000163s ]
[ sql ] [ SQL ] SELECT * FROM `wy_recent_affair` WHERE  `user_id` = 7959 ORDER BY id desc LIMIT 0,5 [ RunTime:0.000195s ]
---------------------------------------------------------------
[ 2020-01-25T22:39:39+08:00 ] 171.10.170.176 GET /index/chat/chat/pals_id/7959.html
[ sql ] [ DB ] CONNECT:[ UseTime:0.000626s ] mysql:host=127.0.0.1;port=3306;dbname=henimeet;charset=utf8
[ sql ] [ SQL ] SHOW COLUMNS FROM `wy_users` [ RunTime:0.001019s ]
[ sql ] [ SQL ] SELECT * FROM `wy_users` WHERE  `user_id` = 697 LIMIT 1 [ RunTime:0.000454s ]
[ sql ] [ SQL ] SHOW COLUMNS FROM `chat_log` [ RunTime:0.000542s ]
[ sql ] [ SQL ] SELECT COUNT(*) AS tp_count FROM `chat_log` WHERE  `toid` = 697  AND `is_read` = 0 LIMIT 1 [ RunTime:0.000200s ]
[ sql ] [ SQL ] SELECT * FROM `wy_users` WHERE  `user_id` = 697 LIMIT 1 [ RunTime:0.000284s ]
[ sql ] [ SQL ] SHOW COLUMNS FROM `wy_online` [ RunTime:0.000515s ]
[ sql ] [ SQL ] SELECT * FROM `wy_online` WHERE  `user_id` = 697 LIMIT 1 [ RunTime:0.000212s ]
[ sql ] [ SQL ] UPDATE `wy_online`  SET `user_id`=697,`user_name`='jingjing',`user_sex`=0,`user_ico`='http://www.pauzzz.com/uploadfiles/avatar/20191025/1571968321766_162.jpg',`active_time`=1579963179,`hidden`=0  WHERE  `user_id` = 697 [ RunTime:0.000425s ]
[ sql ] [ SQL ] SELECT `user_id`,`user_name`,`user_ico` FROM `wy_users` WHERE  `user_id` = 7959 LIMIT 1 [ RunTime:0.000178s ]
