---------------------------------------------------------------
[ 2020-01-28T00:32:18+08:00 ] 223.104.111.242 GET /index/main/index.html
[ sql ] [ DB ] CONNECT:[ UseTime:0.000616s ] mysql:host=127.0.0.1;port=3306;dbname=henimeet;charset=utf8
[ sql ] [ SQL ] SHOW COLUMNS FROM `wy_users` [ RunTime:0.001032s ]
[ sql ] [ SQL ] SELECT * FROM `wy_users` WHERE  `user_id` = 10659 LIMIT 1 [ RunTime:0.000443s ]
[ sql ] [ SQL ] SHOW COLUMNS FROM `chat_log` [ RunTime:0.000555s ]
[ sql ] [ SQL ] SELECT COUNT(*) AS tp_count FROM `chat_log` WHERE  `toid` = 10659  AND `is_read` = 0 LIMIT 1 [ RunTime:0.000189s ]
[ sql ] [ SQL ] SELECT * FROM `wy_users` WHERE  `user_id` = 10659 LIMIT 1 [ RunTime:0.000285s ]
[ sql ] [ SQL ] SHOW COLUMNS FROM `wy_online` [ RunTime:0.000526s ]
[ sql ] [ SQL ] SELECT * FROM `wy_online` WHERE  `user_id` = 10659 LIMIT 1 [ RunTime:0.000263s ]
[ sql ] [ SQL ] UPDATE `wy_online`  SET `user_id`=10659,`user_name`='xixi',`user_sex`=0,`user_ico`='http://www.pauzzz.com/uploadfiles/avatar/20190217/1550369037831_162.jpg',`active_time`=1580142738,`hidden`=0  WHERE  `user_id` = 10659 [ RunTime:0.000293s ]
---------------------------------------------------------------
[ 2020-01-28T00:32:19+08:00 ] 223.104.111.242 GET /index/main/query/page/1.html
[ sql ] [ DB ] CONNECT:[ UseTime:0.000583s ] mysql:host=127.0.0.1;port=3306;dbname=henimeet;charset=utf8
[ sql ] [ SQL ] SHOW COLUMNS FROM `wy_users` [ RunTime:0.001009s ]
[ sql ] [ SQL ] SELECT * FROM `wy_users` WHERE  `user_id` = 10659 LIMIT 1 [ RunTime:0.000427s ]
[ sql ] [ SQL ] SHOW COLUMNS FROM `chat_log` [ RunTime:0.001160s ]
[ sql ] [ SQL ] SELECT COUNT(*) AS tp_count FROM `chat_log` WHERE  `toid` = 10659  AND `is_read` = 0 LIMIT 1 [ RunTime:0.000199s ]
[ sql ] [ SQL ] SELECT * FROM `wy_users` WHERE  `user_id` = 10659 LIMIT 1 [ RunTime:0.000351s ]
[ sql ] [ SQL ] SHOW COLUMNS FROM `wy_online` [ RunTime:0.000838s ]
[ sql ] [ SQL ] SELECT * FROM `wy_online` WHERE  `user_id` = 10659 LIMIT 1 [ RunTime:0.000257s ]
[ sql ] [ SQL ] UPDATE `wy_online`  SET `user_id`=10659,`user_name`='xixi',`user_sex`=0,`user_ico`='http://www.pauzzz.com/uploadfiles/avatar/20190217/1550369037831_162.jpg',`active_time`=1580142739,`hidden`=0  WHERE  `user_id` = 10659 [ RunTime:0.000262s ]
[ sql ] [ SQL ] SELECT COUNT(*) AS tp_count FROM `wy_users` WHERE  `user_sex` <> 0  AND `is_pass` <> 0 LIMIT 1 [ RunTime:0.000195s ]
[ sql ] [ SQL ] SELECT `u`.`user_name`,`u`.`user_ico`,`u`.`user_sex`,`u`.`user_group`,`u`.`user_id`,`o`.`online_id` FROM `wy_users` `u` LEFT JOIN `wy_online` `o` ON `u`.`user_id`=`o`.`user_id` WHERE  (  u.user_sex != '0' and u.is_pass!='0' ) ORDER BY u.is_service desc, o.active_time desc LIMIT 0,16 [ RunTime:0.020345s ]
---------------------------------------------------------------
[ 2020-01-28T07:59:46+08:00 ] 223.104.111.242 GET /index/user/index.html
[ sql ] [ DB ] CONNECT:[ UseTime:0.000594s ] mysql:host=127.0.0.1;port=3306;dbname=henimeet;charset=utf8
[ sql ] [ SQL ] SHOW COLUMNS FROM `wy_users` [ RunTime:0.001044s ]
[ sql ] [ SQL ] SELECT * FROM `wy_users` WHERE  `user_id` = 10659 LIMIT 1 [ RunTime:0.000564s ]
[ sql ] [ SQL ] SHOW COLUMNS FROM `chat_log` [ RunTime:0.000561s ]
[ sql ] [ SQL ] SELECT COUNT(*) AS tp_count FROM `chat_log` WHERE  `toid` = 10659  AND `is_read` = 0 LIMIT 1 [ RunTime:0.000185s ]
[ sql ] [ SQL ] SELECT * FROM `wy_users` WHERE  `user_id` = 10659 LIMIT 1 [ RunTime:0.000275s ]
[ sql ] [ SQL ] SHOW COLUMNS FROM `wy_online` [ RunTime:0.000528s ]
[ sql ] [ SQL ] SELECT * FROM `wy_online` WHERE  `user_id` = 10659 LIMIT 1 [ RunTime:0.000247s ]
[ sql ] [ SQL ] UPDATE `wy_online`  SET `user_id`=10659,`user_name`='xixi',`user_sex`=0,`user_ico`='http://www.pauzzz.com/uploadfiles/avatar/20190217/1550369037831_162.jpg',`active_time`=1580169586,`hidden`=0  WHERE  `user_id` = 10659 [ RunTime:0.000455s ]
[ sql ] [ SQL ] SELECT * FROM `wy_users` WHERE  `user_id` = 10659 LIMIT 1 [ RunTime:0.000403s ]
---------------------------------------------------------------
[ 2020-01-28T08:21:06+08:00 ] 223.104.111.242 GET /index/main/index.html
[ sql ] [ DB ] CONNECT:[ UseTime:0.000606s ] mysql:host=127.0.0.1;port=3306;dbname=henimeet;charset=utf8
[ sql ] [ SQL ] SHOW COLUMNS FROM `wy_users` [ RunTime:0.001035s ]
[ sql ] [ SQL ] SELECT * FROM `wy_users` WHERE  `user_id` = 10659 LIMIT 1 [ RunTime:0.000439s ]
[ sql ] [ SQL ] SHOW COLUMNS FROM `chat_log` [ RunTime:0.000577s ]
[ sql ] [ SQL ] SELECT COUNT(*) AS tp_count FROM `chat_log` WHERE  `toid` = 10659  AND `is_read` = 0 LIMIT 1 [ RunTime:0.000194s ]
[ sql ] [ SQL ] SELECT * FROM `wy_users` WHERE  `user_id` = 10659 LIMIT 1 [ RunTime:0.000267s ]
[ sql ] [ SQL ] SHOW COLUMNS FROM `wy_online` [ RunTime:0.000495s ]
[ sql ] [ SQL ] SELECT * FROM `wy_online` WHERE  `user_id` = 10659 LIMIT 1 [ RunTime:0.000271s ]
[ sql ] [ SQL ] UPDATE `wy_online`  SET `user_id`=10659,`user_name`='xixi',`user_sex`=0,`user_ico`='http://www.pauzzz.com/uploadfiles/avatar/20190217/1550369037831_162.jpg',`active_time`=1580170866,`hidden`=0  WHERE  `user_id` = 10659 [ RunTime:0.000302s ]
---------------------------------------------------------------
[ 2020-01-28T08:21:10+08:00 ] 223.104.111.242 GET /index/user/index.html
[ sql ] [ DB ] CONNECT:[ UseTime:0.000561s ] mysql:host=127.0.0.1;port=3306;dbname=henimeet;charset=utf8
[ sql ] [ SQL ] SHOW COLUMNS FROM `wy_users` [ RunTime:0.001052s ]
[ sql ] [ SQL ] SELECT * FROM `wy_users` WHERE  `user_id` = 10659 LIMIT 1 [ RunTime:0.000449s ]
[ sql ] [ SQL ] SHOW COLUMNS FROM `chat_log` [ RunTime:0.000573s ]
[ sql ] [ SQL ] SELECT COUNT(*) AS tp_count FROM `chat_log` WHERE  `toid` = 10659  AND `is_read` = 0 LIMIT 1 [ RunTime:0.000203s ]
[ sql ] [ SQL ] SELECT * FROM `wy_users` WHERE  `user_id` = 10659 LIMIT 1 [ RunTime:0.000300s ]
[ sql ] [ SQL ] SHOW COLUMNS FROM `wy_online` [ RunTime:0.000502s ]
[ sql ] [ SQL ] SELECT * FROM `wy_online` WHERE  `user_id` = 10659 LIMIT 1 [ RunTime:0.000280s ]
[ sql ] [ SQL ] UPDATE `wy_online`  SET `user_id`=10659,`user_name`='xixi',`user_sex`=0,`user_ico`='http://www.pauzzz.com/uploadfiles/avatar/20190217/1550369037831_162.jpg',`active_time`=1580170870,`hidden`=0  WHERE  `user_id` = 10659 [ RunTime:0.000295s ]
[ sql ] [ SQL ] SELECT * FROM `wy_users` WHERE  `user_id` = 10659 LIMIT 1 [ RunTime:0.000281s ]
---------------------------------------------------------------
[ 2020-01-28T08:21:12+08:00 ] 223.104.111.242 GET /index/main/query/page/1.html
[ sql ] [ DB ] CONNECT:[ UseTime:0.000606s ] mysql:host=127.0.0.1;port=3306;dbname=henimeet;charset=utf8
[ sql ] [ SQL ] SHOW COLUMNS FROM `wy_users` [ RunTime:0.002141s ]
[ sql ] [ SQL ] SELECT * FROM `wy_users` WHERE  `user_id` = 10659 LIMIT 1 [ RunTime:0.000447s ]
[ sql ] [ SQL ] SHOW COLUMNS FROM `chat_log` [ RunTime:0.000569s ]
[ sql ] [ SQL ] SELECT COUNT(*) AS tp_count FROM `chat_log` WHERE  `toid` = 10659  AND `is_read` = 0 LIMIT 1 [ RunTime:0.000196s ]
[ sql ] [ SQL ] SELECT * FROM `wy_users` WHERE  `user_id` = 10659 LIMIT 1 [ RunTime:0.000284s ]
[ sql ] [ SQL ] SHOW COLUMNS FROM `wy_online` [ RunTime:0.000530s ]
[ sql ] [ SQL ] SELECT * FROM `wy_online` WHERE  `user_id` = 10659 LIMIT 1 [ RunTime:0.000270s ]
[ sql ] [ SQL ] UPDATE `wy_online`  SET `user_id`=10659,`user_name`='xixi',`user_sex`=0,`user_ico`='http://www.pauzzz.com/uploadfiles/avatar/20190217/1550369037831_162.jpg',`active_time`=1580170872,`hidden`=0  WHERE  `user_id` = 10659 [ RunTime:0.000289s ]
[ sql ] [ SQL ] SELECT COUNT(*) AS tp_count FROM `wy_users` WHERE  `user_sex` <> 0  AND `is_pass` <> 0 LIMIT 1 [ RunTime:0.010409s ]
[ sql ] [ SQL ] SELECT `u`.`user_name`,`u`.`user_ico`,`u`.`user_sex`,`u`.`user_group`,`u`.`user_id`,`o`.`online_id` FROM `wy_users` `u` LEFT JOIN `wy_online` `o` ON `u`.`user_id`=`o`.`user_id` WHERE  (  u.user_sex != '0' and u.is_pass!='0' ) ORDER BY u.is_service desc, o.active_time desc LIMIT 0,16 [ RunTime:0.019873s ]
---------------------------------------------------------------
[ 2020-01-28T08:21:21+08:00 ] 223.104.111.242 GET /index/home/index/uid/6140
[ sql ] [ DB ] CONNECT:[ UseTime:0.000649s ] mysql:host=127.0.0.1;port=3306;dbname=henimeet;charset=utf8
[ sql ] [ SQL ] SHOW COLUMNS FROM `wy_users` [ RunTime:0.001134s ]
[ sql ] [ SQL ] SELECT * FROM `wy_users` WHERE  `user_id` = 10659 LIMIT 1 [ RunTime:0.000450s ]
[ sql ] [ SQL ] SHOW COLUMNS FROM `chat_log` [ RunTime:0.000545s ]
[ sql ] [ SQL ] SELECT COUNT(*) AS tp_count FROM `chat_log` WHERE  `toid` = 10659  AND `is_read` = 0 LIMIT 1 [ RunTime:0.000192s ]
[ sql ] [ SQL ] SELECT * FROM `wy_users` WHERE  `user_id` = 10659 LIMIT 1 [ RunTime:0.000290s ]
[ sql ] [ SQL ] SHOW COLUMNS FROM `wy_online` [ RunTime:0.000572s ]
[ sql ] [ SQL ] SELECT * FROM `wy_online` WHERE  `user_id` = 10659 LIMIT 1 [ RunTime:0.000267s ]
[ sql ] [ SQL ] UPDATE `wy_online`  SET `user_id`=10659,`user_name`='xixi',`user_sex`=0,`user_ico`='http://www.pauzzz.com/uploadfiles/avatar/20190217/1550369037831_162.jpg',`active_time`=1580170881,`hidden`=0  WHERE  `user_id` = 10659 [ RunTime:0.000292s ]
[ sql ] [ SQL ] SELECT `user_id`,`user_name`,`user_sex`,`user_ico`,`birth_year`,`birth_month`,`birth_day`,`country`,`waimao`,`sexual`,`height`,`weight`,`income`,`gerenjieshao` FROM `wy_users` WHERE  `user_id` = 6140 LIMIT 1 [ RunTime:0.000297s ]
[ sql ] [ SQL ] SHOW COLUMNS FROM `wy_album` [ RunTime:0.000491s ]
[ sql ] [ SQL ] SELECT * FROM `wy_album` WHERE  `user_id` = 6140 ORDER BY `add_time` [ RunTime:0.000263s ]
---------------------------------------------------------------
[ 2020-01-28T08:21:22+08:00 ] 223.104.111.242 GET /index/home/mood/uid/6140/page/1
[ sql ] [ DB ] CONNECT:[ UseTime:0.000588s ] mysql:host=127.0.0.1;port=3306;dbname=henimeet;charset=utf8
[ sql ] [ SQL ] SHOW COLUMNS FROM `wy_users` [ RunTime:0.001017s ]
[ sql ] [ SQL ] SELECT * FROM `wy_users` WHERE  `user_id` = 10659 LIMIT 1 [ RunTime:0.000427s ]
[ sql ] [ SQL ] SHOW COLUMNS FROM `chat_log` [ RunTime:0.000543s ]
[ sql ] [ SQL ] SELECT COUNT(*) AS tp_count FROM `chat_log` WHERE  `toid` = 10659  AND `is_read` = 0 LIMIT 1 [ RunTime:0.000208s ]
[ sql ] [ SQL ] SELECT * FROM `wy_users` WHERE  `user_id` = 10659 LIMIT 1 [ RunTime:0.000279s ]
[ sql ] [ SQL ] SHOW COLUMNS FROM `wy_online` [ RunTime:0.000513s ]
[ sql ] [ SQL ] SELECT * FROM `wy_online` WHERE  `user_id` = 10659 LIMIT 1 [ RunTime:0.000279s ]
[ sql ] [ SQL ] UPDATE `wy_online`  SET `user_id`=10659,`user_name`='xixi',`user_sex`=0,`user_ico`='http://www.pauzzz.com/uploadfiles/avatar/20190217/1550369037831_162.jpg',`active_time`=1580170882,`hidden`=0  WHERE  `user_id` = 10659 [ RunTime:0.000288s ]
[ sql ] [ SQL ] SHOW COLUMNS FROM `wy_recent_affair` [ RunTime:0.000519s ]
[ sql ] [ SQL ] SELECT COUNT(*) AS tp_count FROM `wy_recent_affair` WHERE  `user_id` = 6140 LIMIT 1 [ RunTime:0.000231s ]
[ sql ] [ SQL ] SELECT * FROM `wy_recent_affair` WHERE  `user_id` = 6140 ORDER BY id desc LIMIT 0,5 [ RunTime:0.000252s ]
---------------------------------------------------------------
[ 2020-01-28T08:36:09+08:00 ] 223.104.111.242 GET /index/main/index.html
[ sql ] [ DB ] CONNECT:[ UseTime:0.000630s ] mysql:host=127.0.0.1;port=3306;dbname=henimeet;charset=utf8
[ sql ] [ SQL ] SHOW COLUMNS FROM `wy_users` [ RunTime:0.002001s ]
[ sql ] [ SQL ] SELECT * FROM `wy_users` WHERE  `user_id` = 10659 LIMIT 1 [ RunTime:0.000584s ]
[ sql ] [ SQL ] SHOW COLUMNS FROM `chat_log` [ RunTime:0.000618s ]
[ sql ] [ SQL ] SELECT COUNT(*) AS tp_count FROM `chat_log` WHERE  `toid` = 10659  AND `is_read` = 0 LIMIT 1 [ RunTime:0.001662s ]
[ sql ] [ SQL ] SELECT * FROM `wy_users` WHERE  `user_id` = 10659 LIMIT 1 [ RunTime:0.000282s ]
[ sql ] [ SQL ] SHOW COLUMNS FROM `wy_online` [ RunTime:0.000541s ]
[ sql ] [ SQL ] SELECT * FROM `wy_online` WHERE  `user_id` = 10659 LIMIT 1 [ RunTime:0.000287s ]
[ sql ] [ SQL ] UPDATE `wy_online`  SET `user_id`=10659,`user_name`='xixi',`user_sex`=0,`user_ico`='http://www.pauzzz.com/uploadfiles/avatar/20190217/1550369037831_162.jpg',`active_time`=1580171769,`hidden`=0  WHERE  `user_id` = 10659 [ RunTime:0.000464s ]
---------------------------------------------------------------
[ 2020-01-28T08:36:10+08:00 ] 223.104.111.242 GET /index/main/query/page/1.html
[ sql ] [ DB ] CONNECT:[ UseTime:0.000615s ] mysql:host=127.0.0.1;port=3306;dbname=henimeet;charset=utf8
[ sql ] [ SQL ] SHOW COLUMNS FROM `wy_users` [ RunTime:0.001015s ]
[ sql ] [ SQL ] SELECT * FROM `wy_users` WHERE  `user_id` = 10659 LIMIT 1 [ RunTime:0.000428s ]
[ sql ] [ SQL ] SHOW COLUMNS FROM `chat_log` [ RunTime:0.000553s ]
[ sql ] [ SQL ] SELECT COUNT(*) AS tp_count FROM `chat_log` WHERE  `toid` = 10659  AND `is_read` = 0 LIMIT 1 [ RunTime:0.000192s ]
[ sql ] [ SQL ] SELECT * FROM `wy_users` WHERE  `user_id` = 10659 LIMIT 1 [ RunTime:0.000277s ]
[ sql ] [ SQL ] SHOW COLUMNS FROM `wy_online` [ RunTime:0.000543s ]
[ sql ] [ SQL ] SELECT * FROM `wy_online` WHERE  `user_id` = 10659 LIMIT 1 [ RunTime:0.000258s ]
[ sql ] [ SQL ] UPDATE `wy_online`  SET `user_id`=10659,`user_name`='xixi',`user_sex`=0,`user_ico`='http://www.pauzzz.com/uploadfiles/avatar/20190217/1550369037831_162.jpg',`active_time`=1580171770,`hidden`=0  WHERE  `user_id` = 10659 [ RunTime:0.000438s ]
[ sql ] [ SQL ] SELECT COUNT(*) AS tp_count FROM `wy_users` WHERE  `user_sex` <> 0  AND `is_pass` <> 0 LIMIT 1 [ RunTime:0.010288s ]
[ sql ] [ SQL ] SELECT `u`.`user_name`,`u`.`user_ico`,`u`.`user_sex`,`u`.`user_group`,`u`.`user_id`,`o`.`online_id` FROM `wy_users` `u` LEFT JOIN `wy_online` `o` ON `u`.`user_id`=`o`.`user_id` WHERE  (  u.user_sex != '0' and u.is_pass!='0' ) ORDER BY u.is_service desc, o.active_time desc LIMIT 0,16 [ RunTime:0.020430s ]
---------------------------------------------------------------
[ 2020-01-28T08:36:17+08:00 ] 223.104.111.242 GET /index/search/index.html
[ sql ] [ DB ] CONNECT:[ UseTime:0.000594s ] mysql:host=127.0.0.1;port=3306;dbname=henimeet;charset=utf8
[ sql ] [ SQL ] SHOW COLUMNS FROM `wy_users` [ RunTime:0.001026s ]
[ sql ] [ SQL ] SELECT * FROM `wy_users` WHERE  `user_id` = 10659 LIMIT 1 [ RunTime:0.000434s ]
[ sql ] [ SQL ] SHOW COLUMNS FROM `chat_log` [ RunTime:0.000546s ]
[ sql ] [ SQL ] SELECT COUNT(*) AS tp_count FROM `chat_log` WHERE  `toid` = 10659  AND `is_read` = 0 LIMIT 1 [ RunTime:0.000221s ]
[ sql ] [ SQL ] SELECT * FROM `wy_users` WHERE  `user_id` = 10659 LIMIT 1 [ RunTime:0.000266s ]
[ sql ] [ SQL ] SHOW COLUMNS FROM `wy_online` [ RunTime:0.000539s ]
[ sql ] [ SQL ] SELECT * FROM `wy_online` WHERE  `user_id` = 10659 LIMIT 1 [ RunTime:0.000260s ]
[ sql ] [ SQL ] UPDATE `wy_online`  SET `user_id`=10659,`user_name`='xixi',`user_sex`=0,`user_ico`='http://www.pauzzz.com/uploadfiles/avatar/20190217/1550369037831_162.jpg',`active_time`=1580171777,`hidden`=0  WHERE  `user_id` = 10659 [ RunTime:0.000306s ]
---------------------------------------------------------------
[ 2020-01-28T08:36:36+08:00 ] 223.104.111.242 GET /index/search/index.html?keyword=Ron.herzing
[ sql ] [ DB ] CONNECT:[ UseTime:0.000638s ] mysql:host=127.0.0.1;port=3306;dbname=henimeet;charset=utf8
[ sql ] [ SQL ] SHOW COLUMNS FROM `wy_users` [ RunTime:0.001027s ]
[ sql ] [ SQL ] SELECT * FROM `wy_users` WHERE  `user_id` = 10659 LIMIT 1 [ RunTime:0.000421s ]
[ sql ] [ SQL ] SHOW COLUMNS FROM `chat_log` [ RunTime:0.000613s ]
[ sql ] [ SQL ] SELECT COUNT(*) AS tp_count FROM `chat_log` WHERE  `toid` = 10659  AND `is_read` = 0 LIMIT 1 [ RunTime:0.000190s ]
[ sql ] [ SQL ] SELECT * FROM `wy_users` WHERE  `user_id` = 10659 LIMIT 1 [ RunTime:0.000355s ]
[ sql ] [ SQL ] SHOW COLUMNS FROM `wy_online` [ RunTime:0.000508s ]
[ sql ] [ SQL ] SELECT * FROM `wy_online` WHERE  `user_id` = 10659 LIMIT 1 [ RunTime:0.000304s ]
[ sql ] [ SQL ] UPDATE `wy_online`  SET `user_id`=10659,`user_name`='xixi',`user_sex`=0,`user_ico`='http://www.pauzzz.com/uploadfiles/avatar/20190217/1550369037831_162.jpg',`active_time`=1580171796,`hidden`=0  WHERE  `user_id` = 10659 [ RunTime:0.000281s ]
[ sql ] [ SQL ] SELECT `user_id`,`user_ico`,`user_sex`,`user_name` FROM `wy_users` WHERE  `user_name` LIKE '%Ron.herzing%' [ RunTime:0.011118s ]
---------------------------------------------------------------
[ 2020-01-28T08:42:44+08:00 ] 223.104.111.242 GET /index/user/index.html
[ sql ] [ DB ] CONNECT:[ UseTime:0.000637s ] mysql:host=127.0.0.1;port=3306;dbname=henimeet;charset=utf8
[ sql ] [ SQL ] SHOW COLUMNS FROM `wy_users` [ RunTime:0.001049s ]
[ sql ] [ SQL ] SELECT * FROM `wy_users` WHERE  `user_id` = 10659 LIMIT 1 [ RunTime:0.000613s ]
[ sql ] [ SQL ] SHOW COLUMNS FROM `chat_log` [ RunTime:0.000563s ]
[ sql ] [ SQL ] SELECT COUNT(*) AS tp_count FROM `chat_log` WHERE  `toid` = 10659  AND `is_read` = 0 LIMIT 1 [ RunTime:0.000201s ]
[ sql ] [ SQL ] SELECT * FROM `wy_users` WHERE  `user_id` = 10659 LIMIT 1 [ RunTime:0.000302s ]
[ sql ] [ SQL ] SHOW COLUMNS FROM `wy_online` [ RunTime:0.000496s ]
[ sql ] [ SQL ] SELECT * FROM `wy_online` WHERE  `user_id` = 10659 LIMIT 1 [ RunTime:0.000250s ]
[ sql ] [ SQL ] UPDATE `wy_online`  SET `user_id`=10659,`user_name`='xixi',`user_sex`=0,`user_ico`='http://www.pauzzz.com/uploadfiles/avatar/20190217/1550369037831_162.jpg',`active_time`=1580172164,`hidden`=0  WHERE  `user_id` = 10659 [ RunTime:0.000418s ]
[ sql ] [ SQL ] SELECT * FROM `wy_users` WHERE  `user_id` = 10659 LIMIT 1 [ RunTime:0.000376s ]
---------------------------------------------------------------
[ 2020-01-28T08:48:13+08:00 ] 171.10.170.176 GET /index/main/index.html
[ sql ] [ DB ] CONNECT:[ UseTime:0.000627s ] mysql:host=127.0.0.1;port=3306;dbname=henimeet;charset=utf8
[ sql ] [ SQL ] SHOW COLUMNS FROM `wy_users` [ RunTime:0.001007s ]
[ sql ] [ SQL ] SELECT * FROM `wy_users` WHERE  `user_id` = 697 LIMIT 1 [ RunTime:0.000628s ]
[ sql ] [ SQL ] SHOW COLUMNS FROM `chat_log` [ RunTime:0.000571s ]
[ sql ] [ SQL ] SELECT COUNT(*) AS tp_count FROM `chat_log` WHERE  `toid` = 697  AND `is_read` = 0 LIMIT 1 [ RunTime:0.001019s ]
[ sql ] [ SQL ] SELECT * FROM `wy_users` WHERE  `user_id` = 697 LIMIT 1 [ RunTime:0.000317s ]
[ sql ] [ SQL ] SHOW COLUMNS FROM `wy_online` [ RunTime:0.000497s ]
[ sql ] [ SQL ] SELECT * FROM `wy_online` WHERE  `user_id` = 697 LIMIT 1 [ RunTime:0.000251s ]
[ sql ] [ SQL ] UPDATE `wy_online`  SET `user_id`=697,`user_name`='jingjing',`user_sex`=0,`user_ico`='http://www.pauzzz.com/uploadfiles/avatar/20191025/1571968321766_162.jpg',`active_time`=1580172493,`hidden`=0  WHERE  `user_id` = 697 [ RunTime:0.000397s ]
---------------------------------------------------------------
[ 2020-01-28T08:48:14+08:00 ] 171.10.170.176 GET /index/main/query/page/1.html
[ sql ] [ DB ] CONNECT:[ UseTime:0.000641s ] mysql:host=127.0.0.1;port=3306;dbname=henimeet;charset=utf8
[ sql ] [ SQL ] SHOW COLUMNS FROM `wy_users` [ RunTime:0.001046s ]
[ sql ] [ SQL ] SELECT * FROM `wy_users` WHERE  `user_id` = 697 LIMIT 1 [ RunTime:0.000477s ]
[ sql ] [ SQL ] SHOW COLUMNS FROM `chat_log` [ RunTime:0.000547s ]
[ sql ] [ SQL ] SELECT COUNT(*) AS tp_count FROM `chat_log` WHERE  `toid` = 697  AND `is_read` = 0 LIMIT 1 [ RunTime:0.000198s ]
[ sql ] [ SQL ] SELECT * FROM `wy_users` WHERE  `user_id` = 697 LIMIT 1 [ RunTime:0.000278s ]
[ sql ] [ SQL ] SHOW COLUMNS FROM `wy_online` [ RunTime:0.000507s ]
[ sql ] [ SQL ] SELECT * FROM `wy_online` WHERE  `user_id` = 697 LIMIT 1 [ RunTime:0.000288s ]
[ sql ] [ SQL ] UPDATE `wy_online`  SET `user_id`=697,`user_name`='jingjing',`user_sex`=0,`user_ico`='http://www.pauzzz.com/uploadfiles/avatar/20191025/1571968321766_162.jpg',`active_time`=1580172494,`hidden`=0  WHERE  `user_id` = 697 [ RunTime:0.000419s ]
[ sql ] [ SQL ] SELECT COUNT(*) AS tp_count FROM `wy_users` WHERE  `user_sex` <> 0  AND `is_pass` <> 0 LIMIT 1 [ RunTime:0.010432s ]
[ sql ] [ SQL ] SELECT `u`.`user_name`,`u`.`user_ico`,`u`.`user_sex`,`u`.`user_group`,`u`.`user_id`,`o`.`online_id` FROM `wy_users` `u` LEFT JOIN `wy_online` `o` ON `u`.`user_id`=`o`.`user_id` WHERE  (  u.user_sex != '0' and u.is_pass!='0' ) ORDER BY u.is_service desc, o.active_time desc LIMIT 0,16 [ RunTime:0.020179s ]
---------------------------------------------------------------
[ 2020-01-28T08:48:37+08:00 ] 171.10.170.176 GET /index/pals/index.html
[ sql ] [ DB ] CONNECT:[ UseTime:0.000599s ] mysql:host=127.0.0.1;port=3306;dbname=henimeet;charset=utf8
[ sql ] [ SQL ] SHOW COLUMNS FROM `wy_users` [ RunTime:0.001106s ]
[ sql ] [ SQL ] SELECT * FROM `wy_users` WHERE  `user_id` = 697 LIMIT 1 [ RunTime:0.000444s ]
[ sql ] [ SQL ] SHOW COLUMNS FROM `chat_log` [ RunTime:0.000571s ]
[ sql ] [ SQL ] SELECT COUNT(*) AS tp_count FROM `chat_log` WHERE  `toid` = 697  AND `is_read` = 0 LIMIT 1 [ RunTime:0.000200s ]
[ sql ] [ SQL ] SELECT * FROM `wy_users` WHERE  `user_id` = 697 LIMIT 1 [ RunTime:0.000291s ]
[ sql ] [ SQL ] SHOW COLUMNS FROM `wy_online` [ RunTime:0.000515s ]
[ sql ] [ SQL ] SELECT * FROM `wy_online` WHERE  `user_id` = 697 LIMIT 1 [ RunTime:0.000415s ]
[ sql ] [ SQL ] UPDATE `wy_online`  SET `user_id`=697,`user_name`='jingjing',`user_sex`=0,`user_ico`='http://www.pauzzz.com/uploadfiles/avatar/20191025/1571968321766_162.jpg',`active_time`=1580172517,`hidden`=0  WHERE  `user_id` = 697 [ RunTime:0.000316s ]
---------------------------------------------------------------
[ 2020-01-28T08:48:38+08:00 ] 171.10.170.176 GET /index/pals/get_pals_data.html
[ sql ] [ DB ] CONNECT:[ UseTime:0.000706s ] mysql:host=127.0.0.1;port=3306;dbname=henimeet;charset=utf8
[ sql ] [ SQL ] SHOW COLUMNS FROM `wy_users` [ RunTime:0.001404s ]
[ sql ] [ SQL ] SELECT * FROM `wy_users` WHERE  `user_id` = 697 LIMIT 1 [ RunTime:0.000598s ]
[ sql ] [ SQL ] SHOW COLUMNS FROM `chat_log` [ RunTime:0.000738s ]
[ sql ] [ SQL ] SELECT COUNT(*) AS tp_count FROM `chat_log` WHERE  `toid` = 697  AND `is_read` = 0 LIMIT 1 [ RunTime:0.000224s ]
[ sql ] [ SQL ] SELECT * FROM `wy_users` WHERE  `user_id` = 697 LIMIT 1 [ RunTime:0.000369s ]
[ sql ] [ SQL ] SHOW COLUMNS FROM `wy_online` [ RunTime:0.000689s ]
[ sql ] [ SQL ] SELECT * FROM `wy_online` WHERE  `user_id` = 697 LIMIT 1 [ RunTime:0.000469s ]
[ sql ] [ SQL ] UPDATE `wy_online`  SET `user_id`=697,`user_name`='jingjing',`user_sex`=0,`user_ico`='http://www.pauzzz.com/uploadfiles/avatar/20191025/1571968321766_162.jpg',`active_time`=1580172518,`hidden`=0  WHERE  `user_id` = 697 [ RunTime:0.000358s ]
[ sql ] [ SQL ] SHOW COLUMNS FROM `wy_pals_mine` [ RunTime:0.000698s ]
[ sql ] [ SQL ] SELECT * FROM `wy_pals_mine` WHERE  `user_id` = 697 [ RunTime:0.000695s ]
[ sql ] [ SQL ] SELECT * FROM `wy_users` WHERE  `user_id` = 723 LIMIT 1 [ RunTime:0.000578s ]
[ sql ] [ SQL ] SELECT * FROM `wy_users` WHERE  `user_id` = 721 LIMIT 1 [ RunTime:0.000537s ]
[ sql ] [ SQL ] SELECT * FROM `wy_users` WHERE  `user_id` = 727 LIMIT 1 [ RunTime:0.000431s ]
[ sql ] [ SQL ] SELECT * FROM `wy_users` WHERE  `user_id` = 744 LIMIT 1 [ RunTime:0.000376s ]
[ sql ] [ SQL ] SELECT * FROM `wy_users` WHERE  `user_id` = 695 LIMIT 1 [ RunTime:0.000363s ]
[ sql ] [ SQL ] SELECT * FROM `wy_users` WHERE  `user_id` = 751 LIMIT 1 [ RunTime:0.000386s ]
[ sql ] [ SQL ] SELECT * FROM `wy_users` WHERE  `user_id` = 761 LIMIT 1 [ RunTime:0.000355s ]
[ sql ] [ SQL ] SELECT * FROM `wy_users` WHERE  `user_id` = 781 LIMIT 1 [ RunTime:0.000369s ]
[ sql ] [ SQL ] SELECT * FROM `wy_users` WHERE  `user_id` = 786 LIMIT 1 [ RunTime:0.000365s ]
[ sql ] [ SQL ] SELECT * FROM `wy_users` WHERE  `user_id` = 788 LIMIT 1 [ RunTime:0.000384s ]
[ sql ] [ SQL ] SELECT * FROM `wy_users` WHERE  `user_id` = 789 LIMIT 1 [ RunTime:0.000379s ]
[ sql ] [ SQL ] SELECT * FROM `wy_users` WHERE  `user_id` = 787 LIMIT 1 [ RunTime:0.000370s ]
[ sql ] [ SQL ] SELECT * FROM `wy_users` WHERE  `user_id` = 792 LIMIT 1 [ RunTime:0.000355s ]
[ sql ] [ SQL ] SELECT * FROM `wy_users` WHERE  `user_id` = 791 LIMIT 1 [ RunTime:0.000408s ]
[ sql ] [ SQL ] SELECT * FROM `wy_users` WHERE  `user_id` = 806 LIMIT 1 [ RunTime:0.000364s ]
[ sql ] [ SQL ] SELECT * FROM `wy_users` WHERE  `user_id` = 827 LIMIT 1 [ RunTime:0.000358s ]
[ sql ] [ SQL ] SELECT * FROM `wy_users` WHERE  `user_id` = 843 LIMIT 1 [ RunTime:0.000425s ]
[ sql ] [ SQL ] SELECT * FROM `wy_users` WHERE  `user_id` = 852 LIMIT 1 [ RunTime:0.000362s ]
[ sql ] [ SQL ] SELECT * FROM `wy_users` WHERE  `user_id` = 854 LIMIT 1 [ RunTime:0.000358s ]
[ sql ] [ SQL ] SELECT * FROM `wy_users` WHERE  `user_id` = 877 LIMIT 1 [ RunTime:0.000361s ]
[ sql ] [ SQL ] SELECT * FROM `wy_users` WHERE  `user_id` = 908 LIMIT 1 [ RunTime:0.000414s ]
[ sql ] [ SQL ] SELECT * FROM `wy_users` WHERE  `user_id` = 912 LIMIT 1 [ RunTime:0.000371s ]
[ sql ] [ SQL ] SELECT * FROM `wy_users` WHERE  `user_id` = 913 LIMIT 1 [ RunTime:0.000333s ]
[ sql ] [ SQL ] SELECT * FROM `wy_users` WHERE  `user_id` = 1726 LIMIT 1 [ RunTime:0.000361s ]
[ sql ] [ SQL ] SELECT * FROM `wy_users` WHERE  `user_id` = 1986 LIMIT 1 [ RunTime:0.000372s ]
[ sql ] [ SQL ] SELECT * FROM `wy_users` WHERE  `user_id` = 2302 LIMIT 1 [ RunTime:0.000370s ]
[ sql ] [ SQL ] SELECT * FROM `wy_users` WHERE  `user_id` = 2555 LIMIT 1 [ RunTime:0.000359s ]
[ sql ] [ SQL ] SELECT * FROM `wy_users` WHERE  `user_id` = 2650 LIMIT 1 [ RunTime:0.000364s ]
[ sql ] [ SQL ] SELECT * FROM `wy_users` WHERE  `user_id` = 2592 LIMIT 1 [ RunTime:0.000377s ]
[ sql ] [ SQL ] SELECT * FROM `wy_users` WHERE  `user_id` = 2411 LIMIT 1 [ RunTime:0.000348s ]
[ sql ] [ SQL ] SELECT * FROM `wy_users` WHERE  `user_id` = 1088 LIMIT 1 [ RunTime:0.000403s ]
[ sql ] [ SQL ] SELECT * FROM `wy_users` WHERE  `user_id` = 1708 LIMIT 1 [ RunTime:0.000360s ]
[ sql ] [ SQL ] SELECT * FROM `wy_users` WHERE  `user_id` = 812 LIMIT 1 [ RunTime:0.000377s ]
[ sql ] [ SQL ] SELECT * FROM `wy_users` WHERE  `user_id` = 2708 LIMIT 1 [ RunTime:0.000352s ]
[ sql ] [ SQL ] SELECT * FROM `wy_users` WHERE  `user_id` = 703 LIMIT 1 [ RunTime:0.000360s ]
[ sql ] [ SQL ] SELECT * FROM `wy_users` WHERE  `user_id` = 2838 LIMIT 1 [ RunTime:0.000356s ]
[ sql ] [ SQL ] SELECT * FROM `wy_users` WHERE  `user_id` = 1916 LIMIT 1 [ RunTime:0.000360s ]
[ sql ] [ SQL ] SELECT * FROM `wy_users` WHERE  `user_id` = 1955 LIMIT 1 [ RunTime:0.000361s ]
[ sql ] [ SQL ] SELECT * FROM `wy_users` WHERE  `user_id` = 2668 LIMIT 1 [ RunTime:0.000584s ]
[ sql ] [ SQL ] SELECT * FROM `wy_users` WHERE  `user_id` = 2934 LIMIT 1 [ RunTime:0.000359s ]
[ sql ] [ SQL ] SELECT * FROM `wy_users` WHERE  `user_id` = 2938 LIMIT 1 [ RunTime:0.000346s ]
[ sql ] [ SQL ] SELECT * FROM `wy_users` WHERE  `user_id` = 2992 LIMIT 1 [ RunTime:0.000396s ]
[ sql ] [ SQL ] SELECT * FROM `wy_users` WHERE  `user_id` = 3023 LIMIT 1 [ RunTime:0.000367s ]
[ sql ] [ SQL ] SELECT * FROM `wy_users` WHERE  `user_id` = 3166 LIMIT 1 [ RunTime:0.000381s ]
[ sql ] [ SQL ] SELECT * FROM `wy_users` WHERE  `user_id` = 4180 LIMIT 1 [ RunTime:0.000390s ]
[ sql ] [ SQL ] SELECT * FROM `wy_users` WHERE  `user_id` = 1664 LIMIT 1 [ RunTime:0.000366s ]
[ sql ] [ SQL ] SELECT * FROM `wy_users` WHERE  `user_id` = 0 LIMIT 1 [ RunTime:0.000357s ]
[ sql ] [ SQL ] SELECT * FROM `wy_users` WHERE  `user_id` = 1655 LIMIT 1 [ RunTime:0.000359s ]
[ sql ] [ SQL ] SELECT * FROM `wy_users` WHERE  `user_id` = 5875 LIMIT 1 [ RunTime:0.000369s ]
[ sql ] [ SQL ] SELECT * FROM `wy_users` WHERE  `user_id` = 6123 LIMIT 1 [ RunTime:0.000374s ]
[ sql ] [ SQL ] SELECT * FROM `wy_users` WHERE  `user_id` = 6775 LIMIT 1 [ RunTime:0.000373s ]
[ sql ] [ SQL ] SELECT * FROM `wy_users` WHERE  `user_id` = 6278 LIMIT 1 [ RunTime:0.000355s ]
[ sql ] [ SQL ] SELECT * FROM `wy_users` WHERE  `user_id` = 6845 LIMIT 1 [ RunTime:0.000372s ]
[ sql ] [ SQL ] SELECT * FROM `wy_users` WHERE  `user_id` = 6989 LIMIT 1 [ RunTime:0.000377s ]
[ sql ] [ SQL ] SELECT * FROM `wy_users` WHERE  `user_id` = 8352 LIMIT 1 [ RunTime:0.000419s ]
[ sql ] [ SQL ] SELECT * FROM `wy_users` WHERE  `user_id` = 7959 LIMIT 1 [ RunTime:0.000373s ]
[ sql ] [ SQL ] SELECT * FROM `wy_users` WHERE  `user_id` = 8130 LIMIT 1 [ RunTime:0.000359s ]
[ sql ] [ SQL ] SELECT * FROM `wy_users` WHERE  `user_id` = 8334 LIMIT 1 [ RunTime:0.000379s ]
[ sql ] [ SQL ] SELECT * FROM `wy_users` WHERE  `user_id` = 7958 LIMIT 1 [ RunTime:0.000355s ]
[ sql ] [ SQL ] SELECT * FROM `wy_users` WHERE  `user_id` = 8197 LIMIT 1 [ RunTime:0.000355s ]
[ sql ] [ SQL ] SELECT * FROM `wy_users` WHERE  `user_id` = 8535 LIMIT 1 [ RunTime:0.000363s ]
[ sql ] [ SQL ] SELECT * FROM `wy_users` WHERE  `user_id` = 4069 LIMIT 1 [ RunTime:0.000375s ]
[ sql ] [ SQL ] SELECT * FROM `wy_users` WHERE  `user_id` = 1814 LIMIT 1 [ RunTime:0.000435s ]
[ sql ] [ SQL ] SELECT * FROM `wy_users` WHERE  `user_id` = 9168 LIMIT 1 [ RunTime:0.000360s ]
[ sql ] [ SQL ] SELECT * FROM `wy_users` WHERE  `user_id` = 10462 LIMIT 1 [ RunTime:0.000354s ]
[ sql ] [ SQL ] SELECT * FROM `wy_users` WHERE  `user_id` = 10224 LIMIT 1 [ RunTime:0.000378s ]
[ sql ] [ SQL ] SELECT * FROM `wy_users` WHERE  `user_id` = 10012 LIMIT 1 [ RunTime:0.000356s ]
[ sql ] [ SQL ] SELECT * FROM `wy_users` WHERE  `user_id` = 11262 LIMIT 1 [ RunTime:0.000357s ]
[ sql ] [ SQL ] SELECT * FROM `wy_users` WHERE  `user_id` = 11170 LIMIT 1 [ RunTime:0.000360s ]
[ sql ] [ SQL ] SELECT * FROM `wy_users` WHERE  `user_id` = 11348 LIMIT 1 [ RunTime:0.000374s ]
[ sql ] [ SQL ] SELECT * FROM `wy_users` WHERE  `user_id` = 747 LIMIT 1 [ RunTime:0.000346s ]
[ sql ] [ SQL ] SELECT * FROM `wy_users` WHERE  `user_id` = 13461 LIMIT 1 [ RunTime:0.000357s ]
[ sql ] [ SQL ] SELECT * FROM `wy_users` WHERE  `user_id` = 814 LIMIT 1 [ RunTime:0.000373s ]
[ sql ] [ SQL ] SELECT * FROM `wy_users` WHERE  `user_id` = 14576 LIMIT 1 [ RunTime:0.000377s ]
---------------------------------------------------------------
[ 2020-01-28T08:48:38+08:00 ] 171.10.170.176 GET /index/pals/false
[ sql ] [ DB ] CONNECT:[ UseTime:0.000621s ] mysql:host=127.0.0.1;port=3306;dbname=henimeet;charset=utf8
[ sql ] [ SQL ] SHOW COLUMNS FROM `wy_users` [ RunTime:0.001001s ]
[ sql ] [ SQL ] SELECT * FROM `wy_users` WHERE  `user_id` = 697 LIMIT 1 [ RunTime:0.000468s ]
[ sql ] [ SQL ] SHOW COLUMNS FROM `chat_log` [ RunTime:0.000562s ]
[ sql ] [ SQL ] SELECT COUNT(*) AS tp_count FROM `chat_log` WHERE  `toid` = 697  AND `is_read` = 0 LIMIT 1 [ RunTime:0.000211s ]
[ sql ] [ SQL ] SELECT * FROM `wy_users` WHERE  `user_id` = 697 LIMIT 1 [ RunTime:0.000304s ]
[ sql ] [ SQL ] SHOW COLUMNS FROM `wy_online` [ RunTime:0.000514s ]
[ sql ] [ SQL ] SELECT * FROM `wy_online` WHERE  `user_id` = 697 LIMIT 1 [ RunTime:0.000268s ]
[ sql ] [ SQL ] UPDATE `wy_online`  SET `user_id`=697,`user_name`='jingjing',`user_sex`=0,`user_ico`='http://www.pauzzz.com/uploadfiles/avatar/20191025/1571968321766_162.jpg',`active_time`=1580172518,`hidden`=0  WHERE  `user_id` = 697 [ RunTime:0.000257s ]
---------------------------------------------------------------
[ 2020-01-28T09:06:47+08:00 ] 223.104.111.242 GET /index/user/index.html
[ sql ] [ DB ] CONNECT:[ UseTime:0.000603s ] mysql:host=127.0.0.1;port=3306;dbname=henimeet;charset=utf8
[ sql ] [ SQL ] SHOW COLUMNS FROM `wy_users` [ RunTime:0.001042s ]
[ sql ] [ SQL ] SELECT * FROM `wy_users` WHERE  `user_id` = 10659 LIMIT 1 [ RunTime:0.000592s ]
[ sql ] [ SQL ] SHOW COLUMNS FROM `chat_log` [ RunTime:0.000557s ]
[ sql ] [ SQL ] SELECT COUNT(*) AS tp_count FROM `chat_log` WHERE  `toid` = 10659  AND `is_read` = 0 LIMIT 1 [ RunTime:0.000199s ]
[ sql ] [ SQL ] SELECT * FROM `wy_users` WHERE  `user_id` = 10659 LIMIT 1 [ RunTime:0.000272s ]
[ sql ] [ SQL ] SHOW COLUMNS FROM `wy_online` [ RunTime:0.000525s ]
[ sql ] [ SQL ] SELECT * FROM `wy_online` WHERE  `user_id` = 10659 LIMIT 1 [ RunTime:0.000272s ]
[ sql ] [ SQL ] UPDATE `wy_online`  SET `user_id`=10659,`user_name`='xixi',`user_sex`=0,`user_ico`='http://www.pauzzz.com/uploadfiles/avatar/20190217/1550369037831_162.jpg',`active_time`=1580173607,`hidden`=0  WHERE  `user_id` = 10659 [ RunTime:0.000278s ]
[ sql ] [ SQL ] SELECT * FROM `wy_users` WHERE  `user_id` = 10659 LIMIT 1 [ RunTime:0.000401s ]
---------------------------------------------------------------
[ 2020-01-28T09:06:49+08:00 ] 223.104.111.242 GET /index/set/index.html
[ sql ] [ DB ] CONNECT:[ UseTime:0.000622s ] mysql:host=127.0.0.1;port=3306;dbname=henimeet;charset=utf8
[ sql ] [ SQL ] SHOW COLUMNS FROM `wy_users` [ RunTime:0.001019s ]
[ sql ] [ SQL ] SELECT * FROM `wy_users` WHERE  `user_id` = 10659 LIMIT 1 [ RunTime:0.000466s ]
[ sql ] [ SQL ] SHOW COLUMNS FROM `chat_log` [ RunTime:0.000555s ]
[ sql ] [ SQL ] SELECT COUNT(*) AS tp_count FROM `chat_log` WHERE  `toid` = 10659  AND `is_read` = 0 LIMIT 1 [ RunTime:0.000201s ]
[ sql ] [ SQL ] SELECT * FROM `wy_users` WHERE  `user_id` = 10659 LIMIT 1 [ RunTime:0.000303s ]
[ sql ] [ SQL ] SHOW COLUMNS FROM `wy_online` [ RunTime:0.000501s ]
[ sql ] [ SQL ] SELECT * FROM `wy_online` WHERE  `user_id` = 10659 LIMIT 1 [ RunTime:0.000273s ]
[ sql ] [ SQL ] UPDATE `wy_online`  SET `user_id`=10659,`user_name`='xixi',`user_sex`=0,`user_ico`='http://www.pauzzz.com/uploadfiles/avatar/20190217/1550369037831_162.jpg',`active_time`=1580173609,`hidden`=0  WHERE  `user_id` = 10659 [ RunTime:0.000280s ]
---------------------------------------------------------------
[ 2020-01-28T09:06:55+08:00 ] 223.104.111.242 GET /index/index/logout.html
[ sql ] [ DB ] CONNECT:[ UseTime:0.000595s ] mysql:host=127.0.0.1;port=3306;dbname=henimeet;charset=utf8
[ sql ] [ SQL ] SHOW COLUMNS FROM `wy_online` [ RunTime:0.000767s ]
[ sql ] [ SQL ] DELETE FROM `wy_online`    WHERE  `user_id` = 10659 [ RunTime:0.000297s ]
---------------------------------------------------------------
[ 2020-01-28T09:07:19+08:00 ] 223.104.111.242 POST /index/index/login.html
[ sql ] [ DB ] CONNECT:[ UseTime:0.000623s ] mysql:host=127.0.0.1;port=3306;dbname=henimeet;charset=utf8
[ sql ] [ SQL ] SHOW COLUMNS FROM `wy_users` [ RunTime:0.001075s ]
[ sql ] [ SQL ] SELECT `is_pass`,`user_id`,`user_email`,`user_name`,`user_pws`,`user_sex`,`user_ico` FROM `wy_users` WHERE  (  user_name='youni' or user_email='youni' ) LIMIT 1 [ RunTime:0.005715s ]
[ sql ] [ SQL ] SELECT * FROM `wy_users` WHERE  `user_id` = 7936 LIMIT 1 [ RunTime:0.000517s ]
[ sql ] [ SQL ] SHOW COLUMNS FROM `wy_online` [ RunTime:0.000581s ]
[ sql ] [ SQL ] SELECT * FROM `wy_online` WHERE  `user_id` = 7936 LIMIT 1 [ RunTime:0.001068s ]
[ sql ] [ SQL ] SHOW COLUMNS FROM `chat_users` [ RunTime:0.000540s ]
[ sql ] [ SQL ] UPDATE `chat_users`  SET `line_status`=1,`app_online`=1  WHERE  `uid` = 7936 [ RunTime:0.000277s ]
[ sql ] [ SQL ] UPDATE `wy_users`  SET `lastlogin_datetime`='2020-01-28 09:07:19',`login_ip`='223.104.111.242'  WHERE  `user_id` = 7936 [ RunTime:0.001001s ]
---------------------------------------------------------------
[ 2020-01-28T09:07:19+08:00 ] 223.104.111.242 GET /index/main/index.html
[ sql ] [ DB ] CONNECT:[ UseTime:0.000604s ] mysql:host=127.0.0.1;port=3306;dbname=henimeet;charset=utf8
[ sql ] [ SQL ] SHOW COLUMNS FROM `wy_users` [ RunTime:0.001061s ]
[ sql ] [ SQL ] SELECT * FROM `wy_users` WHERE  `user_id` = 7936 LIMIT 1 [ RunTime:0.000564s ]
[ sql ] [ SQL ] SHOW COLUMNS FROM `chat_log` [ RunTime:0.000546s ]
[ sql ] [ SQL ] SELECT COUNT(*) AS tp_count FROM `chat_log` WHERE  `toid` = 7936  AND `is_read` = 0 LIMIT 1 [ RunTime:0.003647s ]
[ sql ] [ SQL ] SELECT * FROM `wy_users` WHERE  `user_id` = 7936 LIMIT 1 [ RunTime:0.000281s ]
[ sql ] [ SQL ] SHOW COLUMNS FROM `wy_online` [ RunTime:0.000544s ]
[ sql ] [ SQL ] SELECT * FROM `wy_online` WHERE  `user_id` = 7936 LIMIT 1 [ RunTime:0.000256s ]
[ sql ] [ SQL ] UPDATE `wy_online`  SET `user_id`=7936,`user_name`='youni',`user_sex`=0,`user_ico`='http://www.pauzzz.com/uploadfiles/avatar/20181029/1540805076819_162.jpg',`active_time`=1580173639,`hidden`=0  WHERE  `user_id` = 7936 [ RunTime:0.000461s ]
---------------------------------------------------------------
[ 2020-01-28T09:07:19+08:00 ] 223.104.111.242 GET /index/main/query/page/1.html
[ sql ] [ DB ] CONNECT:[ UseTime:0.000649s ] mysql:host=127.0.0.1;port=3306;dbname=henimeet;charset=utf8
[ sql ] [ SQL ] SHOW COLUMNS FROM `wy_users` [ RunTime:0.001022s ]
[ sql ] [ SQL ] SELECT * FROM `wy_users` WHERE  `user_id` = 7936 LIMIT 1 [ RunTime:0.000455s ]
[ sql ] [ SQL ] SHOW COLUMNS FROM `chat_log` [ RunTime:0.000532s ]
[ sql ] [ SQL ] SELECT COUNT(*) AS tp_count FROM `chat_log` WHERE  `toid` = 7936  AND `is_read` = 0 LIMIT 1 [ RunTime:0.000189s ]
[ sql ] [ SQL ] SELECT * FROM `wy_users` WHERE  `user_id` = 7936 LIMIT 1 [ RunTime:0.000289s ]
[ sql ] [ SQL ] SHOW COLUMNS FROM `wy_online` [ RunTime:0.000529s ]
[ sql ] [ SQL ] SELECT * FROM `wy_online` WHERE  `user_id` = 7936 LIMIT 1 [ RunTime:0.000259s ]
[ sql ] [ SQL ] UPDATE `wy_online`  SET `user_id`=7936,`user_name`='youni',`user_sex`=0,`user_ico`='http://www.pauzzz.com/uploadfiles/avatar/20181029/1540805076819_162.jpg',`active_time`=1580173639,`hidden`=0  WHERE  `user_id` = 7936 [ RunTime:0.000253s ]
[ sql ] [ SQL ] SELECT COUNT(*) AS tp_count FROM `wy_users` WHERE  `user_sex` <> 0  AND `is_pass` <> 0 LIMIT 1 [ RunTime:0.010308s ]
[ sql ] [ SQL ] SELECT `u`.`user_name`,`u`.`user_ico`,`u`.`user_sex`,`u`.`user_group`,`u`.`user_id`,`o`.`online_id` FROM `wy_users` `u` LEFT JOIN `wy_online` `o` ON `u`.`user_id`=`o`.`user_id` WHERE  (  u.user_sex != '0' and u.is_pass!='0' ) ORDER BY u.is_service desc, o.active_time desc LIMIT 0,16 [ RunTime:0.019995s ]
---------------------------------------------------------------
[ 2020-01-28T09:07:27+08:00 ] 223.104.111.242 GET /index/user/index.html
[ sql ] [ DB ] CONNECT:[ UseTime:0.000646s ] mysql:host=127.0.0.1;port=3306;dbname=henimeet;charset=utf8
[ sql ] [ SQL ] SHOW COLUMNS FROM `wy_users` [ RunTime:0.001031s ]
[ sql ] [ SQL ] SELECT * FROM `wy_users` WHERE  `user_id` = 7936 LIMIT 1 [ RunTime:0.000436s ]
[ sql ] [ SQL ] SHOW COLUMNS FROM `chat_log` [ RunTime:0.000548s ]
[ sql ] [ SQL ] SELECT COUNT(*) AS tp_count FROM `chat_log` WHERE  `toid` = 7936  AND `is_read` = 0 LIMIT 1 [ RunTime:0.000219s ]
[ sql ] [ SQL ] SELECT * FROM `wy_users` WHERE  `user_id` = 7936 LIMIT 1 [ RunTime:0.000267s ]
[ sql ] [ SQL ] SHOW COLUMNS FROM `wy_online` [ RunTime:0.000522s ]
[ sql ] [ SQL ] SELECT * FROM `wy_online` WHERE  `user_id` = 7936 LIMIT 1 [ RunTime:0.000186s ]
[ sql ] [ SQL ] UPDATE `wy_online`  SET `user_id`=7936,`user_name`='youni',`user_sex`=0,`user_ico`='http://www.pauzzz.com/uploadfiles/avatar/20181029/1540805076819_162.jpg',`active_time`=1580173647,`hidden`=0  WHERE  `user_id` = 7936 [ RunTime:0.000474s ]
[ sql ] [ SQL ] SELECT * FROM `wy_users` WHERE  `user_id` = 7936 LIMIT 1 [ RunTime:0.000390s ]
---------------------------------------------------------------
[ 2020-01-28T09:07:30+08:00 ] 223.104.111.242 GET /index/profile/index.html
[ sql ] [ DB ] CONNECT:[ UseTime:0.000620s ] mysql:host=127.0.0.1;port=3306;dbname=henimeet;charset=utf8
[ sql ] [ SQL ] SHOW COLUMNS FROM `wy_users` [ RunTime:0.001037s ]
[ sql ] [ SQL ] SELECT * FROM `wy_users` WHERE  `user_id` = 7936 LIMIT 1 [ RunTime:0.000432s ]
[ sql ] [ SQL ] SHOW COLUMNS FROM `chat_log` [ RunTime:0.000545s ]
[ sql ] [ SQL ] SELECT COUNT(*) AS tp_count FROM `chat_log` WHERE  `toid` = 7936  AND `is_read` = 0 LIMIT 1 [ RunTime:0.000224s ]
[ sql ] [ SQL ] SELECT * FROM `wy_users` WHERE  `user_id` = 7936 LIMIT 1 [ RunTime:0.000285s ]
[ sql ] [ SQL ] SHOW COLUMNS FROM `wy_online` [ RunTime:0.000543s ]
[ sql ] [ SQL ] SELECT * FROM `wy_online` WHERE  `user_id` = 7936 LIMIT 1 [ RunTime:0.000260s ]
[ sql ] [ SQL ] UPDATE `wy_online`  SET `user_id`=7936,`user_name`='youni',`user_sex`=0,`user_ico`='http://www.pauzzz.com/uploadfiles/avatar/20181029/1540805076819_162.jpg',`active_time`=1580173650,`hidden`=0  WHERE  `user_id` = 7936 [ RunTime:0.000425s ]
[ sql ] [ SQL ] SELECT `user_id`,`user_name`,`user_sex`,`user_ico`,`birth_year`,`birth_month`,`birth_day`,`country`,`waimao`,`sexual`,`height`,`weight`,`income`,`gerenjieshao` FROM `wy_users` WHERE  `user_id` = 7936 LIMIT 1 [ RunTime:0.000266s ]
[ sql ] [ SQL ] SHOW COLUMNS FROM `wy_country` [ RunTime:0.000439s ]
[ sql ] [ SQL ] SELECT `id`,`cname` FROM `wy_country` [ RunTime:0.000197s ]
---------------------------------------------------------------
[ 2020-01-28T09:07:54+08:00 ] 223.104.111.242 GET /index/set/index.html
[ sql ] [ DB ] CONNECT:[ UseTime:0.000655s ] mysql:host=127.0.0.1;port=3306;dbname=henimeet;charset=utf8
[ sql ] [ SQL ] SHOW COLUMNS FROM `wy_users` [ RunTime:0.001012s ]
[ sql ] [ SQL ] SELECT * FROM `wy_users` WHERE  `user_id` = 7936 LIMIT 1 [ RunTime:0.000538s ]
[ sql ] [ SQL ] SHOW COLUMNS FROM `chat_log` [ RunTime:0.000555s ]
[ sql ] [ SQL ] SELECT COUNT(*) AS tp_count FROM `chat_log` WHERE  `toid` = 7936  AND `is_read` = 0 LIMIT 1 [ RunTime:0.000200s ]
[ sql ] [ SQL ] SELECT * FROM `wy_users` WHERE  `user_id` = 7936 LIMIT 1 [ RunTime:0.000308s ]
[ sql ] [ SQL ] SHOW COLUMNS FROM `wy_online` [ RunTime:0.000502s ]
[ sql ] [ SQL ] SELECT * FROM `wy_online` WHERE  `user_id` = 7936 LIMIT 1 [ RunTime:0.000263s ]
[ sql ] [ SQL ] UPDATE `wy_online`  SET `user_id`=7936,`user_name`='youni',`user_sex`=0,`user_ico`='http://www.pauzzz.com/uploadfiles/avatar/20181029/1540805076819_162.jpg',`active_time`=1580173674,`hidden`=0  WHERE  `user_id` = 7936 [ RunTime:0.000426s ]
---------------------------------------------------------------
[ 2020-01-28T09:07:56+08:00 ] 223.104.111.242 GET /index/index/logout.html
[ sql ] [ DB ] CONNECT:[ UseTime:0.000598s ] mysql:host=127.0.0.1;port=3306;dbname=henimeet;charset=utf8
[ sql ] [ SQL ] SHOW COLUMNS FROM `wy_online` [ RunTime:0.000764s ]
[ sql ] [ SQL ] DELETE FROM `wy_online`    WHERE  `user_id` = 7936 [ RunTime:0.000307s ]
---------------------------------------------------------------
[ 2020-01-28T09:08:19+08:00 ] 223.104.111.242 POST /index/index/login.html
[ sql ] [ DB ] CONNECT:[ UseTime:0.000654s ] mysql:host=127.0.0.1;port=3306;dbname=henimeet;charset=utf8
[ sql ] [ SQL ] SHOW COLUMNS FROM `wy_users` [ RunTime:0.001041s ]
[ sql ] [ SQL ] SELECT `is_pass`,`user_id`,`user_email`,`user_name`,`user_pws`,`user_sex`,`user_ico` FROM `wy_users` WHERE  (  user_name='xixi' or user_email='xixi' ) LIMIT 1 [ RunTime:0.007745s ]
[ sql ] [ SQL ] SELECT * FROM `wy_users` WHERE  `user_id` = 10659 LIMIT 1 [ RunTime:0.000521s ]
[ sql ] [ SQL ] SHOW COLUMNS FROM `wy_online` [ RunTime:0.000607s ]
[ sql ] [ SQL ] SELECT * FROM `wy_online` WHERE  `user_id` = 10659 LIMIT 1 [ RunTime:0.000236s ]
[ sql ] [ SQL ] INSERT INTO `wy_online` (`user_id` , `user_name` , `user_sex` , `user_ico` , `active_time`) VALUES (10659 , 'xixi' , 0 , 'http://www.pauzzz.com/uploadfiles/avatar/20190217/1550369037831_162.jpg' , 1580173699) [ RunTime:0.000386s ]
[ sql ] [ SQL ] SHOW COLUMNS FROM `chat_users` [ RunTime:0.000539s ]
[ sql ] [ SQL ] UPDATE `chat_users`  SET `line_status`=1,`app_online`=1  WHERE  `uid` = 10659 [ RunTime:0.000264s ]
[ sql ] [ SQL ] UPDATE `wy_users`  SET `lastlogin_datetime`='2020-01-28 09:08:19',`login_ip`='223.104.111.242'  WHERE  `user_id` = 10659 [ RunTime:0.000420s ]
---------------------------------------------------------------
[ 2020-01-28T09:08:19+08:00 ] 223.104.111.242 GET /index/main/index.html
[ sql ] [ DB ] CONNECT:[ UseTime:0.000615s ] mysql:host=127.0.0.1;port=3306;dbname=henimeet;charset=utf8
[ sql ] [ SQL ] SHOW COLUMNS FROM `wy_users` [ RunTime:0.001043s ]
[ sql ] [ SQL ] SELECT * FROM `wy_users` WHERE  `user_id` = 10659 LIMIT 1 [ RunTime:0.000579s ]
[ sql ] [ SQL ] SHOW COLUMNS FROM `chat_log` [ RunTime:0.000547s ]
[ sql ] [ SQL ] SELECT COUNT(*) AS tp_count FROM `chat_log` WHERE  `toid` = 10659  AND `is_read` = 0 LIMIT 1 [ RunTime:0.000215s ]
[ sql ] [ SQL ] SELECT * FROM `wy_users` WHERE  `user_id` = 10659 LIMIT 1 [ RunTime:0.000278s ]
[ sql ] [ SQL ] SHOW COLUMNS FROM `wy_online` [ RunTime:0.000544s ]
[ sql ] [ SQL ] SELECT * FROM `wy_online` WHERE  `user_id` = 10659 LIMIT 1 [ RunTime:0.000255s ]
[ sql ] [ SQL ] UPDATE `wy_online`  SET `user_id`=10659,`user_name`='xixi',`user_sex`=0,`user_ico`='http://www.pauzzz.com/uploadfiles/avatar/20190217/1550369037831_162.jpg',`active_time`=1580173699,`hidden`=0  WHERE  `user_id` = 10659 [ RunTime:0.000265s ]
---------------------------------------------------------------
[ 2020-01-28T09:08:19+08:00 ] 223.104.111.242 GET /index/main/query/page/1.html
[ sql ] [ DB ] CONNECT:[ UseTime:0.000614s ] mysql:host=127.0.0.1;port=3306;dbname=henimeet;charset=utf8
[ sql ] [ SQL ] SHOW COLUMNS FROM `wy_users` [ RunTime:0.001008s ]
[ sql ] [ SQL ] SELECT * FROM `wy_users` WHERE  `user_id` = 10659 LIMIT 1 [ RunTime:0.000455s ]
[ sql ] [ SQL ] SHOW COLUMNS FROM `chat_log` [ RunTime:0.000561s ]
[ sql ] [ SQL ] SELECT COUNT(*) AS tp_count FROM `chat_log` WHERE  `toid` = 10659  AND `is_read` = 0 LIMIT 1 [ RunTime:0.000190s ]
[ sql ] [ SQL ] SELECT * FROM `wy_users` WHERE  `user_id` = 10659 LIMIT 1 [ RunTime:0.000285s ]
[ sql ] [ SQL ] SHOW COLUMNS FROM `wy_online` [ RunTime:0.000496s ]
[ sql ] [ SQL ] SELECT * FROM `wy_online` WHERE  `user_id` = 10659 LIMIT 1 [ RunTime:0.000185s ]
[ sql ] [ SQL ] UPDATE `wy_online`  SET `user_id`=10659,`user_name`='xixi',`user_sex`=0,`user_ico`='http://www.pauzzz.com/uploadfiles/avatar/20190217/1550369037831_162.jpg',`active_time`=1580173699,`hidden`=0  WHERE  `user_id` = 10659 [ RunTime:0.000258s ]
[ sql ] [ SQL ] SELECT COUNT(*) AS tp_count FROM `wy_users` WHERE  `user_sex` <> 0  AND `is_pass` <> 0 LIMIT 1 [ RunTime:0.010454s ]
[ sql ] [ SQL ] SELECT `u`.`user_name`,`u`.`user_ico`,`u`.`user_sex`,`u`.`user_group`,`u`.`user_id`,`o`.`online_id` FROM `wy_users` `u` LEFT JOIN `wy_online` `o` ON `u`.`user_id`=`o`.`user_id` WHERE  (  u.user_sex != '0' and u.is_pass!='0' ) ORDER BY u.is_service desc, o.active_time desc LIMIT 0,16 [ RunTime:0.020430s ]
---------------------------------------------------------------
[ 2020-01-28T09:45:04+08:00 ] 61.158.152.74 GET /index/chat/index.html
[ sql ] [ DB ] CONNECT:[ UseTime:0.000583s ] mysql:host=127.0.0.1;port=3306;dbname=henimeet;charset=utf8
[ sql ] [ SQL ] SHOW COLUMNS FROM `wy_users` [ RunTime:0.001056s ]
[ sql ] [ SQL ] SELECT * FROM `wy_users` WHERE  `user_id` = 697 LIMIT 1 [ RunTime:0.000576s ]
[ sql ] [ SQL ] SHOW COLUMNS FROM `chat_log` [ RunTime:0.000573s ]
[ sql ] [ SQL ] SELECT COUNT(*) AS tp_count FROM `chat_log` WHERE  `toid` = 697  AND `is_read` = 0 LIMIT 1 [ RunTime:0.000195s ]
[ sql ] [ SQL ] SELECT * FROM `wy_users` WHERE  `user_id` = 697 LIMIT 1 [ RunTime:0.000293s ]
[ sql ] [ SQL ] SHOW COLUMNS FROM `wy_online` [ RunTime:0.000498s ]
[ sql ] [ SQL ] SELECT * FROM `wy_online` WHERE  `user_id` = 697 LIMIT 1 [ RunTime:0.000264s ]
[ sql ] [ SQL ] UPDATE `wy_online`  SET `user_id`=697,`user_name`='jingjing',`user_sex`=0,`user_ico`='http://www.pauzzz.com/uploadfiles/avatar/20191025/1571968321766_162.jpg',`active_time`=1580175904,`hidden`=0  WHERE  `user_id` = 697 [ RunTime:0.000448s ]
---------------------------------------------------------------
[ 2020-01-28T09:45:04+08:00 ] 61.158.152.74 GET /index/chat/getdata.html
[ sql ] [ DB ] CONNECT:[ UseTime:0.000606s ] mysql:host=127.0.0.1;port=3306;dbname=henimeet;charset=utf8
[ sql ] [ SQL ] SHOW COLUMNS FROM `wy_users` [ RunTime:0.001027s ]
[ sql ] [ SQL ] SELECT * FROM `wy_users` WHERE  `user_id` = 697 LIMIT 1 [ RunTime:0.000460s ]
[ sql ] [ SQL ] SHOW COLUMNS FROM `chat_log` [ RunTime:0.000583s ]
[ sql ] [ SQL ] SELECT COUNT(*) AS tp_count FROM `chat_log` WHERE  `toid` = 697  AND `is_read` = 0 LIMIT 1 [ RunTime:0.000196s ]
[ sql ] [ SQL ] SELECT * FROM `wy_users` WHERE  `user_id` = 697 LIMIT 1 [ RunTime:0.000272s ]
[ sql ] [ SQL ] SHOW COLUMNS FROM `wy_online` [ RunTime:0.000518s ]
[ sql ] [ SQL ] SELECT * FROM `wy_online` WHERE  `user_id` = 697 LIMIT 1 [ RunTime:0.000271s ]
[ sql ] [ SQL ] UPDATE `wy_online`  SET `user_id`=697,`user_name`='jingjing',`user_sex`=0,`user_ico`='http://www.pauzzz.com/uploadfiles/avatar/20191025/1571968321766_162.jpg',`active_time`=1580175904,`hidden`=0  WHERE  `user_id` = 697 [ RunTime:0.000281s ]
[ sql ] [ SQL ] SELECT * FROM `chat_log` WHERE  (  fromid='697' or toid='697' ) ORDER BY timeline desc [ RunTime:0.004484s ]
[ sql ] [ SQL ] SELECT `user_id`,`user_name`,`user_ico`,`user_sex` FROM `wy_users` WHERE  `user_id` IN (751,5938,7959,14547,1708,13422,11262,1664,9933,11559,11352,13894,881,13219,727,11014,13996,13176,10649,13597,1459,12720,2592,11892,12873,8215,11867,12836,12702,12646,1855,12620,12323,12508,11587,11240,11180,11144,11431,2302,10953,11040,10562,5452,6073,7920,14576,14583,14573,3445,14497,14495,14488,14489,14482,14479,10701,5049,9168,13461,10645,11198) [ RunTime:0.001349s ]
[ sql ] [ SQL ] SELECT COUNT(*) AS tp_count FROM `chat_log` WHERE  `fromid` = 727  AND `toid` = 697  AND `is_read` = 0 LIMIT 1 [ RunTime:0.000439s ]
[ sql ] [ SQL ] SELECT COUNT(*) AS tp_count FROM `chat_log` WHERE  `fromid` = 751  AND `toid` = 697  AND `is_read` = 0 LIMIT 1 [ RunTime:0.001555s ]
[ sql ] [ SQL ] SELECT COUNT(*) AS tp_count FROM `chat_log` WHERE  `fromid` = 881  AND `toid` = 697  AND `is_read` = 0 LIMIT 1 [ RunTime:0.001608s ]
[ sql ] [ SQL ] SELECT COUNT(*) AS tp_count FROM `chat_log` WHERE  `fromid` = 1459  AND `toid` = 697  AND `is_read` = 0 LIMIT 1 [ RunTime:0.000359s ]
[ sql ] [ SQL ] SELECT COUNT(*) AS tp_count FROM `chat_log` WHERE  `fromid` = 1664  AND `toid` = 697  AND `is_read` = 0 LIMIT 1 [ RunTime:0.001307s ]
[ sql ] [ SQL ] SELECT COUNT(*) AS tp_count FROM `chat_log` WHERE  `fromid` = 1708  AND `toid` = 697  AND `is_read` = 0 LIMIT 1 [ RunTime:0.012982s ]
[ sql ] [ SQL ] SELECT COUNT(*) AS tp_count FROM `chat_log` WHERE  `fromid` = 1855  AND `toid` = 697  AND `is_read` = 0 LIMIT 1 [ RunTime:0.000734s ]
[ sql ] [ SQL ] SELECT COUNT(*) AS tp_count FROM `chat_log` WHERE  `fromid` = 2302  AND `toid` = 697  AND `is_read` = 0 LIMIT 1 [ RunTime:0.000698s ]
[ sql ] [ SQL ] SELECT COUNT(*) AS tp_count FROM `chat_log` WHERE  `fromid` = 2592  AND `toid` = 697  AND `is_read` = 0 LIMIT 1 [ RunTime:0.000844s ]
[ sql ] [ SQL ] SELECT COUNT(*) AS tp_count FROM `chat_log` WHERE  `fromid` = 3445  AND `toid` = 697  AND `is_read` = 0 LIMIT 1 [ RunTime:0.000821s ]
[ sql ] [ SQL ] SELECT COUNT(*) AS tp_count FROM `chat_log` WHERE  `fromid` = 5049  AND `toid` = 697  AND `is_read` = 0 LIMIT 1 [ RunTime:0.000335s ]
[ sql ] [ SQL ] SELECT COUNT(*) AS tp_count FROM `chat_log` WHERE  `fromid` = 5452  AND `toid` = 697  AND `is_read` = 0 LIMIT 1 [ RunTime:0.000679s ]
[ sql ] [ SQL ] SELECT COUNT(*) AS tp_count FROM `chat_log` WHERE  `fromid` = 5938  AND `toid` = 697  AND `is_read` = 0 LIMIT 1 [ RunTime:0.000942s ]
[ sql ] [ SQL ] SELECT COUNT(*) AS tp_count FROM `chat_log` WHERE  `fromid` = 6073  AND `toid` = 697  AND `is_read` = 0 LIMIT 1 [ RunTime:0.000697s ]
[ sql ] [ SQL ] SELECT COUNT(*) AS tp_count FROM `chat_log` WHERE  `fromid` = 7920  AND `toid` = 697  AND `is_read` = 0 LIMIT 1 [ RunTime:0.000268s ]
[ sql ] [ SQL ] SELECT COUNT(*) AS tp_count FROM `chat_log` WHERE  `fromid` = 7959  AND `toid` = 697  AND `is_read` = 0 LIMIT 1 [ RunTime:0.001567s ]
[ sql ] [ SQL ] SELECT COUNT(*) AS tp_count FROM `chat_log` WHERE  `fromid` = 8215  AND `toid` = 697  AND `is_read` = 0 LIMIT 1 [ RunTime:0.000732s ]
[ sql ] [ SQL ] SELECT COUNT(*) AS tp_count FROM `chat_log` WHERE  `fromid` = 9168  AND `toid` = 697  AND `is_read` = 0 LIMIT 1 [ RunTime:0.000262s ]
[ sql ] [ SQL ] SELECT COUNT(*) AS tp_count FROM `chat_log` WHERE  `fromid` = 9933  AND `toid` = 697  AND `is_read` = 0 LIMIT 1 [ RunTime:0.000963s ]
[ sql ] [ SQL ] SELECT COUNT(*) AS tp_count FROM `chat_log` WHERE  `fromid` = 10562  AND `toid` = 697  AND `is_read` = 0 LIMIT 1 [ RunTime:0.000275s ]
[ sql ] [ SQL ] SELECT COUNT(*) AS tp_count FROM `chat_log` WHERE  `fromid` = 10645  AND `toid` = 697  AND `is_read` = 0 LIMIT 1 [ RunTime:0.000689s ]
[ sql ] [ SQL ] SELECT COUNT(*) AS tp_count FROM `chat_log` WHERE  `fromid` = 10649  AND `toid` = 697  AND `is_read` = 0 LIMIT 1 [ RunTime:0.000802s ]
[ sql ] [ SQL ] SELECT COUNT(*) AS tp_count FROM `chat_log` WHERE  `fromid` = 10701  AND `toid` = 697  AND `is_read` = 0 LIMIT 1 [ RunTime:0.000912s ]
[ sql ] [ SQL ] SELECT COUNT(*) AS tp_count FROM `chat_log` WHERE  `fromid` = 10953  AND `toid` = 697  AND `is_read` = 0 LIMIT 1 [ RunTime:0.001433s ]
[ sql ] [ SQL ] SELECT COUNT(*) AS tp_count FROM `chat_log` WHERE  `fromid` = 11014  AND `toid` = 697  AND `is_read` = 0 LIMIT 1 [ RunTime:0.000818s ]
[ sql ] [ SQL ] SELECT COUNT(*) AS tp_count FROM `chat_log` WHERE  `fromid` = 11040  AND `toid` = 697  AND `is_read` = 0 LIMIT 1 [ RunTime:0.000839s ]
[ sql ] [ SQL ] SELECT COUNT(*) AS tp_count FROM `chat_log` WHERE  `fromid` = 11144  AND `toid` = 697  AND `is_read` = 0 LIMIT 1 [ RunTime:0.000532s ]
[ sql ] [ SQL ] SELECT COUNT(*) AS tp_count FROM `chat_log` WHERE  `fromid` = 11180  AND `toid` = 697  AND `is_read` = 0 LIMIT 1 [ RunTime:0.000711s ]
[ sql ] [ SQL ] SELECT COUNT(*) AS tp_count FROM `chat_log` WHERE  `fromid` = 11198  AND `toid` = 697  AND `is_read` = 0 LIMIT 1 [ RunTime:0.000288s ]
[ sql ] [ SQL ] SELECT COUNT(*) AS tp_count FROM `chat_log` WHERE  `fromid` = 11240  AND `toid` = 697  AND `is_read` = 0 LIMIT 1 [ RunTime:0.000707s ]
[ sql ] [ SQL ] SELECT COUNT(*) AS tp_count FROM `chat_log` WHERE  `fromid` = 11262  AND `toid` = 697  AND `is_read` = 0 LIMIT 1 [ RunTime:0.001685s ]
[ sql ] [ SQL ] SELECT COUNT(*) AS tp_count FROM `chat_log` WHERE  `fromid` = 11352  AND `toid` = 697  AND `is_read` = 0 LIMIT 1 [ RunTime:0.000876s ]
[ sql ] [ SQL ] SELECT COUNT(*) AS tp_count FROM `chat_log` WHERE  `fromid` = 11431  AND `toid` = 697  AND `is_read` = 0 LIMIT 1 [ RunTime:0.000649s ]
[ sql ] [ SQL ] SELECT COUNT(*) AS tp_count FROM `chat_log` WHERE  `fromid` = 11559  AND `toid` = 697  AND `is_read` = 0 LIMIT 1 [ RunTime:0.000875s ]
[ sql ] [ SQL ] SELECT COUNT(*) AS tp_count FROM `chat_log` WHERE  `fromid` = 11587  AND `toid` = 697  AND `is_read` = 0 LIMIT 1 [ RunTime:0.000653s ]
[ sql ] [ SQL ] SELECT COUNT(*) AS tp_count FROM `chat_log` WHERE  `fromid` = 11867  AND `toid` = 697  AND `is_read` = 0 LIMIT 1 [ RunTime:0.000757s ]
[ sql ] [ SQL ] SELECT COUNT(*) AS tp_count FROM `chat_log` WHERE  `fromid` = 11892  AND `toid` = 697  AND `is_read` = 0 LIMIT 1 [ RunTime:0.000759s ]
[ sql ] [ SQL ] SELECT COUNT(*) AS tp_count FROM `chat_log` WHERE  `fromid` = 12323  AND `toid` = 697  AND `is_read` = 0 LIMIT 1 [ RunTime:0.000648s ]
[ sql ] [ SQL ] SELECT COUNT(*) AS tp_count FROM `chat_log` WHERE  `fromid` = 12508  AND `toid` = 697  AND `is_read` = 0 LIMIT 1 [ RunTime:0.000675s ]
[ sql ] [ SQL ] SELECT COUNT(*) AS tp_count FROM `chat_log` WHERE  `fromid` = 12620  AND `toid` = 697  AND `is_read` = 0 LIMIT 1 [ RunTime:0.000826s ]
[ sql ] [ SQL ] SELECT COUNT(*) AS tp_count FROM `chat_log` WHERE  `fromid` = 12646  AND `toid` = 697  AND `is_read` = 0 LIMIT 1 [ RunTime:0.000701s ]
[ sql ] [ SQL ] SELECT COUNT(*) AS tp_count FROM `chat_log` WHERE  `fromid` = 12702  AND `toid` = 697  AND `is_read` = 0 LIMIT 1 [ RunTime:0.000646s ]
[ sql ] [ SQL ] SELECT COUNT(*) AS tp_count FROM `chat_log` WHERE  `fromid` = 12720  AND `toid` = 697  AND `is_read` = 0 LIMIT 1 [ RunTime:0.000748s ]
[ sql ] [ SQL ] SELECT COUNT(*) AS tp_count FROM `chat_log` WHERE  `fromid` = 12836  AND `toid` = 697  AND `is_read` = 0 LIMIT 1 [ RunTime:0.000688s ]
[ sql ] [ SQL ] SELECT COUNT(*) AS tp_count FROM `chat_log` WHERE  `fromid` = 12873  AND `toid` = 697  AND `is_read` = 0 LIMIT 1 [ RunTime:0.000785s ]
[ sql ] [ SQL ] SELECT COUNT(*) AS tp_count FROM `chat_log` WHERE  `fromid` = 13176  AND `toid` = 697  AND `is_read` = 0 LIMIT 1 [ RunTime:0.001314s ]
[ sql ] [ SQL ] SELECT COUNT(*) AS tp_count FROM `chat_log` WHERE  `fromid` = 13219  AND `toid` = 697  AND `is_read` = 0 LIMIT 1 [ RunTime:0.001037s ]
[ sql ] [ SQL ] SELECT COUNT(*) AS tp_count FROM `chat_log` WHERE  `fromid` = 13422  AND `toid` = 697  AND `is_read` = 0 LIMIT 1 [ RunTime:0.000923s ]
[ sql ] [ SQL ] SELECT COUNT(*) AS tp_count FROM `chat_log` WHERE  `fromid` = 13461  AND `toid` = 697  AND `is_read` = 0 LIMIT 1 [ RunTime:0.000254s ]
[ sql ] [ SQL ] SELECT COUNT(*) AS tp_count FROM `chat_log` WHERE  `fromid` = 13597  AND `toid` = 697  AND `is_read` = 0 LIMIT 1 [ RunTime:0.000731s ]
[ sql ] [ SQL ] SELECT COUNT(*) AS tp_count FROM `chat_log` WHERE  `fromid` = 13894  AND `toid` = 697  AND `is_read` = 0 LIMIT 1 [ RunTime:0.000860s ]
[ sql ] [ SQL ] SELECT COUNT(*) AS tp_count FROM `chat_log` WHERE  `fromid` = 13996  AND `toid` = 697  AND `is_read` = 0 LIMIT 1 [ RunTime:0.000826s ]
[ sql ] [ SQL ] SELECT COUNT(*) AS tp_count FROM `chat_log` WHERE  `fromid` = 14479  AND `toid` = 697  AND `is_read` = 0 LIMIT 1 [ RunTime:0.000833s ]
[ sql ] [ SQL ] SELECT COUNT(*) AS tp_count FROM `chat_log` WHERE  `fromid` = 14482  AND `toid` = 697  AND `is_read` = 0 LIMIT 1 [ RunTime:0.000273s ]
[ sql ] [ SQL ] SELECT COUNT(*) AS tp_count FROM `chat_log` WHERE  `fromid` = 14488  AND `toid` = 697  AND `is_read` = 0 LIMIT 1 [ RunTime:0.000260s ]
[ sql ] [ SQL ] SELECT COUNT(*) AS tp_count FROM `chat_log` WHERE  `fromid` = 14489  AND `toid` = 697  AND `is_read` = 0 LIMIT 1 [ RunTime:0.000235s ]
[ sql ] [ SQL ] SELECT COUNT(*) AS tp_count FROM `chat_log` WHERE  `fromid` = 14495  AND `toid` = 697  AND `is_read` = 0 LIMIT 1 [ RunTime:0.000249s ]
[ sql ] [ SQL ] SELECT COUNT(*) AS tp_count FROM `chat_log` WHERE  `fromid` = 14497  AND `toid` = 697  AND `is_read` = 0 LIMIT 1 [ RunTime:0.000252s ]
[ sql ] [ SQL ] SELECT COUNT(*) AS tp_count FROM `chat_log` WHERE  `fromid` = 14547  AND `toid` = 697  AND `is_read` = 0 LIMIT 1 [ RunTime:0.000918s ]
[ sql ] [ SQL ] SELECT COUNT(*) AS tp_count FROM `chat_log` WHERE  `fromid` = 14573  AND `toid` = 697  AND `is_read` = 0 LIMIT 1 [ RunTime:0.000256s ]
[ sql ] [ SQL ] SELECT COUNT(*) AS tp_count FROM `chat_log` WHERE  `fromid` = 14576  AND `toid` = 697  AND `is_read` = 0 LIMIT 1 [ RunTime:0.000931s ]
[ sql ] [ SQL ] SELECT COUNT(*) AS tp_count FROM `chat_log` WHERE  `fromid` = 14583  AND `toid` = 697  AND `is_read` = 0 LIMIT 1 [ RunTime:0.000263s ]
---------------------------------------------------------------
[ 2020-01-28T09:45:10+08:00 ] 61.158.152.74 GET /index/main/index.html
[ sql ] [ DB ] CONNECT:[ UseTime:0.000615s ] mysql:host=127.0.0.1;port=3306;dbname=henimeet;charset=utf8
[ sql ] [ SQL ] SHOW COLUMNS FROM `wy_users` [ RunTime:0.001025s ]
[ sql ] [ SQL ] SELECT * FROM `wy_users` WHERE  `user_id` = 697 LIMIT 1 [ RunTime:0.000433s ]
[ sql ] [ SQL ] SHOW COLUMNS FROM `chat_log` [ RunTime:0.000540s ]
[ sql ] [ SQL ] SELECT COUNT(*) AS tp_count FROM `chat_log` WHERE  `toid` = 697  AND `is_read` = 0 LIMIT 1 [ RunTime:0.000196s ]
[ sql ] [ SQL ] SELECT * FROM `wy_users` WHERE  `user_id` = 697 LIMIT 1 [ RunTime:0.000284s ]
[ sql ] [ SQL ] SHOW COLUMNS FROM `wy_online` [ RunTime:0.000509s ]
[ sql ] [ SQL ] SELECT * FROM `wy_online` WHERE  `user_id` = 697 LIMIT 1 [ RunTime:0.000185s ]
[ sql ] [ SQL ] UPDATE `wy_online`  SET `user_id`=697,`user_name`='jingjing',`user_sex`=0,`user_ico`='http://www.pauzzz.com/uploadfiles/avatar/20191025/1571968321766_162.jpg',`active_time`=1580175910,`hidden`=0  WHERE  `user_id` = 697 [ RunTime:0.000462s ]
---------------------------------------------------------------
[ 2020-01-28T09:45:11+08:00 ] 61.158.152.74 GET /index/main/query/page/1.html
[ sql ] [ DB ] CONNECT:[ UseTime:0.000627s ] mysql:host=127.0.0.1;port=3306;dbname=henimeet;charset=utf8
[ sql ] [ SQL ] SHOW COLUMNS FROM `wy_users` [ RunTime:0.001019s ]
[ sql ] [ SQL ] SELECT * FROM `wy_users` WHERE  `user_id` = 697 LIMIT 1 [ RunTime:0.000447s ]
[ sql ] [ SQL ] SHOW COLUMNS FROM `chat_log` [ RunTime:0.000547s ]
[ sql ] [ SQL ] SELECT COUNT(*) AS tp_count FROM `chat_log` WHERE  `toid` = 697  AND `is_read` = 0 LIMIT 1 [ RunTime:0.000191s ]
[ sql ] [ SQL ] SELECT * FROM `wy_users` WHERE  `user_id` = 697 LIMIT 1 [ RunTime:0.000288s ]
[ sql ] [ SQL ] SHOW COLUMNS FROM `wy_online` [ RunTime:0.000523s ]
[ sql ] [ SQL ] SELECT * FROM `wy_online` WHERE  `user_id` = 697 LIMIT 1 [ RunTime:0.000261s ]
[ sql ] [ SQL ] UPDATE `wy_online`  SET `user_id`=697,`user_name`='jingjing',`user_sex`=0,`user_ico`='http://www.pauzzz.com/uploadfiles/avatar/20191025/1571968321766_162.jpg',`active_time`=1580175911,`hidden`=0  WHERE  `user_id` = 697 [ RunTime:0.000424s ]
[ sql ] [ SQL ] SELECT COUNT(*) AS tp_count FROM `wy_users` WHERE  `user_sex` <> 0  AND `is_pass` <> 0 LIMIT 1 [ RunTime:0.000201s ]
[ sql ] [ SQL ] SELECT `u`.`user_name`,`u`.`user_ico`,`u`.`user_sex`,`u`.`user_group`,`u`.`user_id`,`o`.`online_id` FROM `wy_users` `u` LEFT JOIN `wy_online` `o` ON `u`.`user_id`=`o`.`user_id` WHERE  (  u.user_sex != '0' and u.is_pass!='0' ) ORDER BY u.is_service desc, o.active_time desc LIMIT 0,16 [ RunTime:0.020280s ]
---------------------------------------------------------------
[ 2020-01-28T09:45:26+08:00 ] 61.158.152.74 GET /index/mood/index.html
[ sql ] [ DB ] CONNECT:[ UseTime:0.000609s ] mysql:host=127.0.0.1;port=3306;dbname=henimeet;charset=utf8
[ sql ] [ SQL ] SHOW COLUMNS FROM `wy_users` [ RunTime:0.001075s ]
[ sql ] [ SQL ] SELECT * FROM `wy_users` WHERE  `user_id` = 697 LIMIT 1 [ RunTime:0.000440s ]
[ sql ] [ SQL ] SHOW COLUMNS FROM `chat_log` [ RunTime:0.000533s ]
[ sql ] [ SQL ] SELECT COUNT(*) AS tp_count FROM `chat_log` WHERE  `toid` = 697  AND `is_read` = 0 LIMIT 1 [ RunTime:0.000199s ]
[ sql ] [ SQL ] SELECT * FROM `wy_users` WHERE  `user_id` = 697 LIMIT 1 [ RunTime:0.000279s ]
[ sql ] [ SQL ] SHOW COLUMNS FROM `wy_online` [ RunTime:0.000508s ]
[ sql ] [ SQL ] SELECT * FROM `wy_online` WHERE  `user_id` = 697 LIMIT 1 [ RunTime:0.000277s ]
[ sql ] [ SQL ] UPDATE `wy_online`  SET `user_id`=697,`user_name`='jingjing',`user_sex`=0,`user_ico`='http://www.pauzzz.com/uploadfiles/avatar/20191025/1571968321766_162.jpg',`active_time`=1580175926,`hidden`=0  WHERE  `user_id` = 697 [ RunTime:0.000430s ]
---------------------------------------------------------------
[ 2020-01-28T09:45:27+08:00 ] 61.158.152.74 GET /index/mood/index.html?page=1
[ sql ] [ DB ] CONNECT:[ UseTime:0.000630s ] mysql:host=127.0.0.1;port=3306;dbname=henimeet;charset=utf8
[ sql ] [ SQL ] SHOW COLUMNS FROM `wy_users` [ RunTime:0.002276s ]
[ sql ] [ SQL ] SELECT * FROM `wy_users` WHERE  `user_id` = 697 LIMIT 1 [ RunTime:0.000447s ]
[ sql ] [ SQL ] SHOW COLUMNS FROM `chat_log` [ RunTime:0.000532s ]
[ sql ] [ SQL ] SELECT COUNT(*) AS tp_count FROM `chat_log` WHERE  `toid` = 697  AND `is_read` = 0 LIMIT 1 [ RunTime:0.000225s ]
[ sql ] [ SQL ] SELECT * FROM `wy_users` WHERE  `user_id` = 697 LIMIT 1 [ RunTime:0.000269s ]
[ sql ] [ SQL ] SHOW COLUMNS FROM `wy_online` [ RunTime:0.000537s ]
[ sql ] [ SQL ] SELECT * FROM `wy_online` WHERE  `user_id` = 697 LIMIT 1 [ RunTime:0.000264s ]
[ sql ] [ SQL ] UPDATE `wy_online`  SET `user_id`=697,`user_name`='jingjing',`user_sex`=0,`user_ico`='http://www.pauzzz.com/uploadfiles/avatar/20191025/1571968321766_162.jpg',`active_time`=1580175927,`hidden`=0  WHERE  `user_id` = 697 [ RunTime:0.000432s ]
[ sql ] [ SQL ] SHOW COLUMNS FROM `wy_recent_affair` [ RunTime:0.000503s ]
[ sql ] [ SQL ] SELECT COUNT(*) AS tp_count FROM `wy_recent_affair` `r` INNER JOIN `wy_users` `u` ON `r`.`user_id`=`u`.`user_id` WHERE  `r`.`user_id` <> '697'  AND `u`.`user_sex` <> '0' LIMIT 1 [ RunTime:0.000346s ]
[ sql ] [ SQL ] SELECT `r`.`id`,`r`.`type_id`,`r`.`title`,`r`.`content`,`r`.`user_id`,`r`.`user_name`,`r`.`update_time`,`r`.`for_content_id`,`u`.`user_ico`,`u`.`user_sex` FROM `wy_recent_affair` `r` INNER JOIN `wy_users` `u` ON `r`.`user_id`=`u`.`user_id` WHERE  `r`.`user_id` <> '697'  AND `u`.`user_sex` <> '0' ORDER BY r.id desc LIMIT 0,16 [ RunTime:0.000418s ]
[ sql ] [ SQL ] SHOW COLUMNS FROM `wy_mood` [ RunTime:0.000476s ]
[ sql ] [ SQL ] SELECT `mood_pic` FROM `wy_mood` WHERE  `mood_id` = 1216 LIMIT 1 [ RunTime:0.000163s ]
[ sql ] [ SQL ] SELECT `mood_pic` FROM `wy_mood` WHERE  `mood_id` = 1214 LIMIT 1 [ RunTime:0.000159s ]
[ sql ] [ SQL ] SELECT `mood_pic` FROM `wy_mood` WHERE  `mood_id` = 1213 LIMIT 1 [ RunTime:0.000152s ]
[ sql ] [ SQL ] SELECT `mood_pic` FROM `wy_mood` WHERE  `mood_id` = 1212 LIMIT 1 [ RunTime:0.000151s ]
[ sql ] [ SQL ] SELECT `mood_pic` FROM `wy_mood` WHERE  `mood_id` = 1211 LIMIT 1 [ RunTime:0.000150s ]
[ sql ] [ SQL ] SELECT `mood_pic` FROM `wy_mood` WHERE  `mood_id` = 1194 LIMIT 1 [ RunTime:0.000149s ]
[ sql ] [ SQL ] SELECT `mood_pic` FROM `wy_mood` WHERE  `mood_id` = 1191 LIMIT 1 [ RunTime:0.000152s ]
[ sql ] [ SQL ] SELECT `r`.`id`,`r`.`type_id`,`r`.`title`,`r`.`content`,`r`.`user_id`,`r`.`user_name`,`r`.`update_time`,`r`.`for_content_id`,`u`.`user_ico`,`u`.`user_sex` FROM `wy_recent_affair` `r` INNER JOIN `wy_users` `u` ON `r`.`user_id`=`u`.`user_id` WHERE  `r`.`user_id` = '704' ORDER BY r.id desc LIMIT 1 [ RunTime:0.000311s ]
---------------------------------------------------------------
[ 2020-01-28T09:45:31+08:00 ] 61.158.152.74 GET /index/user/index.html
[ sql ] [ DB ] CONNECT:[ UseTime:0.000637s ] mysql:host=127.0.0.1;port=3306;dbname=henimeet;charset=utf8
[ sql ] [ SQL ] SHOW COLUMNS FROM `wy_users` [ RunTime:0.001029s ]
[ sql ] [ SQL ] SELECT * FROM `wy_users` WHERE  `user_id` = 697 LIMIT 1 [ RunTime:0.000434s ]
[ sql ] [ SQL ] SHOW COLUMNS FROM `chat_log` [ RunTime:0.000534s ]
[ sql ] [ SQL ] SELECT COUNT(*) AS tp_count FROM `chat_log` WHERE  `toid` = 697  AND `is_read` = 0 LIMIT 1 [ RunTime:0.000221s ]
[ sql ] [ SQL ] SELECT * FROM `wy_users` WHERE  `user_id` = 697 LIMIT 1 [ RunTime:0.000281s ]
[ sql ] [ SQL ] SHOW COLUMNS FROM `wy_online` [ RunTime:0.000518s ]
[ sql ] [ SQL ] SELECT * FROM `wy_online` WHERE  `user_id` = 697 LIMIT 1 [ RunTime:0.000262s ]
[ sql ] [ SQL ] UPDATE `wy_online`  SET `user_id`=697,`user_name`='jingjing',`user_sex`=0,`user_ico`='http://www.pauzzz.com/uploadfiles/avatar/20191025/1571968321766_162.jpg',`active_time`=1580175931,`hidden`=0  WHERE  `user_id` = 697 [ RunTime:0.000286s ]
[ sql ] [ SQL ] SELECT * FROM `wy_users` WHERE  `user_id` = 697 LIMIT 1 [ RunTime:0.000415s ]
---------------------------------------------------------------
[ 2020-01-28T09:45:35+08:00 ] 61.158.152.74 GET /index/mood/index.html
[ sql ] [ DB ] CONNECT:[ UseTime:0.000665s ] mysql:host=127.0.0.1;port=3306;dbname=henimeet;charset=utf8
[ sql ] [ SQL ] SHOW COLUMNS FROM `wy_users` [ RunTime:0.001084s ]
[ sql ] [ SQL ] SELECT * FROM `wy_users` WHERE  `user_id` = 697 LIMIT 1 [ RunTime:0.000430s ]
[ sql ] [ SQL ] SHOW COLUMNS FROM `chat_log` [ RunTime:0.000555s ]
[ sql ] [ SQL ] SELECT COUNT(*) AS tp_count FROM `chat_log` WHERE  `toid` = 697  AND `is_read` = 0 LIMIT 1 [ RunTime:0.000219s ]
[ sql ] [ SQL ] SELECT * FROM `wy_users` WHERE  `user_id` = 697 LIMIT 1 [ RunTime:0.000285s ]
[ sql ] [ SQL ] SHOW COLUMNS FROM `wy_online` [ RunTime:0.000538s ]
[ sql ] [ SQL ] SELECT * FROM `wy_online` WHERE  `user_id` = 697 LIMIT 1 [ RunTime:0.000314s ]
[ sql ] [ SQL ] UPDATE `wy_online`  SET `user_id`=697,`user_name`='jingjing',`user_sex`=0,`user_ico`='http://www.pauzzz.com/uploadfiles/avatar/20191025/1571968321766_162.jpg',`active_time`=1580175935,`hidden`=0  WHERE  `user_id` = 697 [ RunTime:0.000289s ]
---------------------------------------------------------------
[ 2020-01-28T09:45:36+08:00 ] 61.158.152.74 GET /index/mood/index.html?page=1
[ sql ] [ DB ] CONNECT:[ UseTime:0.000583s ] mysql:host=127.0.0.1;port=3306;dbname=henimeet;charset=utf8
[ sql ] [ SQL ] SHOW COLUMNS FROM `wy_users` [ RunTime:0.001016s ]
[ sql ] [ SQL ] SELECT * FROM `wy_users` WHERE  `user_id` = 697 LIMIT 1 [ RunTime:0.000432s ]
[ sql ] [ SQL ] SHOW COLUMNS FROM `chat_log` [ RunTime:0.000558s ]
[ sql ] [ SQL ] SELECT COUNT(*) AS tp_count FROM `chat_log` WHERE  `toid` = 697  AND `is_read` = 0 LIMIT 1 [ RunTime:0.000192s ]
[ sql ] [ SQL ] SELECT * FROM `wy_users` WHERE  `user_id` = 697 LIMIT 1 [ RunTime:0.000284s ]
[ sql ] [ SQL ] SHOW COLUMNS FROM `wy_online` [ RunTime:0.000522s ]
[ sql ] [ SQL ] SELECT * FROM `wy_online` WHERE  `user_id` = 697 LIMIT 1 [ RunTime:0.000283s ]
[ sql ] [ SQL ] UPDATE `wy_online`  SET `user_id`=697,`user_name`='jingjing',`user_sex`=0,`user_ico`='http://www.pauzzz.com/uploadfiles/avatar/20191025/1571968321766_162.jpg',`active_time`=1580175936,`hidden`=0  WHERE  `user_id` = 697 [ RunTime:0.000302s ]
[ sql ] [ SQL ] SHOW COLUMNS FROM `wy_recent_affair` [ RunTime:0.000527s ]
[ sql ] [ SQL ] SELECT COUNT(*) AS tp_count FROM `wy_recent_affair` `r` INNER JOIN `wy_users` `u` ON `r`.`user_id`=`u`.`user_id` WHERE  `r`.`user_id` <> '697'  AND `u`.`user_sex` <> '0' LIMIT 1 [ RunTime:0.000179s ]
[ sql ] [ SQL ] SELECT `r`.`id`,`r`.`type_id`,`r`.`title`,`r`.`content`,`r`.`user_id`,`r`.`user_name`,`r`.`update_time`,`r`.`for_content_id`,`u`.`user_ico`,`u`.`user_sex` FROM `wy_recent_affair` `r` INNER JOIN `wy_users` `u` ON `r`.`user_id`=`u`.`user_id` WHERE  `r`.`user_id` <> '697'  AND `u`.`user_sex` <> '0' ORDER BY r.id desc LIMIT 0,16 [ RunTime:0.000203s ]
[ sql ] [ SQL ] SHOW COLUMNS FROM `wy_mood` [ RunTime:0.000477s ]
[ sql ] [ SQL ] SELECT `mood_pic` FROM `wy_mood` WHERE  `mood_id` = 1216 LIMIT 1 [ RunTime:0.000161s ]
[ sql ] [ SQL ] SELECT `mood_pic` FROM `wy_mood` WHERE  `mood_id` = 1214 LIMIT 1 [ RunTime:0.000159s ]
[ sql ] [ SQL ] SELECT `mood_pic` FROM `wy_mood` WHERE  `mood_id` = 1213 LIMIT 1 [ RunTime:0.000199s ]
[ sql ] [ SQL ] SELECT `mood_pic` FROM `wy_mood` WHERE  `mood_id` = 1212 LIMIT 1 [ RunTime:0.000164s ]
[ sql ] [ SQL ] SELECT `mood_pic` FROM `wy_mood` WHERE  `mood_id` = 1211 LIMIT 1 [ RunTime:0.000150s ]
[ sql ] [ SQL ] SELECT `mood_pic` FROM `wy_mood` WHERE  `mood_id` = 1194 LIMIT 1 [ RunTime:0.000151s ]
[ sql ] [ SQL ] SELECT `mood_pic` FROM `wy_mood` WHERE  `mood_id` = 1191 LIMIT 1 [ RunTime:0.000163s ]
[ sql ] [ SQL ] SELECT `r`.`id`,`r`.`type_id`,`r`.`title`,`r`.`content`,`r`.`user_id`,`r`.`user_name`,`r`.`update_time`,`r`.`for_content_id`,`u`.`user_ico`,`u`.`user_sex` FROM `wy_recent_affair` `r` INNER JOIN `wy_users` `u` ON `r`.`user_id`=`u`.`user_id` WHERE  `r`.`user_id` = '704' ORDER BY r.id desc LIMIT 1 [ RunTime:0.000183s ]
---------------------------------------------------------------
[ 2020-01-28T09:45:44+08:00 ] 61.158.152.74 GET /index/user/index.html
[ sql ] [ DB ] CONNECT:[ UseTime:0.000640s ] mysql:host=127.0.0.1;port=3306;dbname=henimeet;charset=utf8
[ sql ] [ SQL ] SHOW COLUMNS FROM `wy_users` [ RunTime:0.001049s ]
[ sql ] [ SQL ] SELECT * FROM `wy_users` WHERE  `user_id` = 697 LIMIT 1 [ RunTime:0.000435s ]
[ sql ] [ SQL ] SHOW COLUMNS FROM `chat_log` [ RunTime:0.000548s ]
[ sql ] [ SQL ] SELECT COUNT(*) AS tp_count FROM `chat_log` WHERE  `toid` = 697  AND `is_read` = 0 LIMIT 1 [ RunTime:0.000223s ]
[ sql ] [ SQL ] SELECT * FROM `wy_users` WHERE  `user_id` = 697 LIMIT 1 [ RunTime:0.000284s ]
[ sql ] [ SQL ] SHOW COLUMNS FROM `wy_online` [ RunTime:0.000536s ]
[ sql ] [ SQL ] SELECT * FROM `wy_online` WHERE  `user_id` = 697 LIMIT 1 [ RunTime:0.000292s ]
[ sql ] [ SQL ] UPDATE `wy_online`  SET `user_id`=697,`user_name`='jingjing',`user_sex`=0,`user_ico`='http://www.pauzzz.com/uploadfiles/avatar/20191025/1571968321766_162.jpg',`active_time`=1580175944,`hidden`=0  WHERE  `user_id` = 697 [ RunTime:0.000286s ]
[ sql ] [ SQL ] SELECT * FROM `wy_users` WHERE  `user_id` = 697 LIMIT 1 [ RunTime:0.000296s ]
---------------------------------------------------------------
[ 2020-01-28T09:45:46+08:00 ] 61.158.152.74 GET /index/mood/index.html
[ sql ] [ DB ] CONNECT:[ UseTime:0.000618s ] mysql:host=127.0.0.1;port=3306;dbname=henimeet;charset=utf8
[ sql ] [ SQL ] SHOW COLUMNS FROM `wy_users` [ RunTime:0.001016s ]
[ sql ] [ SQL ] SELECT * FROM `wy_users` WHERE  `user_id` = 697 LIMIT 1 [ RunTime:0.000453s ]
[ sql ] [ SQL ] SHOW COLUMNS FROM `chat_log` [ RunTime:0.000564s ]
[ sql ] [ SQL ] SELECT COUNT(*) AS tp_count FROM `chat_log` WHERE  `toid` = 697  AND `is_read` = 0 LIMIT 1 [ RunTime:0.000207s ]
[ sql ] [ SQL ] SELECT * FROM `wy_users` WHERE  `user_id` = 697 LIMIT 1 [ RunTime:0.000308s ]
[ sql ] [ SQL ] SHOW COLUMNS FROM `wy_online` [ RunTime:0.000504s ]
[ sql ] [ SQL ] SELECT * FROM `wy_online` WHERE  `user_id` = 697 LIMIT 1 [ RunTime:0.000288s ]
[ sql ] [ SQL ] UPDATE `wy_online`  SET `user_id`=697,`user_name`='jingjing',`user_sex`=0,`user_ico`='http://www.pauzzz.com/uploadfiles/avatar/20191025/1571968321766_162.jpg',`active_time`=1580175946,`hidden`=0  WHERE  `user_id` = 697 [ RunTime:0.000268s ]
---------------------------------------------------------------
[ 2020-01-28T09:45:47+08:00 ] 61.158.152.74 GET /index/mood/index.html?page=1
[ sql ] [ DB ] CONNECT:[ UseTime:0.000589s ] mysql:host=127.0.0.1;port=3306;dbname=henimeet;charset=utf8
[ sql ] [ SQL ] SHOW COLUMNS FROM `wy_users` [ RunTime:0.001014s ]
[ sql ] [ SQL ] SELECT * FROM `wy_users` WHERE  `user_id` = 697 LIMIT 1 [ RunTime:0.000434s ]
[ sql ] [ SQL ] SHOW COLUMNS FROM `chat_log` [ RunTime:0.000569s ]
[ sql ] [ SQL ] SELECT COUNT(*) AS tp_count FROM `chat_log` WHERE  `toid` = 697  AND `is_read` = 0 LIMIT 1 [ RunTime:0.000190s ]
[ sql ] [ SQL ] SELECT * FROM `wy_users` WHERE  `user_id` = 697 LIMIT 1 [ RunTime:0.000283s ]
[ sql ] [ SQL ] SHOW COLUMNS FROM `wy_online` [ RunTime:0.000535s ]
[ sql ] [ SQL ] SELECT * FROM `wy_online` WHERE  `user_id` = 697 LIMIT 1 [ RunTime:0.000297s ]
[ sql ] [ SQL ] UPDATE `wy_online`  SET `user_id`=697,`user_name`='jingjing',`user_sex`=0,`user_ico`='http://www.pauzzz.com/uploadfiles/avatar/20191025/1571968321766_162.jpg',`active_time`=1580175947,`hidden`=0  WHERE  `user_id` = 697 [ RunTime:0.000294s ]
[ sql ] [ SQL ] SHOW COLUMNS FROM `wy_recent_affair` [ RunTime:0.000527s ]
[ sql ] [ SQL ] SELECT COUNT(*) AS tp_count FROM `wy_recent_affair` `r` INNER JOIN `wy_users` `u` ON `r`.`user_id`=`u`.`user_id` WHERE  `r`.`user_id` <> '697'  AND `u`.`user_sex` <> '0' LIMIT 1 [ RunTime:0.000180s ]
[ sql ] [ SQL ] SELECT `r`.`id`,`r`.`type_id`,`r`.`title`,`r`.`content`,`r`.`user_id`,`r`.`user_name`,`r`.`update_time`,`r`.`for_content_id`,`u`.`user_ico`,`u`.`user_sex` FROM `wy_recent_affair` `r` INNER JOIN `wy_users` `u` ON `r`.`user_id`=`u`.`user_id` WHERE  `r`.`user_id` <> '697'  AND `u`.`user_sex` <> '0' ORDER BY r.id desc LIMIT 0,16 [ RunTime:0.000211s ]
[ sql ] [ SQL ] SHOW COLUMNS FROM `wy_mood` [ RunTime:0.000453s ]
[ sql ] [ SQL ] SELECT `mood_pic` FROM `wy_mood` WHERE  `mood_id` = 1216 LIMIT 1 [ RunTime:0.000161s ]
[ sql ] [ SQL ] SELECT `mood_pic` FROM `wy_mood` WHERE  `mood_id` = 1214 LIMIT 1 [ RunTime:0.000159s ]
[ sql ] [ SQL ] SELECT `mood_pic` FROM `wy_mood` WHERE  `mood_id` = 1213 LIMIT 1 [ RunTime:0.000172s ]
[ sql ] [ SQL ] SELECT `mood_pic` FROM `wy_mood` WHERE  `mood_id` = 1212 LIMIT 1 [ RunTime:0.000152s ]
[ sql ] [ SQL ] SELECT `mood_pic` FROM `wy_mood` WHERE  `mood_id` = 1211 LIMIT 1 [ RunTime:0.000151s ]
[ sql ] [ SQL ] SELECT `mood_pic` FROM `wy_mood` WHERE  `mood_id` = 1194 LIMIT 1 [ RunTime:0.000170s ]
[ sql ] [ SQL ] SELECT `mood_pic` FROM `wy_mood` WHERE  `mood_id` = 1191 LIMIT 1 [ RunTime:0.000151s ]
[ sql ] [ SQL ] SELECT `r`.`id`,`r`.`type_id`,`r`.`title`,`r`.`content`,`r`.`user_id`,`r`.`user_name`,`r`.`update_time`,`r`.`for_content_id`,`u`.`user_ico`,`u`.`user_sex` FROM `wy_recent_affair` `r` INNER JOIN `wy_users` `u` ON `r`.`user_id`=`u`.`user_id` WHERE  `r`.`user_id` = '704' ORDER BY r.id desc LIMIT 1 [ RunTime:0.000192s ]
---------------------------------------------------------------
[ 2020-01-28T22:20:11+08:00 ] 171.10.170.176 GET /index/main/index.html
[ sql ] [ DB ] CONNECT:[ UseTime:0.000597s ] mysql:host=127.0.0.1;port=3306;dbname=henimeet;charset=utf8
[ sql ] [ SQL ] SHOW COLUMNS FROM `wy_users` [ RunTime:0.001058s ]
[ sql ] [ SQL ] SELECT * FROM `wy_users` WHERE  `user_id` = 697 LIMIT 1 [ RunTime:0.000568s ]
[ sql ] [ SQL ] SHOW COLUMNS FROM `chat_log` [ RunTime:0.000550s ]
[ sql ] [ SQL ] SELECT COUNT(*) AS tp_count FROM `chat_log` WHERE  `toid` = 697  AND `is_read` = 0 LIMIT 1 [ RunTime:0.000223s ]
[ sql ] [ SQL ] SELECT * FROM `wy_users` WHERE  `user_id` = 697 LIMIT 1 [ RunTime:0.000262s ]
[ sql ] [ SQL ] SHOW COLUMNS FROM `wy_online` [ RunTime:0.000506s ]
[ sql ] [ SQL ] SELECT * FROM `wy_online` WHERE  `user_id` = 697 LIMIT 1 [ RunTime:0.000236s ]
[ sql ] [ SQL ] INSERT INTO `wy_online` (`user_id` , `user_name` , `user_sex` , `user_ico` , `active_time` , `hidden`) VALUES (697 , 'jingjing' , 0 , 'http://www.pauzzz.com/uploadfiles/avatar/20191025/1571968321766_162.jpg' , 1580221211 , 0) [ RunTime:0.000425s ]
---------------------------------------------------------------
[ 2020-01-28T22:20:12+08:00 ] 171.10.170.176 GET /index/main/query/page/1.html
[ sql ] [ DB ] CONNECT:[ UseTime:0.000590s ] mysql:host=127.0.0.1;port=3306;dbname=henimeet;charset=utf8
[ sql ] [ SQL ] SHOW COLUMNS FROM `wy_users` [ RunTime:0.000994s ]
[ sql ] [ SQL ] SELECT * FROM `wy_users` WHERE  `user_id` = 697 LIMIT 1 [ RunTime:0.000446s ]
[ sql ] [ SQL ] SHOW COLUMNS FROM `chat_log` [ RunTime:0.000562s ]
[ sql ] [ SQL ] SELECT COUNT(*) AS tp_count FROM `chat_log` WHERE  `toid` = 697  AND `is_read` = 0 LIMIT 1 [ RunTime:0.000202s ]
[ sql ] [ SQL ] SELECT * FROM `wy_users` WHERE  `user_id` = 697 LIMIT 1 [ RunTime:0.000296s ]
[ sql ] [ SQL ] SHOW COLUMNS FROM `wy_online` [ RunTime:0.000498s ]
[ sql ] [ SQL ] SELECT * FROM `wy_online` WHERE  `user_id` = 697 LIMIT 1 [ RunTime:0.000267s ]
[ sql ] [ SQL ] UPDATE `wy_online`  SET `user_id`=697,`user_name`='jingjing',`user_sex`=0,`user_ico`='http://www.pauzzz.com/uploadfiles/avatar/20191025/1571968321766_162.jpg',`active_time`=1580221212,`hidden`=0  WHERE  `user_id` = 697 [ RunTime:0.000446s ]
[ sql ] [ SQL ] SELECT COUNT(*) AS tp_count FROM `wy_users` WHERE  `user_sex` <> 0  AND `is_pass` <> 0 LIMIT 1 [ RunTime:0.010341s ]
[ sql ] [ SQL ] SELECT `u`.`user_name`,`u`.`user_ico`,`u`.`user_sex`,`u`.`user_group`,`u`.`user_id`,`o`.`online_id` FROM `wy_users` `u` LEFT JOIN `wy_online` `o` ON `u`.`user_id`=`o`.`user_id` WHERE  (  u.user_sex != '0' and u.is_pass!='0' ) ORDER BY u.is_service desc, o.active_time desc LIMIT 0,16 [ RunTime:0.020159s ]
---------------------------------------------------------------
[ 2020-01-28T23:47:10+08:00 ] 91.201.67.56 GET /index/main/index.html
[ sql ] [ DB ] CONNECT:[ UseTime:0.000628s ] mysql:host=127.0.0.1;port=3306;dbname=henimeet;charset=utf8
[ sql ] [ SQL ] SHOW COLUMNS FROM `wy_users` [ RunTime:0.001033s ]
[ sql ] [ SQL ] SELECT * FROM `wy_users` WHERE  `user_id` = 697 LIMIT 1 [ RunTime:0.000426s ]
[ sql ] [ SQL ] SHOW COLUMNS FROM `chat_log` [ RunTime:0.000558s ]
[ sql ] [ SQL ] SELECT COUNT(*) AS tp_count FROM `chat_log` WHERE  `toid` = 697  AND `is_read` = 0 LIMIT 1 [ RunTime:0.000207s ]
[ sql ] [ SQL ] SELECT * FROM `wy_users` WHERE  `user_id` = 697 LIMIT 1 [ RunTime:0.000284s ]
[ sql ] [ SQL ] SHOW COLUMNS FROM `wy_online` [ RunTime:0.000518s ]
[ sql ] [ SQL ] SELECT * FROM `wy_online` WHERE  `user_id` = 697 LIMIT 1 [ RunTime:0.000280s ]
[ sql ] [ SQL ] UPDATE `wy_online`  SET `user_id`=697,`user_name`='jingjing',`user_sex`=0,`user_ico`='http://www.pauzzz.com/uploadfiles/avatar/20191025/1571968321766_162.jpg',`active_time`=1580226430,`hidden`=0  WHERE  `user_id` = 697 [ RunTime:0.000409s ]
---------------------------------------------------------------
[ 2020-01-28T23:47:14+08:00 ] 91.201.67.56 GET /index/main/query/page/1.html
[ sql ] [ DB ] CONNECT:[ UseTime:0.000603s ] mysql:host=127.0.0.1;port=3306;dbname=henimeet;charset=utf8
[ sql ] [ SQL ] SHOW COLUMNS FROM `wy_users` [ RunTime:0.002070s ]
[ sql ] [ SQL ] SELECT * FROM `wy_users` WHERE  `user_id` = 697 LIMIT 1 [ RunTime:0.000442s ]
[ sql ] [ SQL ] SHOW COLUMNS FROM `chat_log` [ RunTime:0.000572s ]
[ sql ] [ SQL ] SELECT COUNT(*) AS tp_count FROM `chat_log` WHERE  `toid` = 697  AND `is_read` = 0 LIMIT 1 [ RunTime:0.000196s ]
[ sql ] [ SQL ] SELECT * FROM `wy_users` WHERE  `user_id` = 697 LIMIT 1 [ RunTime:0.000278s ]
[ sql ] [ SQL ] SHOW COLUMNS FROM `wy_online` [ RunTime:0.000534s ]
[ sql ] [ SQL ] SELECT * FROM `wy_online` WHERE  `user_id` = 697 LIMIT 1 [ RunTime:0.000260s ]
[ sql ] [ SQL ] UPDATE `wy_online`  SET `user_id`=697,`user_name`='jingjing',`user_sex`=0,`user_ico`='http://www.pauzzz.com/uploadfiles/avatar/20191025/1571968321766_162.jpg',`active_time`=1580226434,`hidden`=0  WHERE  `user_id` = 697 [ RunTime:0.000453s ]
[ sql ] [ SQL ] SELECT COUNT(*) AS tp_count FROM `wy_users` WHERE  `user_sex` <> 0  AND `is_pass` <> 0 LIMIT 1 [ RunTime:0.000217s ]
[ sql ] [ SQL ] SELECT `u`.`user_name`,`u`.`user_ico`,`u`.`user_sex`,`u`.`user_group`,`u`.`user_id`,`o`.`online_id` FROM `wy_users` `u` LEFT JOIN `wy_online` `o` ON `u`.`user_id`=`o`.`user_id` WHERE  (  u.user_sex != '0' and u.is_pass!='0' ) ORDER BY u.is_service desc, o.active_time desc LIMIT 0,16 [ RunTime:0.020389s ]
